<?xml version="1.0" encoding="UTF-8"?>
<testsuite xmlns:xsi="http://www.w3.org/2001/XMLSchema-instance" xsi:noNamespaceSchemaLocation="https://maven.apache.org/surefire/maven-surefire-plugin/xsd/surefire-test-report-3.0.xsd" version="3.0" name="runner.TestRunner" time="508.823" tests="35" errors="0" skipped="0" failures="14">
  <properties>
    <property name="java.specification.version" value="21"/>
    <property name="sun.jnu.encoding" value="UTF-8"/>
    <property name="java.class.path" value="/Users/sanju/Desktop/PlaywightJavaWorkSpace/PlayWrightJavaAutomation/target/test-classes:/Users/sanju/Desktop/PlaywightJavaWorkSpace/PlayWrightJavaAutomation/target/classes:/Users/sanju/.m2/repository/org/testng/testng/7.9.0/testng-7.9.0.jar:/Users/sanju/.m2/repository/org/slf4j/slf4j-api/1.7.36/slf4j-api-1.7.36.jar:/Users/sanju/.m2/repository/com/beust/jcommander/1.82/jcommander-1.82.jar:/Users/sanju/.m2/repository/org/webjars/jquery/3.7.1/jquery-3.7.1.jar:/Users/sanju/.m2/repository/junit/junit/4.13.2/junit-4.13.2.jar:/Users/sanju/.m2/repository/org/hamcrest/hamcrest-core/1.3/hamcrest-core-1.3.jar:/Users/sanju/.m2/repository/org/apache/maven/plugins/maven-site-plugin/3.3/maven-site-plugin-3.3.jar:/Users/sanju/.m2/repository/org/apache/maven/reporting/maven-reporting-exec/1.1/maven-reporting-exec-1.1.jar:/Users/sanju/.m2/repository/org/apache/maven/reporting/maven-reporting-api/3.0/maven-reporting-api-3.0.jar:/Users/sanju/.m2/repository/org/apache/maven/shared/maven-shared-utils/0.3/maven-shared-utils-0.3.jar:/Users/sanju/.m2/repository/com/google/code/findbugs/jsr305/2.0.1/jsr305-2.0.1.jar:/Users/sanju/.m2/repository/org/codehaus/plexus/plexus-component-annotations/1.5.5/plexus-component-annotations-1.5.5.jar:/Users/sanju/.m2/repository/org/sonatype/aether/aether-util/1.7/aether-util-1.7.jar:/Users/sanju/.m2/repository/org/eclipse/aether/aether-util/0.9.0.M2/aether-util-0.9.0.M2.jar:/Users/sanju/.m2/repository/org/apache/maven/maven-core/3.0/maven-core-3.0.jar:/Users/sanju/.m2/repository/org/apache/maven/maven-repository-metadata/3.0/maven-repository-metadata-3.0.jar:/Users/sanju/.m2/repository/org/apache/maven/maven-model-builder/3.0/maven-model-builder-3.0.jar:/Users/sanju/.m2/repository/org/apache/maven/maven-aether-provider/3.0/maven-aether-provider-3.0.jar:/Users/sanju/.m2/repository/org/sonatype/aether/aether-impl/1.7/aether-impl-1.7.jar:/Users/sanju/.m2/repository/org/sonatype/aether/aether-spi/1.7/aether-spi-1.7.jar:/Users/sanju/.m2/repository/org/sonatype/aether/aether-api/1.7/aether-api-1.7.jar:/Users/sanju/.m2/repository/org/sonatype/sisu/sisu-inject-plexus/1.4.2/sisu-inject-plexus-1.4.2.jar:/Users/sanju/.m2/repository/org/sonatype/sisu/sisu-inject-bean/1.4.2/sisu-inject-bean-1.4.2.jar:/Users/sanju/.m2/repository/org/sonatype/sisu/sisu-guice/2.1.7/sisu-guice-2.1.7-noaop.jar:/Users/sanju/.m2/repository/org/codehaus/plexus/plexus-interpolation/1.14/plexus-interpolation-1.14.jar:/Users/sanju/.m2/repository/org/codehaus/plexus/plexus-classworlds/2.2.3/plexus-classworlds-2.2.3.jar:/Users/sanju/.m2/repository/org/sonatype/plexus/plexus-sec-dispatcher/1.3/plexus-sec-dispatcher-1.3.jar:/Users/sanju/.m2/repository/org/sonatype/plexus/plexus-cipher/1.4/plexus-cipher-1.4.jar:/Users/sanju/.m2/repository/org/apache/maven/maven-model/3.0/maven-model-3.0.jar:/Users/sanju/.m2/repository/org/apache/maven/maven-plugin-api/3.0/maven-plugin-api-3.0.jar:/Users/sanju/.m2/repository/org/apache/maven/maven-settings/3.0/maven-settings-3.0.jar:/Users/sanju/.m2/repository/org/apache/maven/maven-settings-builder/3.0/maven-settings-builder-3.0.jar:/Users/sanju/.m2/repository/org/apache/maven/maven-archiver/2.4.2/maven-archiver-2.4.2.jar:/Users/sanju/.m2/repository/org/apache/maven/doxia/doxia-sink-api/1.4/doxia-sink-api-1.4.jar:/Users/sanju/.m2/repository/org/apache/maven/doxia/doxia-logging-api/1.4/doxia-logging-api-1.4.jar:/Users/sanju/.m2/repository/org/codehaus/plexus/plexus-container-default/1.0-alpha-30/plexus-container-default-1.0-alpha-30.jar:/Users/sanju/.m2/repository/org/apache/maven/doxia/doxia-core/1.4/doxia-core-1.4.jar:/Users/sanju/.m2/repository/xerces/xercesImpl/2.9.1/xercesImpl-2.9.1.jar:/Users/sanju/.m2/repository/xml-apis/xml-apis/1.3.04/xml-apis-1.3.04.jar:/Users/sanju/.m2/repository/org/apache/httpcomponents/httpclient/4.0.2/httpclient-4.0.2.jar:/Users/sanju/.m2/repository/commons-logging/commons-logging/1.1.1/commons-logging-1.1.1.jar:/Users/sanju/.m2/repository/commons-codec/commons-codec/1.3/commons-codec-1.3.jar:/Users/sanju/.m2/repository/org/apache/httpcomponents/httpcore/4.0.1/httpcore-4.0.1.jar:/Users/sanju/.m2/repository/org/apache/maven/doxia/doxia-module-xhtml/1.4/doxia-module-xhtml-1.4.jar:/Users/sanju/.m2/repository/org/apache/maven/doxia/doxia-module-apt/1.4/doxia-module-apt-1.4.jar:/Users/sanju/.m2/repository/org/apache/maven/doxia/doxia-module-xdoc/1.4/doxia-module-xdoc-1.4.jar:/Users/sanju/.m2/repository/org/apache/maven/doxia/doxia-module-fml/1.4/doxia-module-fml-1.4.jar:/Users/sanju/.m2/repository/org/apache/maven/doxia/doxia-module-markdown/1.4/doxia-module-markdown-1.4.jar:/Users/sanju/.m2/repository/org/pegdown/pegdown/1.2.1/pegdown-1.2.1.jar:/Users/sanju/.m2/repository/org/parboiled/parboiled-java/1.1.4/parboiled-java-1.1.4.jar:/Users/sanju/.m2/repository/org/parboiled/parboiled-core/1.1.4/parboiled-core-1.1.4.jar:/Users/sanju/.m2/repository/org/ow2/asm/asm/4.1/asm-4.1.jar:/Users/sanju/.m2/repository/org/ow2/asm/asm-tree/4.1/asm-tree-4.1.jar:/Users/sanju/.m2/repository/org/ow2/asm/asm-analysis/4.1/asm-analysis-4.1.jar:/Users/sanju/.m2/repository/org/ow2/asm/asm-util/4.1/asm-util-4.1.jar:/Users/sanju/.m2/repository/javax/servlet/servlet-api/2.5/servlet-api-2.5.jar:/Users/sanju/.m2/repository/org/apache/maven/doxia/doxia-decoration-model/1.4/doxia-decoration-model-1.4.jar:/Users/sanju/.m2/repository/org/apache/maven/doxia/doxia-site-renderer/1.4/doxia-site-renderer-1.4.jar:/Users/sanju/.m2/repository/org/apache/velocity/velocity-tools/2.0/velocity-tools-2.0.jar:/Users/sanju/.m2/repository/commons-beanutils/commons-beanutils/1.7.0/commons-beanutils-1.7.0.jar:/Users/sanju/.m2/repository/commons-digester/commons-digester/1.8/commons-digester-1.8.jar:/Users/sanju/.m2/repository/commons-chain/commons-chain/1.1/commons-chain-1.1.jar:/Users/sanju/.m2/repository/commons-validator/commons-validator/1.3.1/commons-validator-1.3.1.jar:/Users/sanju/.m2/repository/dom4j/dom4j/1.1/dom4j-1.1.jar:/Users/sanju/.m2/repository/sslext/sslext/1.2-0/sslext-1.2-0.jar:/Users/sanju/.m2/repository/org/apache/struts/struts-core/1.3.8/struts-core-1.3.8.jar:/Users/sanju/.m2/repository/antlr/antlr/2.7.2/antlr-2.7.2.jar:/Users/sanju/.m2/repository/org/apache/struts/struts-taglib/1.3.8/struts-taglib-1.3.8.jar:/Users/sanju/.m2/repository/org/apache/struts/struts-tiles/1.3.8/struts-tiles-1.3.8.jar:/Users/sanju/.m2/repository/commons-collections/commons-collections/3.2.1/commons-collections-3.2.1.jar:/Users/sanju/.m2/repository/org/apache/maven/doxia/doxia-integration-tools/1.5/doxia-integration-tools-1.5.jar:/Users/sanju/.m2/repository/org/apache/maven/wagon/wagon-provider-api/1.0/wagon-provider-api-1.0.jar:/Users/sanju/.m2/repository/org/codehaus/plexus/plexus-archiver/1.0/plexus-archiver-1.0.jar:/Users/sanju/.m2/repository/org/codehaus/plexus/plexus-io/1.0/plexus-io-1.0.jar:/Users/sanju/.m2/repository/org/codehaus/plexus/plexus-i18n/1.0-beta-7/plexus-i18n-1.0-beta-7.jar:/Users/sanju/.m2/repository/org/apache/velocity/velocity/1.5/velocity-1.5.jar:/Users/sanju/.m2/repository/oro/oro/2.0.8/oro-2.0.8.jar:/Users/sanju/.m2/repository/org/codehaus/plexus/plexus-velocity/1.1.8/plexus-velocity-1.1.8.jar:/Users/sanju/.m2/repository/org/codehaus/plexus/plexus-utils/1.5.10/plexus-utils-1.5.10.jar:/Users/sanju/.m2/repository/org/mortbay/jetty/jetty/6.1.25/jetty-6.1.25.jar:/Users/sanju/.m2/repository/org/mortbay/jetty/servlet-api/2.5-20081211/servlet-api-2.5-20081211.jar:/Users/sanju/.m2/repository/org/mortbay/jetty/jetty-util/6.1.25/jetty-util-6.1.25.jar:/Users/sanju/.m2/repository/commons-lang/commons-lang/2.5/commons-lang-2.5.jar:/Users/sanju/.m2/repository/commons-io/commons-io/1.4/commons-io-1.4.jar:/Users/sanju/.m2/repository/org/apache/maven/plugins/maven-install-plugin/2.4/maven-install-plugin-2.4.jar:/Users/sanju/.m2/repository/org/apache/maven/maven-project/2.0.6/maven-project-2.0.6.jar:/Users/sanju/.m2/repository/org/apache/maven/maven-profile/2.0.6/maven-profile-2.0.6.jar:/Users/sanju/.m2/repository/org/apache/maven/maven-plugin-registry/2.0.6/maven-plugin-registry-2.0.6.jar:/Users/sanju/.m2/repository/org/apache/maven/maven-artifact-manager/2.0.6/maven-artifact-manager-2.0.6.jar:/Users/sanju/.m2/repository/org/apache/maven/maven-artifact/2.0.6/maven-artifact-2.0.6.jar:/Users/sanju/.m2/repository/org/codehaus/plexus/plexus-digest/1.0/plexus-digest-1.0.jar:/Users/sanju/.m2/repository/org/apache/maven/plugins/maven-deploy-plugin/2.7/maven-deploy-plugin-2.7.jar:/Users/sanju/.m2/repository/com/microsoft/playwright/playwright/1.41.2/playwright-1.41.2.jar:/Users/sanju/.m2/repository/com/google/code/gson/gson/2.8.9/gson-2.8.9.jar:/Users/sanju/.m2/repository/org/opentest4j/opentest4j/1.2.0/opentest4j-1.2.0.jar:/Users/sanju/.m2/repository/com/microsoft/playwright/driver/1.41.2/driver-1.41.2.jar:/Users/sanju/.m2/repository/com/microsoft/playwright/driver-bundle/1.41.2/driver-bundle-1.41.2.jar:/Users/sanju/.m2/repository/org/projectlombok/lombok-maven-plugin/1.18.12.0/lombok-maven-plugin-1.18.12.0.jar:/Users/sanju/.m2/repository/org/apache/commons/commons-lang3/3.8.1/commons-lang3-3.8.1.jar:/Users/sanju/.m2/repository/org/projectlombok/lombok/1.18.12/lombok-1.18.12.jar:/Users/sanju/.m2/repository/org/sonatype/plexus/plexus-build-api/0.0.7/plexus-build-api-0.0.7.jar:/Users/sanju/.m2/repository/tech/grasshopper/extentreports-cucumber7-adapter/1.14.0/extentreports-cucumber7-adapter-1.14.0.jar:/Users/sanju/.m2/repository/com/aventstack/extentreports/5.1.0/extentreports-5.1.0.jar:/Users/sanju/.m2/repository/io/reactivex/rxjava3/rxjava/3.1.6/rxjava-3.1.6.jar:/Users/sanju/.m2/repository/org/reactivestreams/reactive-streams/1.0.4/reactive-streams-1.0.4.jar:/Users/sanju/.m2/repository/org/freemarker/freemarker/2.3.32/freemarker-2.3.32.jar:/Users/sanju/.m2/repository/tech/grasshopper/extent-pdf-report/2.12.0/extent-pdf-report-2.12.0.jar:/Users/sanju/.m2/repository/tech/grasshopper/cucumber-pdf-report/2.14.0/cucumber-pdf-report-2.14.0.jar:/Users/sanju/.m2/repository/org/apache/pdfbox/pdfbox/2.0.26/pdfbox-2.0.26.jar:/Users/sanju/.m2/repository/org/apache/pdfbox/fontbox/2.0.26/fontbox-2.0.26.jar:/Users/sanju/.m2/repository/org/knowm/xchart/xchart/3.8.0/xchart-3.8.0.jar:/Users/sanju/.m2/repository/de/erichseifert/vectorgraphics2d/VectorGraphics2D/0.13/VectorGraphics2D-0.13.jar:/Users/sanju/.m2/repository/de/rototor/pdfbox/graphics2d/0.30/graphics2d-0.30.jar:/Users/sanju/.m2/repository/com/madgag/animated-gif-lib/1.4/animated-gif-lib-1.4.jar:/Users/sanju/.m2/repository/org/yaml/snakeyaml/2.0/snakeyaml-2.0.jar:/Users/sanju/.m2/repository/tech/grasshopper/table-layout/1.5.1/table-layout-1.5.1.jar:/Users/sanju/.m2/repository/tech/grasshopper/rest-assured-cucumber-pdf-report/1.5.0/rest-assured-cucumber-pdf-report-1.5.0.jar:/Users/sanju/.m2/repository/org/jsoup/jsoup/1.15.3/jsoup-1.15.3.jar:/Users/sanju/.m2/repository/com/aventstack/klov-reporter/5.1.0/klov-reporter-5.1.0.jar:/Users/sanju/.m2/repository/org/mongodb/mongodb-driver/3.6.4/mongodb-driver-3.6.4.jar:/Users/sanju/.m2/repository/org/mongodb/mongodb-driver-core/3.6.4/mongodb-driver-core-3.6.4.jar:/Users/sanju/.m2/repository/org/mongodb/bson/3.6.4/bson-3.6.4.jar:/Users/sanju/.m2/repository/org/apache/httpcomponents/httpmime/4.5.13/httpmime-4.5.13.jar:/Users/sanju/.m2/repository/tech/grasshopper/htmlextentreporter/1.1.0/htmlextentreporter-1.1.0.jar:/Users/sanju/.m2/repository/tech/grasshopper/extent-excel-report/1.4.0/extent-excel-report-1.4.0.jar:/Users/sanju/.m2/repository/org/apache/poi/poi/5.2.3/poi-5.2.3.jar:/Users/sanju/.m2/repository/org/apache/commons/commons-collections4/4.4/commons-collections4-4.4.jar:/Users/sanju/.m2/repository/org/apache/commons/commons-math3/3.6.1/commons-math3-3.6.1.jar:/Users/sanju/.m2/repository/com/zaxxer/SparseBitSet/1.2/SparseBitSet-1.2.jar:/Users/sanju/.m2/repository/org/apache/logging/log4j/log4j-api/2.18.0/log4j-api-2.18.0.jar:/Users/sanju/.m2/repository/org/apache/poi/poi-ooxml/5.2.3/poi-ooxml-5.2.3.jar:/Users/sanju/.m2/repository/org/apache/poi/poi-ooxml-lite/5.2.3/poi-ooxml-lite-5.2.3.jar:/Users/sanju/.m2/repository/org/apache/xmlbeans/xmlbeans/5.1.1/xmlbeans-5.1.1.jar:/Users/sanju/.m2/repository/org/apache/commons/commons-compress/1.21/commons-compress-1.21.jar:/Users/sanju/.m2/repository/com/github/virtuald/curvesapi/1.07/curvesapi-1.07.jar:/Users/sanju/.m2/repository/io/cucumber/cucumber-testng/7.10.0/cucumber-testng-7.10.0.jar:/Users/sanju/.m2/repository/org/apiguardian/apiguardian-api/1.1.2/apiguardian-api-1.1.2.jar:/Users/sanju/.m2/repository/io/cucumber/cucumber-junit/7.15.0/cucumber-junit-7.15.0.jar:/Users/sanju/.m2/repository/io/cucumber/cucumber-core/7.2.3/cucumber-core-7.2.3.jar:/Users/sanju/.m2/repository/io/cucumber/cucumber-gherkin/7.2.3/cucumber-gherkin-7.2.3.jar:/Users/sanju/.m2/repository/io/cucumber/cucumber-gherkin-messages/7.2.3/cucumber-gherkin-messages-7.2.3.jar:/Users/sanju/.m2/repository/io/cucumber/messages/17.1.1/messages-17.1.1.jar:/Users/sanju/.m2/repository/io/cucumber/tag-expressions/4.1.0/tag-expressions-4.1.0.jar:/Users/sanju/.m2/repository/io/cucumber/cucumber-expressions/15.0.1/cucumber-expressions-15.0.1.jar:/Users/sanju/.m2/repository/io/cucumber/datatable/7.2.3/datatable-7.2.3.jar:/Users/sanju/.m2/repository/io/cucumber/cucumber-plugin/7.2.3/cucumber-plugin-7.2.3.jar:/Users/sanju/.m2/repository/io/cucumber/docstring/7.2.3/docstring-7.2.3.jar:/Users/sanju/.m2/repository/io/cucumber/html-formatter/17.0.0/html-formatter-17.0.0.jar:/Users/sanju/.m2/repository/io/cucumber/ci-environment/8.1.0/ci-environment-8.1.0.jar:/Users/sanju/.m2/repository/io/cucumber/cucumber-java/7.2.3/cucumber-java-7.2.3.jar:/Users/sanju/.m2/repository/io/cucumber/cucumber-jvm-deps/1.0.6/cucumber-jvm-deps-1.0.6.jar:/Users/sanju/.m2/repository/com/github/temyers/cucumber-jvm-parallel-plugin/5.0.0/cucumber-jvm-parallel-plugin-5.0.0.jar:/Users/sanju/.m2/repository/io/cucumber/gherkin/5.0.0/gherkin-5.0.0.jar:/Users/sanju/.m2/repository/io/cucumber/gherkin-jvm-deps/1.0.4/gherkin-jvm-deps-1.0.4.jar:/Users/sanju/.m2/repository/com/google/guava/guava/19.0/guava-19.0.jar:"/>
    <property name="java.vm.vendor" value="Homebrew"/>
    <property name="sun.arch.data.model" value="64"/>
    <property name="java.vendor.url" value="https://github.com/Homebrew/homebrew-core/issues"/>
    <property name="user.timezone" value="Europe/London"/>
    <property name="os.name" value="Mac OS X"/>
    <property name="java.vm.specification.version" value="21"/>
    <property name="sun.java.launcher" value="SUN_STANDARD"/>
    <property name="user.country" value="GB"/>
    <property name="sun.boot.library.path" value="/opt/homebrew/Cellar/openjdk/21.0.1/libexec/openjdk.jdk/Contents/Home/lib"/>
    <property name="sun.java.command" value="/Users/sanju/Desktop/PlaywightJavaWorkSpace/PlayWrightJavaAutomation/target/surefire/surefirebooter-20240226202044872_3.jar /Users/sanju/Desktop/PlaywightJavaWorkSpace/PlayWrightJavaAutomation/target/surefire 2024-02-26T20-20-44_825-jvmRun1 surefire-20240226202044872_1tmp surefire_0-20240226202044872_2tmp"/>
    <property name="http.nonProxyHosts" value="local|*.local|169.254/16|*.169.254/16"/>
    <property name="jdk.debug" value="release"/>
    <property name="surefire.test.class.path" value="/Users/sanju/Desktop/PlaywightJavaWorkSpace/PlayWrightJavaAutomation/target/test-classes:/Users/sanju/Desktop/PlaywightJavaWorkSpace/PlayWrightJavaAutomation/target/classes:/Users/sanju/.m2/repository/org/testng/testng/7.9.0/testng-7.9.0.jar:/Users/sanju/.m2/repository/org/slf4j/slf4j-api/1.7.36/slf4j-api-1.7.36.jar:/Users/sanju/.m2/repository/com/beust/jcommander/1.82/jcommander-1.82.jar:/Users/sanju/.m2/repository/org/webjars/jquery/3.7.1/jquery-3.7.1.jar:/Users/sanju/.m2/repository/junit/junit/4.13.2/junit-4.13.2.jar:/Users/sanju/.m2/repository/org/hamcrest/hamcrest-core/1.3/hamcrest-core-1.3.jar:/Users/sanju/.m2/repository/org/apache/maven/plugins/maven-site-plugin/3.3/maven-site-plugin-3.3.jar:/Users/sanju/.m2/repository/org/apache/maven/reporting/maven-reporting-exec/1.1/maven-reporting-exec-1.1.jar:/Users/sanju/.m2/repository/org/apache/maven/reporting/maven-reporting-api/3.0/maven-reporting-api-3.0.jar:/Users/sanju/.m2/repository/org/apache/maven/shared/maven-shared-utils/0.3/maven-shared-utils-0.3.jar:/Users/sanju/.m2/repository/com/google/code/findbugs/jsr305/2.0.1/jsr305-2.0.1.jar:/Users/sanju/.m2/repository/org/codehaus/plexus/plexus-component-annotations/1.5.5/plexus-component-annotations-1.5.5.jar:/Users/sanju/.m2/repository/org/sonatype/aether/aether-util/1.7/aether-util-1.7.jar:/Users/sanju/.m2/repository/org/eclipse/aether/aether-util/0.9.0.M2/aether-util-0.9.0.M2.jar:/Users/sanju/.m2/repository/org/apache/maven/maven-core/3.0/maven-core-3.0.jar:/Users/sanju/.m2/repository/org/apache/maven/maven-repository-metadata/3.0/maven-repository-metadata-3.0.jar:/Users/sanju/.m2/repository/org/apache/maven/maven-model-builder/3.0/maven-model-builder-3.0.jar:/Users/sanju/.m2/repository/org/apache/maven/maven-aether-provider/3.0/maven-aether-provider-3.0.jar:/Users/sanju/.m2/repository/org/sonatype/aether/aether-impl/1.7/aether-impl-1.7.jar:/Users/sanju/.m2/repository/org/sonatype/aether/aether-spi/1.7/aether-spi-1.7.jar:/Users/sanju/.m2/repository/org/sonatype/aether/aether-api/1.7/aether-api-1.7.jar:/Users/sanju/.m2/repository/org/sonatype/sisu/sisu-inject-plexus/1.4.2/sisu-inject-plexus-1.4.2.jar:/Users/sanju/.m2/repository/org/sonatype/sisu/sisu-inject-bean/1.4.2/sisu-inject-bean-1.4.2.jar:/Users/sanju/.m2/repository/org/sonatype/sisu/sisu-guice/2.1.7/sisu-guice-2.1.7-noaop.jar:/Users/sanju/.m2/repository/org/codehaus/plexus/plexus-interpolation/1.14/plexus-interpolation-1.14.jar:/Users/sanju/.m2/repository/org/codehaus/plexus/plexus-classworlds/2.2.3/plexus-classworlds-2.2.3.jar:/Users/sanju/.m2/repository/org/sonatype/plexus/plexus-sec-dispatcher/1.3/plexus-sec-dispatcher-1.3.jar:/Users/sanju/.m2/repository/org/sonatype/plexus/plexus-cipher/1.4/plexus-cipher-1.4.jar:/Users/sanju/.m2/repository/org/apache/maven/maven-model/3.0/maven-model-3.0.jar:/Users/sanju/.m2/repository/org/apache/maven/maven-plugin-api/3.0/maven-plugin-api-3.0.jar:/Users/sanju/.m2/repository/org/apache/maven/maven-settings/3.0/maven-settings-3.0.jar:/Users/sanju/.m2/repository/org/apache/maven/maven-settings-builder/3.0/maven-settings-builder-3.0.jar:/Users/sanju/.m2/repository/org/apache/maven/maven-archiver/2.4.2/maven-archiver-2.4.2.jar:/Users/sanju/.m2/repository/org/apache/maven/doxia/doxia-sink-api/1.4/doxia-sink-api-1.4.jar:/Users/sanju/.m2/repository/org/apache/maven/doxia/doxia-logging-api/1.4/doxia-logging-api-1.4.jar:/Users/sanju/.m2/repository/org/codehaus/plexus/plexus-container-default/1.0-alpha-30/plexus-container-default-1.0-alpha-30.jar:/Users/sanju/.m2/repository/org/apache/maven/doxia/doxia-core/1.4/doxia-core-1.4.jar:/Users/sanju/.m2/repository/xerces/xercesImpl/2.9.1/xercesImpl-2.9.1.jar:/Users/sanju/.m2/repository/xml-apis/xml-apis/1.3.04/xml-apis-1.3.04.jar:/Users/sanju/.m2/repository/org/apache/httpcomponents/httpclient/4.0.2/httpclient-4.0.2.jar:/Users/sanju/.m2/repository/commons-logging/commons-logging/1.1.1/commons-logging-1.1.1.jar:/Users/sanju/.m2/repository/commons-codec/commons-codec/1.3/commons-codec-1.3.jar:/Users/sanju/.m2/repository/org/apache/httpcomponents/httpcore/4.0.1/httpcore-4.0.1.jar:/Users/sanju/.m2/repository/org/apache/maven/doxia/doxia-module-xhtml/1.4/doxia-module-xhtml-1.4.jar:/Users/sanju/.m2/repository/org/apache/maven/doxia/doxia-module-apt/1.4/doxia-module-apt-1.4.jar:/Users/sanju/.m2/repository/org/apache/maven/doxia/doxia-module-xdoc/1.4/doxia-module-xdoc-1.4.jar:/Users/sanju/.m2/repository/org/apache/maven/doxia/doxia-module-fml/1.4/doxia-module-fml-1.4.jar:/Users/sanju/.m2/repository/org/apache/maven/doxia/doxia-module-markdown/1.4/doxia-module-markdown-1.4.jar:/Users/sanju/.m2/repository/org/pegdown/pegdown/1.2.1/pegdown-1.2.1.jar:/Users/sanju/.m2/repository/org/parboiled/parboiled-java/1.1.4/parboiled-java-1.1.4.jar:/Users/sanju/.m2/repository/org/parboiled/parboiled-core/1.1.4/parboiled-core-1.1.4.jar:/Users/sanju/.m2/repository/org/ow2/asm/asm/4.1/asm-4.1.jar:/Users/sanju/.m2/repository/org/ow2/asm/asm-tree/4.1/asm-tree-4.1.jar:/Users/sanju/.m2/repository/org/ow2/asm/asm-analysis/4.1/asm-analysis-4.1.jar:/Users/sanju/.m2/repository/org/ow2/asm/asm-util/4.1/asm-util-4.1.jar:/Users/sanju/.m2/repository/javax/servlet/servlet-api/2.5/servlet-api-2.5.jar:/Users/sanju/.m2/repository/org/apache/maven/doxia/doxia-decoration-model/1.4/doxia-decoration-model-1.4.jar:/Users/sanju/.m2/repository/org/apache/maven/doxia/doxia-site-renderer/1.4/doxia-site-renderer-1.4.jar:/Users/sanju/.m2/repository/org/apache/velocity/velocity-tools/2.0/velocity-tools-2.0.jar:/Users/sanju/.m2/repository/commons-beanutils/commons-beanutils/1.7.0/commons-beanutils-1.7.0.jar:/Users/sanju/.m2/repository/commons-digester/commons-digester/1.8/commons-digester-1.8.jar:/Users/sanju/.m2/repository/commons-chain/commons-chain/1.1/commons-chain-1.1.jar:/Users/sanju/.m2/repository/commons-validator/commons-validator/1.3.1/commons-validator-1.3.1.jar:/Users/sanju/.m2/repository/dom4j/dom4j/1.1/dom4j-1.1.jar:/Users/sanju/.m2/repository/sslext/sslext/1.2-0/sslext-1.2-0.jar:/Users/sanju/.m2/repository/org/apache/struts/struts-core/1.3.8/struts-core-1.3.8.jar:/Users/sanju/.m2/repository/antlr/antlr/2.7.2/antlr-2.7.2.jar:/Users/sanju/.m2/repository/org/apache/struts/struts-taglib/1.3.8/struts-taglib-1.3.8.jar:/Users/sanju/.m2/repository/org/apache/struts/struts-tiles/1.3.8/struts-tiles-1.3.8.jar:/Users/sanju/.m2/repository/commons-collections/commons-collections/3.2.1/commons-collections-3.2.1.jar:/Users/sanju/.m2/repository/org/apache/maven/doxia/doxia-integration-tools/1.5/doxia-integration-tools-1.5.jar:/Users/sanju/.m2/repository/org/apache/maven/wagon/wagon-provider-api/1.0/wagon-provider-api-1.0.jar:/Users/sanju/.m2/repository/org/codehaus/plexus/plexus-archiver/1.0/plexus-archiver-1.0.jar:/Users/sanju/.m2/repository/org/codehaus/plexus/plexus-io/1.0/plexus-io-1.0.jar:/Users/sanju/.m2/repository/org/codehaus/plexus/plexus-i18n/1.0-beta-7/plexus-i18n-1.0-beta-7.jar:/Users/sanju/.m2/repository/org/apache/velocity/velocity/1.5/velocity-1.5.jar:/Users/sanju/.m2/repository/oro/oro/2.0.8/oro-2.0.8.jar:/Users/sanju/.m2/repository/org/codehaus/plexus/plexus-velocity/1.1.8/plexus-velocity-1.1.8.jar:/Users/sanju/.m2/repository/org/codehaus/plexus/plexus-utils/1.5.10/plexus-utils-1.5.10.jar:/Users/sanju/.m2/repository/org/mortbay/jetty/jetty/6.1.25/jetty-6.1.25.jar:/Users/sanju/.m2/repository/org/mortbay/jetty/servlet-api/2.5-20081211/servlet-api-2.5-20081211.jar:/Users/sanju/.m2/repository/org/mortbay/jetty/jetty-util/6.1.25/jetty-util-6.1.25.jar:/Users/sanju/.m2/repository/commons-lang/commons-lang/2.5/commons-lang-2.5.jar:/Users/sanju/.m2/repository/commons-io/commons-io/1.4/commons-io-1.4.jar:/Users/sanju/.m2/repository/org/apache/maven/plugins/maven-install-plugin/2.4/maven-install-plugin-2.4.jar:/Users/sanju/.m2/repository/org/apache/maven/maven-project/2.0.6/maven-project-2.0.6.jar:/Users/sanju/.m2/repository/org/apache/maven/maven-profile/2.0.6/maven-profile-2.0.6.jar:/Users/sanju/.m2/repository/org/apache/maven/maven-plugin-registry/2.0.6/maven-plugin-registry-2.0.6.jar:/Users/sanju/.m2/repository/org/apache/maven/maven-artifact-manager/2.0.6/maven-artifact-manager-2.0.6.jar:/Users/sanju/.m2/repository/org/apache/maven/maven-artifact/2.0.6/maven-artifact-2.0.6.jar:/Users/sanju/.m2/repository/org/codehaus/plexus/plexus-digest/1.0/plexus-digest-1.0.jar:/Users/sanju/.m2/repository/org/apache/maven/plugins/maven-deploy-plugin/2.7/maven-deploy-plugin-2.7.jar:/Users/sanju/.m2/repository/com/microsoft/playwright/playwright/1.41.2/playwright-1.41.2.jar:/Users/sanju/.m2/repository/com/google/code/gson/gson/2.8.9/gson-2.8.9.jar:/Users/sanju/.m2/repository/org/opentest4j/opentest4j/1.2.0/opentest4j-1.2.0.jar:/Users/sanju/.m2/repository/com/microsoft/playwright/driver/1.41.2/driver-1.41.2.jar:/Users/sanju/.m2/repository/com/microsoft/playwright/driver-bundle/1.41.2/driver-bundle-1.41.2.jar:/Users/sanju/.m2/repository/org/projectlombok/lombok-maven-plugin/1.18.12.0/lombok-maven-plugin-1.18.12.0.jar:/Users/sanju/.m2/repository/org/apache/commons/commons-lang3/3.8.1/commons-lang3-3.8.1.jar:/Users/sanju/.m2/repository/org/projectlombok/lombok/1.18.12/lombok-1.18.12.jar:/Users/sanju/.m2/repository/org/sonatype/plexus/plexus-build-api/0.0.7/plexus-build-api-0.0.7.jar:/Users/sanju/.m2/repository/tech/grasshopper/extentreports-cucumber7-adapter/1.14.0/extentreports-cucumber7-adapter-1.14.0.jar:/Users/sanju/.m2/repository/com/aventstack/extentreports/5.1.0/extentreports-5.1.0.jar:/Users/sanju/.m2/repository/io/reactivex/rxjava3/rxjava/3.1.6/rxjava-3.1.6.jar:/Users/sanju/.m2/repository/org/reactivestreams/reactive-streams/1.0.4/reactive-streams-1.0.4.jar:/Users/sanju/.m2/repository/org/freemarker/freemarker/2.3.32/freemarker-2.3.32.jar:/Users/sanju/.m2/repository/tech/grasshopper/extent-pdf-report/2.12.0/extent-pdf-report-2.12.0.jar:/Users/sanju/.m2/repository/tech/grasshopper/cucumber-pdf-report/2.14.0/cucumber-pdf-report-2.14.0.jar:/Users/sanju/.m2/repository/org/apache/pdfbox/pdfbox/2.0.26/pdfbox-2.0.26.jar:/Users/sanju/.m2/repository/org/apache/pdfbox/fontbox/2.0.26/fontbox-2.0.26.jar:/Users/sanju/.m2/repository/org/knowm/xchart/xchart/3.8.0/xchart-3.8.0.jar:/Users/sanju/.m2/repository/de/erichseifert/vectorgraphics2d/VectorGraphics2D/0.13/VectorGraphics2D-0.13.jar:/Users/sanju/.m2/repository/de/rototor/pdfbox/graphics2d/0.30/graphics2d-0.30.jar:/Users/sanju/.m2/repository/com/madgag/animated-gif-lib/1.4/animated-gif-lib-1.4.jar:/Users/sanju/.m2/repository/org/yaml/snakeyaml/2.0/snakeyaml-2.0.jar:/Users/sanju/.m2/repository/tech/grasshopper/table-layout/1.5.1/table-layout-1.5.1.jar:/Users/sanju/.m2/repository/tech/grasshopper/rest-assured-cucumber-pdf-report/1.5.0/rest-assured-cucumber-pdf-report-1.5.0.jar:/Users/sanju/.m2/repository/org/jsoup/jsoup/1.15.3/jsoup-1.15.3.jar:/Users/sanju/.m2/repository/com/aventstack/klov-reporter/5.1.0/klov-reporter-5.1.0.jar:/Users/sanju/.m2/repository/org/mongodb/mongodb-driver/3.6.4/mongodb-driver-3.6.4.jar:/Users/sanju/.m2/repository/org/mongodb/mongodb-driver-core/3.6.4/mongodb-driver-core-3.6.4.jar:/Users/sanju/.m2/repository/org/mongodb/bson/3.6.4/bson-3.6.4.jar:/Users/sanju/.m2/repository/org/apache/httpcomponents/httpmime/4.5.13/httpmime-4.5.13.jar:/Users/sanju/.m2/repository/tech/grasshopper/htmlextentreporter/1.1.0/htmlextentreporter-1.1.0.jar:/Users/sanju/.m2/repository/tech/grasshopper/extent-excel-report/1.4.0/extent-excel-report-1.4.0.jar:/Users/sanju/.m2/repository/org/apache/poi/poi/5.2.3/poi-5.2.3.jar:/Users/sanju/.m2/repository/org/apache/commons/commons-collections4/4.4/commons-collections4-4.4.jar:/Users/sanju/.m2/repository/org/apache/commons/commons-math3/3.6.1/commons-math3-3.6.1.jar:/Users/sanju/.m2/repository/com/zaxxer/SparseBitSet/1.2/SparseBitSet-1.2.jar:/Users/sanju/.m2/repository/org/apache/logging/log4j/log4j-api/2.18.0/log4j-api-2.18.0.jar:/Users/sanju/.m2/repository/org/apache/poi/poi-ooxml/5.2.3/poi-ooxml-5.2.3.jar:/Users/sanju/.m2/repository/org/apache/poi/poi-ooxml-lite/5.2.3/poi-ooxml-lite-5.2.3.jar:/Users/sanju/.m2/repository/org/apache/xmlbeans/xmlbeans/5.1.1/xmlbeans-5.1.1.jar:/Users/sanju/.m2/repository/org/apache/commons/commons-compress/1.21/commons-compress-1.21.jar:/Users/sanju/.m2/repository/com/github/virtuald/curvesapi/1.07/curvesapi-1.07.jar:/Users/sanju/.m2/repository/io/cucumber/cucumber-testng/7.10.0/cucumber-testng-7.10.0.jar:/Users/sanju/.m2/repository/org/apiguardian/apiguardian-api/1.1.2/apiguardian-api-1.1.2.jar:/Users/sanju/.m2/repository/io/cucumber/cucumber-junit/7.15.0/cucumber-junit-7.15.0.jar:/Users/sanju/.m2/repository/io/cucumber/cucumber-core/7.2.3/cucumber-core-7.2.3.jar:/Users/sanju/.m2/repository/io/cucumber/cucumber-gherkin/7.2.3/cucumber-gherkin-7.2.3.jar:/Users/sanju/.m2/repository/io/cucumber/cucumber-gherkin-messages/7.2.3/cucumber-gherkin-messages-7.2.3.jar:/Users/sanju/.m2/repository/io/cucumber/messages/17.1.1/messages-17.1.1.jar:/Users/sanju/.m2/repository/io/cucumber/tag-expressions/4.1.0/tag-expressions-4.1.0.jar:/Users/sanju/.m2/repository/io/cucumber/cucumber-expressions/15.0.1/cucumber-expressions-15.0.1.jar:/Users/sanju/.m2/repository/io/cucumber/datatable/7.2.3/datatable-7.2.3.jar:/Users/sanju/.m2/repository/io/cucumber/cucumber-plugin/7.2.3/cucumber-plugin-7.2.3.jar:/Users/sanju/.m2/repository/io/cucumber/docstring/7.2.3/docstring-7.2.3.jar:/Users/sanju/.m2/repository/io/cucumber/html-formatter/17.0.0/html-formatter-17.0.0.jar:/Users/sanju/.m2/repository/io/cucumber/ci-environment/8.1.0/ci-environment-8.1.0.jar:/Users/sanju/.m2/repository/io/cucumber/cucumber-java/7.2.3/cucumber-java-7.2.3.jar:/Users/sanju/.m2/repository/io/cucumber/cucumber-jvm-deps/1.0.6/cucumber-jvm-deps-1.0.6.jar:/Users/sanju/.m2/repository/com/github/temyers/cucumber-jvm-parallel-plugin/5.0.0/cucumber-jvm-parallel-plugin-5.0.0.jar:/Users/sanju/.m2/repository/io/cucumber/gherkin/5.0.0/gherkin-5.0.0.jar:/Users/sanju/.m2/repository/io/cucumber/gherkin-jvm-deps/1.0.4/gherkin-jvm-deps-1.0.4.jar:/Users/sanju/.m2/repository/com/google/guava/guava/19.0/guava-19.0.jar:"/>
    <property name="sun.cpu.endian" value="little"/>
    <property name="user.home" value="/Users/sanju"/>
    <property name="user.language" value="en"/>
    <property name="java.specification.vendor" value="Oracle Corporation"/>
    <property name="java.version.date" value="2023-10-17"/>
    <property name="java.home" value="/opt/homebrew/Cellar/openjdk/21.0.1/libexec/openjdk.jdk/Contents/Home"/>
    <property name="file.separator" value="/"/>
    <property name="basedir" value="/Users/sanju/Desktop/PlaywightJavaWorkSpace/PlayWrightJavaAutomation"/>
    <property name="java.vm.compressedOopsMode" value="Zero based"/>
    <property name="line.separator" value="&#10;"/>
    <property name="java.vm.specification.vendor" value="Oracle Corporation"/>
    <property name="java.specification.name" value="Java Platform API Specification"/>
    <property name="apple.awt.application.name" value="ForkedBooter"/>
    <property name="surefire.real.class.path" value="/Users/sanju/Desktop/PlaywightJavaWorkSpace/PlayWrightJavaAutomation/target/surefire/surefirebooter-20240226202044872_3.jar"/>
    <property name="sun.management.compiler" value="HotSpot 64-Bit Tiered Compilers"/>
    <property name="ftp.nonProxyHosts" value="local|*.local|169.254/16|*.169.254/16"/>
    <property name="java.runtime.version" value="21.0.1"/>
    <property name="user.name" value="sanju"/>
    <property name="stdout.encoding" value="UTF-8"/>
    <property name="path.separator" value=":"/>
    <property name="os.version" value="14.3"/>
    <property name="java.runtime.name" value="OpenJDK Runtime Environment"/>
    <property name="file.encoding" value="UTF-8"/>
    <property name="java.vm.name" value="OpenJDK 64-Bit Server VM"/>
    <property name="java.vendor.version" value="Homebrew"/>
    <property name="localRepository" value="/Users/sanju/.m2/repository"/>
    <property name="java.vendor.url.bug" value="https://github.com/Homebrew/homebrew-core/issues"/>
    <property name="java.io.tmpdir" value="/var/folders/m8/d_ml1jqs5rdf6m9md2pykmkh0000gn/T/"/>
    <property name="java.version" value="21.0.1"/>
    <property name="user.dir" value="/Users/sanju/Desktop/PlaywightJavaWorkSpace/PlayWrightJavaAutomation"/>
    <property name="os.arch" value="aarch64"/>
    <property name="java.vm.specification.name" value="Java Virtual Machine Specification"/>
    <property name="native.encoding" value="UTF-8"/>
    <property name="java.library.path" value="/Users/sanju/Library/Java/Extensions:/Library/Java/Extensions:/Network/Library/Java/Extensions:/System/Library/Java/Extensions:/usr/lib/java:."/>
    <property name="java.vm.info" value="mixed mode, sharing"/>
    <property name="stderr.encoding" value="UTF-8"/>
    <property name="java.vendor" value="Homebrew"/>
    <property name="java.vm.version" value="21.0.1"/>
    <property name="sun.io.unicode.encoding" value="UnicodeBig"/>
    <property name="socksNonProxyHosts" value="local|*.local|169.254/16|*.169.254/16"/>
    <property name="java.class.version" value="65.0"/>
  </properties>
  <testcase name="runScenario[&quot;Verify user should be displayed the field specific icons&quot;, &quot;User should be able to submit contact us request&quot;](1)" classname="runner.TestRunner" time="5.229">
    <system-out><![CDATA[DelFile 12345./test-output/embedded102.png
DelFile 12345./test-output/embedded116.png
DelFile 12345./test-output/embedded19.png
DelFile 12345./test-output/embedded25.png
DelFile 12345./test-output/embedded31.png
DelFile 12345./test-output/embedded30.png
DelFile 12345./test-output/embedded24.png
DelFile 12345./test-output/embedded18.png
DelFile 12345./test-output/embedded117.png
DelFile 12345./test-output/embedded103.png
DelFile 12345./test-output/embedded115.png
DelFile 12345./test-output/embedded101.png
DelFile 12345./test-output/embedded129.png
DelFile 12345./test-output/embedded32.png
DelFile 12345./test-output/embedded26.png
DelFile 12345./test-output/embedded27.png
DelFile 12345./test-output/embedded33.png
DelFile 12345./test-output/embedded128.png
DelFile 12345./test-output/embedded100.png
DelFile 12345./test-output/embedded114.png
DelFile 12345./test-output/embedded110.png
DelFile 12345./test-output/embedded104.png
DelFile 12345./test-output/embedded37.png
DelFile 12345./test-output/embedded23.png
DelFile 12345./test-output/embedded22.png
DelFile 12345./test-output/embedded36.png
DelFile 12345./test-output/embedded105.png
DelFile 12345./test-output/embedded111.png
DelFile 12345./test-output/embedded107.png
DelFile 12345./test-output/embedded113.png
DelFile 12345./test-output/embedded20.png
DelFile 12345./test-output/embedded34.png
DelFile 12345./test-output/embedded35.png
DelFile 12345./test-output/embedded21.png
DelFile 12345./test-output/embedded112.png
DelFile 12345./test-output/embedded106.png
DelFile 12345./test-output/embedded4.png
DelFile 12345./test-output/embedded85.png
DelFile 12345./test-output/embedded91.png
DelFile 12345./test-output/embedded46.png
DelFile 12345./test-output/embedded52.png
DelFile 12345./test-output/embedded53.png
DelFile 12345./test-output/embedded47.png
DelFile 12345./test-output/embedded90.png
DelFile 12345./test-output/embedded84.png
DelFile 12345./test-output/embedded5.png
DelFile 12345./test-output/embedded7.png
DelFile 12345./test-output/embedded92.png
DelFile 12345./test-output/embedded86.png
DelFile 12345./test-output/embedded79.png
DelFile 12345./test-output/embedded51.png
DelFile 12345./test-output/embedded45.png
DelFile 12345./test-output/embedded44.png
DelFile 12345./test-output/embedded50.png
DelFile 12345./test-output/embedded78.png
DelFile 12345./test-output/embedded87.png
DelFile 12345./test-output/embedded93.png
DelFile 12345./test-output/embedded6.png
DelFile 12345./test-output/embedded2.png
DelFile 12345./test-output/embedded97.png
DelFile 12345./test-output/embedded83.png
DelFile 12345./test-output/embedded54.png
DelFile 12345./test-output/embedded40.png
DelFile 12345./test-output/embedded68.png
DelFile 12345./test-output/embedded69.png
DelFile 12345./test-output/embedded41.png
DelFile 12345./test-output/embedded55.png
DelFile 12345./test-output/embedded82.png
DelFile 12345./test-output/embedded96.png
DelFile 12345./test-output/embedded3.png
DelFile 12345./test-output/embedded1.png
DelFile 12345./test-output/embedded80.png
DelFile 12345./test-output/embedded94.png
DelFile 12345./test-output/embedded43.png
DelFile 12345./test-output/embedded57.png
DelFile 12345./test-output/embedded56.png
DelFile 12345./test-output/embedded42.png
DelFile 12345./test-output/embedded95.png
DelFile 12345./test-output/embedded81.png
DelFile 12345./test-output/embedded98.png
DelFile 12345./test-output/embedded67.png
DelFile 12345./test-output/embedded73.png
DelFile 12345./test-output/embedded72.png
DelFile 12345./test-output/embedded66.png
DelFile 12345./test-output/embedded99.png
DelFile 12345./test-output/embedded58.png
DelFile 12345./test-output/embedded70.png
DelFile 12345./test-output/embedded64.png
DelFile 12345./test-output/embedded65.png
DelFile 12345./test-output/embedded71.png
DelFile 12345./test-output/embedded59.png
DelFile 12345./test-output/embedded75.png
DelFile 12345./test-output/embedded61.png
DelFile 12345./test-output/embedded49.png
DelFile 12345./test-output/embedded48.png
DelFile 12345./test-output/embedded60.png
DelFile 12345./test-output/embedded74.png
DelFile 12345./test-output/SparkReport
DelFile 12345./test-output/embedded8.png
DelFile 12345./test-output/embedded89.png
DelFile 12345./test-output/embedded62.png
DelFile 12345./test-output/embedded76.png
DelFile 12345./test-output/embedded77.png
DelFile 12345./test-output/embedded63.png
DelFile 12345./test-output/embedded88.png
DelFile 12345./test-output/embedded9.png
DelFile 12345./test-output/embedded123.png
DelFile 12345./test-output/embedded38.png
DelFile 12345./test-output/embedded10.png
DelFile 12345./test-output/embedded11.png
DelFile 12345./test-output/embedded39.png
DelFile 12345./test-output/embedded122.png
DelFile 12345./test-output/embedded120.png
DelFile 12345./test-output/embedded108.png
DelFile 12345./test-output/embedded13.png
DelFile 12345./test-output/embedded12.png
DelFile 12345./test-output/embedded109.png
DelFile 12345./test-output/embedded121.png
DelFile 12345./test-output/embedded119.png
DelFile 12345./test-output/embedded131.png
DelFile 12345./test-output/embedded125.png
DelFile 12345./test-output/embedded16.png
DelFile 12345./test-output/embedded17.png
DelFile 12345./test-output/embedded124.png
DelFile 12345./test-output/embedded130.png
DelFile 12345./test-output/embedded118.png
DelFile 12345./test-output/embedded126.png
DelFile 12345./test-output/embedded132.png
DelFile 12345./test-output/embedded15.png
DelFile 12345./test-output/embedded29.png
DelFile 12345./test-output/embedded28.png
DelFile 12345./test-output/embedded14.png
DelFile 12345./test-output/embedded127.png

@Regression @ContactUs
Scenario Outline: Verify user should be displayed the field specific icons  &amp#27;[90m# src/test/java/features/contactUs.feature:12&amp#27;[0m
WEBELEMENTS INITIALISED!!!!
  &amp#27;[32mGiven &amp#27;[0m&amp#27;[32mUser is on the contact us page of the application and scrolled down&amp#27;[0m &amp#27;[90m# com.test.roku.steps.ContactUsSteps.userIsOnTheContactUsPageOfTheApplicationAndScrolledDown()&amp#27;[0m

    Embedding image [image/png 79519 bytes]

  &amp#27;[32mThen &amp#27;[0m&amp#27;[32mUser should be displayed &amp#27;[0m&amp#27;[32m&amp#27;[1m"idCard"&amp#27;[0m&amp#27;[32m next to relevant text box&amp#27;[0m          &amp#27;[90m# com.test.roku.steps.ContactUsSteps.userShouldBeDisplayedIconNextToNameTextBox(java.lang.String)&amp#27;[0m

    Embedding image [image/png 79519 bytes]

]]></system-out>
    <system-err><![CDATA[SLF4J: Failed to load class "org.slf4j.impl.StaticLoggerBinder".
SLF4J: Defaulting to no-operation (NOP) logger implementation
SLF4J: See http://www.slf4j.org/codes.html#StaticLoggerBinder for further details.
]]></system-err>
  </testcase>
  <testcase name="runScenario[&quot;Verify user should be displayed the field specific icons&quot;, &quot;User should be able to submit contact us request&quot;](2)" classname="runner.TestRunner" time="2.035">
    <system-out><![CDATA[
@Regression @ContactUs
Scenario Outline: Verify user should be displayed the field specific icons  &amp#27;[90m# src/test/java/features/contactUs.feature:13&amp#27;[0m
WEBELEMENTS INITIALISED!!!!
  &amp#27;[32mGiven &amp#27;[0m&amp#27;[32mUser is on the contact us page of the application and scrolled down&amp#27;[0m &amp#27;[90m# com.test.roku.steps.ContactUsSteps.userIsOnTheContactUsPageOfTheApplicationAndScrolledDown()&amp#27;[0m

    Embedding image [image/png 79519 bytes]

  &amp#27;[32mThen &amp#27;[0m&amp#27;[32mUser should be displayed &amp#27;[0m&amp#27;[32m&amp#27;[1m"emailEnvelope"&amp#27;[0m&amp#27;[32m next to relevant text box&amp#27;[0m   &amp#27;[90m# com.test.roku.steps.ContactUsSteps.userShouldBeDisplayedIconNextToNameTextBox(java.lang.String)&amp#27;[0m

    Embedding image [image/png 79519 bytes]

]]></system-out>
  </testcase>
  <testcase name="runScenario[&quot;Verify user should be displayed the field specific icons&quot;, &quot;User should be able to submit contact us request&quot;](3)" classname="runner.TestRunner" time="1.477">
    <failure message="Error {&#10;  message=&apos;Error: strict mode violation: locator(&quot;//span[@class=&apos;fa fa-phone&apos;]&quot;) resolved to 2 elements:&#10;    1) &lt;span class=&quot;fa fa-phone&quot;&gt;&lt;/span&gt; aka locator(&quot;div:nth-child(3) &gt; .input-group-prepend &gt; #basic-addon1 &gt; .fa&quot;)&#10;    2) &lt;span class=&quot;fa fa-phone&quot;&gt;&lt;/span&gt; aka locator(&quot;p&quot;).filter(new Locator.FilterOptions().setHasText(&quot;012345678901&quot;)).locator(&quot;span&quot;)&#10;&#10;  name=&apos;Error&#10;  stack=&apos;Error: Error: strict mode violation: locator(&quot;//span[@class=&apos;fa fa-phone&apos;]&quot;) resolved to 2 elements:&#10;    1) &lt;span class=&quot;fa fa-phone&quot;&gt;&lt;/span&gt; aka locator(&quot;div:nth-child(3) &gt; .input-group-prepend &gt; #basic-addon1 &gt; .fa&quot;)&#10;    2) &lt;span class=&quot;fa fa-phone&quot;&gt;&lt;/span&gt; aka locator(&quot;p&quot;).filter(new Locator.FilterOptions().setHasText(&quot;012345678901&quot;)).locator(&quot;span&quot;)&#10;&#10;    at CRExecutionContext.evaluateWithArguments (/private/var/folders/m8/d_ml1jqs5rdf6m9md2pykmkh0000gn/T/playwright-java-4336040391069677089/package/lib/server/chromium/crExecutionContext.js:92:33)&#10;    at async LongStandingScope._race (/private/var/folders/m8/d_ml1jqs5rdf6m9md2pykmkh0000gn/T/playwright-java-4336040391069677089/package/lib/utils/manualPromise.js:96:14)&#10;    at async evaluateExpression (/private/var/folders/m8/d_ml1jqs5rdf6m9md2pykmkh0000gn/T/playwright-java-4336040391069677089/package/lib/server/javascript.js:241:12)&#10;    at async /private/var/folders/m8/d_ml1jqs5rdf6m9md2pykmkh0000gn/T/playwright-java-4336040391069677089/package/lib/server/frames.js:1113:14&#10;    at async ProgressController.run (/private/var/folders/m8/d_ml1jqs5rdf6m9md2pykmkh0000gn/T/playwright-java-4336040391069677089/package/lib/server/progress.js:91:22)&#10;    at async FrameDispatcher.isVisible (/private/var/folders/m8/d_ml1jqs5rdf6m9md2pykmkh0000gn/T/playwright-java-4336040391069677089/package/lib/server/dispatchers/frameDispatcher.js:233:14)&#10;    at async LongStandingScope._race (/private/var/folders/m8/d_ml1jqs5rdf6m9md2pykmkh0000gn/T/playwright-java-4336040391069677089/package/lib/utils/manualPromise.js:96:14)&#10;    at async FrameDispatcher._handleCommand (/private/var/folders/m8/d_ml1jqs5rdf6m9md2pykmkh0000gn/T/playwright-java-4336040391069677089/package/lib/server/dispatchers/dispatcher.js:96:14)&#10;    at async DispatcherConnection.dispatch (/private/var/folders/m8/d_ml1jqs5rdf6m9md2pykmkh0000gn/T/playwright-java-4336040391069677089/package/lib/server/dispatchers/dispatcher.js:362:22)&#10;}&#10;Call log:&#10;-   checking visibility of locator(&quot;//span[@class=&apos;fa fa-phone&apos;]&quot;)&#10;" type="com.microsoft.playwright.PlaywrightException"><![CDATA[com.microsoft.playwright.PlaywrightException: 
Error {
  message='Error: strict mode violation: locator("//span[@class='fa fa-phone']") resolved to 2 elements:
    1) <span class="fa fa-phone"></span> aka locator("div:nth-child(3) > .input-group-prepend > #basic-addon1 > .fa")
    2) <span class="fa fa-phone"></span> aka locator("p").filter(new Locator.FilterOptions().setHasText("012345678901")).locator("span")

  name='Error
  stack='Error: Error: strict mode violation: locator("//span[@class='fa fa-phone']") resolved to 2 elements:
    1) <span class="fa fa-phone"></span> aka locator("div:nth-child(3) > .input-group-prepend > #basic-addon1 > .fa")
    2) <span class="fa fa-phone"></span> aka locator("p").filter(new Locator.FilterOptions().setHasText("012345678901")).locator("span")

    at CRExecutionContext.evaluateWithArguments (/private/var/folders/m8/d_ml1jqs5rdf6m9md2pykmkh0000gn/T/playwright-java-4336040391069677089/package/lib/server/chromium/crExecutionContext.js:92:33)
    at async LongStandingScope._race (/private/var/folders/m8/d_ml1jqs5rdf6m9md2pykmkh0000gn/T/playwright-java-4336040391069677089/package/lib/utils/manualPromise.js:96:14)
    at async evaluateExpression (/private/var/folders/m8/d_ml1jqs5rdf6m9md2pykmkh0000gn/T/playwright-java-4336040391069677089/package/lib/server/javascript.js:241:12)
    at async /private/var/folders/m8/d_ml1jqs5rdf6m9md2pykmkh0000gn/T/playwright-java-4336040391069677089/package/lib/server/frames.js:1113:14
    at async ProgressController.run (/private/var/folders/m8/d_ml1jqs5rdf6m9md2pykmkh0000gn/T/playwright-java-4336040391069677089/package/lib/server/progress.js:91:22)
    at async FrameDispatcher.isVisible (/private/var/folders/m8/d_ml1jqs5rdf6m9md2pykmkh0000gn/T/playwright-java-4336040391069677089/package/lib/server/dispatchers/frameDispatcher.js:233:14)
    at async LongStandingScope._race (/private/var/folders/m8/d_ml1jqs5rdf6m9md2pykmkh0000gn/T/playwright-java-4336040391069677089/package/lib/utils/manualPromise.js:96:14)
    at async FrameDispatcher._handleCommand (/private/var/folders/m8/d_ml1jqs5rdf6m9md2pykmkh0000gn/T/playwright-java-4336040391069677089/package/lib/server/dispatchers/dispatcher.js:96:14)
    at async DispatcherConnection.dispatch (/private/var/folders/m8/d_ml1jqs5rdf6m9md2pykmkh0000gn/T/playwright-java-4336040391069677089/package/lib/server/dispatchers/dispatcher.js:362:22)
}
Call log:
-   checking visibility of locator("//span[@class='fa fa-phone']")

	at com.microsoft.playwright.impl.WaitableResult.get(WaitableResult.java:54)
	at com.microsoft.playwright.impl.ChannelOwner.runUntil(ChannelOwner.java:120)
	at com.microsoft.playwright.impl.Connection.sendMessage(Connection.java:129)
	at com.microsoft.playwright.impl.ChannelOwner.sendMessage(ChannelOwner.java:106)
	at com.microsoft.playwright.impl.FrameImpl.isVisibleImpl(FrameImpl.java:641)
	at com.microsoft.playwright.impl.FrameImpl.lambda$isVisible$29(FrameImpl.java:627)
	at com.microsoft.playwright.impl.LoggingSupport.withLogging(LoggingSupport.java:47)
	at com.microsoft.playwright.impl.ChannelOwner.withLogging(ChannelOwner.java:89)
	at com.microsoft.playwright.impl.FrameImpl.isVisible(FrameImpl.java:627)
	at com.microsoft.playwright.impl.LocatorImpl.isVisible(LocatorImpl.java:391)
	at com.microsoft.playwright.Locator.isVisible(Locator.java:3948)
	at com.test.roku.utils.AssertionUtils.assertPresent(AssertionUtils.java:10)
	at com.test.roku.steps.ContactUsPageAssertions.assertTextBoxIconDisplayed(ContactUsPageAssertions.java:114)
	at com.test.roku.steps.ContactUsSteps.userShouldBeDisplayedIconNextToNameTextBox(ContactUsSteps.java:93)
	at ✽.User should be displayed "phone" next to relevant text box(file:///Users/sanju/Desktop/PlaywightJavaWorkSpace/PlayWrightJavaAutomation/src/test/java/features/contactUs.feature:8)
Caused by: com.microsoft.playwright.impl.DriverException: Error {
  message='Error: strict mode violation: locator("//span[@class='fa fa-phone']") resolved to 2 elements:
    1) <span class="fa fa-phone"></span> aka locator("div:nth-child(3) > .input-group-prepend > #basic-addon1 > .fa")
    2) <span class="fa fa-phone"></span> aka locator("p").filter(new Locator.FilterOptions().setHasText("012345678901")).locator("span")

  name='Error
  stack='Error: Error: strict mode violation: locator("//span[@class='fa fa-phone']") resolved to 2 elements:
    1) <span class="fa fa-phone"></span> aka locator("div:nth-child(3) > .input-group-prepend > #basic-addon1 > .fa")
    2) <span class="fa fa-phone"></span> aka locator("p").filter(new Locator.FilterOptions().setHasText("012345678901")).locator("span")

    at CRExecutionContext.evaluateWithArguments (/private/var/folders/m8/d_ml1jqs5rdf6m9md2pykmkh0000gn/T/playwright-java-4336040391069677089/package/lib/server/chromium/crExecutionContext.js:92:33)
    at async LongStandingScope._race (/private/var/folders/m8/d_ml1jqs5rdf6m9md2pykmkh0000gn/T/playwright-java-4336040391069677089/package/lib/utils/manualPromise.js:96:14)
    at async evaluateExpression (/private/var/folders/m8/d_ml1jqs5rdf6m9md2pykmkh0000gn/T/playwright-java-4336040391069677089/package/lib/server/javascript.js:241:12)
    at async /private/var/folders/m8/d_ml1jqs5rdf6m9md2pykmkh0000gn/T/playwright-java-4336040391069677089/package/lib/server/frames.js:1113:14
    at async ProgressController.run (/private/var/folders/m8/d_ml1jqs5rdf6m9md2pykmkh0000gn/T/playwright-java-4336040391069677089/package/lib/server/progress.js:91:22)
    at async FrameDispatcher.isVisible (/private/var/folders/m8/d_ml1jqs5rdf6m9md2pykmkh0000gn/T/playwright-java-4336040391069677089/package/lib/server/dispatchers/frameDispatcher.js:233:14)
    at async LongStandingScope._race (/private/var/folders/m8/d_ml1jqs5rdf6m9md2pykmkh0000gn/T/playwright-java-4336040391069677089/package/lib/utils/manualPromise.js:96:14)
    at async FrameDispatcher._handleCommand (/private/var/folders/m8/d_ml1jqs5rdf6m9md2pykmkh0000gn/T/playwright-java-4336040391069677089/package/lib/server/dispatchers/dispatcher.js:96:14)
    at async DispatcherConnection.dispatch (/private/var/folders/m8/d_ml1jqs5rdf6m9md2pykmkh0000gn/T/playwright-java-4336040391069677089/package/lib/server/dispatchers/dispatcher.js:362:22)
}
Call log:
-   checking visibility of locator("//span[@class='fa fa-phone']")

	at com.microsoft.playwright.impl.Connection.dispatch(Connection.java:259)
	at com.microsoft.playwright.impl.Connection.processOneMessage(Connection.java:209)
	at com.microsoft.playwright.impl.ChannelOwner.runUntil(ChannelOwner.java:118)
	at com.microsoft.playwright.impl.Connection.sendMessage(Connection.java:129)
	at com.microsoft.playwright.impl.ChannelOwner.sendMessage(ChannelOwner.java:106)
	at com.microsoft.playwright.impl.FrameImpl.isVisibleImpl(FrameImpl.java:641)
	at com.microsoft.playwright.impl.FrameImpl.lambda$isVisible$29(FrameImpl.java:627)
	at com.microsoft.playwright.impl.LoggingSupport.withLogging(LoggingSupport.java:47)
	at com.microsoft.playwright.impl.ChannelOwner.withLogging(ChannelOwner.java:89)
	at com.microsoft.playwright.impl.FrameImpl.isVisible(FrameImpl.java:627)
	at com.microsoft.playwright.impl.LocatorImpl.isVisible(LocatorImpl.java:391)
	at com.microsoft.playwright.Locator.isVisible(Locator.java:3948)
	at com.test.roku.utils.AssertionUtils.assertPresent(AssertionUtils.java:10)
	at com.test.roku.steps.ContactUsPageAssertions.assertTextBoxIconDisplayed(ContactUsPageAssertions.java:114)
	at com.test.roku.steps.ContactUsSteps.userShouldBeDisplayedIconNextToNameTextBox(ContactUsSteps.java:93)
	at java.base/jdk.internal.reflect.DirectMethodHandleAccessor.invoke(DirectMethodHandleAccessor.java:103)
	at java.base/java.lang.reflect.Method.invoke(Method.java:580)
	at io.cucumber.java.Invoker.doInvoke(Invoker.java:66)
	at io.cucumber.java.Invoker.invoke(Invoker.java:24)
	at io.cucumber.java.AbstractGlueDefinition.invokeMethod(AbstractGlueDefinition.java:47)
	at io.cucumber.java.JavaStepDefinition.execute(JavaStepDefinition.java:29)
	at io.cucumber.core.runner.CoreStepDefinition.execute(CoreStepDefinition.java:66)
	at io.cucumber.core.runner.PickleStepDefinitionMatch.runStep(PickleStepDefinitionMatch.java:63)
	at io.cucumber.core.runner.ExecutionMode$1.execute(ExecutionMode.java:10)
	at io.cucumber.core.runner.TestStep.executeStep(TestStep.java:86)
	at io.cucumber.core.runner.TestStep.run(TestStep.java:57)
	at io.cucumber.core.runner.PickleStepTestStep.run(PickleStepTestStep.java:51)
	at io.cucumber.core.runner.TestCase.run(TestCase.java:95)
	at io.cucumber.core.runner.Runner.runPickle(Runner.java:75)
	at io.cucumber.testng.TestNGCucumberRunner.lambda$runScenario$1(TestNGCucumberRunner.java:132)
	at io.cucumber.core.runtime.CucumberExecutionContext.lambda$runTestCase$3(CucumberExecutionContext.java:151)
	at io.cucumber.core.runtime.RethrowingThrowableCollector.executeAndThrow(RethrowingThrowableCollector.java:23)
	at io.cucumber.core.runtime.CucumberExecutionContext.runTestCase(CucumberExecutionContext.java:151)
	at io.cucumber.testng.TestNGCucumberRunner.runScenario(TestNGCucumberRunner.java:129)
	at io.cucumber.testng.AbstractTestNGCucumberTests.runScenario(AbstractTestNGCucumberTests.java:35)
	at java.base/jdk.internal.reflect.DirectMethodHandleAccessor.invoke(DirectMethodHandleAccessor.java:103)
	at java.base/java.lang.reflect.Method.invoke(Method.java:580)
	at org.testng.internal.invokers.MethodInvocationHelper.invokeMethod(MethodInvocationHelper.java:139)
	at org.testng.internal.invokers.TestInvoker.invokeMethod(TestInvoker.java:664)
	at org.testng.internal.invokers.TestInvoker.invokeTestMethod(TestInvoker.java:228)
	at org.testng.internal.invokers.MethodRunner.runInSequence(MethodRunner.java:63)
	at org.testng.internal.invokers.TestInvoker$MethodInvocationAgent.invoke(TestInvoker.java:961)
	at org.testng.internal.invokers.TestInvoker.invokeTestMethods(TestInvoker.java:201)
	at org.testng.internal.invokers.TestMethodWorker.invokeTestMethods(TestMethodWorker.java:148)
	at org.testng.internal.invokers.TestMethodWorker.run(TestMethodWorker.java:128)
	at java.base/java.util.ArrayList.forEach(ArrayList.java:1596)
	at org.testng.TestRunner.privateRun(TestRunner.java:819)
	at org.testng.TestRunner.run(TestRunner.java:619)
	at org.testng.SuiteRunner.runTest(SuiteRunner.java:443)
	at org.testng.SuiteRunner.runSequentially(SuiteRunner.java:437)
	at org.testng.SuiteRunner.privateRun(SuiteRunner.java:397)
	at org.testng.SuiteRunner.run(SuiteRunner.java:336)
	at org.testng.SuiteRunnerWorker.runSuite(SuiteRunnerWorker.java:52)
	at org.testng.SuiteRunnerWorker.run(SuiteRunnerWorker.java:95)
	at org.testng.TestNG.runSuitesSequentially(TestNG.java:1301)
	at org.testng.TestNG.runSuitesLocally(TestNG.java:1228)
	at org.testng.TestNG.runSuites(TestNG.java:1134)
	at org.testng.TestNG.run(TestNG.java:1101)
	at org.apache.maven.surefire.testng.TestNGExecutor.run(TestNGExecutor.java:155)
	at org.apache.maven.surefire.testng.TestNGDirectoryTestSuite.executeSingleClass(TestNGDirectoryTestSuite.java:102)
	at org.apache.maven.surefire.testng.TestNGDirectoryTestSuite.execute(TestNGDirectoryTestSuite.java:91)
	at org.apache.maven.surefire.testng.TestNGProvider.invoke(TestNGProvider.java:137)
	at org.apache.maven.surefire.booter.ForkedBooter.runSuitesInProcess(ForkedBooter.java:385)
	at org.apache.maven.surefire.booter.ForkedBooter.execute(ForkedBooter.java:162)
	at org.apache.maven.surefire.booter.ForkedBooter.run(ForkedBooter.java:507)
	at org.apache.maven.surefire.booter.ForkedBooter.main(ForkedBooter.java:495)
]]></failure>
    <system-out><![CDATA[
@Regression @ContactUs
Scenario Outline: Verify user should be displayed the field specific icons  &amp#27;[90m# src/test/java/features/contactUs.feature:14&amp#27;[0m
WEBELEMENTS INITIALISED!!!!
  &amp#27;[32mGiven &amp#27;[0m&amp#27;[32mUser is on the contact us page of the application and scrolled down&amp#27;[0m &amp#27;[90m# com.test.roku.steps.ContactUsSteps.userIsOnTheContactUsPageOfTheApplicationAndScrolledDown()&amp#27;[0m

    Embedding image [image/png 79519 bytes]

  &amp#27;[31mThen &amp#27;[0m&amp#27;[31mUser should be displayed &amp#27;[0m&amp#27;[31m&amp#27;[1m"phone"&amp#27;[0m&amp#27;[31m next to relevant text box&amp#27;[0m           &amp#27;[90m# com.test.roku.steps.ContactUsSteps.userShouldBeDisplayedIconNextToNameTextBox(java.lang.String)&amp#27;[0m
      &amp#27;[31mcom.microsoft.playwright.PlaywrightException: Error {
  message='Error: strict mode violation: locator("//span[@class='fa fa-phone']") resolved to 2 elements:
    1) <span class="fa fa-phone"></span> aka locator("div:nth-child(3) > .input-group-prepend > #basic-addon1 > .fa")
    2) <span class="fa fa-phone"></span> aka locator("p").filter(new Locator.FilterOptions().setHasText("012345678901")).locator("span")

  name='Error
  stack='Error: Error: strict mode violation: locator("//span[@class='fa fa-phone']") resolved to 2 elements:
    1) <span class="fa fa-phone"></span> aka locator("div:nth-child(3) > .input-group-prepend > #basic-addon1 > .fa")
    2) <span class="fa fa-phone"></span> aka locator("p").filter(new Locator.FilterOptions().setHasText("012345678901")).locator("span")

    at CRExecutionContext.evaluateWithArguments (/private/var/folders/m8/d_ml1jqs5rdf6m9md2pykmkh0000gn/T/playwright-java-4336040391069677089/package/lib/server/chromium/crExecutionContext.js:92:33)
    at async LongStandingScope._race (/private/var/folders/m8/d_ml1jqs5rdf6m9md2pykmkh0000gn/T/playwright-java-4336040391069677089/package/lib/utils/manualPromise.js:96:14)
    at async evaluateExpression (/private/var/folders/m8/d_ml1jqs5rdf6m9md2pykmkh0000gn/T/playwright-java-4336040391069677089/package/lib/server/javascript.js:241:12)
    at async /private/var/folders/m8/d_ml1jqs5rdf6m9md2pykmkh0000gn/T/playwright-java-4336040391069677089/package/lib/server/frames.js:1113:14
    at async ProgressController.run (/private/var/folders/m8/d_ml1jqs5rdf6m9md2pykmkh0000gn/T/playwright-java-4336040391069677089/package/lib/server/progress.js:91:22)
    at async FrameDispatcher.isVisible (/private/var/folders/m8/d_ml1jqs5rdf6m9md2pykmkh0000gn/T/playwright-java-4336040391069677089/package/lib/server/dispatchers/frameDispatcher.js:233:14)
    at async LongStandingScope._race (/private/var/folders/m8/d_ml1jqs5rdf6m9md2pykmkh0000gn/T/playwright-java-4336040391069677089/package/lib/utils/manualPromise.js:96:14)
    at async FrameDispatcher._handleCommand (/private/var/folders/m8/d_ml1jqs5rdf6m9md2pykmkh0000gn/T/playwright-java-4336040391069677089/package/lib/server/dispatchers/dispatcher.js:96:14)
    at async DispatcherConnection.dispatch (/private/var/folders/m8/d_ml1jqs5rdf6m9md2pykmkh0000gn/T/playwright-java-4336040391069677089/package/lib/server/dispatchers/dispatcher.js:362:22)
}
Call log:
-   checking visibility of locator("//span[@class='fa fa-phone']")

	at com.microsoft.playwright.impl.WaitableResult.get(WaitableResult.java:54)
	at com.microsoft.playwright.impl.ChannelOwner.runUntil(ChannelOwner.java:120)
	at com.microsoft.playwright.impl.Connection.sendMessage(Connection.java:129)
	at com.microsoft.playwright.impl.ChannelOwner.sendMessage(ChannelOwner.java:106)
	at com.microsoft.playwright.impl.FrameImpl.isVisibleImpl(FrameImpl.java:641)
	at com.microsoft.playwright.impl.FrameImpl.lambda$isVisible$29(FrameImpl.java:627)
	at com.microsoft.playwright.impl.LoggingSupport.withLogging(LoggingSupport.java:47)
	at com.microsoft.playwright.impl.ChannelOwner.withLogging(ChannelOwner.java:89)
	at com.microsoft.playwright.impl.FrameImpl.isVisible(FrameImpl.java:627)
	at com.microsoft.playwright.impl.LocatorImpl.isVisible(LocatorImpl.java:391)
	at com.microsoft.playwright.Locator.isVisible(Locator.java:3948)
	at com.test.roku.utils.AssertionUtils.assertPresent(AssertionUtils.java:10)
	at com.test.roku.steps.ContactUsPageAssertions.assertTextBoxIconDisplayed(ContactUsPageAssertions.java:114)
	at com.test.roku.steps.ContactUsSteps.userShouldBeDisplayedIconNextToNameTextBox(ContactUsSteps.java:93)
	at ✽.User should be displayed "phone" next to relevant text box(file:///Users/sanju/Desktop/PlaywightJavaWorkSpace/PlayWrightJavaAutomation/src/test/java/features/contactUs.feature:8)
Caused by: com.microsoft.playwright.impl.DriverException: Error {
  message='Error: strict mode violation: locator("//span[@class='fa fa-phone']") resolved to 2 elements:
    1) <span class="fa fa-phone"></span> aka locator("div:nth-child(3) > .input-group-prepend > #basic-addon1 > .fa")
    2) <span class="fa fa-phone"></span> aka locator("p").filter(new Locator.FilterOptions().setHasText("012345678901")).locator("span")

  name='Error
  stack='Error: Error: strict mode violation: locator("//span[@class='fa fa-phone']") resolved to 2 elements:
    1) <span class="fa fa-phone"></span> aka locator("div:nth-child(3) > .input-group-prepend > #basic-addon1 > .fa")
    2) <span class="fa fa-phone"></span> aka locator("p").filter(new Locator.FilterOptions().setHasText("012345678901")).locator("span")

    at CRExecutionContext.evaluateWithArguments (/private/var/folders/m8/d_ml1jqs5rdf6m9md2pykmkh0000gn/T/playwright-java-4336040391069677089/package/lib/server/chromium/crExecutionContext.js:92:33)
    at async LongStandingScope._race (/private/var/folders/m8/d_ml1jqs5rdf6m9md2pykmkh0000gn/T/playwright-java-4336040391069677089/package/lib/utils/manualPromise.js:96:14)
    at async evaluateExpression (/private/var/folders/m8/d_ml1jqs5rdf6m9md2pykmkh0000gn/T/playwright-java-4336040391069677089/package/lib/server/javascript.js:241:12)
    at async /private/var/folders/m8/d_ml1jqs5rdf6m9md2pykmkh0000gn/T/playwright-java-4336040391069677089/package/lib/server/frames.js:1113:14
    at async ProgressController.run (/private/var/folders/m8/d_ml1jqs5rdf6m9md2pykmkh0000gn/T/playwright-java-4336040391069677089/package/lib/server/progress.js:91:22)
    at async FrameDispatcher.isVisible (/private/var/folders/m8/d_ml1jqs5rdf6m9md2pykmkh0000gn/T/playwright-java-4336040391069677089/package/lib/server/dispatchers/frameDispatcher.js:233:14)
    at async LongStandingScope._race (/private/var/folders/m8/d_ml1jqs5rdf6m9md2pykmkh0000gn/T/playwright-java-4336040391069677089/package/lib/utils/manualPromise.js:96:14)
    at async FrameDispatcher._handleCommand (/private/var/folders/m8/d_ml1jqs5rdf6m9md2pykmkh0000gn/T/playwright-java-4336040391069677089/package/lib/server/dispatchers/dispatcher.js:96:14)
    at async DispatcherConnection.dispatch (/private/var/folders/m8/d_ml1jqs5rdf6m9md2pykmkh0000gn/T/playwright-java-4336040391069677089/package/lib/server/dispatchers/dispatcher.js:362:22)
}
Call log:
-   checking visibility of locator("//span[@class='fa fa-phone']")

	at com.microsoft.playwright.impl.Connection.dispatch(Connection.java:259)
	at com.microsoft.playwright.impl.Connection.processOneMessage(Connection.java:209)
	at com.microsoft.playwright.impl.ChannelOwner.runUntil(ChannelOwner.java:118)
	at com.microsoft.playwright.impl.Connection.sendMessage(Connection.java:129)
	at com.microsoft.playwright.impl.ChannelOwner.sendMessage(ChannelOwner.java:106)
	at com.microsoft.playwright.impl.FrameImpl.isVisibleImpl(FrameImpl.java:641)
	at com.microsoft.playwright.impl.FrameImpl.lambda$isVisible$29(FrameImpl.java:627)
	at com.microsoft.playwright.impl.LoggingSupport.withLogging(LoggingSupport.java:47)
	at com.microsoft.playwright.impl.ChannelOwner.withLogging(ChannelOwner.java:89)
	at com.microsoft.playwright.impl.FrameImpl.isVisible(FrameImpl.java:627)
	at com.microsoft.playwright.impl.LocatorImpl.isVisible(LocatorImpl.java:391)
	at com.microsoft.playwright.Locator.isVisible(Locator.java:3948)
	at com.test.roku.utils.AssertionUtils.assertPresent(AssertionUtils.java:10)
	at com.test.roku.steps.ContactUsPageAssertions.assertTextBoxIconDisplayed(ContactUsPageAssertions.java:114)
	at com.test.roku.steps.ContactUsSteps.userShouldBeDisplayedIconNextToNameTextBox(ContactUsSteps.java:93)
	at java.base/jdk.internal.reflect.DirectMethodHandleAccessor.invoke(DirectMethodHandleAccessor.java:103)
	at java.base/java.lang.reflect.Method.invoke(Method.java:580)
	at io.cucumber.java.Invoker.doInvoke(Invoker.java:66)
	at io.cucumber.java.Invoker.invoke(Invoker.java:24)
	at io.cucumber.java.AbstractGlueDefinition.invokeMethod(AbstractGlueDefinition.java:47)
	at io.cucumber.java.JavaStepDefinition.execute(JavaStepDefinition.java:29)
	at io.cucumber.core.runner.CoreStepDefinition.execute(CoreStepDefinition.java:66)
	at io.cucumber.core.runner.PickleStepDefinitionMatch.runStep(PickleStepDefinitionMatch.java:63)
	at io.cucumber.core.runner.ExecutionMode$1.execute(ExecutionMode.java:10)
	at io.cucumber.core.runner.TestStep.executeStep(TestStep.java:86)
	at io.cucumber.core.runner.TestStep.run(TestStep.java:57)
	at io.cucumber.core.runner.PickleStepTestStep.run(PickleStepTestStep.java:51)
	at io.cucumber.core.runner.TestCase.run(TestCase.java:95)
	at io.cucumber.core.runner.Runner.runPickle(Runner.java:75)
	at io.cucumber.testng.TestNGCucumberRunner.lambda$runScenario$1(TestNGCucumberRunner.java:132)
	at io.cucumber.core.runtime.CucumberExecutionContext.lambda$runTestCase$3(CucumberExecutionContext.java:151)
	at io.cucumber.core.runtime.RethrowingThrowableCollector.executeAndThrow(RethrowingThrowableCollector.java:23)
	at io.cucumber.core.runtime.CucumberExecutionContext.runTestCase(CucumberExecutionContext.java:151)
	at io.cucumber.testng.TestNGCucumberRunner.runScenario(TestNGCucumberRunner.java:129)
	at io.cucumber.testng.AbstractTestNGCucumberTests.runScenario(AbstractTestNGCucumberTests.java:35)
	at java.base/jdk.internal.reflect.DirectMethodHandleAccessor.invoke(DirectMethodHandleAccessor.java:103)
	at java.base/java.lang.reflect.Method.invoke(Method.java:580)
	at org.testng.internal.invokers.MethodInvocationHelper.invokeMethod(MethodInvocationHelper.java:139)
	at org.testng.internal.invokers.TestInvoker.invokeMethod(TestInvoker.java:664)
	at org.testng.internal.invokers.TestInvoker.invokeTestMethod(TestInvoker.java:228)
	at org.testng.internal.invokers.MethodRunner.runInSequence(MethodRunner.java:63)
	at org.testng.internal.invokers.TestInvoker$MethodInvocationAgent.invoke(TestInvoker.java:961)
	at org.testng.internal.invokers.TestInvoker.invokeTestMethods(TestInvoker.java:201)
	at org.testng.internal.invokers.TestMethodWorker.invokeTestMethods(TestMethodWorker.java:148)
	at org.testng.internal.invokers.TestMethodWorker.run(TestMethodWorker.java:128)
	at java.base/java.util.ArrayList.forEach(ArrayList.java:1596)
	at org.testng.TestRunner.privateRun(TestRunner.java:819)
	at org.testng.TestRunner.run(TestRunner.java:619)
	at org.testng.SuiteRunner.runTest(SuiteRunner.java:443)
	at org.testng.SuiteRunner.runSequentially(SuiteRunner.java:437)
	at org.testng.SuiteRunner.privateRun(SuiteRunner.java:397)
	at org.testng.SuiteRunner.run(SuiteRunner.java:336)
	at org.testng.SuiteRunnerWorker.runSuite(SuiteRunnerWorker.java:52)
	at org.testng.SuiteRunnerWorker.run(SuiteRunnerWorker.java:95)
	at org.testng.TestNG.runSuitesSequentially(TestNG.java:1301)
	at org.testng.TestNG.runSuitesLocally(TestNG.java:1228)
	at org.testng.TestNG.runSuites(TestNG.java:1134)
	at org.testng.TestNG.run(TestNG.java:1101)
	at org.apache.maven.surefire.testng.TestNGExecutor.run(TestNGExecutor.java:155)
	at org.apache.maven.surefire.testng.TestNGDirectoryTestSuite.executeSingleClass(TestNGDirectoryTestSuite.java:102)
	at org.apache.maven.surefire.testng.TestNGDirectoryTestSuite.execute(TestNGDirectoryTestSuite.java:91)
	at org.apache.maven.surefire.testng.TestNGProvider.invoke(TestNGProvider.java:137)
	at org.apache.maven.surefire.booter.ForkedBooter.runSuitesInProcess(ForkedBooter.java:385)
	at org.apache.maven.surefire.booter.ForkedBooter.execute(ForkedBooter.java:162)
	at org.apache.maven.surefire.booter.ForkedBooter.run(ForkedBooter.java:507)
	at org.apache.maven.surefire.booter.ForkedBooter.main(ForkedBooter.java:495)
&amp#27;[0m

    Embedding image [image/png 79519 bytes]

]]></system-out>
    <system-err><![CDATA[com.microsoft.playwright.PlaywrightException: Error {
  message='Error: strict mode violation: locator("//span[@class='fa fa-phone']") resolved to 2 elements:
    1) <span class="fa fa-phone"></span> aka locator("div:nth-child(3) > .input-group-prepend > #basic-addon1 > .fa")
    2) <span class="fa fa-phone"></span> aka locator("p").filter(new Locator.FilterOptions().setHasText("012345678901")).locator("span")

  name='Error
  stack='Error: Error: strict mode violation: locator("//span[@class='fa fa-phone']") resolved to 2 elements:
    1) <span class="fa fa-phone"></span> aka locator("div:nth-child(3) > .input-group-prepend > #basic-addon1 > .fa")
    2) <span class="fa fa-phone"></span> aka locator("p").filter(new Locator.FilterOptions().setHasText("012345678901")).locator("span")

    at CRExecutionContext.evaluateWithArguments (/private/var/folders/m8/d_ml1jqs5rdf6m9md2pykmkh0000gn/T/playwright-java-4336040391069677089/package/lib/server/chromium/crExecutionContext.js:92:33)
    at async LongStandingScope._race (/private/var/folders/m8/d_ml1jqs5rdf6m9md2pykmkh0000gn/T/playwright-java-4336040391069677089/package/lib/utils/manualPromise.js:96:14)
    at async evaluateExpression (/private/var/folders/m8/d_ml1jqs5rdf6m9md2pykmkh0000gn/T/playwright-java-4336040391069677089/package/lib/server/javascript.js:241:12)
    at async /private/var/folders/m8/d_ml1jqs5rdf6m9md2pykmkh0000gn/T/playwright-java-4336040391069677089/package/lib/server/frames.js:1113:14
    at async ProgressController.run (/private/var/folders/m8/d_ml1jqs5rdf6m9md2pykmkh0000gn/T/playwright-java-4336040391069677089/package/lib/server/progress.js:91:22)
    at async FrameDispatcher.isVisible (/private/var/folders/m8/d_ml1jqs5rdf6m9md2pykmkh0000gn/T/playwright-java-4336040391069677089/package/lib/server/dispatchers/frameDispatcher.js:233:14)
    at async LongStandingScope._race (/private/var/folders/m8/d_ml1jqs5rdf6m9md2pykmkh0000gn/T/playwright-java-4336040391069677089/package/lib/utils/manualPromise.js:96:14)
    at async FrameDispatcher._handleCommand (/private/var/folders/m8/d_ml1jqs5rdf6m9md2pykmkh0000gn/T/playwright-java-4336040391069677089/package/lib/server/dispatchers/dispatcher.js:96:14)
    at async DispatcherConnection.dispatch (/private/var/folders/m8/d_ml1jqs5rdf6m9md2pykmkh0000gn/T/playwright-java-4336040391069677089/package/lib/server/dispatchers/dispatcher.js:362:22)
}
Call log:
-   checking visibility of locator("//span[@class='fa fa-phone']")

	at com.microsoft.playwright.impl.WaitableResult.get(WaitableResult.java:54)
	at com.microsoft.playwright.impl.ChannelOwner.runUntil(ChannelOwner.java:120)
	at com.microsoft.playwright.impl.Connection.sendMessage(Connection.java:129)
	at com.microsoft.playwright.impl.ChannelOwner.sendMessage(ChannelOwner.java:106)
	at com.microsoft.playwright.impl.FrameImpl.isVisibleImpl(FrameImpl.java:641)
	at com.microsoft.playwright.impl.FrameImpl.lambda$isVisible$29(FrameImpl.java:627)
	at com.microsoft.playwright.impl.LoggingSupport.withLogging(LoggingSupport.java:47)
	at com.microsoft.playwright.impl.ChannelOwner.withLogging(ChannelOwner.java:89)
	at com.microsoft.playwright.impl.FrameImpl.isVisible(FrameImpl.java:627)
	at com.microsoft.playwright.impl.LocatorImpl.isVisible(LocatorImpl.java:391)
	at com.microsoft.playwright.Locator.isVisible(Locator.java:3948)
	at com.test.roku.utils.CommonUtils.waitForVisible(CommonUtils.java:16)
	at com.test.roku.utils.AssertionUtils.assertPresent(AssertionUtils.java:9)
	at com.test.roku.steps.ContactUsPageAssertions.assertTextBoxIconDisplayed(ContactUsPageAssertions.java:114)
	at com.test.roku.steps.ContactUsSteps.userShouldBeDisplayedIconNextToNameTextBox(ContactUsSteps.java:93)
	at java.base/jdk.internal.reflect.DirectMethodHandleAccessor.invoke(DirectMethodHandleAccessor.java:103)
	at java.base/java.lang.reflect.Method.invoke(Method.java:580)
	at io.cucumber.java.Invoker.doInvoke(Invoker.java:66)
	at io.cucumber.java.Invoker.invoke(Invoker.java:24)
	at io.cucumber.java.AbstractGlueDefinition.invokeMethod(AbstractGlueDefinition.java:47)
	at io.cucumber.java.JavaStepDefinition.execute(JavaStepDefinition.java:29)
	at io.cucumber.core.runner.CoreStepDefinition.execute(CoreStepDefinition.java:66)
	at io.cucumber.core.runner.PickleStepDefinitionMatch.runStep(PickleStepDefinitionMatch.java:63)
	at io.cucumber.core.runner.ExecutionMode$1.execute(ExecutionMode.java:10)
	at io.cucumber.core.runner.TestStep.executeStep(TestStep.java:86)
	at io.cucumber.core.runner.TestStep.run(TestStep.java:57)
	at io.cucumber.core.runner.PickleStepTestStep.run(PickleStepTestStep.java:51)
	at io.cucumber.core.runner.TestCase.run(TestCase.java:95)
	at io.cucumber.core.runner.Runner.runPickle(Runner.java:75)
	at io.cucumber.testng.TestNGCucumberRunner.lambda$runScenario$1(TestNGCucumberRunner.java:132)
	at io.cucumber.core.runtime.CucumberExecutionContext.lambda$runTestCase$3(CucumberExecutionContext.java:151)
	at io.cucumber.core.runtime.RethrowingThrowableCollector.executeAndThrow(RethrowingThrowableCollector.java:23)
	at io.cucumber.core.runtime.CucumberExecutionContext.runTestCase(CucumberExecutionContext.java:151)
	at io.cucumber.testng.TestNGCucumberRunner.runScenario(TestNGCucumberRunner.java:129)
	at io.cucumber.testng.AbstractTestNGCucumberTests.runScenario(AbstractTestNGCucumberTests.java:35)
	at java.base/jdk.internal.reflect.DirectMethodHandleAccessor.invoke(DirectMethodHandleAccessor.java:103)
	at java.base/java.lang.reflect.Method.invoke(Method.java:580)
	at org.testng.internal.invokers.MethodInvocationHelper.invokeMethod(MethodInvocationHelper.java:139)
	at org.testng.internal.invokers.TestInvoker.invokeMethod(TestInvoker.java:664)
	at org.testng.internal.invokers.TestInvoker.invokeTestMethod(TestInvoker.java:228)
	at org.testng.internal.invokers.MethodRunner.runInSequence(MethodRunner.java:63)
	at org.testng.internal.invokers.TestInvoker$MethodInvocationAgent.invoke(TestInvoker.java:961)
	at org.testng.internal.invokers.TestInvoker.invokeTestMethods(TestInvoker.java:201)
	at org.testng.internal.invokers.TestMethodWorker.invokeTestMethods(TestMethodWorker.java:148)
	at org.testng.internal.invokers.TestMethodWorker.run(TestMethodWorker.java:128)
	at java.base/java.util.ArrayList.forEach(ArrayList.java:1596)
	at org.testng.TestRunner.privateRun(TestRunner.java:819)
	at org.testng.TestRunner.run(TestRunner.java:619)
	at org.testng.SuiteRunner.runTest(SuiteRunner.java:443)
	at org.testng.SuiteRunner.runSequentially(SuiteRunner.java:437)
	at org.testng.SuiteRunner.privateRun(SuiteRunner.java:397)
	at org.testng.SuiteRunner.run(SuiteRunner.java:336)
	at org.testng.SuiteRunnerWorker.runSuite(SuiteRunnerWorker.java:52)
	at org.testng.SuiteRunnerWorker.run(SuiteRunnerWorker.java:95)
	at org.testng.TestNG.runSuitesSequentially(TestNG.java:1301)
	at org.testng.TestNG.runSuitesLocally(TestNG.java:1228)
	at org.testng.TestNG.runSuites(TestNG.java:1134)
	at org.testng.TestNG.run(TestNG.java:1101)
	at org.apache.maven.surefire.testng.TestNGExecutor.run(TestNGExecutor.java:155)
	at org.apache.maven.surefire.testng.TestNGDirectoryTestSuite.executeSingleClass(TestNGDirectoryTestSuite.java:102)
	at org.apache.maven.surefire.testng.TestNGDirectoryTestSuite.execute(TestNGDirectoryTestSuite.java:91)
	at org.apache.maven.surefire.testng.TestNGProvider.invoke(TestNGProvider.java:137)
	at org.apache.maven.surefire.booter.ForkedBooter.runSuitesInProcess(ForkedBooter.java:385)
	at org.apache.maven.surefire.booter.ForkedBooter.execute(ForkedBooter.java:162)
	at org.apache.maven.surefire.booter.ForkedBooter.run(ForkedBooter.java:507)
	at org.apache.maven.surefire.booter.ForkedBooter.main(ForkedBooter.java:495)
Caused by: com.microsoft.playwright.impl.DriverException: Error {
  message='Error: strict mode violation: locator("//span[@class='fa fa-phone']") resolved to 2 elements:
    1) <span class="fa fa-phone"></span> aka locator("div:nth-child(3) > .input-group-prepend > #basic-addon1 > .fa")
    2) <span class="fa fa-phone"></span> aka locator("p").filter(new Locator.FilterOptions().setHasText("012345678901")).locator("span")

  name='Error
  stack='Error: Error: strict mode violation: locator("//span[@class='fa fa-phone']") resolved to 2 elements:
    1) <span class="fa fa-phone"></span> aka locator("div:nth-child(3) > .input-group-prepend > #basic-addon1 > .fa")
    2) <span class="fa fa-phone"></span> aka locator("p").filter(new Locator.FilterOptions().setHasText("012345678901")).locator("span")

    at CRExecutionContext.evaluateWithArguments (/private/var/folders/m8/d_ml1jqs5rdf6m9md2pykmkh0000gn/T/playwright-java-4336040391069677089/package/lib/server/chromium/crExecutionContext.js:92:33)
    at async LongStandingScope._race (/private/var/folders/m8/d_ml1jqs5rdf6m9md2pykmkh0000gn/T/playwright-java-4336040391069677089/package/lib/utils/manualPromise.js:96:14)
    at async evaluateExpression (/private/var/folders/m8/d_ml1jqs5rdf6m9md2pykmkh0000gn/T/playwright-java-4336040391069677089/package/lib/server/javascript.js:241:12)
    at async /private/var/folders/m8/d_ml1jqs5rdf6m9md2pykmkh0000gn/T/playwright-java-4336040391069677089/package/lib/server/frames.js:1113:14
    at async ProgressController.run (/private/var/folders/m8/d_ml1jqs5rdf6m9md2pykmkh0000gn/T/playwright-java-4336040391069677089/package/lib/server/progress.js:91:22)
    at async FrameDispatcher.isVisible (/private/var/folders/m8/d_ml1jqs5rdf6m9md2pykmkh0000gn/T/playwright-java-4336040391069677089/package/lib/server/dispatchers/frameDispatcher.js:233:14)
    at async LongStandingScope._race (/private/var/folders/m8/d_ml1jqs5rdf6m9md2pykmkh0000gn/T/playwright-java-4336040391069677089/package/lib/utils/manualPromise.js:96:14)
    at async FrameDispatcher._handleCommand (/private/var/folders/m8/d_ml1jqs5rdf6m9md2pykmkh0000gn/T/playwright-java-4336040391069677089/package/lib/server/dispatchers/dispatcher.js:96:14)
    at async DispatcherConnection.dispatch (/private/var/folders/m8/d_ml1jqs5rdf6m9md2pykmkh0000gn/T/playwright-java-4336040391069677089/package/lib/server/dispatchers/dispatcher.js:362:22)
}
Call log:
-   checking visibility of locator("//span[@class='fa fa-phone']")

	at com.microsoft.playwright.impl.Connection.dispatch(Connection.java:259)
	at com.microsoft.playwright.impl.Connection.processOneMessage(Connection.java:209)
	at com.microsoft.playwright.impl.ChannelOwner.runUntil(ChannelOwner.java:118)
	... 64 more
]]></system-err>
  </testcase>
  <testcase name="runScenario[&quot;Verify user should be displayed the field specific icons&quot;, &quot;User should be able to submit contact us request&quot;](4)" classname="runner.TestRunner" time="1.78">
    <system-out><![CDATA[
@Regression @ContactUs
Scenario Outline: Verify user should be displayed the field specific icons  &amp#27;[90m# src/test/java/features/contactUs.feature:15&amp#27;[0m
WEBELEMENTS INITIALISED!!!!
  &amp#27;[32mGiven &amp#27;[0m&amp#27;[32mUser is on the contact us page of the application and scrolled down&amp#27;[0m &amp#27;[90m# com.test.roku.steps.ContactUsSteps.userIsOnTheContactUsPageOfTheApplicationAndScrolledDown()&amp#27;[0m

    Embedding image [image/png 79519 bytes]

  &amp#27;[32mThen &amp#27;[0m&amp#27;[32mUser should be displayed &amp#27;[0m&amp#27;[32m&amp#27;[1m"subjectEnvelope"&amp#27;[0m&amp#27;[32m next to relevant text box&amp#27;[0m &amp#27;[90m# com.test.roku.steps.ContactUsSteps.userShouldBeDisplayedIconNextToNameTextBox(java.lang.String)&amp#27;[0m

    Embedding image [image/png 79519 bytes]

]]></system-out>
  </testcase>
  <testcase name="runScenario[&quot;Verify user should be displayed the message filed caption&quot;, &quot;User should be able to submit contact us request&quot;](5)" classname="runner.TestRunner" time="1.459">
    <failure message="Error {&#10;  message=&apos;Error: strict mode violation: locator(&quot;//span[@class=&apos;input-group-text&apos;]&quot;) resolved to 5 elements:&#10;    1) &lt;span id=&quot;basic-addon1&quot; class=&quot;input-group-text&quot;&gt;…&lt;/span&gt; aka locator(&quot;#basic-addon1&quot;).first()&#10;    2) &lt;span id=&quot;basic-addon1&quot; class=&quot;input-group-text&quot;&gt;…&lt;/span&gt; aka locator(&quot;#basic-addon1&quot;).nth(1)&#10;    3) &lt;span id=&quot;basic-addon1&quot; class=&quot;input-group-text&quot;&gt;…&lt;/span&gt; aka locator(&quot;#basic-addon1&quot;).nth(2)&#10;    4) &lt;span id=&quot;basic-addon1&quot; class=&quot;input-group-text&quot;&gt;…&lt;/span&gt; aka locator(&quot;#basic-addon1&quot;).nth(3)&#10;    5) &lt;span class=&quot;input-group-text&quot;&gt;Message&lt;/span&gt; aka getByText(&quot;Message&quot;)&#10;&#10;  name=&apos;Error&#10;  stack=&apos;Error: Error: strict mode violation: locator(&quot;//span[@class=&apos;input-group-text&apos;]&quot;) resolved to 5 elements:&#10;    1) &lt;span id=&quot;basic-addon1&quot; class=&quot;input-group-text&quot;&gt;…&lt;/span&gt; aka locator(&quot;#basic-addon1&quot;).first()&#10;    2) &lt;span id=&quot;basic-addon1&quot; class=&quot;input-group-text&quot;&gt;…&lt;/span&gt; aka locator(&quot;#basic-addon1&quot;).nth(1)&#10;    3) &lt;span id=&quot;basic-addon1&quot; class=&quot;input-group-text&quot;&gt;…&lt;/span&gt; aka locator(&quot;#basic-addon1&quot;).nth(2)&#10;    4) &lt;span id=&quot;basic-addon1&quot; class=&quot;input-group-text&quot;&gt;…&lt;/span&gt; aka locator(&quot;#basic-addon1&quot;).nth(3)&#10;    5) &lt;span class=&quot;input-group-text&quot;&gt;Message&lt;/span&gt; aka getByText(&quot;Message&quot;)&#10;&#10;    at CRExecutionContext.evaluateWithArguments (/private/var/folders/m8/d_ml1jqs5rdf6m9md2pykmkh0000gn/T/playwright-java-4336040391069677089/package/lib/server/chromium/crExecutionContext.js:92:33)&#10;    at async LongStandingScope._race (/private/var/folders/m8/d_ml1jqs5rdf6m9md2pykmkh0000gn/T/playwright-java-4336040391069677089/package/lib/utils/manualPromise.js:96:14)&#10;    at async evaluateExpression (/private/var/folders/m8/d_ml1jqs5rdf6m9md2pykmkh0000gn/T/playwright-java-4336040391069677089/package/lib/server/javascript.js:241:12)&#10;    at async /private/var/folders/m8/d_ml1jqs5rdf6m9md2pykmkh0000gn/T/playwright-java-4336040391069677089/package/lib/server/frames.js:1113:14&#10;    at async ProgressController.run (/private/var/folders/m8/d_ml1jqs5rdf6m9md2pykmkh0000gn/T/playwright-java-4336040391069677089/package/lib/server/progress.js:91:22)&#10;    at async FrameDispatcher.isVisible (/private/var/folders/m8/d_ml1jqs5rdf6m9md2pykmkh0000gn/T/playwright-java-4336040391069677089/package/lib/server/dispatchers/frameDispatcher.js:233:14)&#10;    at async LongStandingScope._race (/private/var/folders/m8/d_ml1jqs5rdf6m9md2pykmkh0000gn/T/playwright-java-4336040391069677089/package/lib/utils/manualPromise.js:96:14)&#10;    at async FrameDispatcher._handleCommand (/private/var/folders/m8/d_ml1jqs5rdf6m9md2pykmkh0000gn/T/playwright-java-4336040391069677089/package/lib/server/dispatchers/dispatcher.js:96:14)&#10;    at async DispatcherConnection.dispatch (/private/var/folders/m8/d_ml1jqs5rdf6m9md2pykmkh0000gn/T/playwright-java-4336040391069677089/package/lib/server/dispatchers/dispatcher.js:362:22)&#10;}&#10;Call log:&#10;-   checking visibility of locator(&quot;//span[@class=&apos;input-group-text&apos;]&quot;)&#10;" type="com.microsoft.playwright.PlaywrightException"><![CDATA[com.microsoft.playwright.PlaywrightException: 
Error {
  message='Error: strict mode violation: locator("//span[@class='input-group-text']") resolved to 5 elements:
    1) <span id="basic-addon1" class="input-group-text">…</span> aka locator("#basic-addon1").first()
    2) <span id="basic-addon1" class="input-group-text">…</span> aka locator("#basic-addon1").nth(1)
    3) <span id="basic-addon1" class="input-group-text">…</span> aka locator("#basic-addon1").nth(2)
    4) <span id="basic-addon1" class="input-group-text">…</span> aka locator("#basic-addon1").nth(3)
    5) <span class="input-group-text">Message</span> aka getByText("Message")

  name='Error
  stack='Error: Error: strict mode violation: locator("//span[@class='input-group-text']") resolved to 5 elements:
    1) <span id="basic-addon1" class="input-group-text">…</span> aka locator("#basic-addon1").first()
    2) <span id="basic-addon1" class="input-group-text">…</span> aka locator("#basic-addon1").nth(1)
    3) <span id="basic-addon1" class="input-group-text">…</span> aka locator("#basic-addon1").nth(2)
    4) <span id="basic-addon1" class="input-group-text">…</span> aka locator("#basic-addon1").nth(3)
    5) <span class="input-group-text">Message</span> aka getByText("Message")

    at CRExecutionContext.evaluateWithArguments (/private/var/folders/m8/d_ml1jqs5rdf6m9md2pykmkh0000gn/T/playwright-java-4336040391069677089/package/lib/server/chromium/crExecutionContext.js:92:33)
    at async LongStandingScope._race (/private/var/folders/m8/d_ml1jqs5rdf6m9md2pykmkh0000gn/T/playwright-java-4336040391069677089/package/lib/utils/manualPromise.js:96:14)
    at async evaluateExpression (/private/var/folders/m8/d_ml1jqs5rdf6m9md2pykmkh0000gn/T/playwright-java-4336040391069677089/package/lib/server/javascript.js:241:12)
    at async /private/var/folders/m8/d_ml1jqs5rdf6m9md2pykmkh0000gn/T/playwright-java-4336040391069677089/package/lib/server/frames.js:1113:14
    at async ProgressController.run (/private/var/folders/m8/d_ml1jqs5rdf6m9md2pykmkh0000gn/T/playwright-java-4336040391069677089/package/lib/server/progress.js:91:22)
    at async FrameDispatcher.isVisible (/private/var/folders/m8/d_ml1jqs5rdf6m9md2pykmkh0000gn/T/playwright-java-4336040391069677089/package/lib/server/dispatchers/frameDispatcher.js:233:14)
    at async LongStandingScope._race (/private/var/folders/m8/d_ml1jqs5rdf6m9md2pykmkh0000gn/T/playwright-java-4336040391069677089/package/lib/utils/manualPromise.js:96:14)
    at async FrameDispatcher._handleCommand (/private/var/folders/m8/d_ml1jqs5rdf6m9md2pykmkh0000gn/T/playwright-java-4336040391069677089/package/lib/server/dispatchers/dispatcher.js:96:14)
    at async DispatcherConnection.dispatch (/private/var/folders/m8/d_ml1jqs5rdf6m9md2pykmkh0000gn/T/playwright-java-4336040391069677089/package/lib/server/dispatchers/dispatcher.js:362:22)
}
Call log:
-   checking visibility of locator("//span[@class='input-group-text']")

	at com.microsoft.playwright.impl.WaitableResult.get(WaitableResult.java:54)
	at com.microsoft.playwright.impl.ChannelOwner.runUntil(ChannelOwner.java:120)
	at com.microsoft.playwright.impl.Connection.sendMessage(Connection.java:129)
	at com.microsoft.playwright.impl.ChannelOwner.sendMessage(ChannelOwner.java:106)
	at com.microsoft.playwright.impl.FrameImpl.isVisibleImpl(FrameImpl.java:641)
	at com.microsoft.playwright.impl.FrameImpl.lambda$isVisible$29(FrameImpl.java:627)
	at com.microsoft.playwright.impl.LoggingSupport.withLogging(LoggingSupport.java:47)
	at com.microsoft.playwright.impl.ChannelOwner.withLogging(ChannelOwner.java:89)
	at com.microsoft.playwright.impl.FrameImpl.isVisible(FrameImpl.java:627)
	at com.microsoft.playwright.impl.LocatorImpl.isVisible(LocatorImpl.java:391)
	at com.microsoft.playwright.Locator.isVisible(Locator.java:3948)
	at com.test.roku.utils.AssertionUtils.assertPresent(AssertionUtils.java:10)
	at com.test.roku.steps.ContactUsPageAssertions.assertMessageBoxCaptionDisplayed(ContactUsPageAssertions.java:149)
	at com.test.roku.steps.ContactUsSteps.userShouldBeDisplayedMessageCaptionNextToMessageTextArea(ContactUsSteps.java:103)
	at ✽.User should be displayed message caption next to message text area(file:///Users/sanju/Desktop/PlaywightJavaWorkSpace/PlayWrightJavaAutomation/src/test/java/features/contactUs.feature:18)
Caused by: com.microsoft.playwright.impl.DriverException: Error {
  message='Error: strict mode violation: locator("//span[@class='input-group-text']") resolved to 5 elements:
    1) <span id="basic-addon1" class="input-group-text">…</span> aka locator("#basic-addon1").first()
    2) <span id="basic-addon1" class="input-group-text">…</span> aka locator("#basic-addon1").nth(1)
    3) <span id="basic-addon1" class="input-group-text">…</span> aka locator("#basic-addon1").nth(2)
    4) <span id="basic-addon1" class="input-group-text">…</span> aka locator("#basic-addon1").nth(3)
    5) <span class="input-group-text">Message</span> aka getByText("Message")

  name='Error
  stack='Error: Error: strict mode violation: locator("//span[@class='input-group-text']") resolved to 5 elements:
    1) <span id="basic-addon1" class="input-group-text">…</span> aka locator("#basic-addon1").first()
    2) <span id="basic-addon1" class="input-group-text">…</span> aka locator("#basic-addon1").nth(1)
    3) <span id="basic-addon1" class="input-group-text">…</span> aka locator("#basic-addon1").nth(2)
    4) <span id="basic-addon1" class="input-group-text">…</span> aka locator("#basic-addon1").nth(3)
    5) <span class="input-group-text">Message</span> aka getByText("Message")

    at CRExecutionContext.evaluateWithArguments (/private/var/folders/m8/d_ml1jqs5rdf6m9md2pykmkh0000gn/T/playwright-java-4336040391069677089/package/lib/server/chromium/crExecutionContext.js:92:33)
    at async LongStandingScope._race (/private/var/folders/m8/d_ml1jqs5rdf6m9md2pykmkh0000gn/T/playwright-java-4336040391069677089/package/lib/utils/manualPromise.js:96:14)
    at async evaluateExpression (/private/var/folders/m8/d_ml1jqs5rdf6m9md2pykmkh0000gn/T/playwright-java-4336040391069677089/package/lib/server/javascript.js:241:12)
    at async /private/var/folders/m8/d_ml1jqs5rdf6m9md2pykmkh0000gn/T/playwright-java-4336040391069677089/package/lib/server/frames.js:1113:14
    at async ProgressController.run (/private/var/folders/m8/d_ml1jqs5rdf6m9md2pykmkh0000gn/T/playwright-java-4336040391069677089/package/lib/server/progress.js:91:22)
    at async FrameDispatcher.isVisible (/private/var/folders/m8/d_ml1jqs5rdf6m9md2pykmkh0000gn/T/playwright-java-4336040391069677089/package/lib/server/dispatchers/frameDispatcher.js:233:14)
    at async LongStandingScope._race (/private/var/folders/m8/d_ml1jqs5rdf6m9md2pykmkh0000gn/T/playwright-java-4336040391069677089/package/lib/utils/manualPromise.js:96:14)
    at async FrameDispatcher._handleCommand (/private/var/folders/m8/d_ml1jqs5rdf6m9md2pykmkh0000gn/T/playwright-java-4336040391069677089/package/lib/server/dispatchers/dispatcher.js:96:14)
    at async DispatcherConnection.dispatch (/private/var/folders/m8/d_ml1jqs5rdf6m9md2pykmkh0000gn/T/playwright-java-4336040391069677089/package/lib/server/dispatchers/dispatcher.js:362:22)
}
Call log:
-   checking visibility of locator("//span[@class='input-group-text']")

	at com.microsoft.playwright.impl.Connection.dispatch(Connection.java:259)
	at com.microsoft.playwright.impl.Connection.processOneMessage(Connection.java:209)
	at com.microsoft.playwright.impl.ChannelOwner.runUntil(ChannelOwner.java:118)
	at com.microsoft.playwright.impl.Connection.sendMessage(Connection.java:129)
	at com.microsoft.playwright.impl.ChannelOwner.sendMessage(ChannelOwner.java:106)
	at com.microsoft.playwright.impl.FrameImpl.isVisibleImpl(FrameImpl.java:641)
	at com.microsoft.playwright.impl.FrameImpl.lambda$isVisible$29(FrameImpl.java:627)
	at com.microsoft.playwright.impl.LoggingSupport.withLogging(LoggingSupport.java:47)
	at com.microsoft.playwright.impl.ChannelOwner.withLogging(ChannelOwner.java:89)
	at com.microsoft.playwright.impl.FrameImpl.isVisible(FrameImpl.java:627)
	at com.microsoft.playwright.impl.LocatorImpl.isVisible(LocatorImpl.java:391)
	at com.microsoft.playwright.Locator.isVisible(Locator.java:3948)
	at com.test.roku.utils.AssertionUtils.assertPresent(AssertionUtils.java:10)
	at com.test.roku.steps.ContactUsPageAssertions.assertMessageBoxCaptionDisplayed(ContactUsPageAssertions.java:149)
	at com.test.roku.steps.ContactUsSteps.userShouldBeDisplayedMessageCaptionNextToMessageTextArea(ContactUsSteps.java:103)
	at java.base/jdk.internal.reflect.DirectMethodHandleAccessor.invoke(DirectMethodHandleAccessor.java:103)
	at java.base/java.lang.reflect.Method.invoke(Method.java:580)
	at io.cucumber.java.Invoker.doInvoke(Invoker.java:66)
	at io.cucumber.java.Invoker.invoke(Invoker.java:24)
	at io.cucumber.java.AbstractGlueDefinition.invokeMethod(AbstractGlueDefinition.java:47)
	at io.cucumber.java.JavaStepDefinition.execute(JavaStepDefinition.java:29)
	at io.cucumber.core.runner.CoreStepDefinition.execute(CoreStepDefinition.java:66)
	at io.cucumber.core.runner.PickleStepDefinitionMatch.runStep(PickleStepDefinitionMatch.java:63)
	at io.cucumber.core.runner.ExecutionMode$1.execute(ExecutionMode.java:10)
	at io.cucumber.core.runner.TestStep.executeStep(TestStep.java:86)
	at io.cucumber.core.runner.TestStep.run(TestStep.java:57)
	at io.cucumber.core.runner.PickleStepTestStep.run(PickleStepTestStep.java:51)
	at io.cucumber.core.runner.TestCase.run(TestCase.java:95)
	at io.cucumber.core.runner.Runner.runPickle(Runner.java:75)
	at io.cucumber.testng.TestNGCucumberRunner.lambda$runScenario$1(TestNGCucumberRunner.java:132)
	at io.cucumber.core.runtime.CucumberExecutionContext.lambda$runTestCase$3(CucumberExecutionContext.java:151)
	at io.cucumber.core.runtime.RethrowingThrowableCollector.executeAndThrow(RethrowingThrowableCollector.java:23)
	at io.cucumber.core.runtime.CucumberExecutionContext.runTestCase(CucumberExecutionContext.java:151)
	at io.cucumber.testng.TestNGCucumberRunner.runScenario(TestNGCucumberRunner.java:129)
	at io.cucumber.testng.AbstractTestNGCucumberTests.runScenario(AbstractTestNGCucumberTests.java:35)
	at java.base/jdk.internal.reflect.DirectMethodHandleAccessor.invoke(DirectMethodHandleAccessor.java:103)
	at java.base/java.lang.reflect.Method.invoke(Method.java:580)
	at org.testng.internal.invokers.MethodInvocationHelper.invokeMethod(MethodInvocationHelper.java:139)
	at org.testng.internal.invokers.TestInvoker.invokeMethod(TestInvoker.java:664)
	at org.testng.internal.invokers.TestInvoker.invokeTestMethod(TestInvoker.java:228)
	at org.testng.internal.invokers.MethodRunner.runInSequence(MethodRunner.java:63)
	at org.testng.internal.invokers.TestInvoker$MethodInvocationAgent.invoke(TestInvoker.java:961)
	at org.testng.internal.invokers.TestInvoker.invokeTestMethods(TestInvoker.java:201)
	at org.testng.internal.invokers.TestMethodWorker.invokeTestMethods(TestMethodWorker.java:148)
	at org.testng.internal.invokers.TestMethodWorker.run(TestMethodWorker.java:128)
	at java.base/java.util.ArrayList.forEach(ArrayList.java:1596)
	at org.testng.TestRunner.privateRun(TestRunner.java:819)
	at org.testng.TestRunner.run(TestRunner.java:619)
	at org.testng.SuiteRunner.runTest(SuiteRunner.java:443)
	at org.testng.SuiteRunner.runSequentially(SuiteRunner.java:437)
	at org.testng.SuiteRunner.privateRun(SuiteRunner.java:397)
	at org.testng.SuiteRunner.run(SuiteRunner.java:336)
	at org.testng.SuiteRunnerWorker.runSuite(SuiteRunnerWorker.java:52)
	at org.testng.SuiteRunnerWorker.run(SuiteRunnerWorker.java:95)
	at org.testng.TestNG.runSuitesSequentially(TestNG.java:1301)
	at org.testng.TestNG.runSuitesLocally(TestNG.java:1228)
	at org.testng.TestNG.runSuites(TestNG.java:1134)
	at org.testng.TestNG.run(TestNG.java:1101)
	at org.apache.maven.surefire.testng.TestNGExecutor.run(TestNGExecutor.java:155)
	at org.apache.maven.surefire.testng.TestNGDirectoryTestSuite.executeSingleClass(TestNGDirectoryTestSuite.java:102)
	at org.apache.maven.surefire.testng.TestNGDirectoryTestSuite.execute(TestNGDirectoryTestSuite.java:91)
	at org.apache.maven.surefire.testng.TestNGProvider.invoke(TestNGProvider.java:137)
	at org.apache.maven.surefire.booter.ForkedBooter.runSuitesInProcess(ForkedBooter.java:385)
	at org.apache.maven.surefire.booter.ForkedBooter.execute(ForkedBooter.java:162)
	at org.apache.maven.surefire.booter.ForkedBooter.run(ForkedBooter.java:507)
	at org.apache.maven.surefire.booter.ForkedBooter.main(ForkedBooter.java:495)
]]></failure>
    <system-out><![CDATA[
@Regression @ContactUs
Scenario: Verify user should be displayed the message filed caption         &amp#27;[90m# src/test/java/features/contactUs.feature:17&amp#27;[0m
WEBELEMENTS INITIALISED!!!!
  &amp#27;[32mGiven &amp#27;[0m&amp#27;[32mUser is on the contact us page of the application and scrolled down&amp#27;[0m &amp#27;[90m# com.test.roku.steps.ContactUsSteps.userIsOnTheContactUsPageOfTheApplicationAndScrolledDown()&amp#27;[0m

    Embedding image [image/png 79519 bytes]

  &amp#27;[31mThen &amp#27;[0m&amp#27;[31mUser should be displayed message caption next to message text area&amp#27;[0m   &amp#27;[90m# com.test.roku.steps.ContactUsSteps.userShouldBeDisplayedMessageCaptionNextToMessageTextArea()&amp#27;[0m
      &amp#27;[31mcom.microsoft.playwright.PlaywrightException: Error {
  message='Error: strict mode violation: locator("//span[@class='input-group-text']") resolved to 5 elements:
    1) <span id="basic-addon1" class="input-group-text">…</span> aka locator("#basic-addon1").first()
    2) <span id="basic-addon1" class="input-group-text">…</span> aka locator("#basic-addon1").nth(1)
    3) <span id="basic-addon1" class="input-group-text">…</span> aka locator("#basic-addon1").nth(2)
    4) <span id="basic-addon1" class="input-group-text">…</span> aka locator("#basic-addon1").nth(3)
    5) <span class="input-group-text">Message</span> aka getByText("Message")

  name='Error
  stack='Error: Error: strict mode violation: locator("//span[@class='input-group-text']") resolved to 5 elements:
    1) <span id="basic-addon1" class="input-group-text">…</span> aka locator("#basic-addon1").first()
    2) <span id="basic-addon1" class="input-group-text">…</span> aka locator("#basic-addon1").nth(1)
    3) <span id="basic-addon1" class="input-group-text">…</span> aka locator("#basic-addon1").nth(2)
    4) <span id="basic-addon1" class="input-group-text">…</span> aka locator("#basic-addon1").nth(3)
    5) <span class="input-group-text">Message</span> aka getByText("Message")

    at CRExecutionContext.evaluateWithArguments (/private/var/folders/m8/d_ml1jqs5rdf6m9md2pykmkh0000gn/T/playwright-java-4336040391069677089/package/lib/server/chromium/crExecutionContext.js:92:33)
    at async LongStandingScope._race (/private/var/folders/m8/d_ml1jqs5rdf6m9md2pykmkh0000gn/T/playwright-java-4336040391069677089/package/lib/utils/manualPromise.js:96:14)
    at async evaluateExpression (/private/var/folders/m8/d_ml1jqs5rdf6m9md2pykmkh0000gn/T/playwright-java-4336040391069677089/package/lib/server/javascript.js:241:12)
    at async /private/var/folders/m8/d_ml1jqs5rdf6m9md2pykmkh0000gn/T/playwright-java-4336040391069677089/package/lib/server/frames.js:1113:14
    at async ProgressController.run (/private/var/folders/m8/d_ml1jqs5rdf6m9md2pykmkh0000gn/T/playwright-java-4336040391069677089/package/lib/server/progress.js:91:22)
    at async FrameDispatcher.isVisible (/private/var/folders/m8/d_ml1jqs5rdf6m9md2pykmkh0000gn/T/playwright-java-4336040391069677089/package/lib/server/dispatchers/frameDispatcher.js:233:14)
    at async LongStandingScope._race (/private/var/folders/m8/d_ml1jqs5rdf6m9md2pykmkh0000gn/T/playwright-java-4336040391069677089/package/lib/utils/manualPromise.js:96:14)
    at async FrameDispatcher._handleCommand (/private/var/folders/m8/d_ml1jqs5rdf6m9md2pykmkh0000gn/T/playwright-java-4336040391069677089/package/lib/server/dispatchers/dispatcher.js:96:14)
    at async DispatcherConnection.dispatch (/private/var/folders/m8/d_ml1jqs5rdf6m9md2pykmkh0000gn/T/playwright-java-4336040391069677089/package/lib/server/dispatchers/dispatcher.js:362:22)
}
Call log:
-   checking visibility of locator("//span[@class='input-group-text']")

	at com.microsoft.playwright.impl.WaitableResult.get(WaitableResult.java:54)
	at com.microsoft.playwright.impl.ChannelOwner.runUntil(ChannelOwner.java:120)
	at com.microsoft.playwright.impl.Connection.sendMessage(Connection.java:129)
	at com.microsoft.playwright.impl.ChannelOwner.sendMessage(ChannelOwner.java:106)
	at com.microsoft.playwright.impl.FrameImpl.isVisibleImpl(FrameImpl.java:641)
	at com.microsoft.playwright.impl.FrameImpl.lambda$isVisible$29(FrameImpl.java:627)
	at com.microsoft.playwright.impl.LoggingSupport.withLogging(LoggingSupport.java:47)
	at com.microsoft.playwright.impl.ChannelOwner.withLogging(ChannelOwner.java:89)
	at com.microsoft.playwright.impl.FrameImpl.isVisible(FrameImpl.java:627)
	at com.microsoft.playwright.impl.LocatorImpl.isVisible(LocatorImpl.java:391)
	at com.microsoft.playwright.Locator.isVisible(Locator.java:3948)
	at com.test.roku.utils.AssertionUtils.assertPresent(AssertionUtils.java:10)
	at com.test.roku.steps.ContactUsPageAssertions.assertMessageBoxCaptionDisplayed(ContactUsPageAssertions.java:149)
	at com.test.roku.steps.ContactUsSteps.userShouldBeDisplayedMessageCaptionNextToMessageTextArea(ContactUsSteps.java:103)
	at ✽.User should be displayed message caption next to message text area(file:///Users/sanju/Desktop/PlaywightJavaWorkSpace/PlayWrightJavaAutomation/src/test/java/features/contactUs.feature:18)
Caused by: com.microsoft.playwright.impl.DriverException: Error {
  message='Error: strict mode violation: locator("//span[@class='input-group-text']") resolved to 5 elements:
    1) <span id="basic-addon1" class="input-group-text">…</span> aka locator("#basic-addon1").first()
    2) <span id="basic-addon1" class="input-group-text">…</span> aka locator("#basic-addon1").nth(1)
    3) <span id="basic-addon1" class="input-group-text">…</span> aka locator("#basic-addon1").nth(2)
    4) <span id="basic-addon1" class="input-group-text">…</span> aka locator("#basic-addon1").nth(3)
    5) <span class="input-group-text">Message</span> aka getByText("Message")

  name='Error
  stack='Error: Error: strict mode violation: locator("//span[@class='input-group-text']") resolved to 5 elements:
    1) <span id="basic-addon1" class="input-group-text">…</span> aka locator("#basic-addon1").first()
    2) <span id="basic-addon1" class="input-group-text">…</span> aka locator("#basic-addon1").nth(1)
    3) <span id="basic-addon1" class="input-group-text">…</span> aka locator("#basic-addon1").nth(2)
    4) <span id="basic-addon1" class="input-group-text">…</span> aka locator("#basic-addon1").nth(3)
    5) <span class="input-group-text">Message</span> aka getByText("Message")

    at CRExecutionContext.evaluateWithArguments (/private/var/folders/m8/d_ml1jqs5rdf6m9md2pykmkh0000gn/T/playwright-java-4336040391069677089/package/lib/server/chromium/crExecutionContext.js:92:33)
    at async LongStandingScope._race (/private/var/folders/m8/d_ml1jqs5rdf6m9md2pykmkh0000gn/T/playwright-java-4336040391069677089/package/lib/utils/manualPromise.js:96:14)
    at async evaluateExpression (/private/var/folders/m8/d_ml1jqs5rdf6m9md2pykmkh0000gn/T/playwright-java-4336040391069677089/package/lib/server/javascript.js:241:12)
    at async /private/var/folders/m8/d_ml1jqs5rdf6m9md2pykmkh0000gn/T/playwright-java-4336040391069677089/package/lib/server/frames.js:1113:14
    at async ProgressController.run (/private/var/folders/m8/d_ml1jqs5rdf6m9md2pykmkh0000gn/T/playwright-java-4336040391069677089/package/lib/server/progress.js:91:22)
    at async FrameDispatcher.isVisible (/private/var/folders/m8/d_ml1jqs5rdf6m9md2pykmkh0000gn/T/playwright-java-4336040391069677089/package/lib/server/dispatchers/frameDispatcher.js:233:14)
    at async LongStandingScope._race (/private/var/folders/m8/d_ml1jqs5rdf6m9md2pykmkh0000gn/T/playwright-java-4336040391069677089/package/lib/utils/manualPromise.js:96:14)
    at async FrameDispatcher._handleCommand (/private/var/folders/m8/d_ml1jqs5rdf6m9md2pykmkh0000gn/T/playwright-java-4336040391069677089/package/lib/server/dispatchers/dispatcher.js:96:14)
    at async DispatcherConnection.dispatch (/private/var/folders/m8/d_ml1jqs5rdf6m9md2pykmkh0000gn/T/playwright-java-4336040391069677089/package/lib/server/dispatchers/dispatcher.js:362:22)
}
Call log:
-   checking visibility of locator("//span[@class='input-group-text']")

	at com.microsoft.playwright.impl.Connection.dispatch(Connection.java:259)
	at com.microsoft.playwright.impl.Connection.processOneMessage(Connection.java:209)
	at com.microsoft.playwright.impl.ChannelOwner.runUntil(ChannelOwner.java:118)
	at com.microsoft.playwright.impl.Connection.sendMessage(Connection.java:129)
	at com.microsoft.playwright.impl.ChannelOwner.sendMessage(ChannelOwner.java:106)
	at com.microsoft.playwright.impl.FrameImpl.isVisibleImpl(FrameImpl.java:641)
	at com.microsoft.playwright.impl.FrameImpl.lambda$isVisible$29(FrameImpl.java:627)
	at com.microsoft.playwright.impl.LoggingSupport.withLogging(LoggingSupport.java:47)
	at com.microsoft.playwright.impl.ChannelOwner.withLogging(ChannelOwner.java:89)
	at com.microsoft.playwright.impl.FrameImpl.isVisible(FrameImpl.java:627)
	at com.microsoft.playwright.impl.LocatorImpl.isVisible(LocatorImpl.java:391)
	at com.microsoft.playwright.Locator.isVisible(Locator.java:3948)
	at com.test.roku.utils.AssertionUtils.assertPresent(AssertionUtils.java:10)
	at com.test.roku.steps.ContactUsPageAssertions.assertMessageBoxCaptionDisplayed(ContactUsPageAssertions.java:149)
	at com.test.roku.steps.ContactUsSteps.userShouldBeDisplayedMessageCaptionNextToMessageTextArea(ContactUsSteps.java:103)
	at java.base/jdk.internal.reflect.DirectMethodHandleAccessor.invoke(DirectMethodHandleAccessor.java:103)
	at java.base/java.lang.reflect.Method.invoke(Method.java:580)
	at io.cucumber.java.Invoker.doInvoke(Invoker.java:66)
	at io.cucumber.java.Invoker.invoke(Invoker.java:24)
	at io.cucumber.java.AbstractGlueDefinition.invokeMethod(AbstractGlueDefinition.java:47)
	at io.cucumber.java.JavaStepDefinition.execute(JavaStepDefinition.java:29)
	at io.cucumber.core.runner.CoreStepDefinition.execute(CoreStepDefinition.java:66)
	at io.cucumber.core.runner.PickleStepDefinitionMatch.runStep(PickleStepDefinitionMatch.java:63)
	at io.cucumber.core.runner.ExecutionMode$1.execute(ExecutionMode.java:10)
	at io.cucumber.core.runner.TestStep.executeStep(TestStep.java:86)
	at io.cucumber.core.runner.TestStep.run(TestStep.java:57)
	at io.cucumber.core.runner.PickleStepTestStep.run(PickleStepTestStep.java:51)
	at io.cucumber.core.runner.TestCase.run(TestCase.java:95)
	at io.cucumber.core.runner.Runner.runPickle(Runner.java:75)
	at io.cucumber.testng.TestNGCucumberRunner.lambda$runScenario$1(TestNGCucumberRunner.java:132)
	at io.cucumber.core.runtime.CucumberExecutionContext.lambda$runTestCase$3(CucumberExecutionContext.java:151)
	at io.cucumber.core.runtime.RethrowingThrowableCollector.executeAndThrow(RethrowingThrowableCollector.java:23)
	at io.cucumber.core.runtime.CucumberExecutionContext.runTestCase(CucumberExecutionContext.java:151)
	at io.cucumber.testng.TestNGCucumberRunner.runScenario(TestNGCucumberRunner.java:129)
	at io.cucumber.testng.AbstractTestNGCucumberTests.runScenario(AbstractTestNGCucumberTests.java:35)
	at java.base/jdk.internal.reflect.DirectMethodHandleAccessor.invoke(DirectMethodHandleAccessor.java:103)
	at java.base/java.lang.reflect.Method.invoke(Method.java:580)
	at org.testng.internal.invokers.MethodInvocationHelper.invokeMethod(MethodInvocationHelper.java:139)
	at org.testng.internal.invokers.TestInvoker.invokeMethod(TestInvoker.java:664)
	at org.testng.internal.invokers.TestInvoker.invokeTestMethod(TestInvoker.java:228)
	at org.testng.internal.invokers.MethodRunner.runInSequence(MethodRunner.java:63)
	at org.testng.internal.invokers.TestInvoker$MethodInvocationAgent.invoke(TestInvoker.java:961)
	at org.testng.internal.invokers.TestInvoker.invokeTestMethods(TestInvoker.java:201)
	at org.testng.internal.invokers.TestMethodWorker.invokeTestMethods(TestMethodWorker.java:148)
	at org.testng.internal.invokers.TestMethodWorker.run(TestMethodWorker.java:128)
	at java.base/java.util.ArrayList.forEach(ArrayList.java:1596)
	at org.testng.TestRunner.privateRun(TestRunner.java:819)
	at org.testng.TestRunner.run(TestRunner.java:619)
	at org.testng.SuiteRunner.runTest(SuiteRunner.java:443)
	at org.testng.SuiteRunner.runSequentially(SuiteRunner.java:437)
	at org.testng.SuiteRunner.privateRun(SuiteRunner.java:397)
	at org.testng.SuiteRunner.run(SuiteRunner.java:336)
	at org.testng.SuiteRunnerWorker.runSuite(SuiteRunnerWorker.java:52)
	at org.testng.SuiteRunnerWorker.run(SuiteRunnerWorker.java:95)
	at org.testng.TestNG.runSuitesSequentially(TestNG.java:1301)
	at org.testng.TestNG.runSuitesLocally(TestNG.java:1228)
	at org.testng.TestNG.runSuites(TestNG.java:1134)
	at org.testng.TestNG.run(TestNG.java:1101)
	at org.apache.maven.surefire.testng.TestNGExecutor.run(TestNGExecutor.java:155)
	at org.apache.maven.surefire.testng.TestNGDirectoryTestSuite.executeSingleClass(TestNGDirectoryTestSuite.java:102)
	at org.apache.maven.surefire.testng.TestNGDirectoryTestSuite.execute(TestNGDirectoryTestSuite.java:91)
	at org.apache.maven.surefire.testng.TestNGProvider.invoke(TestNGProvider.java:137)
	at org.apache.maven.surefire.booter.ForkedBooter.runSuitesInProcess(ForkedBooter.java:385)
	at org.apache.maven.surefire.booter.ForkedBooter.execute(ForkedBooter.java:162)
	at org.apache.maven.surefire.booter.ForkedBooter.run(ForkedBooter.java:507)
	at org.apache.maven.surefire.booter.ForkedBooter.main(ForkedBooter.java:495)
&amp#27;[0m

    Embedding image [image/png 79519 bytes]

]]></system-out>
    <system-err><![CDATA[com.microsoft.playwright.PlaywrightException: Error {
  message='Error: strict mode violation: locator("//span[@class='input-group-text']") resolved to 5 elements:
    1) <span id="basic-addon1" class="input-group-text">…</span> aka locator("#basic-addon1").first()
    2) <span id="basic-addon1" class="input-group-text">…</span> aka locator("#basic-addon1").nth(1)
    3) <span id="basic-addon1" class="input-group-text">…</span> aka locator("#basic-addon1").nth(2)
    4) <span id="basic-addon1" class="input-group-text">…</span> aka locator("#basic-addon1").nth(3)
    5) <span class="input-group-text">Message</span> aka getByText("Message")

  name='Error
  stack='Error: Error: strict mode violation: locator("//span[@class='input-group-text']") resolved to 5 elements:
    1) <span id="basic-addon1" class="input-group-text">…</span> aka locator("#basic-addon1").first()
    2) <span id="basic-addon1" class="input-group-text">…</span> aka locator("#basic-addon1").nth(1)
    3) <span id="basic-addon1" class="input-group-text">…</span> aka locator("#basic-addon1").nth(2)
    4) <span id="basic-addon1" class="input-group-text">…</span> aka locator("#basic-addon1").nth(3)
    5) <span class="input-group-text">Message</span> aka getByText("Message")

    at CRExecutionContext.evaluateWithArguments (/private/var/folders/m8/d_ml1jqs5rdf6m9md2pykmkh0000gn/T/playwright-java-4336040391069677089/package/lib/server/chromium/crExecutionContext.js:92:33)
    at async LongStandingScope._race (/private/var/folders/m8/d_ml1jqs5rdf6m9md2pykmkh0000gn/T/playwright-java-4336040391069677089/package/lib/utils/manualPromise.js:96:14)
    at async evaluateExpression (/private/var/folders/m8/d_ml1jqs5rdf6m9md2pykmkh0000gn/T/playwright-java-4336040391069677089/package/lib/server/javascript.js:241:12)
    at async /private/var/folders/m8/d_ml1jqs5rdf6m9md2pykmkh0000gn/T/playwright-java-4336040391069677089/package/lib/server/frames.js:1113:14
    at async ProgressController.run (/private/var/folders/m8/d_ml1jqs5rdf6m9md2pykmkh0000gn/T/playwright-java-4336040391069677089/package/lib/server/progress.js:91:22)
    at async FrameDispatcher.isVisible (/private/var/folders/m8/d_ml1jqs5rdf6m9md2pykmkh0000gn/T/playwright-java-4336040391069677089/package/lib/server/dispatchers/frameDispatcher.js:233:14)
    at async LongStandingScope._race (/private/var/folders/m8/d_ml1jqs5rdf6m9md2pykmkh0000gn/T/playwright-java-4336040391069677089/package/lib/utils/manualPromise.js:96:14)
    at async FrameDispatcher._handleCommand (/private/var/folders/m8/d_ml1jqs5rdf6m9md2pykmkh0000gn/T/playwright-java-4336040391069677089/package/lib/server/dispatchers/dispatcher.js:96:14)
    at async DispatcherConnection.dispatch (/private/var/folders/m8/d_ml1jqs5rdf6m9md2pykmkh0000gn/T/playwright-java-4336040391069677089/package/lib/server/dispatchers/dispatcher.js:362:22)
}
Call log:
-   checking visibility of locator("//span[@class='input-group-text']")

	at com.microsoft.playwright.impl.WaitableResult.get(WaitableResult.java:54)
	at com.microsoft.playwright.impl.ChannelOwner.runUntil(ChannelOwner.java:120)
	at com.microsoft.playwright.impl.Connection.sendMessage(Connection.java:129)
	at com.microsoft.playwright.impl.ChannelOwner.sendMessage(ChannelOwner.java:106)
	at com.microsoft.playwright.impl.FrameImpl.isVisibleImpl(FrameImpl.java:641)
	at com.microsoft.playwright.impl.FrameImpl.lambda$isVisible$29(FrameImpl.java:627)
	at com.microsoft.playwright.impl.LoggingSupport.withLogging(LoggingSupport.java:47)
	at com.microsoft.playwright.impl.ChannelOwner.withLogging(ChannelOwner.java:89)
	at com.microsoft.playwright.impl.FrameImpl.isVisible(FrameImpl.java:627)
	at com.microsoft.playwright.impl.LocatorImpl.isVisible(LocatorImpl.java:391)
	at com.microsoft.playwright.Locator.isVisible(Locator.java:3948)
	at com.test.roku.utils.CommonUtils.waitForVisible(CommonUtils.java:16)
	at com.test.roku.utils.AssertionUtils.assertPresent(AssertionUtils.java:9)
	at com.test.roku.steps.ContactUsPageAssertions.assertMessageBoxCaptionDisplayed(ContactUsPageAssertions.java:149)
	at com.test.roku.steps.ContactUsSteps.userShouldBeDisplayedMessageCaptionNextToMessageTextArea(ContactUsSteps.java:103)
	at java.base/jdk.internal.reflect.DirectMethodHandleAccessor.invoke(DirectMethodHandleAccessor.java:103)
	at java.base/java.lang.reflect.Method.invoke(Method.java:580)
	at io.cucumber.java.Invoker.doInvoke(Invoker.java:66)
	at io.cucumber.java.Invoker.invoke(Invoker.java:24)
	at io.cucumber.java.AbstractGlueDefinition.invokeMethod(AbstractGlueDefinition.java:47)
	at io.cucumber.java.JavaStepDefinition.execute(JavaStepDefinition.java:29)
	at io.cucumber.core.runner.CoreStepDefinition.execute(CoreStepDefinition.java:66)
	at io.cucumber.core.runner.PickleStepDefinitionMatch.runStep(PickleStepDefinitionMatch.java:63)
	at io.cucumber.core.runner.ExecutionMode$1.execute(ExecutionMode.java:10)
	at io.cucumber.core.runner.TestStep.executeStep(TestStep.java:86)
	at io.cucumber.core.runner.TestStep.run(TestStep.java:57)
	at io.cucumber.core.runner.PickleStepTestStep.run(PickleStepTestStep.java:51)
	at io.cucumber.core.runner.TestCase.run(TestCase.java:95)
	at io.cucumber.core.runner.Runner.runPickle(Runner.java:75)
	at io.cucumber.testng.TestNGCucumberRunner.lambda$runScenario$1(TestNGCucumberRunner.java:132)
	at io.cucumber.core.runtime.CucumberExecutionContext.lambda$runTestCase$3(CucumberExecutionContext.java:151)
	at io.cucumber.core.runtime.RethrowingThrowableCollector.executeAndThrow(RethrowingThrowableCollector.java:23)
	at io.cucumber.core.runtime.CucumberExecutionContext.runTestCase(CucumberExecutionContext.java:151)
	at io.cucumber.testng.TestNGCucumberRunner.runScenario(TestNGCucumberRunner.java:129)
	at io.cucumber.testng.AbstractTestNGCucumberTests.runScenario(AbstractTestNGCucumberTests.java:35)
	at java.base/jdk.internal.reflect.DirectMethodHandleAccessor.invoke(DirectMethodHandleAccessor.java:103)
	at java.base/java.lang.reflect.Method.invoke(Method.java:580)
	at org.testng.internal.invokers.MethodInvocationHelper.invokeMethod(MethodInvocationHelper.java:139)
	at org.testng.internal.invokers.TestInvoker.invokeMethod(TestInvoker.java:664)
	at org.testng.internal.invokers.TestInvoker.invokeTestMethod(TestInvoker.java:228)
	at org.testng.internal.invokers.MethodRunner.runInSequence(MethodRunner.java:63)
	at org.testng.internal.invokers.TestInvoker$MethodInvocationAgent.invoke(TestInvoker.java:961)
	at org.testng.internal.invokers.TestInvoker.invokeTestMethods(TestInvoker.java:201)
	at org.testng.internal.invokers.TestMethodWorker.invokeTestMethods(TestMethodWorker.java:148)
	at org.testng.internal.invokers.TestMethodWorker.run(TestMethodWorker.java:128)
	at java.base/java.util.ArrayList.forEach(ArrayList.java:1596)
	at org.testng.TestRunner.privateRun(TestRunner.java:819)
	at org.testng.TestRunner.run(TestRunner.java:619)
	at org.testng.SuiteRunner.runTest(SuiteRunner.java:443)
	at org.testng.SuiteRunner.runSequentially(SuiteRunner.java:437)
	at org.testng.SuiteRunner.privateRun(SuiteRunner.java:397)
	at org.testng.SuiteRunner.run(SuiteRunner.java:336)
	at org.testng.SuiteRunnerWorker.runSuite(SuiteRunnerWorker.java:52)
	at org.testng.SuiteRunnerWorker.run(SuiteRunnerWorker.java:95)
	at org.testng.TestNG.runSuitesSequentially(TestNG.java:1301)
	at org.testng.TestNG.runSuitesLocally(TestNG.java:1228)
	at org.testng.TestNG.runSuites(TestNG.java:1134)
	at org.testng.TestNG.run(TestNG.java:1101)
	at org.apache.maven.surefire.testng.TestNGExecutor.run(TestNGExecutor.java:155)
	at org.apache.maven.surefire.testng.TestNGDirectoryTestSuite.executeSingleClass(TestNGDirectoryTestSuite.java:102)
	at org.apache.maven.surefire.testng.TestNGDirectoryTestSuite.execute(TestNGDirectoryTestSuite.java:91)
	at org.apache.maven.surefire.testng.TestNGProvider.invoke(TestNGProvider.java:137)
	at org.apache.maven.surefire.booter.ForkedBooter.runSuitesInProcess(ForkedBooter.java:385)
	at org.apache.maven.surefire.booter.ForkedBooter.execute(ForkedBooter.java:162)
	at org.apache.maven.surefire.booter.ForkedBooter.run(ForkedBooter.java:507)
	at org.apache.maven.surefire.booter.ForkedBooter.main(ForkedBooter.java:495)
Caused by: com.microsoft.playwright.impl.DriverException: Error {
  message='Error: strict mode violation: locator("//span[@class='input-group-text']") resolved to 5 elements:
    1) <span id="basic-addon1" class="input-group-text">…</span> aka locator("#basic-addon1").first()
    2) <span id="basic-addon1" class="input-group-text">…</span> aka locator("#basic-addon1").nth(1)
    3) <span id="basic-addon1" class="input-group-text">…</span> aka locator("#basic-addon1").nth(2)
    4) <span id="basic-addon1" class="input-group-text">…</span> aka locator("#basic-addon1").nth(3)
    5) <span class="input-group-text">Message</span> aka getByText("Message")

  name='Error
  stack='Error: Error: strict mode violation: locator("//span[@class='input-group-text']") resolved to 5 elements:
    1) <span id="basic-addon1" class="input-group-text">…</span> aka locator("#basic-addon1").first()
    2) <span id="basic-addon1" class="input-group-text">…</span> aka locator("#basic-addon1").nth(1)
    3) <span id="basic-addon1" class="input-group-text">…</span> aka locator("#basic-addon1").nth(2)
    4) <span id="basic-addon1" class="input-group-text">…</span> aka locator("#basic-addon1").nth(3)
    5) <span class="input-group-text">Message</span> aka getByText("Message")

    at CRExecutionContext.evaluateWithArguments (/private/var/folders/m8/d_ml1jqs5rdf6m9md2pykmkh0000gn/T/playwright-java-4336040391069677089/package/lib/server/chromium/crExecutionContext.js:92:33)
    at async LongStandingScope._race (/private/var/folders/m8/d_ml1jqs5rdf6m9md2pykmkh0000gn/T/playwright-java-4336040391069677089/package/lib/utils/manualPromise.js:96:14)
    at async evaluateExpression (/private/var/folders/m8/d_ml1jqs5rdf6m9md2pykmkh0000gn/T/playwright-java-4336040391069677089/package/lib/server/javascript.js:241:12)
    at async /private/var/folders/m8/d_ml1jqs5rdf6m9md2pykmkh0000gn/T/playwright-java-4336040391069677089/package/lib/server/frames.js:1113:14
    at async ProgressController.run (/private/var/folders/m8/d_ml1jqs5rdf6m9md2pykmkh0000gn/T/playwright-java-4336040391069677089/package/lib/server/progress.js:91:22)
    at async FrameDispatcher.isVisible (/private/var/folders/m8/d_ml1jqs5rdf6m9md2pykmkh0000gn/T/playwright-java-4336040391069677089/package/lib/server/dispatchers/frameDispatcher.js:233:14)
    at async LongStandingScope._race (/private/var/folders/m8/d_ml1jqs5rdf6m9md2pykmkh0000gn/T/playwright-java-4336040391069677089/package/lib/utils/manualPromise.js:96:14)
    at async FrameDispatcher._handleCommand (/private/var/folders/m8/d_ml1jqs5rdf6m9md2pykmkh0000gn/T/playwright-java-4336040391069677089/package/lib/server/dispatchers/dispatcher.js:96:14)
    at async DispatcherConnection.dispatch (/private/var/folders/m8/d_ml1jqs5rdf6m9md2pykmkh0000gn/T/playwright-java-4336040391069677089/package/lib/server/dispatchers/dispatcher.js:362:22)
}
Call log:
-   checking visibility of locator("//span[@class='input-group-text']")

	at com.microsoft.playwright.impl.Connection.dispatch(Connection.java:259)
	at com.microsoft.playwright.impl.Connection.processOneMessage(Connection.java:209)
	at com.microsoft.playwright.impl.ChannelOwner.runUntil(ChannelOwner.java:118)
	... 64 more
]]></system-err>
  </testcase>
  <testcase name="runScenario[&quot;Verify user should be displayed the field labels&quot;, &quot;User should be able to submit contact us request&quot;](6)" classname="runner.TestRunner" time="1.248">
    <system-out><![CDATA[
@Regression @ContactUs
Scenario Outline: Verify user should be displayed the field labels          &amp#27;[90m# src/test/java/features/contactUs.feature:26&amp#27;[0m
WEBELEMENTS INITIALISED!!!!
  &amp#27;[32mGiven &amp#27;[0m&amp#27;[32mUser is on the contact us page of the application and scrolled down&amp#27;[0m &amp#27;[90m# com.test.roku.steps.ContactUsSteps.userIsOnTheContactUsPageOfTheApplicationAndScrolledDown()&amp#27;[0m

    Embedding image [image/png 79519 bytes]

  &amp#27;[32mThen &amp#27;[0m&amp#27;[32mUser should be displayed &amp#27;[0m&amp#27;[32m&amp#27;[1m"Name"&amp#27;[0m&amp#27;[32m label in the text box&amp#27;[0m                &amp#27;[90m# com.test.roku.steps.ContactUsSteps.userShouldBeDisplayedLabelInFieldTextBox(java.lang.String)&amp#27;[0m

    Embedding image [image/png 79519 bytes]

]]></system-out>
  </testcase>
  <testcase name="runScenario[&quot;Verify user should be displayed the field labels&quot;, &quot;User should be able to submit contact us request&quot;](7)" classname="runner.TestRunner" time="1.409">
    <system-out><![CDATA[
@Regression @ContactUs
Scenario Outline: Verify user should be displayed the field labels          &amp#27;[90m# src/test/java/features/contactUs.feature:27&amp#27;[0m
WEBELEMENTS INITIALISED!!!!
  &amp#27;[32mGiven &amp#27;[0m&amp#27;[32mUser is on the contact us page of the application and scrolled down&amp#27;[0m &amp#27;[90m# com.test.roku.steps.ContactUsSteps.userIsOnTheContactUsPageOfTheApplicationAndScrolledDown()&amp#27;[0m

    Embedding image [image/png 79519 bytes]

  &amp#27;[32mThen &amp#27;[0m&amp#27;[32mUser should be displayed &amp#27;[0m&amp#27;[32m&amp#27;[1m"Email"&amp#27;[0m&amp#27;[32m label in the text box&amp#27;[0m               &amp#27;[90m# com.test.roku.steps.ContactUsSteps.userShouldBeDisplayedLabelInFieldTextBox(java.lang.String)&amp#27;[0m

    Embedding image [image/png 79519 bytes]

]]></system-out>
  </testcase>
  <testcase name="runScenario[&quot;Verify user should be displayed the field labels&quot;, &quot;User should be able to submit contact us request&quot;](8)" classname="runner.TestRunner" time="1.382">
    <system-out><![CDATA[
@Regression @ContactUs
Scenario Outline: Verify user should be displayed the field labels          &amp#27;[90m# src/test/java/features/contactUs.feature:28&amp#27;[0m
WEBELEMENTS INITIALISED!!!!
  &amp#27;[32mGiven &amp#27;[0m&amp#27;[32mUser is on the contact us page of the application and scrolled down&amp#27;[0m &amp#27;[90m# com.test.roku.steps.ContactUsSteps.userIsOnTheContactUsPageOfTheApplicationAndScrolledDown()&amp#27;[0m

    Embedding image [image/png 79519 bytes]

  &amp#27;[32mThen &amp#27;[0m&amp#27;[32mUser should be displayed &amp#27;[0m&amp#27;[32m&amp#27;[1m"Phone"&amp#27;[0m&amp#27;[32m label in the text box&amp#27;[0m               &amp#27;[90m# com.test.roku.steps.ContactUsSteps.userShouldBeDisplayedLabelInFieldTextBox(java.lang.String)&amp#27;[0m

    Embedding image [image/png 79519 bytes]

]]></system-out>
  </testcase>
  <testcase name="runScenario[&quot;Verify user should be displayed the field labels&quot;, &quot;User should be able to submit contact us request&quot;](9)" classname="runner.TestRunner" time="1.375">
    <system-out><![CDATA[
@Regression @ContactUs
Scenario Outline: Verify user should be displayed the field labels          &amp#27;[90m# src/test/java/features/contactUs.feature:29&amp#27;[0m
WEBELEMENTS INITIALISED!!!!
  &amp#27;[32mGiven &amp#27;[0m&amp#27;[32mUser is on the contact us page of the application and scrolled down&amp#27;[0m &amp#27;[90m# com.test.roku.steps.ContactUsSteps.userIsOnTheContactUsPageOfTheApplicationAndScrolledDown()&amp#27;[0m

    Embedding image [image/png 79519 bytes]

  &amp#27;[32mThen &amp#27;[0m&amp#27;[32mUser should be displayed &amp#27;[0m&amp#27;[32m&amp#27;[1m"Subject"&amp#27;[0m&amp#27;[32m label in the text box&amp#27;[0m             &amp#27;[90m# com.test.roku.steps.ContactUsSteps.userShouldBeDisplayedLabelInFieldTextBox(java.lang.String)&amp#27;[0m

    Embedding image [image/png 79519 bytes]

]]></system-out>
  </testcase>
  <testcase name="runScenario[&quot;Verify that user should be able to submit contact us form with valid successfully&quot;, &quot;User should be able to submit contact us request&quot;](10)" classname="runner.TestRunner" time="2.139">
    <system-out><![CDATA[
@Regression @ContactUs
Scenario: Verify that user should be able to submit contact us form with valid successfully &amp#27;[90m# src/test/java/features/contactUs.feature:31&amp#27;[0m
WEBELEMENTS INITIALISED!!!!
  &amp#27;[32mGiven &amp#27;[0m&amp#27;[32mUser is on the contact us page of the application and scrolled down&amp#27;[0m                 &amp#27;[90m# com.test.roku.steps.ContactUsSteps.userIsOnTheContactUsPageOfTheApplicationAndScrolledDown()&amp#27;[0m

    Embedding image [image/png 79519 bytes]

  &amp#27;[32mWhen &amp#27;[0m&amp#27;[32mUser enter valid contact us details&amp#27;[0m                                                  &amp#27;[90m# com.test.roku.steps.ContactUsSteps.userEnterValidContactUsDetails()&amp#27;[0m

    Embedding image [image/png 46529 bytes]

  &amp#27;[32mAnd &amp#27;[0m&amp#27;[32mClick on submit button&amp#27;[0m                                                                &amp#27;[90m# com.test.roku.steps.ContactUsSteps.clickOnSubmitButton()&amp#27;[0m

    Embedding image [image/png 46470 bytes]

  &amp#27;[32mThen &amp#27;[0m&amp#27;[32mUser should be displayed contact us successful submission message&amp#27;[0m                    &amp#27;[90m# com.test.roku.steps.ContactUsSteps.userShouldBeDisplayedContactUsSuccessfulSubmissionMessage()&amp#27;[0m

    Embedding image [image/png 42653 bytes]

  &amp#27;[32mAnd &amp#27;[0m&amp#27;[32mUser should be displayed the name in the successful submission message&amp#27;[0m                &amp#27;[90m# com.test.roku.steps.ContactUsSteps.userShouldBeDisplayedTheNameInTheSuccessfulSubmissionMessage()&amp#27;[0m

    Embedding image [image/png 42653 bytes]

  &amp#27;[32mAnd &amp#27;[0m&amp#27;[32mUser should be displayed the subject in the successful submission message&amp#27;[0m             &amp#27;[90m# com.test.roku.steps.ContactUsSteps.userShouldBeDisplayedTheSubjectInTheSuccessfulSubmissionMessage()&amp#27;[0m

    Embedding image [image/png 42653 bytes]

]]></system-out>
  </testcase>
  <testcase name="runScenario[&quot;Verify user should see error message with invalid information&quot;, &quot;User should be able to submit contact us request&quot;](11)" classname="runner.TestRunner" time="1.955">
    <failure message="Element Phone may not be blankSubject may not be blankName may not be blankMessage must be between 20 and 2000 characters.Message may not be blankSubject must be between 5 and 100 characters.Email may not be blankPhone must be between 11 and 21 characters. should be displayed !!! expected [true] but found [false]" type="java.lang.AssertionError"><![CDATA[java.lang.AssertionError: Element Phone may not be blankSubject may not be blankName may not be blankMessage must be between 20 and 2000 characters.Message may not be blankSubject must be between 5 and 100 characters.Email may not be blankPhone must be between 11 and 21 characters. should be displayed !!! expected [true] but found [false]
	at org.testng.Assert.fail(Assert.java:111)
	at org.testng.Assert.failNotEquals(Assert.java:1578)
	at org.testng.Assert.assertTrue(Assert.java:57)
	at com.test.roku.utils.AssertionUtils.assertPresent(AssertionUtils.java:10)
	at com.test.roku.steps.ContactUsPageAssertions.assertErrorMsgContainerDisplayed(ContactUsPageAssertions.java:58)
	at com.test.roku.steps.ContactUsSteps.userShouldBeDisplayedErrorMessage(ContactUsSteps.java:58)
	at ✽.User should be displayed error message(file:///Users/sanju/Desktop/PlaywightJavaWorkSpace/PlayWrightJavaAutomation/src/test/java/features/contactUs.feature:41)
]]></failure>
    <system-out><![CDATA[
@Regression @ContactUs
Scenario Outline: Verify user should see error message with invalid information &amp#27;[90m# src/test/java/features/contactUs.feature:54&amp#27;[0m
WEBELEMENTS INITIALISED!!!!
  &amp#27;[32mGiven &amp#27;[0m&amp#27;[32mUser is on the contact us page of the application and scrolled down&amp#27;[0m     &amp#27;[90m# com.test.roku.steps.ContactUsSteps.userIsOnTheContactUsPageOfTheApplicationAndScrolledDown()&amp#27;[0m

    Embedding image [image/png 79519 bytes]

  &amp#27;[32mWhen &amp#27;[0m&amp#27;[32mUser enters &amp#27;[0m&amp#27;[32m&amp#27;[1m""&amp#27;[0m&amp#27;[32m and &amp#27;[0m&amp#27;[32m&amp#27;[1m""&amp#27;[0m&amp#27;[32m and &amp#27;[0m&amp#27;[32m&amp#27;[1m""&amp#27;[0m&amp#27;[32m and &amp#27;[0m&amp#27;[32m&amp#27;[1m""&amp#27;[0m&amp#27;[32m and &amp#27;[0m&amp#27;[32m&amp#27;[1m""&amp#27;[0m                               &amp#27;[90m# com.test.roku.steps.ContactUsSteps.userEntersNameAndEmailAndPhoneAndSubjectAndMessage(java.lang.String,java.lang.String,java.lang.String,java.lang.String,java.lang.String)&amp#27;[0m

    Embedding image [image/png 32363 bytes]

  &amp#27;[32mAnd &amp#27;[0m&amp#27;[32mClick on submit button&amp#27;[0m                                                    &amp#27;[90m# com.test.roku.steps.ContactUsSteps.clickOnSubmitButton()&amp#27;[0m

    Embedding image [image/png 32452 bytes]

  &amp#27;[31mThen &amp#27;[0m&amp#27;[31mUser should be displayed error message&amp#27;[0m                                   &amp#27;[90m# com.test.roku.steps.ContactUsSteps.userShouldBeDisplayedErrorMessage()&amp#27;[0m
      &amp#27;[31mjava.lang.AssertionError: Element Phone may not be blankSubject may not be blankName may not be blankMessage must be between 20 and 2000 characters.Message may not be blankSubject must be between 5 and 100 characters.Email may not be blankPhone must be between 11 and 21 characters. should be displayed !!! expected [true] but found [false]
	at org.testng.Assert.fail(Assert.java:111)
	at org.testng.Assert.failNotEquals(Assert.java:1578)
	at org.testng.Assert.assertTrue(Assert.java:57)
	at com.test.roku.utils.AssertionUtils.assertPresent(AssertionUtils.java:10)
	at com.test.roku.steps.ContactUsPageAssertions.assertErrorMsgContainerDisplayed(ContactUsPageAssertions.java:58)
	at com.test.roku.steps.ContactUsSteps.userShouldBeDisplayedErrorMessage(ContactUsSteps.java:58)
	at ✽.User should be displayed error message(file:///Users/sanju/Desktop/PlaywightJavaWorkSpace/PlayWrightJavaAutomation/src/test/java/features/contactUs.feature:41)
&amp#27;[0m

    Embedding image [image/png 31968 bytes]

  &amp#27;[36mAnd &amp#27;[0m&amp#27;[36mUser should be displayed blank name text error&amp#27;[0m                            &amp#27;[90m# com.test.roku.steps.ContactUsSteps.userShouldBeDisplayedBlankNameTextError()&amp#27;[0m
  &amp#27;[36mAnd &amp#27;[0m&amp#27;[36mUser should be displayed blank email text error&amp#27;[0m                           &amp#27;[90m# com.test.roku.steps.ContactUsSteps.userShouldBeDisplayedBlankEmailTextError()&amp#27;[0m
  &amp#27;[36mAnd &amp#27;[0m&amp#27;[36mUser should be displayed blank phone text error&amp#27;[0m                           &amp#27;[90m# com.test.roku.steps.ContactUsSteps.userShouldBeDisplayedBlankPhoneTextError()&amp#27;[0m
  &amp#27;[36mAnd &amp#27;[0m&amp#27;[36mUser should be displayed error with acceptable range of &amp#27;[0m&amp#27;[36m&amp#27;[1m"Phone"&amp#27;[0m           &amp#27;[90m# com.test.roku.steps.ContactUsSteps.userShouldBeDisplayedErrorWithAcceptableRange(java.lang.String)&amp#27;[0m
  &amp#27;[36mAnd &amp#27;[0m&amp#27;[36mUser should be displayed blank subject text error&amp#27;[0m                         &amp#27;[90m# com.test.roku.steps.ContactUsSteps.userShouldBeDisplayedBlankSubjectTextError()&amp#27;[0m
  &amp#27;[36mAnd &amp#27;[0m&amp#27;[36mUser should be displayed error with acceptable range of &amp#27;[0m&amp#27;[36m&amp#27;[1m"Subject"&amp#27;[0m         &amp#27;[90m# com.test.roku.steps.ContactUsSteps.userShouldBeDisplayedErrorWithAcceptableRange(java.lang.String)&amp#27;[0m
  &amp#27;[36mAnd &amp#27;[0m&amp#27;[36mUser should be displayed blank message text error&amp#27;[0m                         &amp#27;[90m# com.test.roku.steps.ContactUsSteps.userShouldBeDisplayedBlankMessageTextError()&amp#27;[0m
  &amp#27;[36mAnd &amp#27;[0m&amp#27;[36mUser should be displayed error with acceptable range of &amp#27;[0m&amp#27;[36m&amp#27;[1m"Message"&amp#27;[0m         &amp#27;[90m# com.test.roku.steps.ContactUsSteps.userShouldBeDisplayedErrorWithAcceptableRange(java.lang.String)&amp#27;[0m
]]></system-out>
  </testcase>
  <testcase name="runScenario[&quot;Verify user should not be able to submit invalid Name : &quot;@£$%^&amp;*($%^&amp;&quot;&quot;, &quot;User should be able to submit contact us request&quot;](12)" classname="runner.TestRunner" time="32.052">
    <failure message="Error {&#10;  message=&apos;Timeout 30000ms exceeded.&#10;  name=&apos;TimeoutError&#10;  stack=&apos;TimeoutError: Timeout 30000ms exceeded.&#10;    at ProgressController.run (/private/var/folders/m8/d_ml1jqs5rdf6m9md2pykmkh0000gn/T/playwright-java-4336040391069677089/package/lib/server/progress.js:87:26)&#10;    at Frame._callOnElementOnceMatches (/private/var/folders/m8/d_ml1jqs5rdf6m9md2pykmkh0000gn/T/playwright-java-4336040391069677089/package/lib/server/frames.js:1399:23)&#10;    at Frame.textContent (/private/var/folders/m8/d_ml1jqs5rdf6m9md2pykmkh0000gn/T/playwright-java-4336040391069677089/package/lib/server/frames.js:1056:17)&#10;    at FrameDispatcher.textContent (/private/var/folders/m8/d_ml1jqs5rdf6m9md2pykmkh0000gn/T/playwright-java-4336040391069677089/package/lib/server/dispatchers/frameDispatcher.js:179:37)&#10;    at FrameDispatcher._handleCommand (/private/var/folders/m8/d_ml1jqs5rdf6m9md2pykmkh0000gn/T/playwright-java-4336040391069677089/package/lib/server/dispatchers/dispatcher.js:94:40)&#10;    at DispatcherConnection.dispatch (/private/var/folders/m8/d_ml1jqs5rdf6m9md2pykmkh0000gn/T/playwright-java-4336040391069677089/package/lib/server/dispatchers/dispatcher.js:362:39)&#10;}&#10;Call log:&#10;- waiting for locator(&quot;.alert&quot;)&#10;" type="com.microsoft.playwright.TimeoutError"><![CDATA[com.microsoft.playwright.TimeoutError: 
Error {
  message='Timeout 30000ms exceeded.
  name='TimeoutError
  stack='TimeoutError: Timeout 30000ms exceeded.
    at ProgressController.run (/private/var/folders/m8/d_ml1jqs5rdf6m9md2pykmkh0000gn/T/playwright-java-4336040391069677089/package/lib/server/progress.js:87:26)
    at Frame._callOnElementOnceMatches (/private/var/folders/m8/d_ml1jqs5rdf6m9md2pykmkh0000gn/T/playwright-java-4336040391069677089/package/lib/server/frames.js:1399:23)
    at Frame.textContent (/private/var/folders/m8/d_ml1jqs5rdf6m9md2pykmkh0000gn/T/playwright-java-4336040391069677089/package/lib/server/frames.js:1056:17)
    at FrameDispatcher.textContent (/private/var/folders/m8/d_ml1jqs5rdf6m9md2pykmkh0000gn/T/playwright-java-4336040391069677089/package/lib/server/dispatchers/frameDispatcher.js:179:37)
    at FrameDispatcher._handleCommand (/private/var/folders/m8/d_ml1jqs5rdf6m9md2pykmkh0000gn/T/playwright-java-4336040391069677089/package/lib/server/dispatchers/dispatcher.js:94:40)
    at DispatcherConnection.dispatch (/private/var/folders/m8/d_ml1jqs5rdf6m9md2pykmkh0000gn/T/playwright-java-4336040391069677089/package/lib/server/dispatchers/dispatcher.js:362:39)
}
Call log:
- waiting for locator(".alert")

	at com.microsoft.playwright.impl.WaitableResult.get(WaitableResult.java:52)
	at com.microsoft.playwright.impl.ChannelOwner.runUntil(ChannelOwner.java:120)
	at com.microsoft.playwright.impl.Connection.sendMessage(Connection.java:129)
	at com.microsoft.playwright.impl.ChannelOwner.sendMessage(ChannelOwner.java:106)
	at com.microsoft.playwright.impl.FrameImpl.textContentImpl(FrameImpl.java:818)
	at com.microsoft.playwright.impl.FrameImpl.lambda$textContent$38(FrameImpl.java:809)
	at com.microsoft.playwright.impl.LoggingSupport.withLogging(LoggingSupport.java:47)
	at com.microsoft.playwright.impl.ChannelOwner.withLogging(ChannelOwner.java:89)
	at com.microsoft.playwright.impl.FrameImpl.textContent(FrameImpl.java:809)
	at com.microsoft.playwright.impl.LocatorImpl.textContent(LocatorImpl.java:566)
	at com.microsoft.playwright.Locator.textContent(Locator.java:5090)
	at com.test.roku.utils.AssertionUtils.assertEquals(AssertionUtils.java:15)
	at com.test.roku.steps.ContactUsPageAssertions.assertErrorDisplayedForInvalidFormat(ContactUsPageAssertions.java:168)
	at com.test.roku.steps.ContactUsSteps.userShouldBeDisplayedInvalidFormatErrorMessage(ContactUsSteps.java:141)
	at ✽.User should be displayed invalid "Name" format error message(file:///Users/sanju/Desktop/PlaywightJavaWorkSpace/PlayWrightJavaAutomation/src/test/java/features/contactUs.feature:60)
Caused by: com.microsoft.playwright.TimeoutError: Error {
  message='Timeout 30000ms exceeded.
  name='TimeoutError
  stack='TimeoutError: Timeout 30000ms exceeded.
    at ProgressController.run (/private/var/folders/m8/d_ml1jqs5rdf6m9md2pykmkh0000gn/T/playwright-java-4336040391069677089/package/lib/server/progress.js:87:26)
    at Frame._callOnElementOnceMatches (/private/var/folders/m8/d_ml1jqs5rdf6m9md2pykmkh0000gn/T/playwright-java-4336040391069677089/package/lib/server/frames.js:1399:23)
    at Frame.textContent (/private/var/folders/m8/d_ml1jqs5rdf6m9md2pykmkh0000gn/T/playwright-java-4336040391069677089/package/lib/server/frames.js:1056:17)
    at FrameDispatcher.textContent (/private/var/folders/m8/d_ml1jqs5rdf6m9md2pykmkh0000gn/T/playwright-java-4336040391069677089/package/lib/server/dispatchers/frameDispatcher.js:179:37)
    at FrameDispatcher._handleCommand (/private/var/folders/m8/d_ml1jqs5rdf6m9md2pykmkh0000gn/T/playwright-java-4336040391069677089/package/lib/server/dispatchers/dispatcher.js:94:40)
    at DispatcherConnection.dispatch (/private/var/folders/m8/d_ml1jqs5rdf6m9md2pykmkh0000gn/T/playwright-java-4336040391069677089/package/lib/server/dispatchers/dispatcher.js:362:39)
}
Call log:
- waiting for locator(".alert")

	at com.microsoft.playwright.impl.Connection.dispatch(Connection.java:254)
	at com.microsoft.playwright.impl.Connection.processOneMessage(Connection.java:209)
	at com.microsoft.playwright.impl.ChannelOwner.runUntil(ChannelOwner.java:118)
	at com.microsoft.playwright.impl.Connection.sendMessage(Connection.java:129)
	at com.microsoft.playwright.impl.ChannelOwner.sendMessage(ChannelOwner.java:106)
	at com.microsoft.playwright.impl.FrameImpl.textContentImpl(FrameImpl.java:818)
	at com.microsoft.playwright.impl.FrameImpl.lambda$textContent$38(FrameImpl.java:809)
	at com.microsoft.playwright.impl.LoggingSupport.withLogging(LoggingSupport.java:47)
	at com.microsoft.playwright.impl.ChannelOwner.withLogging(ChannelOwner.java:89)
	at com.microsoft.playwright.impl.FrameImpl.textContent(FrameImpl.java:809)
	at com.microsoft.playwright.impl.LocatorImpl.textContent(LocatorImpl.java:566)
	at com.microsoft.playwright.Locator.textContent(Locator.java:5090)
	at com.test.roku.utils.AssertionUtils.assertEquals(AssertionUtils.java:15)
	at com.test.roku.steps.ContactUsPageAssertions.assertErrorDisplayedForInvalidFormat(ContactUsPageAssertions.java:168)
	at com.test.roku.steps.ContactUsSteps.userShouldBeDisplayedInvalidFormatErrorMessage(ContactUsSteps.java:141)
	at java.base/jdk.internal.reflect.DirectMethodHandleAccessor.invoke(DirectMethodHandleAccessor.java:103)
	at java.base/java.lang.reflect.Method.invoke(Method.java:580)
	at io.cucumber.java.Invoker.doInvoke(Invoker.java:66)
	at io.cucumber.java.Invoker.invoke(Invoker.java:24)
	at io.cucumber.java.AbstractGlueDefinition.invokeMethod(AbstractGlueDefinition.java:47)
	at io.cucumber.java.JavaStepDefinition.execute(JavaStepDefinition.java:29)
	at io.cucumber.core.runner.CoreStepDefinition.execute(CoreStepDefinition.java:66)
	at io.cucumber.core.runner.PickleStepDefinitionMatch.runStep(PickleStepDefinitionMatch.java:63)
	at io.cucumber.core.runner.ExecutionMode$1.execute(ExecutionMode.java:10)
	at io.cucumber.core.runner.TestStep.executeStep(TestStep.java:86)
	at io.cucumber.core.runner.TestStep.run(TestStep.java:57)
	at io.cucumber.core.runner.PickleStepTestStep.run(PickleStepTestStep.java:51)
	at io.cucumber.core.runner.TestCase.run(TestCase.java:95)
	at io.cucumber.core.runner.Runner.runPickle(Runner.java:75)
	at io.cucumber.testng.TestNGCucumberRunner.lambda$runScenario$1(TestNGCucumberRunner.java:132)
	at io.cucumber.core.runtime.CucumberExecutionContext.lambda$runTestCase$3(CucumberExecutionContext.java:151)
	at io.cucumber.core.runtime.RethrowingThrowableCollector.executeAndThrow(RethrowingThrowableCollector.java:23)
	at io.cucumber.core.runtime.CucumberExecutionContext.runTestCase(CucumberExecutionContext.java:151)
	at io.cucumber.testng.TestNGCucumberRunner.runScenario(TestNGCucumberRunner.java:129)
	at io.cucumber.testng.AbstractTestNGCucumberTests.runScenario(AbstractTestNGCucumberTests.java:35)
	at java.base/jdk.internal.reflect.DirectMethodHandleAccessor.invoke(DirectMethodHandleAccessor.java:103)
	at java.base/java.lang.reflect.Method.invoke(Method.java:580)
	at org.testng.internal.invokers.MethodInvocationHelper.invokeMethod(MethodInvocationHelper.java:139)
	at org.testng.internal.invokers.TestInvoker.invokeMethod(TestInvoker.java:664)
	at org.testng.internal.invokers.TestInvoker.invokeTestMethod(TestInvoker.java:228)
	at org.testng.internal.invokers.MethodRunner.runInSequence(MethodRunner.java:63)
	at org.testng.internal.invokers.TestInvoker$MethodInvocationAgent.invoke(TestInvoker.java:961)
	at org.testng.internal.invokers.TestInvoker.invokeTestMethods(TestInvoker.java:201)
	at org.testng.internal.invokers.TestMethodWorker.invokeTestMethods(TestMethodWorker.java:148)
	at org.testng.internal.invokers.TestMethodWorker.run(TestMethodWorker.java:128)
	at java.base/java.util.ArrayList.forEach(ArrayList.java:1596)
	at org.testng.TestRunner.privateRun(TestRunner.java:819)
	at org.testng.TestRunner.run(TestRunner.java:619)
	at org.testng.SuiteRunner.runTest(SuiteRunner.java:443)
	at org.testng.SuiteRunner.runSequentially(SuiteRunner.java:437)
	at org.testng.SuiteRunner.privateRun(SuiteRunner.java:397)
	at org.testng.SuiteRunner.run(SuiteRunner.java:336)
	at org.testng.SuiteRunnerWorker.runSuite(SuiteRunnerWorker.java:52)
	at org.testng.SuiteRunnerWorker.run(SuiteRunnerWorker.java:95)
	at org.testng.TestNG.runSuitesSequentially(TestNG.java:1301)
	at org.testng.TestNG.runSuitesLocally(TestNG.java:1228)
	at org.testng.TestNG.runSuites(TestNG.java:1134)
	at org.testng.TestNG.run(TestNG.java:1101)
	at org.apache.maven.surefire.testng.TestNGExecutor.run(TestNGExecutor.java:155)
	at org.apache.maven.surefire.testng.TestNGDirectoryTestSuite.executeSingleClass(TestNGDirectoryTestSuite.java:102)
	at org.apache.maven.surefire.testng.TestNGDirectoryTestSuite.execute(TestNGDirectoryTestSuite.java:91)
	at org.apache.maven.surefire.testng.TestNGProvider.invoke(TestNGProvider.java:137)
	at org.apache.maven.surefire.booter.ForkedBooter.runSuitesInProcess(ForkedBooter.java:385)
	at org.apache.maven.surefire.booter.ForkedBooter.execute(ForkedBooter.java:162)
	at org.apache.maven.surefire.booter.ForkedBooter.run(ForkedBooter.java:507)
	at org.apache.maven.surefire.booter.ForkedBooter.main(ForkedBooter.java:495)
]]></failure>
    <system-out><![CDATA[
@Regression @ContactUs
Scenario Outline: Verify user should not be able to submit invalid Name : "@£$%^&*($%^&" &amp#27;[90m# src/test/java/features/contactUs.feature:64&amp#27;[0m
WEBELEMENTS INITIALISED!!!!
  &amp#27;[32mGiven &amp#27;[0m&amp#27;[32mUser is on the contact us page of the application and scrolled down&amp#27;[0m              &amp#27;[90m# com.test.roku.steps.ContactUsSteps.userIsOnTheContactUsPageOfTheApplicationAndScrolledDown()&amp#27;[0m

    Embedding image [image/png 79519 bytes]

  &amp#27;[32mWhen &amp#27;[0m&amp#27;[32mUser enters &amp#27;[0m&amp#27;[32m&amp#27;[1m"@£$%^&*($%^&"&amp#27;[0m&amp#27;[32m in the name field&amp#27;[0m                                      &amp#27;[90m# com.test.roku.steps.ContactUsSteps.userEntersInvalidNameInTheNameField(java.lang.String)&amp#27;[0m

    Embedding image [image/png 48801 bytes]

  &amp#27;[32mAnd &amp#27;[0m&amp#27;[32mClick on submit button&amp#27;[0m                                                             &amp#27;[90m# com.test.roku.steps.ContactUsSteps.clickOnSubmitButton()&amp#27;[0m

    Embedding image [image/png 48937 bytes]

  &amp#27;[31mThen &amp#27;[0m&amp#27;[31mUser should be displayed invalid &amp#27;[0m&amp#27;[31m&amp#27;[1m"Name"&amp#27;[0m&amp#27;[31m format error message&amp#27;[0m                      &amp#27;[90m# com.test.roku.steps.ContactUsSteps.userShouldBeDisplayedInvalidFormatErrorMessage(java.lang.String)&amp#27;[0m
      &amp#27;[31mcom.microsoft.playwright.TimeoutError: Error {
  message='Timeout 30000ms exceeded.
  name='TimeoutError
  stack='TimeoutError: Timeout 30000ms exceeded.
    at ProgressController.run (/private/var/folders/m8/d_ml1jqs5rdf6m9md2pykmkh0000gn/T/playwright-java-4336040391069677089/package/lib/server/progress.js:87:26)
    at Frame._callOnElementOnceMatches (/private/var/folders/m8/d_ml1jqs5rdf6m9md2pykmkh0000gn/T/playwright-java-4336040391069677089/package/lib/server/frames.js:1399:23)
    at Frame.textContent (/private/var/folders/m8/d_ml1jqs5rdf6m9md2pykmkh0000gn/T/playwright-java-4336040391069677089/package/lib/server/frames.js:1056:17)
    at FrameDispatcher.textContent (/private/var/folders/m8/d_ml1jqs5rdf6m9md2pykmkh0000gn/T/playwright-java-4336040391069677089/package/lib/server/dispatchers/frameDispatcher.js:179:37)
    at FrameDispatcher._handleCommand (/private/var/folders/m8/d_ml1jqs5rdf6m9md2pykmkh0000gn/T/playwright-java-4336040391069677089/package/lib/server/dispatchers/dispatcher.js:94:40)
    at DispatcherConnection.dispatch (/private/var/folders/m8/d_ml1jqs5rdf6m9md2pykmkh0000gn/T/playwright-java-4336040391069677089/package/lib/server/dispatchers/dispatcher.js:362:39)
}
Call log:
- waiting for locator(".alert")

	at com.microsoft.playwright.impl.WaitableResult.get(WaitableResult.java:52)
	at com.microsoft.playwright.impl.ChannelOwner.runUntil(ChannelOwner.java:120)
	at com.microsoft.playwright.impl.Connection.sendMessage(Connection.java:129)
	at com.microsoft.playwright.impl.ChannelOwner.sendMessage(ChannelOwner.java:106)
	at com.microsoft.playwright.impl.FrameImpl.textContentImpl(FrameImpl.java:818)
	at com.microsoft.playwright.impl.FrameImpl.lambda$textContent$38(FrameImpl.java:809)
	at com.microsoft.playwright.impl.LoggingSupport.withLogging(LoggingSupport.java:47)
	at com.microsoft.playwright.impl.ChannelOwner.withLogging(ChannelOwner.java:89)
	at com.microsoft.playwright.impl.FrameImpl.textContent(FrameImpl.java:809)
	at com.microsoft.playwright.impl.LocatorImpl.textContent(LocatorImpl.java:566)
	at com.microsoft.playwright.Locator.textContent(Locator.java:5090)
	at com.test.roku.utils.AssertionUtils.assertEquals(AssertionUtils.java:15)
	at com.test.roku.steps.ContactUsPageAssertions.assertErrorDisplayedForInvalidFormat(ContactUsPageAssertions.java:168)
	at com.test.roku.steps.ContactUsSteps.userShouldBeDisplayedInvalidFormatErrorMessage(ContactUsSteps.java:141)
	at ✽.User should be displayed invalid "Name" format error message(file:///Users/sanju/Desktop/PlaywightJavaWorkSpace/PlayWrightJavaAutomation/src/test/java/features/contactUs.feature:60)
Caused by: com.microsoft.playwright.TimeoutError: Error {
  message='Timeout 30000ms exceeded.
  name='TimeoutError
  stack='TimeoutError: Timeout 30000ms exceeded.
    at ProgressController.run (/private/var/folders/m8/d_ml1jqs5rdf6m9md2pykmkh0000gn/T/playwright-java-4336040391069677089/package/lib/server/progress.js:87:26)
    at Frame._callOnElementOnceMatches (/private/var/folders/m8/d_ml1jqs5rdf6m9md2pykmkh0000gn/T/playwright-java-4336040391069677089/package/lib/server/frames.js:1399:23)
    at Frame.textContent (/private/var/folders/m8/d_ml1jqs5rdf6m9md2pykmkh0000gn/T/playwright-java-4336040391069677089/package/lib/server/frames.js:1056:17)
    at FrameDispatcher.textContent (/private/var/folders/m8/d_ml1jqs5rdf6m9md2pykmkh0000gn/T/playwright-java-4336040391069677089/package/lib/server/dispatchers/frameDispatcher.js:179:37)
    at FrameDispatcher._handleCommand (/private/var/folders/m8/d_ml1jqs5rdf6m9md2pykmkh0000gn/T/playwright-java-4336040391069677089/package/lib/server/dispatchers/dispatcher.js:94:40)
    at DispatcherConnection.dispatch (/private/var/folders/m8/d_ml1jqs5rdf6m9md2pykmkh0000gn/T/playwright-java-4336040391069677089/package/lib/server/dispatchers/dispatcher.js:362:39)
}
Call log:
- waiting for locator(".alert")

	at com.microsoft.playwright.impl.Connection.dispatch(Connection.java:254)
	at com.microsoft.playwright.impl.Connection.processOneMessage(Connection.java:209)
	at com.microsoft.playwright.impl.ChannelOwner.runUntil(ChannelOwner.java:118)
	at com.microsoft.playwright.impl.Connection.sendMessage(Connection.java:129)
	at com.microsoft.playwright.impl.ChannelOwner.sendMessage(ChannelOwner.java:106)
	at com.microsoft.playwright.impl.FrameImpl.textContentImpl(FrameImpl.java:818)
	at com.microsoft.playwright.impl.FrameImpl.lambda$textContent$38(FrameImpl.java:809)
	at com.microsoft.playwright.impl.LoggingSupport.withLogging(LoggingSupport.java:47)
	at com.microsoft.playwright.impl.ChannelOwner.withLogging(ChannelOwner.java:89)
	at com.microsoft.playwright.impl.FrameImpl.textContent(FrameImpl.java:809)
	at com.microsoft.playwright.impl.LocatorImpl.textContent(LocatorImpl.java:566)
	at com.microsoft.playwright.Locator.textContent(Locator.java:5090)
	at com.test.roku.utils.AssertionUtils.assertEquals(AssertionUtils.java:15)
	at com.test.roku.steps.ContactUsPageAssertions.assertErrorDisplayedForInvalidFormat(ContactUsPageAssertions.java:168)
	at com.test.roku.steps.ContactUsSteps.userShouldBeDisplayedInvalidFormatErrorMessage(ContactUsSteps.java:141)
	at java.base/jdk.internal.reflect.DirectMethodHandleAccessor.invoke(DirectMethodHandleAccessor.java:103)
	at java.base/java.lang.reflect.Method.invoke(Method.java:580)
	at io.cucumber.java.Invoker.doInvoke(Invoker.java:66)
	at io.cucumber.java.Invoker.invoke(Invoker.java:24)
	at io.cucumber.java.AbstractGlueDefinition.invokeMethod(AbstractGlueDefinition.java:47)
	at io.cucumber.java.JavaStepDefinition.execute(JavaStepDefinition.java:29)
	at io.cucumber.core.runner.CoreStepDefinition.execute(CoreStepDefinition.java:66)
	at io.cucumber.core.runner.PickleStepDefinitionMatch.runStep(PickleStepDefinitionMatch.java:63)
	at io.cucumber.core.runner.ExecutionMode$1.execute(ExecutionMode.java:10)
	at io.cucumber.core.runner.TestStep.executeStep(TestStep.java:86)
	at io.cucumber.core.runner.TestStep.run(TestStep.java:57)
	at io.cucumber.core.runner.PickleStepTestStep.run(PickleStepTestStep.java:51)
	at io.cucumber.core.runner.TestCase.run(TestCase.java:95)
	at io.cucumber.core.runner.Runner.runPickle(Runner.java:75)
	at io.cucumber.testng.TestNGCucumberRunner.lambda$runScenario$1(TestNGCucumberRunner.java:132)
	at io.cucumber.core.runtime.CucumberExecutionContext.lambda$runTestCase$3(CucumberExecutionContext.java:151)
	at io.cucumber.core.runtime.RethrowingThrowableCollector.executeAndThrow(RethrowingThrowableCollector.java:23)
	at io.cucumber.core.runtime.CucumberExecutionContext.runTestCase(CucumberExecutionContext.java:151)
	at io.cucumber.testng.TestNGCucumberRunner.runScenario(TestNGCucumberRunner.java:129)
	at io.cucumber.testng.AbstractTestNGCucumberTests.runScenario(AbstractTestNGCucumberTests.java:35)
	at java.base/jdk.internal.reflect.DirectMethodHandleAccessor.invoke(DirectMethodHandleAccessor.java:103)
	at java.base/java.lang.reflect.Method.invoke(Method.java:580)
	at org.testng.internal.invokers.MethodInvocationHelper.invokeMethod(MethodInvocationHelper.java:139)
	at org.testng.internal.invokers.TestInvoker.invokeMethod(TestInvoker.java:664)
	at org.testng.internal.invokers.TestInvoker.invokeTestMethod(TestInvoker.java:228)
	at org.testng.internal.invokers.MethodRunner.runInSequence(MethodRunner.java:63)
	at org.testng.internal.invokers.TestInvoker$MethodInvocationAgent.invoke(TestInvoker.java:961)
	at org.testng.internal.invokers.TestInvoker.invokeTestMethods(TestInvoker.java:201)
	at org.testng.internal.invokers.TestMethodWorker.invokeTestMethods(TestMethodWorker.java:148)
	at org.testng.internal.invokers.TestMethodWorker.run(TestMethodWorker.java:128)
	at java.base/java.util.ArrayList.forEach(ArrayList.java:1596)
	at org.testng.TestRunner.privateRun(TestRunner.java:819)
	at org.testng.TestRunner.run(TestRunner.java:619)
	at org.testng.SuiteRunner.runTest(SuiteRunner.java:443)
	at org.testng.SuiteRunner.runSequentially(SuiteRunner.java:437)
	at org.testng.SuiteRunner.privateRun(SuiteRunner.java:397)
	at org.testng.SuiteRunner.run(SuiteRunner.java:336)
	at org.testng.SuiteRunnerWorker.runSuite(SuiteRunnerWorker.java:52)
	at org.testng.SuiteRunnerWorker.run(SuiteRunnerWorker.java:95)
	at org.testng.TestNG.runSuitesSequentially(TestNG.java:1301)
	at org.testng.TestNG.runSuitesLocally(TestNG.java:1228)
	at org.testng.TestNG.runSuites(TestNG.java:1134)
	at org.testng.TestNG.run(TestNG.java:1101)
	at org.apache.maven.surefire.testng.TestNGExecutor.run(TestNGExecutor.java:155)
	at org.apache.maven.surefire.testng.TestNGDirectoryTestSuite.executeSingleClass(TestNGDirectoryTestSuite.java:102)
	at org.apache.maven.surefire.testng.TestNGDirectoryTestSuite.execute(TestNGDirectoryTestSuite.java:91)
	at org.apache.maven.surefire.testng.TestNGProvider.invoke(TestNGProvider.java:137)
	at org.apache.maven.surefire.booter.ForkedBooter.runSuitesInProcess(ForkedBooter.java:385)
	at org.apache.maven.surefire.booter.ForkedBooter.execute(ForkedBooter.java:162)
	at org.apache.maven.surefire.booter.ForkedBooter.run(ForkedBooter.java:507)
	at org.apache.maven.surefire.booter.ForkedBooter.main(ForkedBooter.java:495)
&amp#27;[0m

    Embedding image [image/png 47998 bytes]

]]></system-out>
  </testcase>
  <testcase name="runScenario[&quot;Verify user should not be able to submit invalid Name : &quot;123456789&quot;&quot;, &quot;User should be able to submit contact us request&quot;](13)" classname="runner.TestRunner" time="31.85">
    <failure message="Error {&#10;  message=&apos;Timeout 30000ms exceeded.&#10;  name=&apos;TimeoutError&#10;  stack=&apos;TimeoutError: Timeout 30000ms exceeded.&#10;    at ProgressController.run (/private/var/folders/m8/d_ml1jqs5rdf6m9md2pykmkh0000gn/T/playwright-java-4336040391069677089/package/lib/server/progress.js:87:26)&#10;    at Frame._callOnElementOnceMatches (/private/var/folders/m8/d_ml1jqs5rdf6m9md2pykmkh0000gn/T/playwright-java-4336040391069677089/package/lib/server/frames.js:1399:23)&#10;    at Frame.textContent (/private/var/folders/m8/d_ml1jqs5rdf6m9md2pykmkh0000gn/T/playwright-java-4336040391069677089/package/lib/server/frames.js:1056:17)&#10;    at FrameDispatcher.textContent (/private/var/folders/m8/d_ml1jqs5rdf6m9md2pykmkh0000gn/T/playwright-java-4336040391069677089/package/lib/server/dispatchers/frameDispatcher.js:179:37)&#10;    at FrameDispatcher._handleCommand (/private/var/folders/m8/d_ml1jqs5rdf6m9md2pykmkh0000gn/T/playwright-java-4336040391069677089/package/lib/server/dispatchers/dispatcher.js:94:40)&#10;    at DispatcherConnection.dispatch (/private/var/folders/m8/d_ml1jqs5rdf6m9md2pykmkh0000gn/T/playwright-java-4336040391069677089/package/lib/server/dispatchers/dispatcher.js:362:39)&#10;}&#10;Call log:&#10;- waiting for locator(&quot;.alert&quot;)&#10;" type="com.microsoft.playwright.TimeoutError"><![CDATA[com.microsoft.playwright.TimeoutError: 
Error {
  message='Timeout 30000ms exceeded.
  name='TimeoutError
  stack='TimeoutError: Timeout 30000ms exceeded.
    at ProgressController.run (/private/var/folders/m8/d_ml1jqs5rdf6m9md2pykmkh0000gn/T/playwright-java-4336040391069677089/package/lib/server/progress.js:87:26)
    at Frame._callOnElementOnceMatches (/private/var/folders/m8/d_ml1jqs5rdf6m9md2pykmkh0000gn/T/playwright-java-4336040391069677089/package/lib/server/frames.js:1399:23)
    at Frame.textContent (/private/var/folders/m8/d_ml1jqs5rdf6m9md2pykmkh0000gn/T/playwright-java-4336040391069677089/package/lib/server/frames.js:1056:17)
    at FrameDispatcher.textContent (/private/var/folders/m8/d_ml1jqs5rdf6m9md2pykmkh0000gn/T/playwright-java-4336040391069677089/package/lib/server/dispatchers/frameDispatcher.js:179:37)
    at FrameDispatcher._handleCommand (/private/var/folders/m8/d_ml1jqs5rdf6m9md2pykmkh0000gn/T/playwright-java-4336040391069677089/package/lib/server/dispatchers/dispatcher.js:94:40)
    at DispatcherConnection.dispatch (/private/var/folders/m8/d_ml1jqs5rdf6m9md2pykmkh0000gn/T/playwright-java-4336040391069677089/package/lib/server/dispatchers/dispatcher.js:362:39)
}
Call log:
- waiting for locator(".alert")

	at com.microsoft.playwright.impl.WaitableResult.get(WaitableResult.java:52)
	at com.microsoft.playwright.impl.ChannelOwner.runUntil(ChannelOwner.java:120)
	at com.microsoft.playwright.impl.Connection.sendMessage(Connection.java:129)
	at com.microsoft.playwright.impl.ChannelOwner.sendMessage(ChannelOwner.java:106)
	at com.microsoft.playwright.impl.FrameImpl.textContentImpl(FrameImpl.java:818)
	at com.microsoft.playwright.impl.FrameImpl.lambda$textContent$38(FrameImpl.java:809)
	at com.microsoft.playwright.impl.LoggingSupport.withLogging(LoggingSupport.java:47)
	at com.microsoft.playwright.impl.ChannelOwner.withLogging(ChannelOwner.java:89)
	at com.microsoft.playwright.impl.FrameImpl.textContent(FrameImpl.java:809)
	at com.microsoft.playwright.impl.LocatorImpl.textContent(LocatorImpl.java:566)
	at com.microsoft.playwright.Locator.textContent(Locator.java:5090)
	at com.test.roku.utils.AssertionUtils.assertEquals(AssertionUtils.java:15)
	at com.test.roku.steps.ContactUsPageAssertions.assertErrorDisplayedForInvalidFormat(ContactUsPageAssertions.java:168)
	at com.test.roku.steps.ContactUsSteps.userShouldBeDisplayedInvalidFormatErrorMessage(ContactUsSteps.java:141)
	at ✽.User should be displayed invalid "Name" format error message(file:///Users/sanju/Desktop/PlaywightJavaWorkSpace/PlayWrightJavaAutomation/src/test/java/features/contactUs.feature:60)
Caused by: com.microsoft.playwright.TimeoutError: Error {
  message='Timeout 30000ms exceeded.
  name='TimeoutError
  stack='TimeoutError: Timeout 30000ms exceeded.
    at ProgressController.run (/private/var/folders/m8/d_ml1jqs5rdf6m9md2pykmkh0000gn/T/playwright-java-4336040391069677089/package/lib/server/progress.js:87:26)
    at Frame._callOnElementOnceMatches (/private/var/folders/m8/d_ml1jqs5rdf6m9md2pykmkh0000gn/T/playwright-java-4336040391069677089/package/lib/server/frames.js:1399:23)
    at Frame.textContent (/private/var/folders/m8/d_ml1jqs5rdf6m9md2pykmkh0000gn/T/playwright-java-4336040391069677089/package/lib/server/frames.js:1056:17)
    at FrameDispatcher.textContent (/private/var/folders/m8/d_ml1jqs5rdf6m9md2pykmkh0000gn/T/playwright-java-4336040391069677089/package/lib/server/dispatchers/frameDispatcher.js:179:37)
    at FrameDispatcher._handleCommand (/private/var/folders/m8/d_ml1jqs5rdf6m9md2pykmkh0000gn/T/playwright-java-4336040391069677089/package/lib/server/dispatchers/dispatcher.js:94:40)
    at DispatcherConnection.dispatch (/private/var/folders/m8/d_ml1jqs5rdf6m9md2pykmkh0000gn/T/playwright-java-4336040391069677089/package/lib/server/dispatchers/dispatcher.js:362:39)
}
Call log:
- waiting for locator(".alert")

	at com.microsoft.playwright.impl.Connection.dispatch(Connection.java:254)
	at com.microsoft.playwright.impl.Connection.processOneMessage(Connection.java:209)
	at com.microsoft.playwright.impl.ChannelOwner.runUntil(ChannelOwner.java:118)
	at com.microsoft.playwright.impl.Connection.sendMessage(Connection.java:129)
	at com.microsoft.playwright.impl.ChannelOwner.sendMessage(ChannelOwner.java:106)
	at com.microsoft.playwright.impl.FrameImpl.textContentImpl(FrameImpl.java:818)
	at com.microsoft.playwright.impl.FrameImpl.lambda$textContent$38(FrameImpl.java:809)
	at com.microsoft.playwright.impl.LoggingSupport.withLogging(LoggingSupport.java:47)
	at com.microsoft.playwright.impl.ChannelOwner.withLogging(ChannelOwner.java:89)
	at com.microsoft.playwright.impl.FrameImpl.textContent(FrameImpl.java:809)
	at com.microsoft.playwright.impl.LocatorImpl.textContent(LocatorImpl.java:566)
	at com.microsoft.playwright.Locator.textContent(Locator.java:5090)
	at com.test.roku.utils.AssertionUtils.assertEquals(AssertionUtils.java:15)
	at com.test.roku.steps.ContactUsPageAssertions.assertErrorDisplayedForInvalidFormat(ContactUsPageAssertions.java:168)
	at com.test.roku.steps.ContactUsSteps.userShouldBeDisplayedInvalidFormatErrorMessage(ContactUsSteps.java:141)
	at java.base/jdk.internal.reflect.DirectMethodHandleAccessor.invoke(DirectMethodHandleAccessor.java:103)
	at java.base/java.lang.reflect.Method.invoke(Method.java:580)
	at io.cucumber.java.Invoker.doInvoke(Invoker.java:66)
	at io.cucumber.java.Invoker.invoke(Invoker.java:24)
	at io.cucumber.java.AbstractGlueDefinition.invokeMethod(AbstractGlueDefinition.java:47)
	at io.cucumber.java.JavaStepDefinition.execute(JavaStepDefinition.java:29)
	at io.cucumber.core.runner.CoreStepDefinition.execute(CoreStepDefinition.java:66)
	at io.cucumber.core.runner.PickleStepDefinitionMatch.runStep(PickleStepDefinitionMatch.java:63)
	at io.cucumber.core.runner.ExecutionMode$1.execute(ExecutionMode.java:10)
	at io.cucumber.core.runner.TestStep.executeStep(TestStep.java:86)
	at io.cucumber.core.runner.TestStep.run(TestStep.java:57)
	at io.cucumber.core.runner.PickleStepTestStep.run(PickleStepTestStep.java:51)
	at io.cucumber.core.runner.TestCase.run(TestCase.java:95)
	at io.cucumber.core.runner.Runner.runPickle(Runner.java:75)
	at io.cucumber.testng.TestNGCucumberRunner.lambda$runScenario$1(TestNGCucumberRunner.java:132)
	at io.cucumber.core.runtime.CucumberExecutionContext.lambda$runTestCase$3(CucumberExecutionContext.java:151)
	at io.cucumber.core.runtime.RethrowingThrowableCollector.executeAndThrow(RethrowingThrowableCollector.java:23)
	at io.cucumber.core.runtime.CucumberExecutionContext.runTestCase(CucumberExecutionContext.java:151)
	at io.cucumber.testng.TestNGCucumberRunner.runScenario(TestNGCucumberRunner.java:129)
	at io.cucumber.testng.AbstractTestNGCucumberTests.runScenario(AbstractTestNGCucumberTests.java:35)
	at java.base/jdk.internal.reflect.DirectMethodHandleAccessor.invoke(DirectMethodHandleAccessor.java:103)
	at java.base/java.lang.reflect.Method.invoke(Method.java:580)
	at org.testng.internal.invokers.MethodInvocationHelper.invokeMethod(MethodInvocationHelper.java:139)
	at org.testng.internal.invokers.TestInvoker.invokeMethod(TestInvoker.java:664)
	at org.testng.internal.invokers.TestInvoker.invokeTestMethod(TestInvoker.java:228)
	at org.testng.internal.invokers.MethodRunner.runInSequence(MethodRunner.java:63)
	at org.testng.internal.invokers.TestInvoker$MethodInvocationAgent.invoke(TestInvoker.java:961)
	at org.testng.internal.invokers.TestInvoker.invokeTestMethods(TestInvoker.java:201)
	at org.testng.internal.invokers.TestMethodWorker.invokeTestMethods(TestMethodWorker.java:148)
	at org.testng.internal.invokers.TestMethodWorker.run(TestMethodWorker.java:128)
	at java.base/java.util.ArrayList.forEach(ArrayList.java:1596)
	at org.testng.TestRunner.privateRun(TestRunner.java:819)
	at org.testng.TestRunner.run(TestRunner.java:619)
	at org.testng.SuiteRunner.runTest(SuiteRunner.java:443)
	at org.testng.SuiteRunner.runSequentially(SuiteRunner.java:437)
	at org.testng.SuiteRunner.privateRun(SuiteRunner.java:397)
	at org.testng.SuiteRunner.run(SuiteRunner.java:336)
	at org.testng.SuiteRunnerWorker.runSuite(SuiteRunnerWorker.java:52)
	at org.testng.SuiteRunnerWorker.run(SuiteRunnerWorker.java:95)
	at org.testng.TestNG.runSuitesSequentially(TestNG.java:1301)
	at org.testng.TestNG.runSuitesLocally(TestNG.java:1228)
	at org.testng.TestNG.runSuites(TestNG.java:1134)
	at org.testng.TestNG.run(TestNG.java:1101)
	at org.apache.maven.surefire.testng.TestNGExecutor.run(TestNGExecutor.java:155)
	at org.apache.maven.surefire.testng.TestNGDirectoryTestSuite.executeSingleClass(TestNGDirectoryTestSuite.java:102)
	at org.apache.maven.surefire.testng.TestNGDirectoryTestSuite.execute(TestNGDirectoryTestSuite.java:91)
	at org.apache.maven.surefire.testng.TestNGProvider.invoke(TestNGProvider.java:137)
	at org.apache.maven.surefire.booter.ForkedBooter.runSuitesInProcess(ForkedBooter.java:385)
	at org.apache.maven.surefire.booter.ForkedBooter.execute(ForkedBooter.java:162)
	at org.apache.maven.surefire.booter.ForkedBooter.run(ForkedBooter.java:507)
	at org.apache.maven.surefire.booter.ForkedBooter.main(ForkedBooter.java:495)
]]></failure>
    <system-out><![CDATA[
@Regression @ContactUs
Scenario Outline: Verify user should not be able to submit invalid Name : "123456789" &amp#27;[90m# src/test/java/features/contactUs.feature:65&amp#27;[0m
WEBELEMENTS INITIALISED!!!!
  &amp#27;[32mGiven &amp#27;[0m&amp#27;[32mUser is on the contact us page of the application and scrolled down&amp#27;[0m           &amp#27;[90m# com.test.roku.steps.ContactUsSteps.userIsOnTheContactUsPageOfTheApplicationAndScrolledDown()&amp#27;[0m

    Embedding image [image/png 79519 bytes]

  &amp#27;[32mWhen &amp#27;[0m&amp#27;[32mUser enters &amp#27;[0m&amp#27;[32m&amp#27;[1m"123456789"&amp#27;[0m&amp#27;[32m in the name field&amp#27;[0m                                      &amp#27;[90m# com.test.roku.steps.ContactUsSteps.userEntersInvalidNameInTheNameField(java.lang.String)&amp#27;[0m

    Embedding image [image/png 47258 bytes]

  &amp#27;[32mAnd &amp#27;[0m&amp#27;[32mClick on submit button&amp#27;[0m                                                          &amp#27;[90m# com.test.roku.steps.ContactUsSteps.clickOnSubmitButton()&amp#27;[0m

    Embedding image [image/png 47386 bytes]

  &amp#27;[31mThen &amp#27;[0m&amp#27;[31mUser should be displayed invalid &amp#27;[0m&amp#27;[31m&amp#27;[1m"Name"&amp#27;[0m&amp#27;[31m format error message&amp#27;[0m                   &amp#27;[90m# com.test.roku.steps.ContactUsSteps.userShouldBeDisplayedInvalidFormatErrorMessage(java.lang.String)&amp#27;[0m
      &amp#27;[31mcom.microsoft.playwright.TimeoutError: Error {
  message='Timeout 30000ms exceeded.
  name='TimeoutError
  stack='TimeoutError: Timeout 30000ms exceeded.
    at ProgressController.run (/private/var/folders/m8/d_ml1jqs5rdf6m9md2pykmkh0000gn/T/playwright-java-4336040391069677089/package/lib/server/progress.js:87:26)
    at Frame._callOnElementOnceMatches (/private/var/folders/m8/d_ml1jqs5rdf6m9md2pykmkh0000gn/T/playwright-java-4336040391069677089/package/lib/server/frames.js:1399:23)
    at Frame.textContent (/private/var/folders/m8/d_ml1jqs5rdf6m9md2pykmkh0000gn/T/playwright-java-4336040391069677089/package/lib/server/frames.js:1056:17)
    at FrameDispatcher.textContent (/private/var/folders/m8/d_ml1jqs5rdf6m9md2pykmkh0000gn/T/playwright-java-4336040391069677089/package/lib/server/dispatchers/frameDispatcher.js:179:37)
    at FrameDispatcher._handleCommand (/private/var/folders/m8/d_ml1jqs5rdf6m9md2pykmkh0000gn/T/playwright-java-4336040391069677089/package/lib/server/dispatchers/dispatcher.js:94:40)
    at DispatcherConnection.dispatch (/private/var/folders/m8/d_ml1jqs5rdf6m9md2pykmkh0000gn/T/playwright-java-4336040391069677089/package/lib/server/dispatchers/dispatcher.js:362:39)
}
Call log:
- waiting for locator(".alert")

	at com.microsoft.playwright.impl.WaitableResult.get(WaitableResult.java:52)
	at com.microsoft.playwright.impl.ChannelOwner.runUntil(ChannelOwner.java:120)
	at com.microsoft.playwright.impl.Connection.sendMessage(Connection.java:129)
	at com.microsoft.playwright.impl.ChannelOwner.sendMessage(ChannelOwner.java:106)
	at com.microsoft.playwright.impl.FrameImpl.textContentImpl(FrameImpl.java:818)
	at com.microsoft.playwright.impl.FrameImpl.lambda$textContent$38(FrameImpl.java:809)
	at com.microsoft.playwright.impl.LoggingSupport.withLogging(LoggingSupport.java:47)
	at com.microsoft.playwright.impl.ChannelOwner.withLogging(ChannelOwner.java:89)
	at com.microsoft.playwright.impl.FrameImpl.textContent(FrameImpl.java:809)
	at com.microsoft.playwright.impl.LocatorImpl.textContent(LocatorImpl.java:566)
	at com.microsoft.playwright.Locator.textContent(Locator.java:5090)
	at com.test.roku.utils.AssertionUtils.assertEquals(AssertionUtils.java:15)
	at com.test.roku.steps.ContactUsPageAssertions.assertErrorDisplayedForInvalidFormat(ContactUsPageAssertions.java:168)
	at com.test.roku.steps.ContactUsSteps.userShouldBeDisplayedInvalidFormatErrorMessage(ContactUsSteps.java:141)
	at ✽.User should be displayed invalid "Name" format error message(file:///Users/sanju/Desktop/PlaywightJavaWorkSpace/PlayWrightJavaAutomation/src/test/java/features/contactUs.feature:60)
Caused by: com.microsoft.playwright.TimeoutError: Error {
  message='Timeout 30000ms exceeded.
  name='TimeoutError
  stack='TimeoutError: Timeout 30000ms exceeded.
    at ProgressController.run (/private/var/folders/m8/d_ml1jqs5rdf6m9md2pykmkh0000gn/T/playwright-java-4336040391069677089/package/lib/server/progress.js:87:26)
    at Frame._callOnElementOnceMatches (/private/var/folders/m8/d_ml1jqs5rdf6m9md2pykmkh0000gn/T/playwright-java-4336040391069677089/package/lib/server/frames.js:1399:23)
    at Frame.textContent (/private/var/folders/m8/d_ml1jqs5rdf6m9md2pykmkh0000gn/T/playwright-java-4336040391069677089/package/lib/server/frames.js:1056:17)
    at FrameDispatcher.textContent (/private/var/folders/m8/d_ml1jqs5rdf6m9md2pykmkh0000gn/T/playwright-java-4336040391069677089/package/lib/server/dispatchers/frameDispatcher.js:179:37)
    at FrameDispatcher._handleCommand (/private/var/folders/m8/d_ml1jqs5rdf6m9md2pykmkh0000gn/T/playwright-java-4336040391069677089/package/lib/server/dispatchers/dispatcher.js:94:40)
    at DispatcherConnection.dispatch (/private/var/folders/m8/d_ml1jqs5rdf6m9md2pykmkh0000gn/T/playwright-java-4336040391069677089/package/lib/server/dispatchers/dispatcher.js:362:39)
}
Call log:
- waiting for locator(".alert")

	at com.microsoft.playwright.impl.Connection.dispatch(Connection.java:254)
	at com.microsoft.playwright.impl.Connection.processOneMessage(Connection.java:209)
	at com.microsoft.playwright.impl.ChannelOwner.runUntil(ChannelOwner.java:118)
	at com.microsoft.playwright.impl.Connection.sendMessage(Connection.java:129)
	at com.microsoft.playwright.impl.ChannelOwner.sendMessage(ChannelOwner.java:106)
	at com.microsoft.playwright.impl.FrameImpl.textContentImpl(FrameImpl.java:818)
	at com.microsoft.playwright.impl.FrameImpl.lambda$textContent$38(FrameImpl.java:809)
	at com.microsoft.playwright.impl.LoggingSupport.withLogging(LoggingSupport.java:47)
	at com.microsoft.playwright.impl.ChannelOwner.withLogging(ChannelOwner.java:89)
	at com.microsoft.playwright.impl.FrameImpl.textContent(FrameImpl.java:809)
	at com.microsoft.playwright.impl.LocatorImpl.textContent(LocatorImpl.java:566)
	at com.microsoft.playwright.Locator.textContent(Locator.java:5090)
	at com.test.roku.utils.AssertionUtils.assertEquals(AssertionUtils.java:15)
	at com.test.roku.steps.ContactUsPageAssertions.assertErrorDisplayedForInvalidFormat(ContactUsPageAssertions.java:168)
	at com.test.roku.steps.ContactUsSteps.userShouldBeDisplayedInvalidFormatErrorMessage(ContactUsSteps.java:141)
	at java.base/jdk.internal.reflect.DirectMethodHandleAccessor.invoke(DirectMethodHandleAccessor.java:103)
	at java.base/java.lang.reflect.Method.invoke(Method.java:580)
	at io.cucumber.java.Invoker.doInvoke(Invoker.java:66)
	at io.cucumber.java.Invoker.invoke(Invoker.java:24)
	at io.cucumber.java.AbstractGlueDefinition.invokeMethod(AbstractGlueDefinition.java:47)
	at io.cucumber.java.JavaStepDefinition.execute(JavaStepDefinition.java:29)
	at io.cucumber.core.runner.CoreStepDefinition.execute(CoreStepDefinition.java:66)
	at io.cucumber.core.runner.PickleStepDefinitionMatch.runStep(PickleStepDefinitionMatch.java:63)
	at io.cucumber.core.runner.ExecutionMode$1.execute(ExecutionMode.java:10)
	at io.cucumber.core.runner.TestStep.executeStep(TestStep.java:86)
	at io.cucumber.core.runner.TestStep.run(TestStep.java:57)
	at io.cucumber.core.runner.PickleStepTestStep.run(PickleStepTestStep.java:51)
	at io.cucumber.core.runner.TestCase.run(TestCase.java:95)
	at io.cucumber.core.runner.Runner.runPickle(Runner.java:75)
	at io.cucumber.testng.TestNGCucumberRunner.lambda$runScenario$1(TestNGCucumberRunner.java:132)
	at io.cucumber.core.runtime.CucumberExecutionContext.lambda$runTestCase$3(CucumberExecutionContext.java:151)
	at io.cucumber.core.runtime.RethrowingThrowableCollector.executeAndThrow(RethrowingThrowableCollector.java:23)
	at io.cucumber.core.runtime.CucumberExecutionContext.runTestCase(CucumberExecutionContext.java:151)
	at io.cucumber.testng.TestNGCucumberRunner.runScenario(TestNGCucumberRunner.java:129)
	at io.cucumber.testng.AbstractTestNGCucumberTests.runScenario(AbstractTestNGCucumberTests.java:35)
	at java.base/jdk.internal.reflect.DirectMethodHandleAccessor.invoke(DirectMethodHandleAccessor.java:103)
	at java.base/java.lang.reflect.Method.invoke(Method.java:580)
	at org.testng.internal.invokers.MethodInvocationHelper.invokeMethod(MethodInvocationHelper.java:139)
	at org.testng.internal.invokers.TestInvoker.invokeMethod(TestInvoker.java:664)
	at org.testng.internal.invokers.TestInvoker.invokeTestMethod(TestInvoker.java:228)
	at org.testng.internal.invokers.MethodRunner.runInSequence(MethodRunner.java:63)
	at org.testng.internal.invokers.TestInvoker$MethodInvocationAgent.invoke(TestInvoker.java:961)
	at org.testng.internal.invokers.TestInvoker.invokeTestMethods(TestInvoker.java:201)
	at org.testng.internal.invokers.TestMethodWorker.invokeTestMethods(TestMethodWorker.java:148)
	at org.testng.internal.invokers.TestMethodWorker.run(TestMethodWorker.java:128)
	at java.base/java.util.ArrayList.forEach(ArrayList.java:1596)
	at org.testng.TestRunner.privateRun(TestRunner.java:819)
	at org.testng.TestRunner.run(TestRunner.java:619)
	at org.testng.SuiteRunner.runTest(SuiteRunner.java:443)
	at org.testng.SuiteRunner.runSequentially(SuiteRunner.java:437)
	at org.testng.SuiteRunner.privateRun(SuiteRunner.java:397)
	at org.testng.SuiteRunner.run(SuiteRunner.java:336)
	at org.testng.SuiteRunnerWorker.runSuite(SuiteRunnerWorker.java:52)
	at org.testng.SuiteRunnerWorker.run(SuiteRunnerWorker.java:95)
	at org.testng.TestNG.runSuitesSequentially(TestNG.java:1301)
	at org.testng.TestNG.runSuitesLocally(TestNG.java:1228)
	at org.testng.TestNG.runSuites(TestNG.java:1134)
	at org.testng.TestNG.run(TestNG.java:1101)
	at org.apache.maven.surefire.testng.TestNGExecutor.run(TestNGExecutor.java:155)
	at org.apache.maven.surefire.testng.TestNGDirectoryTestSuite.executeSingleClass(TestNGDirectoryTestSuite.java:102)
	at org.apache.maven.surefire.testng.TestNGDirectoryTestSuite.execute(TestNGDirectoryTestSuite.java:91)
	at org.apache.maven.surefire.testng.TestNGProvider.invoke(TestNGProvider.java:137)
	at org.apache.maven.surefire.booter.ForkedBooter.runSuitesInProcess(ForkedBooter.java:385)
	at org.apache.maven.surefire.booter.ForkedBooter.execute(ForkedBooter.java:162)
	at org.apache.maven.surefire.booter.ForkedBooter.run(ForkedBooter.java:507)
	at org.apache.maven.surefire.booter.ForkedBooter.main(ForkedBooter.java:495)
&amp#27;[0m

    Embedding image [image/png 44812 bytes]

]]></system-out>
  </testcase>
  <testcase name="runScenario[&quot;Verify user should not be able to submit invalid Name : &quot;!3654£!_$£%!&quot;&quot;, &quot;User should be able to submit contact us request&quot;](14)" classname="runner.TestRunner" time="31.985">
    <failure message="Error {&#10;  message=&apos;Timeout 30000ms exceeded.&#10;  name=&apos;TimeoutError&#10;  stack=&apos;TimeoutError: Timeout 30000ms exceeded.&#10;    at ProgressController.run (/private/var/folders/m8/d_ml1jqs5rdf6m9md2pykmkh0000gn/T/playwright-java-4336040391069677089/package/lib/server/progress.js:87:26)&#10;    at Frame._callOnElementOnceMatches (/private/var/folders/m8/d_ml1jqs5rdf6m9md2pykmkh0000gn/T/playwright-java-4336040391069677089/package/lib/server/frames.js:1399:23)&#10;    at Frame.textContent (/private/var/folders/m8/d_ml1jqs5rdf6m9md2pykmkh0000gn/T/playwright-java-4336040391069677089/package/lib/server/frames.js:1056:17)&#10;    at FrameDispatcher.textContent (/private/var/folders/m8/d_ml1jqs5rdf6m9md2pykmkh0000gn/T/playwright-java-4336040391069677089/package/lib/server/dispatchers/frameDispatcher.js:179:37)&#10;    at FrameDispatcher._handleCommand (/private/var/folders/m8/d_ml1jqs5rdf6m9md2pykmkh0000gn/T/playwright-java-4336040391069677089/package/lib/server/dispatchers/dispatcher.js:94:40)&#10;    at DispatcherConnection.dispatch (/private/var/folders/m8/d_ml1jqs5rdf6m9md2pykmkh0000gn/T/playwright-java-4336040391069677089/package/lib/server/dispatchers/dispatcher.js:362:39)&#10;}&#10;Call log:&#10;- waiting for locator(&quot;.alert&quot;)&#10;" type="com.microsoft.playwright.TimeoutError"><![CDATA[com.microsoft.playwright.TimeoutError: 
Error {
  message='Timeout 30000ms exceeded.
  name='TimeoutError
  stack='TimeoutError: Timeout 30000ms exceeded.
    at ProgressController.run (/private/var/folders/m8/d_ml1jqs5rdf6m9md2pykmkh0000gn/T/playwright-java-4336040391069677089/package/lib/server/progress.js:87:26)
    at Frame._callOnElementOnceMatches (/private/var/folders/m8/d_ml1jqs5rdf6m9md2pykmkh0000gn/T/playwright-java-4336040391069677089/package/lib/server/frames.js:1399:23)
    at Frame.textContent (/private/var/folders/m8/d_ml1jqs5rdf6m9md2pykmkh0000gn/T/playwright-java-4336040391069677089/package/lib/server/frames.js:1056:17)
    at FrameDispatcher.textContent (/private/var/folders/m8/d_ml1jqs5rdf6m9md2pykmkh0000gn/T/playwright-java-4336040391069677089/package/lib/server/dispatchers/frameDispatcher.js:179:37)
    at FrameDispatcher._handleCommand (/private/var/folders/m8/d_ml1jqs5rdf6m9md2pykmkh0000gn/T/playwright-java-4336040391069677089/package/lib/server/dispatchers/dispatcher.js:94:40)
    at DispatcherConnection.dispatch (/private/var/folders/m8/d_ml1jqs5rdf6m9md2pykmkh0000gn/T/playwright-java-4336040391069677089/package/lib/server/dispatchers/dispatcher.js:362:39)
}
Call log:
- waiting for locator(".alert")

	at com.microsoft.playwright.impl.WaitableResult.get(WaitableResult.java:52)
	at com.microsoft.playwright.impl.ChannelOwner.runUntil(ChannelOwner.java:120)
	at com.microsoft.playwright.impl.Connection.sendMessage(Connection.java:129)
	at com.microsoft.playwright.impl.ChannelOwner.sendMessage(ChannelOwner.java:106)
	at com.microsoft.playwright.impl.FrameImpl.textContentImpl(FrameImpl.java:818)
	at com.microsoft.playwright.impl.FrameImpl.lambda$textContent$38(FrameImpl.java:809)
	at com.microsoft.playwright.impl.LoggingSupport.withLogging(LoggingSupport.java:47)
	at com.microsoft.playwright.impl.ChannelOwner.withLogging(ChannelOwner.java:89)
	at com.microsoft.playwright.impl.FrameImpl.textContent(FrameImpl.java:809)
	at com.microsoft.playwright.impl.LocatorImpl.textContent(LocatorImpl.java:566)
	at com.microsoft.playwright.Locator.textContent(Locator.java:5090)
	at com.test.roku.utils.AssertionUtils.assertEquals(AssertionUtils.java:15)
	at com.test.roku.steps.ContactUsPageAssertions.assertErrorDisplayedForInvalidFormat(ContactUsPageAssertions.java:168)
	at com.test.roku.steps.ContactUsSteps.userShouldBeDisplayedInvalidFormatErrorMessage(ContactUsSteps.java:141)
	at ✽.User should be displayed invalid "Name" format error message(file:///Users/sanju/Desktop/PlaywightJavaWorkSpace/PlayWrightJavaAutomation/src/test/java/features/contactUs.feature:60)
Caused by: com.microsoft.playwright.TimeoutError: Error {
  message='Timeout 30000ms exceeded.
  name='TimeoutError
  stack='TimeoutError: Timeout 30000ms exceeded.
    at ProgressController.run (/private/var/folders/m8/d_ml1jqs5rdf6m9md2pykmkh0000gn/T/playwright-java-4336040391069677089/package/lib/server/progress.js:87:26)
    at Frame._callOnElementOnceMatches (/private/var/folders/m8/d_ml1jqs5rdf6m9md2pykmkh0000gn/T/playwright-java-4336040391069677089/package/lib/server/frames.js:1399:23)
    at Frame.textContent (/private/var/folders/m8/d_ml1jqs5rdf6m9md2pykmkh0000gn/T/playwright-java-4336040391069677089/package/lib/server/frames.js:1056:17)
    at FrameDispatcher.textContent (/private/var/folders/m8/d_ml1jqs5rdf6m9md2pykmkh0000gn/T/playwright-java-4336040391069677089/package/lib/server/dispatchers/frameDispatcher.js:179:37)
    at FrameDispatcher._handleCommand (/private/var/folders/m8/d_ml1jqs5rdf6m9md2pykmkh0000gn/T/playwright-java-4336040391069677089/package/lib/server/dispatchers/dispatcher.js:94:40)
    at DispatcherConnection.dispatch (/private/var/folders/m8/d_ml1jqs5rdf6m9md2pykmkh0000gn/T/playwright-java-4336040391069677089/package/lib/server/dispatchers/dispatcher.js:362:39)
}
Call log:
- waiting for locator(".alert")

	at com.microsoft.playwright.impl.Connection.dispatch(Connection.java:254)
	at com.microsoft.playwright.impl.Connection.processOneMessage(Connection.java:209)
	at com.microsoft.playwright.impl.ChannelOwner.runUntil(ChannelOwner.java:118)
	at com.microsoft.playwright.impl.Connection.sendMessage(Connection.java:129)
	at com.microsoft.playwright.impl.ChannelOwner.sendMessage(ChannelOwner.java:106)
	at com.microsoft.playwright.impl.FrameImpl.textContentImpl(FrameImpl.java:818)
	at com.microsoft.playwright.impl.FrameImpl.lambda$textContent$38(FrameImpl.java:809)
	at com.microsoft.playwright.impl.LoggingSupport.withLogging(LoggingSupport.java:47)
	at com.microsoft.playwright.impl.ChannelOwner.withLogging(ChannelOwner.java:89)
	at com.microsoft.playwright.impl.FrameImpl.textContent(FrameImpl.java:809)
	at com.microsoft.playwright.impl.LocatorImpl.textContent(LocatorImpl.java:566)
	at com.microsoft.playwright.Locator.textContent(Locator.java:5090)
	at com.test.roku.utils.AssertionUtils.assertEquals(AssertionUtils.java:15)
	at com.test.roku.steps.ContactUsPageAssertions.assertErrorDisplayedForInvalidFormat(ContactUsPageAssertions.java:168)
	at com.test.roku.steps.ContactUsSteps.userShouldBeDisplayedInvalidFormatErrorMessage(ContactUsSteps.java:141)
	at java.base/jdk.internal.reflect.DirectMethodHandleAccessor.invoke(DirectMethodHandleAccessor.java:103)
	at java.base/java.lang.reflect.Method.invoke(Method.java:580)
	at io.cucumber.java.Invoker.doInvoke(Invoker.java:66)
	at io.cucumber.java.Invoker.invoke(Invoker.java:24)
	at io.cucumber.java.AbstractGlueDefinition.invokeMethod(AbstractGlueDefinition.java:47)
	at io.cucumber.java.JavaStepDefinition.execute(JavaStepDefinition.java:29)
	at io.cucumber.core.runner.CoreStepDefinition.execute(CoreStepDefinition.java:66)
	at io.cucumber.core.runner.PickleStepDefinitionMatch.runStep(PickleStepDefinitionMatch.java:63)
	at io.cucumber.core.runner.ExecutionMode$1.execute(ExecutionMode.java:10)
	at io.cucumber.core.runner.TestStep.executeStep(TestStep.java:86)
	at io.cucumber.core.runner.TestStep.run(TestStep.java:57)
	at io.cucumber.core.runner.PickleStepTestStep.run(PickleStepTestStep.java:51)
	at io.cucumber.core.runner.TestCase.run(TestCase.java:95)
	at io.cucumber.core.runner.Runner.runPickle(Runner.java:75)
	at io.cucumber.testng.TestNGCucumberRunner.lambda$runScenario$1(TestNGCucumberRunner.java:132)
	at io.cucumber.core.runtime.CucumberExecutionContext.lambda$runTestCase$3(CucumberExecutionContext.java:151)
	at io.cucumber.core.runtime.RethrowingThrowableCollector.executeAndThrow(RethrowingThrowableCollector.java:23)
	at io.cucumber.core.runtime.CucumberExecutionContext.runTestCase(CucumberExecutionContext.java:151)
	at io.cucumber.testng.TestNGCucumberRunner.runScenario(TestNGCucumberRunner.java:129)
	at io.cucumber.testng.AbstractTestNGCucumberTests.runScenario(AbstractTestNGCucumberTests.java:35)
	at java.base/jdk.internal.reflect.DirectMethodHandleAccessor.invoke(DirectMethodHandleAccessor.java:103)
	at java.base/java.lang.reflect.Method.invoke(Method.java:580)
	at org.testng.internal.invokers.MethodInvocationHelper.invokeMethod(MethodInvocationHelper.java:139)
	at org.testng.internal.invokers.TestInvoker.invokeMethod(TestInvoker.java:664)
	at org.testng.internal.invokers.TestInvoker.invokeTestMethod(TestInvoker.java:228)
	at org.testng.internal.invokers.MethodRunner.runInSequence(MethodRunner.java:63)
	at org.testng.internal.invokers.TestInvoker$MethodInvocationAgent.invoke(TestInvoker.java:961)
	at org.testng.internal.invokers.TestInvoker.invokeTestMethods(TestInvoker.java:201)
	at org.testng.internal.invokers.TestMethodWorker.invokeTestMethods(TestMethodWorker.java:148)
	at org.testng.internal.invokers.TestMethodWorker.run(TestMethodWorker.java:128)
	at java.base/java.util.ArrayList.forEach(ArrayList.java:1596)
	at org.testng.TestRunner.privateRun(TestRunner.java:819)
	at org.testng.TestRunner.run(TestRunner.java:619)
	at org.testng.SuiteRunner.runTest(SuiteRunner.java:443)
	at org.testng.SuiteRunner.runSequentially(SuiteRunner.java:437)
	at org.testng.SuiteRunner.privateRun(SuiteRunner.java:397)
	at org.testng.SuiteRunner.run(SuiteRunner.java:336)
	at org.testng.SuiteRunnerWorker.runSuite(SuiteRunnerWorker.java:52)
	at org.testng.SuiteRunnerWorker.run(SuiteRunnerWorker.java:95)
	at org.testng.TestNG.runSuitesSequentially(TestNG.java:1301)
	at org.testng.TestNG.runSuitesLocally(TestNG.java:1228)
	at org.testng.TestNG.runSuites(TestNG.java:1134)
	at org.testng.TestNG.run(TestNG.java:1101)
	at org.apache.maven.surefire.testng.TestNGExecutor.run(TestNGExecutor.java:155)
	at org.apache.maven.surefire.testng.TestNGDirectoryTestSuite.executeSingleClass(TestNGDirectoryTestSuite.java:102)
	at org.apache.maven.surefire.testng.TestNGDirectoryTestSuite.execute(TestNGDirectoryTestSuite.java:91)
	at org.apache.maven.surefire.testng.TestNGProvider.invoke(TestNGProvider.java:137)
	at org.apache.maven.surefire.booter.ForkedBooter.runSuitesInProcess(ForkedBooter.java:385)
	at org.apache.maven.surefire.booter.ForkedBooter.execute(ForkedBooter.java:162)
	at org.apache.maven.surefire.booter.ForkedBooter.run(ForkedBooter.java:507)
	at org.apache.maven.surefire.booter.ForkedBooter.main(ForkedBooter.java:495)
]]></failure>
    <system-out><![CDATA[
@Regression @ContactUs
Scenario Outline: Verify user should not be able to submit invalid Name : "!3654£!_$£%!" &amp#27;[90m# src/test/java/features/contactUs.feature:66&amp#27;[0m
WEBELEMENTS INITIALISED!!!!
  &amp#27;[32mGiven &amp#27;[0m&amp#27;[32mUser is on the contact us page of the application and scrolled down&amp#27;[0m              &amp#27;[90m# com.test.roku.steps.ContactUsSteps.userIsOnTheContactUsPageOfTheApplicationAndScrolledDown()&amp#27;[0m

    Embedding image [image/png 79519 bytes]

  &amp#27;[32mWhen &amp#27;[0m&amp#27;[32mUser enters &amp#27;[0m&amp#27;[32m&amp#27;[1m"!3654£!_$£%!"&amp#27;[0m&amp#27;[32m in the name field&amp#27;[0m                                      &amp#27;[90m# com.test.roku.steps.ContactUsSteps.userEntersInvalidNameInTheNameField(java.lang.String)&amp#27;[0m

    Embedding image [image/png 47698 bytes]

  &amp#27;[32mAnd &amp#27;[0m&amp#27;[32mClick on submit button&amp#27;[0m                                                             &amp#27;[90m# com.test.roku.steps.ContactUsSteps.clickOnSubmitButton()&amp#27;[0m

    Embedding image [image/png 47837 bytes]

  &amp#27;[31mThen &amp#27;[0m&amp#27;[31mUser should be displayed invalid &amp#27;[0m&amp#27;[31m&amp#27;[1m"Name"&amp#27;[0m&amp#27;[31m format error message&amp#27;[0m                      &amp#27;[90m# com.test.roku.steps.ContactUsSteps.userShouldBeDisplayedInvalidFormatErrorMessage(java.lang.String)&amp#27;[0m
      &amp#27;[31mcom.microsoft.playwright.TimeoutError: Error {
  message='Timeout 30000ms exceeded.
  name='TimeoutError
  stack='TimeoutError: Timeout 30000ms exceeded.
    at ProgressController.run (/private/var/folders/m8/d_ml1jqs5rdf6m9md2pykmkh0000gn/T/playwright-java-4336040391069677089/package/lib/server/progress.js:87:26)
    at Frame._callOnElementOnceMatches (/private/var/folders/m8/d_ml1jqs5rdf6m9md2pykmkh0000gn/T/playwright-java-4336040391069677089/package/lib/server/frames.js:1399:23)
    at Frame.textContent (/private/var/folders/m8/d_ml1jqs5rdf6m9md2pykmkh0000gn/T/playwright-java-4336040391069677089/package/lib/server/frames.js:1056:17)
    at FrameDispatcher.textContent (/private/var/folders/m8/d_ml1jqs5rdf6m9md2pykmkh0000gn/T/playwright-java-4336040391069677089/package/lib/server/dispatchers/frameDispatcher.js:179:37)
    at FrameDispatcher._handleCommand (/private/var/folders/m8/d_ml1jqs5rdf6m9md2pykmkh0000gn/T/playwright-java-4336040391069677089/package/lib/server/dispatchers/dispatcher.js:94:40)
    at DispatcherConnection.dispatch (/private/var/folders/m8/d_ml1jqs5rdf6m9md2pykmkh0000gn/T/playwright-java-4336040391069677089/package/lib/server/dispatchers/dispatcher.js:362:39)
}
Call log:
- waiting for locator(".alert")

	at com.microsoft.playwright.impl.WaitableResult.get(WaitableResult.java:52)
	at com.microsoft.playwright.impl.ChannelOwner.runUntil(ChannelOwner.java:120)
	at com.microsoft.playwright.impl.Connection.sendMessage(Connection.java:129)
	at com.microsoft.playwright.impl.ChannelOwner.sendMessage(ChannelOwner.java:106)
	at com.microsoft.playwright.impl.FrameImpl.textContentImpl(FrameImpl.java:818)
	at com.microsoft.playwright.impl.FrameImpl.lambda$textContent$38(FrameImpl.java:809)
	at com.microsoft.playwright.impl.LoggingSupport.withLogging(LoggingSupport.java:47)
	at com.microsoft.playwright.impl.ChannelOwner.withLogging(ChannelOwner.java:89)
	at com.microsoft.playwright.impl.FrameImpl.textContent(FrameImpl.java:809)
	at com.microsoft.playwright.impl.LocatorImpl.textContent(LocatorImpl.java:566)
	at com.microsoft.playwright.Locator.textContent(Locator.java:5090)
	at com.test.roku.utils.AssertionUtils.assertEquals(AssertionUtils.java:15)
	at com.test.roku.steps.ContactUsPageAssertions.assertErrorDisplayedForInvalidFormat(ContactUsPageAssertions.java:168)
	at com.test.roku.steps.ContactUsSteps.userShouldBeDisplayedInvalidFormatErrorMessage(ContactUsSteps.java:141)
	at ✽.User should be displayed invalid "Name" format error message(file:///Users/sanju/Desktop/PlaywightJavaWorkSpace/PlayWrightJavaAutomation/src/test/java/features/contactUs.feature:60)
Caused by: com.microsoft.playwright.TimeoutError: Error {
  message='Timeout 30000ms exceeded.
  name='TimeoutError
  stack='TimeoutError: Timeout 30000ms exceeded.
    at ProgressController.run (/private/var/folders/m8/d_ml1jqs5rdf6m9md2pykmkh0000gn/T/playwright-java-4336040391069677089/package/lib/server/progress.js:87:26)
    at Frame._callOnElementOnceMatches (/private/var/folders/m8/d_ml1jqs5rdf6m9md2pykmkh0000gn/T/playwright-java-4336040391069677089/package/lib/server/frames.js:1399:23)
    at Frame.textContent (/private/var/folders/m8/d_ml1jqs5rdf6m9md2pykmkh0000gn/T/playwright-java-4336040391069677089/package/lib/server/frames.js:1056:17)
    at FrameDispatcher.textContent (/private/var/folders/m8/d_ml1jqs5rdf6m9md2pykmkh0000gn/T/playwright-java-4336040391069677089/package/lib/server/dispatchers/frameDispatcher.js:179:37)
    at FrameDispatcher._handleCommand (/private/var/folders/m8/d_ml1jqs5rdf6m9md2pykmkh0000gn/T/playwright-java-4336040391069677089/package/lib/server/dispatchers/dispatcher.js:94:40)
    at DispatcherConnection.dispatch (/private/var/folders/m8/d_ml1jqs5rdf6m9md2pykmkh0000gn/T/playwright-java-4336040391069677089/package/lib/server/dispatchers/dispatcher.js:362:39)
}
Call log:
- waiting for locator(".alert")

	at com.microsoft.playwright.impl.Connection.dispatch(Connection.java:254)
	at com.microsoft.playwright.impl.Connection.processOneMessage(Connection.java:209)
	at com.microsoft.playwright.impl.ChannelOwner.runUntil(ChannelOwner.java:118)
	at com.microsoft.playwright.impl.Connection.sendMessage(Connection.java:129)
	at com.microsoft.playwright.impl.ChannelOwner.sendMessage(ChannelOwner.java:106)
	at com.microsoft.playwright.impl.FrameImpl.textContentImpl(FrameImpl.java:818)
	at com.microsoft.playwright.impl.FrameImpl.lambda$textContent$38(FrameImpl.java:809)
	at com.microsoft.playwright.impl.LoggingSupport.withLogging(LoggingSupport.java:47)
	at com.microsoft.playwright.impl.ChannelOwner.withLogging(ChannelOwner.java:89)
	at com.microsoft.playwright.impl.FrameImpl.textContent(FrameImpl.java:809)
	at com.microsoft.playwright.impl.LocatorImpl.textContent(LocatorImpl.java:566)
	at com.microsoft.playwright.Locator.textContent(Locator.java:5090)
	at com.test.roku.utils.AssertionUtils.assertEquals(AssertionUtils.java:15)
	at com.test.roku.steps.ContactUsPageAssertions.assertErrorDisplayedForInvalidFormat(ContactUsPageAssertions.java:168)
	at com.test.roku.steps.ContactUsSteps.userShouldBeDisplayedInvalidFormatErrorMessage(ContactUsSteps.java:141)
	at java.base/jdk.internal.reflect.DirectMethodHandleAccessor.invoke(DirectMethodHandleAccessor.java:103)
	at java.base/java.lang.reflect.Method.invoke(Method.java:580)
	at io.cucumber.java.Invoker.doInvoke(Invoker.java:66)
	at io.cucumber.java.Invoker.invoke(Invoker.java:24)
	at io.cucumber.java.AbstractGlueDefinition.invokeMethod(AbstractGlueDefinition.java:47)
	at io.cucumber.java.JavaStepDefinition.execute(JavaStepDefinition.java:29)
	at io.cucumber.core.runner.CoreStepDefinition.execute(CoreStepDefinition.java:66)
	at io.cucumber.core.runner.PickleStepDefinitionMatch.runStep(PickleStepDefinitionMatch.java:63)
	at io.cucumber.core.runner.ExecutionMode$1.execute(ExecutionMode.java:10)
	at io.cucumber.core.runner.TestStep.executeStep(TestStep.java:86)
	at io.cucumber.core.runner.TestStep.run(TestStep.java:57)
	at io.cucumber.core.runner.PickleStepTestStep.run(PickleStepTestStep.java:51)
	at io.cucumber.core.runner.TestCase.run(TestCase.java:95)
	at io.cucumber.core.runner.Runner.runPickle(Runner.java:75)
	at io.cucumber.testng.TestNGCucumberRunner.lambda$runScenario$1(TestNGCucumberRunner.java:132)
	at io.cucumber.core.runtime.CucumberExecutionContext.lambda$runTestCase$3(CucumberExecutionContext.java:151)
	at io.cucumber.core.runtime.RethrowingThrowableCollector.executeAndThrow(RethrowingThrowableCollector.java:23)
	at io.cucumber.core.runtime.CucumberExecutionContext.runTestCase(CucumberExecutionContext.java:151)
	at io.cucumber.testng.TestNGCucumberRunner.runScenario(TestNGCucumberRunner.java:129)
	at io.cucumber.testng.AbstractTestNGCucumberTests.runScenario(AbstractTestNGCucumberTests.java:35)
	at java.base/jdk.internal.reflect.DirectMethodHandleAccessor.invoke(DirectMethodHandleAccessor.java:103)
	at java.base/java.lang.reflect.Method.invoke(Method.java:580)
	at org.testng.internal.invokers.MethodInvocationHelper.invokeMethod(MethodInvocationHelper.java:139)
	at org.testng.internal.invokers.TestInvoker.invokeMethod(TestInvoker.java:664)
	at org.testng.internal.invokers.TestInvoker.invokeTestMethod(TestInvoker.java:228)
	at org.testng.internal.invokers.MethodRunner.runInSequence(MethodRunner.java:63)
	at org.testng.internal.invokers.TestInvoker$MethodInvocationAgent.invoke(TestInvoker.java:961)
	at org.testng.internal.invokers.TestInvoker.invokeTestMethods(TestInvoker.java:201)
	at org.testng.internal.invokers.TestMethodWorker.invokeTestMethods(TestMethodWorker.java:148)
	at org.testng.internal.invokers.TestMethodWorker.run(TestMethodWorker.java:128)
	at java.base/java.util.ArrayList.forEach(ArrayList.java:1596)
	at org.testng.TestRunner.privateRun(TestRunner.java:819)
	at org.testng.TestRunner.run(TestRunner.java:619)
	at org.testng.SuiteRunner.runTest(SuiteRunner.java:443)
	at org.testng.SuiteRunner.runSequentially(SuiteRunner.java:437)
	at org.testng.SuiteRunner.privateRun(SuiteRunner.java:397)
	at org.testng.SuiteRunner.run(SuiteRunner.java:336)
	at org.testng.SuiteRunnerWorker.runSuite(SuiteRunnerWorker.java:52)
	at org.testng.SuiteRunnerWorker.run(SuiteRunnerWorker.java:95)
	at org.testng.TestNG.runSuitesSequentially(TestNG.java:1301)
	at org.testng.TestNG.runSuitesLocally(TestNG.java:1228)
	at org.testng.TestNG.runSuites(TestNG.java:1134)
	at org.testng.TestNG.run(TestNG.java:1101)
	at org.apache.maven.surefire.testng.TestNGExecutor.run(TestNGExecutor.java:155)
	at org.apache.maven.surefire.testng.TestNGDirectoryTestSuite.executeSingleClass(TestNGDirectoryTestSuite.java:102)
	at org.apache.maven.surefire.testng.TestNGDirectoryTestSuite.execute(TestNGDirectoryTestSuite.java:91)
	at org.apache.maven.surefire.testng.TestNGProvider.invoke(TestNGProvider.java:137)
	at org.apache.maven.surefire.booter.ForkedBooter.runSuitesInProcess(ForkedBooter.java:385)
	at org.apache.maven.surefire.booter.ForkedBooter.execute(ForkedBooter.java:162)
	at org.apache.maven.surefire.booter.ForkedBooter.run(ForkedBooter.java:507)
	at org.apache.maven.surefire.booter.ForkedBooter.main(ForkedBooter.java:495)
&amp#27;[0m

    Embedding image [image/png 45376 bytes]

]]></system-out>
  </testcase>
  <testcase name="runScenario[&quot;Verify user should not be able to submit invalid Email : &quot;@missingUserName.com&quot;&quot;, &quot;User should be able to submit contact us request&quot;](15)" classname="runner.TestRunner" time="1.734">
    <system-out><![CDATA[
@Regression @ContactUs
Scenario Outline: Verify user should not be able to submit invalid Email : "@missingUserName.com" &amp#27;[90m# src/test/java/features/contactUs.feature:75&amp#27;[0m
WEBELEMENTS INITIALISED!!!!
  &amp#27;[32mGiven &amp#27;[0m&amp#27;[32mUser is on the contact us page of the application and scrolled down&amp#27;[0m                       &amp#27;[90m# com.test.roku.steps.ContactUsSteps.userIsOnTheContactUsPageOfTheApplicationAndScrolledDown()&amp#27;[0m

    Embedding image [image/png 79519 bytes]

  &amp#27;[32mWhen &amp#27;[0m&amp#27;[32mUser enters &amp#27;[0m&amp#27;[32m&amp#27;[1m"@missingUserName.com"&amp#27;[0m&amp#27;[32m in the email field&amp#27;[0m                                      &amp#27;[90m# com.test.roku.steps.ContactUsSteps.userEntersInvalidEmailInTheEmailField(java.lang.String)&amp#27;[0m

    Embedding image [image/png 46755 bytes]

  &amp#27;[32mAnd &amp#27;[0m&amp#27;[32mClick on submit button&amp#27;[0m                                                                      &amp#27;[90m# com.test.roku.steps.ContactUsSteps.clickOnSubmitButton()&amp#27;[0m

    Embedding image [image/png 46858 bytes]

  &amp#27;[32mThen &amp#27;[0m&amp#27;[32mUser should be displayed invalid &amp#27;[0m&amp#27;[32m&amp#27;[1m"Email"&amp#27;[0m&amp#27;[32m format error message&amp#27;[0m                              &amp#27;[90m# com.test.roku.steps.ContactUsSteps.userShouldBeDisplayedInvalidFormatErrorMessage(java.lang.String)&amp#27;[0m

    Embedding image [image/png 35410 bytes]

]]></system-out>
  </testcase>
  <testcase name="runScenario[&quot;Verify user should not be able to submit invalid Email : &quot;missingAtDotCom&quot;&quot;, &quot;User should be able to submit contact us request&quot;](16)" classname="runner.TestRunner" time="2.038">
    <system-out><![CDATA[
@Regression @ContactUs
Scenario Outline: Verify user should not be able to submit invalid Email : "missingAtDotCom" &amp#27;[90m# src/test/java/features/contactUs.feature:76&amp#27;[0m
WEBELEMENTS INITIALISED!!!!
  &amp#27;[32mGiven &amp#27;[0m&amp#27;[32mUser is on the contact us page of the application and scrolled down&amp#27;[0m                  &amp#27;[90m# com.test.roku.steps.ContactUsSteps.userIsOnTheContactUsPageOfTheApplicationAndScrolledDown()&amp#27;[0m

    Embedding image [image/png 79519 bytes]

  &amp#27;[32mWhen &amp#27;[0m&amp#27;[32mUser enters &amp#27;[0m&amp#27;[32m&amp#27;[1m"missingAtDotCom"&amp#27;[0m&amp#27;[32m in the email field&amp#27;[0m                                      &amp#27;[90m# com.test.roku.steps.ContactUsSteps.userEntersInvalidEmailInTheEmailField(java.lang.String)&amp#27;[0m

    Embedding image [image/png 45707 bytes]

  &amp#27;[32mAnd &amp#27;[0m&amp#27;[32mClick on submit button&amp#27;[0m                                                                 &amp#27;[90m# com.test.roku.steps.ContactUsSteps.clickOnSubmitButton()&amp#27;[0m

    Embedding image [image/png 45844 bytes]

  &amp#27;[32mThen &amp#27;[0m&amp#27;[32mUser should be displayed invalid &amp#27;[0m&amp#27;[32m&amp#27;[1m"Email"&amp#27;[0m&amp#27;[32m format error message&amp#27;[0m                         &amp#27;[90m# com.test.roku.steps.ContactUsSteps.userShouldBeDisplayedInvalidFormatErrorMessage(java.lang.String)&amp#27;[0m

    Embedding image [image/png 34429 bytes]

]]></system-out>
  </testcase>
  <testcase name="runScenario[&quot;Verify user should not be able to submit invalid Email : &quot;missingDomain@&quot;&quot;, &quot;User should be able to submit contact us request&quot;](17)" classname="runner.TestRunner" time="1.546">
    <system-out><![CDATA[
@Regression @ContactUs
Scenario Outline: Verify user should not be able to submit invalid Email : "missingDomain@" &amp#27;[90m# src/test/java/features/contactUs.feature:77&amp#27;[0m
WEBELEMENTS INITIALISED!!!!
  &amp#27;[32mGiven &amp#27;[0m&amp#27;[32mUser is on the contact us page of the application and scrolled down&amp#27;[0m                 &amp#27;[90m# com.test.roku.steps.ContactUsSteps.userIsOnTheContactUsPageOfTheApplicationAndScrolledDown()&amp#27;[0m

    Embedding image [image/png 79519 bytes]

  &amp#27;[32mWhen &amp#27;[0m&amp#27;[32mUser enters &amp#27;[0m&amp#27;[32m&amp#27;[1m"missingDomain@"&amp#27;[0m&amp#27;[32m in the email field&amp#27;[0m                                      &amp#27;[90m# com.test.roku.steps.ContactUsSteps.userEntersInvalidEmailInTheEmailField(java.lang.String)&amp#27;[0m

    Embedding image [image/png 45539 bytes]

  &amp#27;[32mAnd &amp#27;[0m&amp#27;[32mClick on submit button&amp#27;[0m                                                                &amp#27;[90m# com.test.roku.steps.ContactUsSteps.clickOnSubmitButton()&amp#27;[0m

    Embedding image [image/png 45686 bytes]

  &amp#27;[32mThen &amp#27;[0m&amp#27;[32mUser should be displayed invalid &amp#27;[0m&amp#27;[32m&amp#27;[1m"Email"&amp#27;[0m&amp#27;[32m format error message&amp#27;[0m                        &amp#27;[90m# com.test.roku.steps.ContactUsSteps.userShouldBeDisplayedInvalidFormatErrorMessage(java.lang.String)&amp#27;[0m

    Embedding image [image/png 34253 bytes]

]]></system-out>
  </testcase>
  <testcase name="runScenario[&quot;Verify user should not be able to submit invalid Email : &quot;missingDotComFromDomain@c&quot;&quot;, &quot;User should be able to submit contact us request&quot;](18)" classname="runner.TestRunner" time="31.583">
    <failure message="Error {&#10;  message=&apos;Timeout 30000ms exceeded.&#10;  name=&apos;TimeoutError&#10;  stack=&apos;TimeoutError: Timeout 30000ms exceeded.&#10;    at ProgressController.run (/private/var/folders/m8/d_ml1jqs5rdf6m9md2pykmkh0000gn/T/playwright-java-4336040391069677089/package/lib/server/progress.js:87:26)&#10;    at Frame._callOnElementOnceMatches (/private/var/folders/m8/d_ml1jqs5rdf6m9md2pykmkh0000gn/T/playwright-java-4336040391069677089/package/lib/server/frames.js:1399:23)&#10;    at Frame.textContent (/private/var/folders/m8/d_ml1jqs5rdf6m9md2pykmkh0000gn/T/playwright-java-4336040391069677089/package/lib/server/frames.js:1056:17)&#10;    at FrameDispatcher.textContent (/private/var/folders/m8/d_ml1jqs5rdf6m9md2pykmkh0000gn/T/playwright-java-4336040391069677089/package/lib/server/dispatchers/frameDispatcher.js:179:37)&#10;    at FrameDispatcher._handleCommand (/private/var/folders/m8/d_ml1jqs5rdf6m9md2pykmkh0000gn/T/playwright-java-4336040391069677089/package/lib/server/dispatchers/dispatcher.js:94:40)&#10;    at DispatcherConnection.dispatch (/private/var/folders/m8/d_ml1jqs5rdf6m9md2pykmkh0000gn/T/playwright-java-4336040391069677089/package/lib/server/dispatchers/dispatcher.js:362:39)&#10;}&#10;Call log:&#10;- waiting for locator(&quot;.alert&quot;)&#10;" type="com.microsoft.playwright.TimeoutError"><![CDATA[com.microsoft.playwright.TimeoutError: 
Error {
  message='Timeout 30000ms exceeded.
  name='TimeoutError
  stack='TimeoutError: Timeout 30000ms exceeded.
    at ProgressController.run (/private/var/folders/m8/d_ml1jqs5rdf6m9md2pykmkh0000gn/T/playwright-java-4336040391069677089/package/lib/server/progress.js:87:26)
    at Frame._callOnElementOnceMatches (/private/var/folders/m8/d_ml1jqs5rdf6m9md2pykmkh0000gn/T/playwright-java-4336040391069677089/package/lib/server/frames.js:1399:23)
    at Frame.textContent (/private/var/folders/m8/d_ml1jqs5rdf6m9md2pykmkh0000gn/T/playwright-java-4336040391069677089/package/lib/server/frames.js:1056:17)
    at FrameDispatcher.textContent (/private/var/folders/m8/d_ml1jqs5rdf6m9md2pykmkh0000gn/T/playwright-java-4336040391069677089/package/lib/server/dispatchers/frameDispatcher.js:179:37)
    at FrameDispatcher._handleCommand (/private/var/folders/m8/d_ml1jqs5rdf6m9md2pykmkh0000gn/T/playwright-java-4336040391069677089/package/lib/server/dispatchers/dispatcher.js:94:40)
    at DispatcherConnection.dispatch (/private/var/folders/m8/d_ml1jqs5rdf6m9md2pykmkh0000gn/T/playwright-java-4336040391069677089/package/lib/server/dispatchers/dispatcher.js:362:39)
}
Call log:
- waiting for locator(".alert")

	at com.microsoft.playwright.impl.WaitableResult.get(WaitableResult.java:52)
	at com.microsoft.playwright.impl.ChannelOwner.runUntil(ChannelOwner.java:120)
	at com.microsoft.playwright.impl.Connection.sendMessage(Connection.java:129)
	at com.microsoft.playwright.impl.ChannelOwner.sendMessage(ChannelOwner.java:106)
	at com.microsoft.playwright.impl.FrameImpl.textContentImpl(FrameImpl.java:818)
	at com.microsoft.playwright.impl.FrameImpl.lambda$textContent$38(FrameImpl.java:809)
	at com.microsoft.playwright.impl.LoggingSupport.withLogging(LoggingSupport.java:47)
	at com.microsoft.playwright.impl.ChannelOwner.withLogging(ChannelOwner.java:89)
	at com.microsoft.playwright.impl.FrameImpl.textContent(FrameImpl.java:809)
	at com.microsoft.playwright.impl.LocatorImpl.textContent(LocatorImpl.java:566)
	at com.microsoft.playwright.Locator.textContent(Locator.java:5090)
	at com.test.roku.utils.AssertionUtils.assertEquals(AssertionUtils.java:15)
	at com.test.roku.steps.ContactUsPageAssertions.assertErrorDisplayedForInvalidFormat(ContactUsPageAssertions.java:168)
	at com.test.roku.steps.ContactUsSteps.userShouldBeDisplayedInvalidFormatErrorMessage(ContactUsSteps.java:141)
	at ✽.User should be displayed invalid "Email" format error message(file:///Users/sanju/Desktop/PlaywightJavaWorkSpace/PlayWrightJavaAutomation/src/test/java/features/contactUs.feature:71)
Caused by: com.microsoft.playwright.TimeoutError: Error {
  message='Timeout 30000ms exceeded.
  name='TimeoutError
  stack='TimeoutError: Timeout 30000ms exceeded.
    at ProgressController.run (/private/var/folders/m8/d_ml1jqs5rdf6m9md2pykmkh0000gn/T/playwright-java-4336040391069677089/package/lib/server/progress.js:87:26)
    at Frame._callOnElementOnceMatches (/private/var/folders/m8/d_ml1jqs5rdf6m9md2pykmkh0000gn/T/playwright-java-4336040391069677089/package/lib/server/frames.js:1399:23)
    at Frame.textContent (/private/var/folders/m8/d_ml1jqs5rdf6m9md2pykmkh0000gn/T/playwright-java-4336040391069677089/package/lib/server/frames.js:1056:17)
    at FrameDispatcher.textContent (/private/var/folders/m8/d_ml1jqs5rdf6m9md2pykmkh0000gn/T/playwright-java-4336040391069677089/package/lib/server/dispatchers/frameDispatcher.js:179:37)
    at FrameDispatcher._handleCommand (/private/var/folders/m8/d_ml1jqs5rdf6m9md2pykmkh0000gn/T/playwright-java-4336040391069677089/package/lib/server/dispatchers/dispatcher.js:94:40)
    at DispatcherConnection.dispatch (/private/var/folders/m8/d_ml1jqs5rdf6m9md2pykmkh0000gn/T/playwright-java-4336040391069677089/package/lib/server/dispatchers/dispatcher.js:362:39)
}
Call log:
- waiting for locator(".alert")

	at com.microsoft.playwright.impl.Connection.dispatch(Connection.java:254)
	at com.microsoft.playwright.impl.Connection.processOneMessage(Connection.java:209)
	at com.microsoft.playwright.impl.ChannelOwner.runUntil(ChannelOwner.java:118)
	at com.microsoft.playwright.impl.Connection.sendMessage(Connection.java:129)
	at com.microsoft.playwright.impl.ChannelOwner.sendMessage(ChannelOwner.java:106)
	at com.microsoft.playwright.impl.FrameImpl.textContentImpl(FrameImpl.java:818)
	at com.microsoft.playwright.impl.FrameImpl.lambda$textContent$38(FrameImpl.java:809)
	at com.microsoft.playwright.impl.LoggingSupport.withLogging(LoggingSupport.java:47)
	at com.microsoft.playwright.impl.ChannelOwner.withLogging(ChannelOwner.java:89)
	at com.microsoft.playwright.impl.FrameImpl.textContent(FrameImpl.java:809)
	at com.microsoft.playwright.impl.LocatorImpl.textContent(LocatorImpl.java:566)
	at com.microsoft.playwright.Locator.textContent(Locator.java:5090)
	at com.test.roku.utils.AssertionUtils.assertEquals(AssertionUtils.java:15)
	at com.test.roku.steps.ContactUsPageAssertions.assertErrorDisplayedForInvalidFormat(ContactUsPageAssertions.java:168)
	at com.test.roku.steps.ContactUsSteps.userShouldBeDisplayedInvalidFormatErrorMessage(ContactUsSteps.java:141)
	at java.base/jdk.internal.reflect.DirectMethodHandleAccessor.invoke(DirectMethodHandleAccessor.java:103)
	at java.base/java.lang.reflect.Method.invoke(Method.java:580)
	at io.cucumber.java.Invoker.doInvoke(Invoker.java:66)
	at io.cucumber.java.Invoker.invoke(Invoker.java:24)
	at io.cucumber.java.AbstractGlueDefinition.invokeMethod(AbstractGlueDefinition.java:47)
	at io.cucumber.java.JavaStepDefinition.execute(JavaStepDefinition.java:29)
	at io.cucumber.core.runner.CoreStepDefinition.execute(CoreStepDefinition.java:66)
	at io.cucumber.core.runner.PickleStepDefinitionMatch.runStep(PickleStepDefinitionMatch.java:63)
	at io.cucumber.core.runner.ExecutionMode$1.execute(ExecutionMode.java:10)
	at io.cucumber.core.runner.TestStep.executeStep(TestStep.java:86)
	at io.cucumber.core.runner.TestStep.run(TestStep.java:57)
	at io.cucumber.core.runner.PickleStepTestStep.run(PickleStepTestStep.java:51)
	at io.cucumber.core.runner.TestCase.run(TestCase.java:95)
	at io.cucumber.core.runner.Runner.runPickle(Runner.java:75)
	at io.cucumber.testng.TestNGCucumberRunner.lambda$runScenario$1(TestNGCucumberRunner.java:132)
	at io.cucumber.core.runtime.CucumberExecutionContext.lambda$runTestCase$3(CucumberExecutionContext.java:151)
	at io.cucumber.core.runtime.RethrowingThrowableCollector.executeAndThrow(RethrowingThrowableCollector.java:23)
	at io.cucumber.core.runtime.CucumberExecutionContext.runTestCase(CucumberExecutionContext.java:151)
	at io.cucumber.testng.TestNGCucumberRunner.runScenario(TestNGCucumberRunner.java:129)
	at io.cucumber.testng.AbstractTestNGCucumberTests.runScenario(AbstractTestNGCucumberTests.java:35)
	at java.base/jdk.internal.reflect.DirectMethodHandleAccessor.invoke(DirectMethodHandleAccessor.java:103)
	at java.base/java.lang.reflect.Method.invoke(Method.java:580)
	at org.testng.internal.invokers.MethodInvocationHelper.invokeMethod(MethodInvocationHelper.java:139)
	at org.testng.internal.invokers.TestInvoker.invokeMethod(TestInvoker.java:664)
	at org.testng.internal.invokers.TestInvoker.invokeTestMethod(TestInvoker.java:228)
	at org.testng.internal.invokers.MethodRunner.runInSequence(MethodRunner.java:63)
	at org.testng.internal.invokers.TestInvoker$MethodInvocationAgent.invoke(TestInvoker.java:961)
	at org.testng.internal.invokers.TestInvoker.invokeTestMethods(TestInvoker.java:201)
	at org.testng.internal.invokers.TestMethodWorker.invokeTestMethods(TestMethodWorker.java:148)
	at org.testng.internal.invokers.TestMethodWorker.run(TestMethodWorker.java:128)
	at java.base/java.util.ArrayList.forEach(ArrayList.java:1596)
	at org.testng.TestRunner.privateRun(TestRunner.java:819)
	at org.testng.TestRunner.run(TestRunner.java:619)
	at org.testng.SuiteRunner.runTest(SuiteRunner.java:443)
	at org.testng.SuiteRunner.runSequentially(SuiteRunner.java:437)
	at org.testng.SuiteRunner.privateRun(SuiteRunner.java:397)
	at org.testng.SuiteRunner.run(SuiteRunner.java:336)
	at org.testng.SuiteRunnerWorker.runSuite(SuiteRunnerWorker.java:52)
	at org.testng.SuiteRunnerWorker.run(SuiteRunnerWorker.java:95)
	at org.testng.TestNG.runSuitesSequentially(TestNG.java:1301)
	at org.testng.TestNG.runSuitesLocally(TestNG.java:1228)
	at org.testng.TestNG.runSuites(TestNG.java:1134)
	at org.testng.TestNG.run(TestNG.java:1101)
	at org.apache.maven.surefire.testng.TestNGExecutor.run(TestNGExecutor.java:155)
	at org.apache.maven.surefire.testng.TestNGDirectoryTestSuite.executeSingleClass(TestNGDirectoryTestSuite.java:102)
	at org.apache.maven.surefire.testng.TestNGDirectoryTestSuite.execute(TestNGDirectoryTestSuite.java:91)
	at org.apache.maven.surefire.testng.TestNGProvider.invoke(TestNGProvider.java:137)
	at org.apache.maven.surefire.booter.ForkedBooter.runSuitesInProcess(ForkedBooter.java:385)
	at org.apache.maven.surefire.booter.ForkedBooter.execute(ForkedBooter.java:162)
	at org.apache.maven.surefire.booter.ForkedBooter.run(ForkedBooter.java:507)
	at org.apache.maven.surefire.booter.ForkedBooter.main(ForkedBooter.java:495)
]]></failure>
    <system-out><![CDATA[
@Regression @ContactUs
Scenario Outline: Verify user should not be able to submit invalid Email : "missingDotComFromDomain@c" &amp#27;[90m# src/test/java/features/contactUs.feature:78&amp#27;[0m
WEBELEMENTS INITIALISED!!!!
  &amp#27;[32mGiven &amp#27;[0m&amp#27;[32mUser is on the contact us page of the application and scrolled down&amp#27;[0m                            &amp#27;[90m# com.test.roku.steps.ContactUsSteps.userIsOnTheContactUsPageOfTheApplicationAndScrolledDown()&amp#27;[0m

    Embedding image [image/png 79519 bytes]

  &amp#27;[32mWhen &amp#27;[0m&amp#27;[32mUser enters &amp#27;[0m&amp#27;[32m&amp#27;[1m"missingDotComFromDomain@c"&amp#27;[0m&amp#27;[32m in the email field&amp#27;[0m                                      &amp#27;[90m# com.test.roku.steps.ContactUsSteps.userEntersInvalidEmailInTheEmailField(java.lang.String)&amp#27;[0m

    Embedding image [image/png 46642 bytes]

  &amp#27;[32mAnd &amp#27;[0m&amp#27;[32mClick on submit button&amp#27;[0m                                                                           &amp#27;[90m# com.test.roku.steps.ContactUsSteps.clickOnSubmitButton()&amp#27;[0m

    Embedding image [image/png 46782 bytes]

  &amp#27;[31mThen &amp#27;[0m&amp#27;[31mUser should be displayed invalid &amp#27;[0m&amp#27;[31m&amp#27;[1m"Email"&amp#27;[0m&amp#27;[31m format error message&amp#27;[0m                                   &amp#27;[90m# com.test.roku.steps.ContactUsSteps.userShouldBeDisplayedInvalidFormatErrorMessage(java.lang.String)&amp#27;[0m
      &amp#27;[31mcom.microsoft.playwright.TimeoutError: Error {
  message='Timeout 30000ms exceeded.
  name='TimeoutError
  stack='TimeoutError: Timeout 30000ms exceeded.
    at ProgressController.run (/private/var/folders/m8/d_ml1jqs5rdf6m9md2pykmkh0000gn/T/playwright-java-4336040391069677089/package/lib/server/progress.js:87:26)
    at Frame._callOnElementOnceMatches (/private/var/folders/m8/d_ml1jqs5rdf6m9md2pykmkh0000gn/T/playwright-java-4336040391069677089/package/lib/server/frames.js:1399:23)
    at Frame.textContent (/private/var/folders/m8/d_ml1jqs5rdf6m9md2pykmkh0000gn/T/playwright-java-4336040391069677089/package/lib/server/frames.js:1056:17)
    at FrameDispatcher.textContent (/private/var/folders/m8/d_ml1jqs5rdf6m9md2pykmkh0000gn/T/playwright-java-4336040391069677089/package/lib/server/dispatchers/frameDispatcher.js:179:37)
    at FrameDispatcher._handleCommand (/private/var/folders/m8/d_ml1jqs5rdf6m9md2pykmkh0000gn/T/playwright-java-4336040391069677089/package/lib/server/dispatchers/dispatcher.js:94:40)
    at DispatcherConnection.dispatch (/private/var/folders/m8/d_ml1jqs5rdf6m9md2pykmkh0000gn/T/playwright-java-4336040391069677089/package/lib/server/dispatchers/dispatcher.js:362:39)
}
Call log:
- waiting for locator(".alert")

	at com.microsoft.playwright.impl.WaitableResult.get(WaitableResult.java:52)
	at com.microsoft.playwright.impl.ChannelOwner.runUntil(ChannelOwner.java:120)
	at com.microsoft.playwright.impl.Connection.sendMessage(Connection.java:129)
	at com.microsoft.playwright.impl.ChannelOwner.sendMessage(ChannelOwner.java:106)
	at com.microsoft.playwright.impl.FrameImpl.textContentImpl(FrameImpl.java:818)
	at com.microsoft.playwright.impl.FrameImpl.lambda$textContent$38(FrameImpl.java:809)
	at com.microsoft.playwright.impl.LoggingSupport.withLogging(LoggingSupport.java:47)
	at com.microsoft.playwright.impl.ChannelOwner.withLogging(ChannelOwner.java:89)
	at com.microsoft.playwright.impl.FrameImpl.textContent(FrameImpl.java:809)
	at com.microsoft.playwright.impl.LocatorImpl.textContent(LocatorImpl.java:566)
	at com.microsoft.playwright.Locator.textContent(Locator.java:5090)
	at com.test.roku.utils.AssertionUtils.assertEquals(AssertionUtils.java:15)
	at com.test.roku.steps.ContactUsPageAssertions.assertErrorDisplayedForInvalidFormat(ContactUsPageAssertions.java:168)
	at com.test.roku.steps.ContactUsSteps.userShouldBeDisplayedInvalidFormatErrorMessage(ContactUsSteps.java:141)
	at ✽.User should be displayed invalid "Email" format error message(file:///Users/sanju/Desktop/PlaywightJavaWorkSpace/PlayWrightJavaAutomation/src/test/java/features/contactUs.feature:71)
Caused by: com.microsoft.playwright.TimeoutError: Error {
  message='Timeout 30000ms exceeded.
  name='TimeoutError
  stack='TimeoutError: Timeout 30000ms exceeded.
    at ProgressController.run (/private/var/folders/m8/d_ml1jqs5rdf6m9md2pykmkh0000gn/T/playwright-java-4336040391069677089/package/lib/server/progress.js:87:26)
    at Frame._callOnElementOnceMatches (/private/var/folders/m8/d_ml1jqs5rdf6m9md2pykmkh0000gn/T/playwright-java-4336040391069677089/package/lib/server/frames.js:1399:23)
    at Frame.textContent (/private/var/folders/m8/d_ml1jqs5rdf6m9md2pykmkh0000gn/T/playwright-java-4336040391069677089/package/lib/server/frames.js:1056:17)
    at FrameDispatcher.textContent (/private/var/folders/m8/d_ml1jqs5rdf6m9md2pykmkh0000gn/T/playwright-java-4336040391069677089/package/lib/server/dispatchers/frameDispatcher.js:179:37)
    at FrameDispatcher._handleCommand (/private/var/folders/m8/d_ml1jqs5rdf6m9md2pykmkh0000gn/T/playwright-java-4336040391069677089/package/lib/server/dispatchers/dispatcher.js:94:40)
    at DispatcherConnection.dispatch (/private/var/folders/m8/d_ml1jqs5rdf6m9md2pykmkh0000gn/T/playwright-java-4336040391069677089/package/lib/server/dispatchers/dispatcher.js:362:39)
}
Call log:
- waiting for locator(".alert")

	at com.microsoft.playwright.impl.Connection.dispatch(Connection.java:254)
	at com.microsoft.playwright.impl.Connection.processOneMessage(Connection.java:209)
	at com.microsoft.playwright.impl.ChannelOwner.runUntil(ChannelOwner.java:118)
	at com.microsoft.playwright.impl.Connection.sendMessage(Connection.java:129)
	at com.microsoft.playwright.impl.ChannelOwner.sendMessage(ChannelOwner.java:106)
	at com.microsoft.playwright.impl.FrameImpl.textContentImpl(FrameImpl.java:818)
	at com.microsoft.playwright.impl.FrameImpl.lambda$textContent$38(FrameImpl.java:809)
	at com.microsoft.playwright.impl.LoggingSupport.withLogging(LoggingSupport.java:47)
	at com.microsoft.playwright.impl.ChannelOwner.withLogging(ChannelOwner.java:89)
	at com.microsoft.playwright.impl.FrameImpl.textContent(FrameImpl.java:809)
	at com.microsoft.playwright.impl.LocatorImpl.textContent(LocatorImpl.java:566)
	at com.microsoft.playwright.Locator.textContent(Locator.java:5090)
	at com.test.roku.utils.AssertionUtils.assertEquals(AssertionUtils.java:15)
	at com.test.roku.steps.ContactUsPageAssertions.assertErrorDisplayedForInvalidFormat(ContactUsPageAssertions.java:168)
	at com.test.roku.steps.ContactUsSteps.userShouldBeDisplayedInvalidFormatErrorMessage(ContactUsSteps.java:141)
	at java.base/jdk.internal.reflect.DirectMethodHandleAccessor.invoke(DirectMethodHandleAccessor.java:103)
	at java.base/java.lang.reflect.Method.invoke(Method.java:580)
	at io.cucumber.java.Invoker.doInvoke(Invoker.java:66)
	at io.cucumber.java.Invoker.invoke(Invoker.java:24)
	at io.cucumber.java.AbstractGlueDefinition.invokeMethod(AbstractGlueDefinition.java:47)
	at io.cucumber.java.JavaStepDefinition.execute(JavaStepDefinition.java:29)
	at io.cucumber.core.runner.CoreStepDefinition.execute(CoreStepDefinition.java:66)
	at io.cucumber.core.runner.PickleStepDefinitionMatch.runStep(PickleStepDefinitionMatch.java:63)
	at io.cucumber.core.runner.ExecutionMode$1.execute(ExecutionMode.java:10)
	at io.cucumber.core.runner.TestStep.executeStep(TestStep.java:86)
	at io.cucumber.core.runner.TestStep.run(TestStep.java:57)
	at io.cucumber.core.runner.PickleStepTestStep.run(PickleStepTestStep.java:51)
	at io.cucumber.core.runner.TestCase.run(TestCase.java:95)
	at io.cucumber.core.runner.Runner.runPickle(Runner.java:75)
	at io.cucumber.testng.TestNGCucumberRunner.lambda$runScenario$1(TestNGCucumberRunner.java:132)
	at io.cucumber.core.runtime.CucumberExecutionContext.lambda$runTestCase$3(CucumberExecutionContext.java:151)
	at io.cucumber.core.runtime.RethrowingThrowableCollector.executeAndThrow(RethrowingThrowableCollector.java:23)
	at io.cucumber.core.runtime.CucumberExecutionContext.runTestCase(CucumberExecutionContext.java:151)
	at io.cucumber.testng.TestNGCucumberRunner.runScenario(TestNGCucumberRunner.java:129)
	at io.cucumber.testng.AbstractTestNGCucumberTests.runScenario(AbstractTestNGCucumberTests.java:35)
	at java.base/jdk.internal.reflect.DirectMethodHandleAccessor.invoke(DirectMethodHandleAccessor.java:103)
	at java.base/java.lang.reflect.Method.invoke(Method.java:580)
	at org.testng.internal.invokers.MethodInvocationHelper.invokeMethod(MethodInvocationHelper.java:139)
	at org.testng.internal.invokers.TestInvoker.invokeMethod(TestInvoker.java:664)
	at org.testng.internal.invokers.TestInvoker.invokeTestMethod(TestInvoker.java:228)
	at org.testng.internal.invokers.MethodRunner.runInSequence(MethodRunner.java:63)
	at org.testng.internal.invokers.TestInvoker$MethodInvocationAgent.invoke(TestInvoker.java:961)
	at org.testng.internal.invokers.TestInvoker.invokeTestMethods(TestInvoker.java:201)
	at org.testng.internal.invokers.TestMethodWorker.invokeTestMethods(TestMethodWorker.java:148)
	at org.testng.internal.invokers.TestMethodWorker.run(TestMethodWorker.java:128)
	at java.base/java.util.ArrayList.forEach(ArrayList.java:1596)
	at org.testng.TestRunner.privateRun(TestRunner.java:819)
	at org.testng.TestRunner.run(TestRunner.java:619)
	at org.testng.SuiteRunner.runTest(SuiteRunner.java:443)
	at org.testng.SuiteRunner.runSequentially(SuiteRunner.java:437)
	at org.testng.SuiteRunner.privateRun(SuiteRunner.java:397)
	at org.testng.SuiteRunner.run(SuiteRunner.java:336)
	at org.testng.SuiteRunnerWorker.runSuite(SuiteRunnerWorker.java:52)
	at org.testng.SuiteRunnerWorker.run(SuiteRunnerWorker.java:95)
	at org.testng.TestNG.runSuitesSequentially(TestNG.java:1301)
	at org.testng.TestNG.runSuitesLocally(TestNG.java:1228)
	at org.testng.TestNG.runSuites(TestNG.java:1134)
	at org.testng.TestNG.run(TestNG.java:1101)
	at org.apache.maven.surefire.testng.TestNGExecutor.run(TestNGExecutor.java:155)
	at org.apache.maven.surefire.testng.TestNGDirectoryTestSuite.executeSingleClass(TestNGDirectoryTestSuite.java:102)
	at org.apache.maven.surefire.testng.TestNGDirectoryTestSuite.execute(TestNGDirectoryTestSuite.java:91)
	at org.apache.maven.surefire.testng.TestNGProvider.invoke(TestNGProvider.java:137)
	at org.apache.maven.surefire.booter.ForkedBooter.runSuitesInProcess(ForkedBooter.java:385)
	at org.apache.maven.surefire.booter.ForkedBooter.execute(ForkedBooter.java:162)
	at org.apache.maven.surefire.booter.ForkedBooter.run(ForkedBooter.java:507)
	at org.apache.maven.surefire.booter.ForkedBooter.main(ForkedBooter.java:495)
&amp#27;[0m

    Embedding image [image/png 42481 bytes]

]]></system-out>
  </testcase>
  <testcase name="runScenario[&quot;Verify user should not be able to submit invalid Email : &quot;missingCom@xyz.&quot;&quot;, &quot;User should be able to submit contact us request&quot;](19)" classname="runner.TestRunner" time="1.651">
    <system-out><![CDATA[
@Regression @ContactUs
Scenario Outline: Verify user should not be able to submit invalid Email : "missingCom@xyz." &amp#27;[90m# src/test/java/features/contactUs.feature:79&amp#27;[0m
WEBELEMENTS INITIALISED!!!!
  &amp#27;[32mGiven &amp#27;[0m&amp#27;[32mUser is on the contact us page of the application and scrolled down&amp#27;[0m                  &amp#27;[90m# com.test.roku.steps.ContactUsSteps.userIsOnTheContactUsPageOfTheApplicationAndScrolledDown()&amp#27;[0m

    Embedding image [image/png 79519 bytes]

  &amp#27;[32mWhen &amp#27;[0m&amp#27;[32mUser enters &amp#27;[0m&amp#27;[32m&amp#27;[1m"missingCom@xyz."&amp#27;[0m&amp#27;[32m in the email field&amp#27;[0m                                      &amp#27;[90m# com.test.roku.steps.ContactUsSteps.userEntersInvalidEmailInTheEmailField(java.lang.String)&amp#27;[0m

    Embedding image [image/png 45810 bytes]

  &amp#27;[32mAnd &amp#27;[0m&amp#27;[32mClick on submit button&amp#27;[0m                                                                 &amp#27;[90m# com.test.roku.steps.ContactUsSteps.clickOnSubmitButton()&amp#27;[0m

    Embedding image [image/png 45951 bytes]

  &amp#27;[32mThen &amp#27;[0m&amp#27;[32mUser should be displayed invalid &amp#27;[0m&amp#27;[32m&amp#27;[1m"Email"&amp#27;[0m&amp#27;[32m format error message&amp#27;[0m                         &amp#27;[90m# com.test.roku.steps.ContactUsSteps.userShouldBeDisplayedInvalidFormatErrorMessage(java.lang.String)&amp#27;[0m

    Embedding image [image/png 34547 bytes]

]]></system-out>
  </testcase>
  <testcase name="runScenario[&quot;Verify user should not be able to submit invalid Email : &quot;invalidEmailMissingAt.com&quot;&quot;, &quot;User should be able to submit contact us request&quot;](20)" classname="runner.TestRunner" time="1.566">
    <system-out><![CDATA[
@Regression @ContactUs
Scenario Outline: Verify user should not be able to submit invalid Email : "invalidEmailMissingAt.com" &amp#27;[90m# src/test/java/features/contactUs.feature:80&amp#27;[0m
WEBELEMENTS INITIALISED!!!!
  &amp#27;[32mGiven &amp#27;[0m&amp#27;[32mUser is on the contact us page of the application and scrolled down&amp#27;[0m                            &amp#27;[90m# com.test.roku.steps.ContactUsSteps.userIsOnTheContactUsPageOfTheApplicationAndScrolledDown()&amp#27;[0m

    Embedding image [image/png 79519 bytes]

  &amp#27;[32mWhen &amp#27;[0m&amp#27;[32mUser enters &amp#27;[0m&amp#27;[32m&amp#27;[1m"invalidEmailMissingAt.com"&amp#27;[0m&amp#27;[32m in the email field&amp#27;[0m                                      &amp#27;[90m# com.test.roku.steps.ContactUsSteps.userEntersInvalidEmailInTheEmailField(java.lang.String)&amp#27;[0m

    Embedding image [image/png 46714 bytes]

  &amp#27;[32mAnd &amp#27;[0m&amp#27;[32mClick on submit button&amp#27;[0m                                                                           &amp#27;[90m# com.test.roku.steps.ContactUsSteps.clickOnSubmitButton()&amp#27;[0m

    Embedding image [image/png 46854 bytes]

  &amp#27;[32mThen &amp#27;[0m&amp#27;[32mUser should be displayed invalid &amp#27;[0m&amp#27;[32m&amp#27;[1m"Email"&amp#27;[0m&amp#27;[32m format error message&amp#27;[0m                                   &amp#27;[90m# com.test.roku.steps.ContactUsSteps.userShouldBeDisplayedInvalidFormatErrorMessage(java.lang.String)&amp#27;[0m

    Embedding image [image/png 35466 bytes]

]]></system-out>
  </testcase>
  <testcase name="runScenario[&quot;Verify user should not be able to submit invalid Email : &quot;spaces not@allowed.com&quot;&quot;, &quot;User should be able to submit contact us request&quot;](21)" classname="runner.TestRunner" time="1.38">
    <system-out><![CDATA[
@Regression @ContactUs
Scenario Outline: Verify user should not be able to submit invalid Email : "spaces not@allowed.com" &amp#27;[90m# src/test/java/features/contactUs.feature:81&amp#27;[0m
WEBELEMENTS INITIALISED!!!!
  &amp#27;[32mGiven &amp#27;[0m&amp#27;[32mUser is on the contact us page of the application and scrolled down&amp#27;[0m                         &amp#27;[90m# com.test.roku.steps.ContactUsSteps.userIsOnTheContactUsPageOfTheApplicationAndScrolledDown()&amp#27;[0m

    Embedding image [image/png 79519 bytes]

  &amp#27;[32mWhen &amp#27;[0m&amp#27;[32mUser enters &amp#27;[0m&amp#27;[32m&amp#27;[1m"spaces not@allowed.com"&amp#27;[0m&amp#27;[32m in the email field&amp#27;[0m                                      &amp#27;[90m# com.test.roku.steps.ContactUsSteps.userEntersInvalidEmailInTheEmailField(java.lang.String)&amp#27;[0m

    Embedding image [image/png 46993 bytes]

  &amp#27;[32mAnd &amp#27;[0m&amp#27;[32mClick on submit button&amp#27;[0m                                                                        &amp#27;[90m# com.test.roku.steps.ContactUsSteps.clickOnSubmitButton()&amp#27;[0m

    Embedding image [image/png 47126 bytes]

  &amp#27;[32mThen &amp#27;[0m&amp#27;[32mUser should be displayed invalid &amp#27;[0m&amp#27;[32m&amp#27;[1m"Email"&amp#27;[0m&amp#27;[32m format error message&amp#27;[0m                                &amp#27;[90m# com.test.roku.steps.ContactUsSteps.userShouldBeDisplayedInvalidFormatErrorMessage(java.lang.String)&amp#27;[0m

    Embedding image [image/png 35732 bytes]

]]></system-out>
  </testcase>
  <testcase name="runScenario[&quot;Verify user should not be able to submit invalid Email : &quot;double..dots@domain.com&quot;&quot;, &quot;User should be able to submit contact us request&quot;](22)" classname="runner.TestRunner" time="1.516">
    <system-out><![CDATA[
@Regression @ContactUs
Scenario Outline: Verify user should not be able to submit invalid Email : "double..dots@domain.com" &amp#27;[90m# src/test/java/features/contactUs.feature:82&amp#27;[0m
WEBELEMENTS INITIALISED!!!!
  &amp#27;[32mGiven &amp#27;[0m&amp#27;[32mUser is on the contact us page of the application and scrolled down&amp#27;[0m                          &amp#27;[90m# com.test.roku.steps.ContactUsSteps.userIsOnTheContactUsPageOfTheApplicationAndScrolledDown()&amp#27;[0m

    Embedding image [image/png 79519 bytes]

  &amp#27;[32mWhen &amp#27;[0m&amp#27;[32mUser enters &amp#27;[0m&amp#27;[32m&amp#27;[1m"double..dots@domain.com"&amp#27;[0m&amp#27;[32m in the email field&amp#27;[0m                                      &amp#27;[90m# com.test.roku.steps.ContactUsSteps.userEntersInvalidEmailInTheEmailField(java.lang.String)&amp#27;[0m

    Embedding image [image/png 46817 bytes]

  &amp#27;[32mAnd &amp#27;[0m&amp#27;[32mClick on submit button&amp#27;[0m                                                                         &amp#27;[90m# com.test.roku.steps.ContactUsSteps.clickOnSubmitButton()&amp#27;[0m

    Embedding image [image/png 46954 bytes]

  &amp#27;[32mThen &amp#27;[0m&amp#27;[32mUser should be displayed invalid &amp#27;[0m&amp#27;[32m&amp#27;[1m"Email"&amp#27;[0m&amp#27;[32m format error message&amp#27;[0m                                 &amp#27;[90m# com.test.roku.steps.ContactUsSteps.userShouldBeDisplayedInvalidFormatErrorMessage(java.lang.String)&amp#27;[0m

    Embedding image [image/png 35576 bytes]

]]></system-out>
  </testcase>
  <testcase name="runScenario[&quot;Verify user should not be able to submit invalid Phone Number : &quot;stringAsPhoneNumber&quot;&quot;, &quot;User should be able to submit contact us request&quot;](23)" classname="runner.TestRunner" time="31.657">
    <failure message="Error {&#10;  message=&apos;Timeout 30000ms exceeded.&#10;  name=&apos;TimeoutError&#10;  stack=&apos;TimeoutError: Timeout 30000ms exceeded.&#10;    at ProgressController.run (/private/var/folders/m8/d_ml1jqs5rdf6m9md2pykmkh0000gn/T/playwright-java-4336040391069677089/package/lib/server/progress.js:87:26)&#10;    at Frame._callOnElementOnceMatches (/private/var/folders/m8/d_ml1jqs5rdf6m9md2pykmkh0000gn/T/playwright-java-4336040391069677089/package/lib/server/frames.js:1399:23)&#10;    at Frame.textContent (/private/var/folders/m8/d_ml1jqs5rdf6m9md2pykmkh0000gn/T/playwright-java-4336040391069677089/package/lib/server/frames.js:1056:17)&#10;    at FrameDispatcher.textContent (/private/var/folders/m8/d_ml1jqs5rdf6m9md2pykmkh0000gn/T/playwright-java-4336040391069677089/package/lib/server/dispatchers/frameDispatcher.js:179:37)&#10;    at FrameDispatcher._handleCommand (/private/var/folders/m8/d_ml1jqs5rdf6m9md2pykmkh0000gn/T/playwright-java-4336040391069677089/package/lib/server/dispatchers/dispatcher.js:94:40)&#10;    at DispatcherConnection.dispatch (/private/var/folders/m8/d_ml1jqs5rdf6m9md2pykmkh0000gn/T/playwright-java-4336040391069677089/package/lib/server/dispatchers/dispatcher.js:362:39)&#10;}&#10;Call log:&#10;- waiting for locator(&quot;.alert&quot;)&#10;" type="com.microsoft.playwright.TimeoutError"><![CDATA[com.microsoft.playwright.TimeoutError: 
Error {
  message='Timeout 30000ms exceeded.
  name='TimeoutError
  stack='TimeoutError: Timeout 30000ms exceeded.
    at ProgressController.run (/private/var/folders/m8/d_ml1jqs5rdf6m9md2pykmkh0000gn/T/playwright-java-4336040391069677089/package/lib/server/progress.js:87:26)
    at Frame._callOnElementOnceMatches (/private/var/folders/m8/d_ml1jqs5rdf6m9md2pykmkh0000gn/T/playwright-java-4336040391069677089/package/lib/server/frames.js:1399:23)
    at Frame.textContent (/private/var/folders/m8/d_ml1jqs5rdf6m9md2pykmkh0000gn/T/playwright-java-4336040391069677089/package/lib/server/frames.js:1056:17)
    at FrameDispatcher.textContent (/private/var/folders/m8/d_ml1jqs5rdf6m9md2pykmkh0000gn/T/playwright-java-4336040391069677089/package/lib/server/dispatchers/frameDispatcher.js:179:37)
    at FrameDispatcher._handleCommand (/private/var/folders/m8/d_ml1jqs5rdf6m9md2pykmkh0000gn/T/playwright-java-4336040391069677089/package/lib/server/dispatchers/dispatcher.js:94:40)
    at DispatcherConnection.dispatch (/private/var/folders/m8/d_ml1jqs5rdf6m9md2pykmkh0000gn/T/playwright-java-4336040391069677089/package/lib/server/dispatchers/dispatcher.js:362:39)
}
Call log:
- waiting for locator(".alert")

	at com.microsoft.playwright.impl.WaitableResult.get(WaitableResult.java:52)
	at com.microsoft.playwright.impl.ChannelOwner.runUntil(ChannelOwner.java:120)
	at com.microsoft.playwright.impl.Connection.sendMessage(Connection.java:129)
	at com.microsoft.playwright.impl.ChannelOwner.sendMessage(ChannelOwner.java:106)
	at com.microsoft.playwright.impl.FrameImpl.textContentImpl(FrameImpl.java:818)
	at com.microsoft.playwright.impl.FrameImpl.lambda$textContent$38(FrameImpl.java:809)
	at com.microsoft.playwright.impl.LoggingSupport.withLogging(LoggingSupport.java:47)
	at com.microsoft.playwright.impl.ChannelOwner.withLogging(ChannelOwner.java:89)
	at com.microsoft.playwright.impl.FrameImpl.textContent(FrameImpl.java:809)
	at com.microsoft.playwright.impl.LocatorImpl.textContent(LocatorImpl.java:566)
	at com.microsoft.playwright.Locator.textContent(Locator.java:5090)
	at com.test.roku.utils.AssertionUtils.assertEquals(AssertionUtils.java:15)
	at com.test.roku.steps.ContactUsPageAssertions.assertErrorDisplayedForInvalidFormat(ContactUsPageAssertions.java:168)
	at com.test.roku.steps.ContactUsSteps.userShouldBeDisplayedInvalidFormatErrorMessage(ContactUsSteps.java:141)
	at ✽.User should be displayed invalid "Phone" format error message(file:///Users/sanju/Desktop/PlaywightJavaWorkSpace/PlayWrightJavaAutomation/src/test/java/features/contactUs.feature:87)
Caused by: com.microsoft.playwright.TimeoutError: Error {
  message='Timeout 30000ms exceeded.
  name='TimeoutError
  stack='TimeoutError: Timeout 30000ms exceeded.
    at ProgressController.run (/private/var/folders/m8/d_ml1jqs5rdf6m9md2pykmkh0000gn/T/playwright-java-4336040391069677089/package/lib/server/progress.js:87:26)
    at Frame._callOnElementOnceMatches (/private/var/folders/m8/d_ml1jqs5rdf6m9md2pykmkh0000gn/T/playwright-java-4336040391069677089/package/lib/server/frames.js:1399:23)
    at Frame.textContent (/private/var/folders/m8/d_ml1jqs5rdf6m9md2pykmkh0000gn/T/playwright-java-4336040391069677089/package/lib/server/frames.js:1056:17)
    at FrameDispatcher.textContent (/private/var/folders/m8/d_ml1jqs5rdf6m9md2pykmkh0000gn/T/playwright-java-4336040391069677089/package/lib/server/dispatchers/frameDispatcher.js:179:37)
    at FrameDispatcher._handleCommand (/private/var/folders/m8/d_ml1jqs5rdf6m9md2pykmkh0000gn/T/playwright-java-4336040391069677089/package/lib/server/dispatchers/dispatcher.js:94:40)
    at DispatcherConnection.dispatch (/private/var/folders/m8/d_ml1jqs5rdf6m9md2pykmkh0000gn/T/playwright-java-4336040391069677089/package/lib/server/dispatchers/dispatcher.js:362:39)
}
Call log:
- waiting for locator(".alert")

	at com.microsoft.playwright.impl.Connection.dispatch(Connection.java:254)
	at com.microsoft.playwright.impl.Connection.processOneMessage(Connection.java:209)
	at com.microsoft.playwright.impl.ChannelOwner.runUntil(ChannelOwner.java:118)
	at com.microsoft.playwright.impl.Connection.sendMessage(Connection.java:129)
	at com.microsoft.playwright.impl.ChannelOwner.sendMessage(ChannelOwner.java:106)
	at com.microsoft.playwright.impl.FrameImpl.textContentImpl(FrameImpl.java:818)
	at com.microsoft.playwright.impl.FrameImpl.lambda$textContent$38(FrameImpl.java:809)
	at com.microsoft.playwright.impl.LoggingSupport.withLogging(LoggingSupport.java:47)
	at com.microsoft.playwright.impl.ChannelOwner.withLogging(ChannelOwner.java:89)
	at com.microsoft.playwright.impl.FrameImpl.textContent(FrameImpl.java:809)
	at com.microsoft.playwright.impl.LocatorImpl.textContent(LocatorImpl.java:566)
	at com.microsoft.playwright.Locator.textContent(Locator.java:5090)
	at com.test.roku.utils.AssertionUtils.assertEquals(AssertionUtils.java:15)
	at com.test.roku.steps.ContactUsPageAssertions.assertErrorDisplayedForInvalidFormat(ContactUsPageAssertions.java:168)
	at com.test.roku.steps.ContactUsSteps.userShouldBeDisplayedInvalidFormatErrorMessage(ContactUsSteps.java:141)
	at java.base/jdk.internal.reflect.DirectMethodHandleAccessor.invoke(DirectMethodHandleAccessor.java:103)
	at java.base/java.lang.reflect.Method.invoke(Method.java:580)
	at io.cucumber.java.Invoker.doInvoke(Invoker.java:66)
	at io.cucumber.java.Invoker.invoke(Invoker.java:24)
	at io.cucumber.java.AbstractGlueDefinition.invokeMethod(AbstractGlueDefinition.java:47)
	at io.cucumber.java.JavaStepDefinition.execute(JavaStepDefinition.java:29)
	at io.cucumber.core.runner.CoreStepDefinition.execute(CoreStepDefinition.java:66)
	at io.cucumber.core.runner.PickleStepDefinitionMatch.runStep(PickleStepDefinitionMatch.java:63)
	at io.cucumber.core.runner.ExecutionMode$1.execute(ExecutionMode.java:10)
	at io.cucumber.core.runner.TestStep.executeStep(TestStep.java:86)
	at io.cucumber.core.runner.TestStep.run(TestStep.java:57)
	at io.cucumber.core.runner.PickleStepTestStep.run(PickleStepTestStep.java:51)
	at io.cucumber.core.runner.TestCase.run(TestCase.java:95)
	at io.cucumber.core.runner.Runner.runPickle(Runner.java:75)
	at io.cucumber.testng.TestNGCucumberRunner.lambda$runScenario$1(TestNGCucumberRunner.java:132)
	at io.cucumber.core.runtime.CucumberExecutionContext.lambda$runTestCase$3(CucumberExecutionContext.java:151)
	at io.cucumber.core.runtime.RethrowingThrowableCollector.executeAndThrow(RethrowingThrowableCollector.java:23)
	at io.cucumber.core.runtime.CucumberExecutionContext.runTestCase(CucumberExecutionContext.java:151)
	at io.cucumber.testng.TestNGCucumberRunner.runScenario(TestNGCucumberRunner.java:129)
	at io.cucumber.testng.AbstractTestNGCucumberTests.runScenario(AbstractTestNGCucumberTests.java:35)
	at java.base/jdk.internal.reflect.DirectMethodHandleAccessor.invoke(DirectMethodHandleAccessor.java:103)
	at java.base/java.lang.reflect.Method.invoke(Method.java:580)
	at org.testng.internal.invokers.MethodInvocationHelper.invokeMethod(MethodInvocationHelper.java:139)
	at org.testng.internal.invokers.TestInvoker.invokeMethod(TestInvoker.java:664)
	at org.testng.internal.invokers.TestInvoker.invokeTestMethod(TestInvoker.java:228)
	at org.testng.internal.invokers.MethodRunner.runInSequence(MethodRunner.java:63)
	at org.testng.internal.invokers.TestInvoker$MethodInvocationAgent.invoke(TestInvoker.java:961)
	at org.testng.internal.invokers.TestInvoker.invokeTestMethods(TestInvoker.java:201)
	at org.testng.internal.invokers.TestMethodWorker.invokeTestMethods(TestMethodWorker.java:148)
	at org.testng.internal.invokers.TestMethodWorker.run(TestMethodWorker.java:128)
	at java.base/java.util.ArrayList.forEach(ArrayList.java:1596)
	at org.testng.TestRunner.privateRun(TestRunner.java:819)
	at org.testng.TestRunner.run(TestRunner.java:619)
	at org.testng.SuiteRunner.runTest(SuiteRunner.java:443)
	at org.testng.SuiteRunner.runSequentially(SuiteRunner.java:437)
	at org.testng.SuiteRunner.privateRun(SuiteRunner.java:397)
	at org.testng.SuiteRunner.run(SuiteRunner.java:336)
	at org.testng.SuiteRunnerWorker.runSuite(SuiteRunnerWorker.java:52)
	at org.testng.SuiteRunnerWorker.run(SuiteRunnerWorker.java:95)
	at org.testng.TestNG.runSuitesSequentially(TestNG.java:1301)
	at org.testng.TestNG.runSuitesLocally(TestNG.java:1228)
	at org.testng.TestNG.runSuites(TestNG.java:1134)
	at org.testng.TestNG.run(TestNG.java:1101)
	at org.apache.maven.surefire.testng.TestNGExecutor.run(TestNGExecutor.java:155)
	at org.apache.maven.surefire.testng.TestNGDirectoryTestSuite.executeSingleClass(TestNGDirectoryTestSuite.java:102)
	at org.apache.maven.surefire.testng.TestNGDirectoryTestSuite.execute(TestNGDirectoryTestSuite.java:91)
	at org.apache.maven.surefire.testng.TestNGProvider.invoke(TestNGProvider.java:137)
	at org.apache.maven.surefire.booter.ForkedBooter.runSuitesInProcess(ForkedBooter.java:385)
	at org.apache.maven.surefire.booter.ForkedBooter.execute(ForkedBooter.java:162)
	at org.apache.maven.surefire.booter.ForkedBooter.run(ForkedBooter.java:507)
	at org.apache.maven.surefire.booter.ForkedBooter.main(ForkedBooter.java:495)
]]></failure>
    <system-out><![CDATA[
@Regression @ContactUs
Scenario Outline: Verify user should not be able to submit invalid Phone Number : "stringAsPhoneNumber" &amp#27;[90m# src/test/java/features/contactUs.feature:91&amp#27;[0m
WEBELEMENTS INITIALISED!!!!
  &amp#27;[32mGiven &amp#27;[0m&amp#27;[32mUser is on the contact us page of the application and scrolled down&amp#27;[0m                             &amp#27;[90m# com.test.roku.steps.ContactUsSteps.userIsOnTheContactUsPageOfTheApplicationAndScrolledDown()&amp#27;[0m

    Embedding image [image/png 79519 bytes]

  &amp#27;[32mWhen &amp#27;[0m&amp#27;[32mUser enters &amp#27;[0m&amp#27;[32m&amp#27;[1m"stringAsPhoneNumber"&amp#27;[0m&amp#27;[32m in the phone field&amp#27;[0m                                             &amp#27;[90m# com.test.roku.steps.ContactUsSteps.userEntersInvalidPhoneInThePhoneField(java.lang.String)&amp#27;[0m

    Embedding image [image/png 46840 bytes]

  &amp#27;[32mAnd &amp#27;[0m&amp#27;[32mClick on submit button&amp#27;[0m                                                                            &amp#27;[90m# com.test.roku.steps.ContactUsSteps.clickOnSubmitButton()&amp#27;[0m

    Embedding image [image/png 46983 bytes]

  &amp#27;[31mThen &amp#27;[0m&amp#27;[31mUser should be displayed invalid &amp#27;[0m&amp#27;[31m&amp#27;[1m"Phone"&amp#27;[0m&amp#27;[31m format error message&amp#27;[0m                                    &amp#27;[90m# com.test.roku.steps.ContactUsSteps.userShouldBeDisplayedInvalidFormatErrorMessage(java.lang.String)&amp#27;[0m
      &amp#27;[31mcom.microsoft.playwright.TimeoutError: Error {
  message='Timeout 30000ms exceeded.
  name='TimeoutError
  stack='TimeoutError: Timeout 30000ms exceeded.
    at ProgressController.run (/private/var/folders/m8/d_ml1jqs5rdf6m9md2pykmkh0000gn/T/playwright-java-4336040391069677089/package/lib/server/progress.js:87:26)
    at Frame._callOnElementOnceMatches (/private/var/folders/m8/d_ml1jqs5rdf6m9md2pykmkh0000gn/T/playwright-java-4336040391069677089/package/lib/server/frames.js:1399:23)
    at Frame.textContent (/private/var/folders/m8/d_ml1jqs5rdf6m9md2pykmkh0000gn/T/playwright-java-4336040391069677089/package/lib/server/frames.js:1056:17)
    at FrameDispatcher.textContent (/private/var/folders/m8/d_ml1jqs5rdf6m9md2pykmkh0000gn/T/playwright-java-4336040391069677089/package/lib/server/dispatchers/frameDispatcher.js:179:37)
    at FrameDispatcher._handleCommand (/private/var/folders/m8/d_ml1jqs5rdf6m9md2pykmkh0000gn/T/playwright-java-4336040391069677089/package/lib/server/dispatchers/dispatcher.js:94:40)
    at DispatcherConnection.dispatch (/private/var/folders/m8/d_ml1jqs5rdf6m9md2pykmkh0000gn/T/playwright-java-4336040391069677089/package/lib/server/dispatchers/dispatcher.js:362:39)
}
Call log:
- waiting for locator(".alert")

	at com.microsoft.playwright.impl.WaitableResult.get(WaitableResult.java:52)
	at com.microsoft.playwright.impl.ChannelOwner.runUntil(ChannelOwner.java:120)
	at com.microsoft.playwright.impl.Connection.sendMessage(Connection.java:129)
	at com.microsoft.playwright.impl.ChannelOwner.sendMessage(ChannelOwner.java:106)
	at com.microsoft.playwright.impl.FrameImpl.textContentImpl(FrameImpl.java:818)
	at com.microsoft.playwright.impl.FrameImpl.lambda$textContent$38(FrameImpl.java:809)
	at com.microsoft.playwright.impl.LoggingSupport.withLogging(LoggingSupport.java:47)
	at com.microsoft.playwright.impl.ChannelOwner.withLogging(ChannelOwner.java:89)
	at com.microsoft.playwright.impl.FrameImpl.textContent(FrameImpl.java:809)
	at com.microsoft.playwright.impl.LocatorImpl.textContent(LocatorImpl.java:566)
	at com.microsoft.playwright.Locator.textContent(Locator.java:5090)
	at com.test.roku.utils.AssertionUtils.assertEquals(AssertionUtils.java:15)
	at com.test.roku.steps.ContactUsPageAssertions.assertErrorDisplayedForInvalidFormat(ContactUsPageAssertions.java:168)
	at com.test.roku.steps.ContactUsSteps.userShouldBeDisplayedInvalidFormatErrorMessage(ContactUsSteps.java:141)
	at ✽.User should be displayed invalid "Phone" format error message(file:///Users/sanju/Desktop/PlaywightJavaWorkSpace/PlayWrightJavaAutomation/src/test/java/features/contactUs.feature:87)
Caused by: com.microsoft.playwright.TimeoutError: Error {
  message='Timeout 30000ms exceeded.
  name='TimeoutError
  stack='TimeoutError: Timeout 30000ms exceeded.
    at ProgressController.run (/private/var/folders/m8/d_ml1jqs5rdf6m9md2pykmkh0000gn/T/playwright-java-4336040391069677089/package/lib/server/progress.js:87:26)
    at Frame._callOnElementOnceMatches (/private/var/folders/m8/d_ml1jqs5rdf6m9md2pykmkh0000gn/T/playwright-java-4336040391069677089/package/lib/server/frames.js:1399:23)
    at Frame.textContent (/private/var/folders/m8/d_ml1jqs5rdf6m9md2pykmkh0000gn/T/playwright-java-4336040391069677089/package/lib/server/frames.js:1056:17)
    at FrameDispatcher.textContent (/private/var/folders/m8/d_ml1jqs5rdf6m9md2pykmkh0000gn/T/playwright-java-4336040391069677089/package/lib/server/dispatchers/frameDispatcher.js:179:37)
    at FrameDispatcher._handleCommand (/private/var/folders/m8/d_ml1jqs5rdf6m9md2pykmkh0000gn/T/playwright-java-4336040391069677089/package/lib/server/dispatchers/dispatcher.js:94:40)
    at DispatcherConnection.dispatch (/private/var/folders/m8/d_ml1jqs5rdf6m9md2pykmkh0000gn/T/playwright-java-4336040391069677089/package/lib/server/dispatchers/dispatcher.js:362:39)
}
Call log:
- waiting for locator(".alert")

	at com.microsoft.playwright.impl.Connection.dispatch(Connection.java:254)
	at com.microsoft.playwright.impl.Connection.processOneMessage(Connection.java:209)
	at com.microsoft.playwright.impl.ChannelOwner.runUntil(ChannelOwner.java:118)
	at com.microsoft.playwright.impl.Connection.sendMessage(Connection.java:129)
	at com.microsoft.playwright.impl.ChannelOwner.sendMessage(ChannelOwner.java:106)
	at com.microsoft.playwright.impl.FrameImpl.textContentImpl(FrameImpl.java:818)
	at com.microsoft.playwright.impl.FrameImpl.lambda$textContent$38(FrameImpl.java:809)
	at com.microsoft.playwright.impl.LoggingSupport.withLogging(LoggingSupport.java:47)
	at com.microsoft.playwright.impl.ChannelOwner.withLogging(ChannelOwner.java:89)
	at com.microsoft.playwright.impl.FrameImpl.textContent(FrameImpl.java:809)
	at com.microsoft.playwright.impl.LocatorImpl.textContent(LocatorImpl.java:566)
	at com.microsoft.playwright.Locator.textContent(Locator.java:5090)
	at com.test.roku.utils.AssertionUtils.assertEquals(AssertionUtils.java:15)
	at com.test.roku.steps.ContactUsPageAssertions.assertErrorDisplayedForInvalidFormat(ContactUsPageAssertions.java:168)
	at com.test.roku.steps.ContactUsSteps.userShouldBeDisplayedInvalidFormatErrorMessage(ContactUsSteps.java:141)
	at java.base/jdk.internal.reflect.DirectMethodHandleAccessor.invoke(DirectMethodHandleAccessor.java:103)
	at java.base/java.lang.reflect.Method.invoke(Method.java:580)
	at io.cucumber.java.Invoker.doInvoke(Invoker.java:66)
	at io.cucumber.java.Invoker.invoke(Invoker.java:24)
	at io.cucumber.java.AbstractGlueDefinition.invokeMethod(AbstractGlueDefinition.java:47)
	at io.cucumber.java.JavaStepDefinition.execute(JavaStepDefinition.java:29)
	at io.cucumber.core.runner.CoreStepDefinition.execute(CoreStepDefinition.java:66)
	at io.cucumber.core.runner.PickleStepDefinitionMatch.runStep(PickleStepDefinitionMatch.java:63)
	at io.cucumber.core.runner.ExecutionMode$1.execute(ExecutionMode.java:10)
	at io.cucumber.core.runner.TestStep.executeStep(TestStep.java:86)
	at io.cucumber.core.runner.TestStep.run(TestStep.java:57)
	at io.cucumber.core.runner.PickleStepTestStep.run(PickleStepTestStep.java:51)
	at io.cucumber.core.runner.TestCase.run(TestCase.java:95)
	at io.cucumber.core.runner.Runner.runPickle(Runner.java:75)
	at io.cucumber.testng.TestNGCucumberRunner.lambda$runScenario$1(TestNGCucumberRunner.java:132)
	at io.cucumber.core.runtime.CucumberExecutionContext.lambda$runTestCase$3(CucumberExecutionContext.java:151)
	at io.cucumber.core.runtime.RethrowingThrowableCollector.executeAndThrow(RethrowingThrowableCollector.java:23)
	at io.cucumber.core.runtime.CucumberExecutionContext.runTestCase(CucumberExecutionContext.java:151)
	at io.cucumber.testng.TestNGCucumberRunner.runScenario(TestNGCucumberRunner.java:129)
	at io.cucumber.testng.AbstractTestNGCucumberTests.runScenario(AbstractTestNGCucumberTests.java:35)
	at java.base/jdk.internal.reflect.DirectMethodHandleAccessor.invoke(DirectMethodHandleAccessor.java:103)
	at java.base/java.lang.reflect.Method.invoke(Method.java:580)
	at org.testng.internal.invokers.MethodInvocationHelper.invokeMethod(MethodInvocationHelper.java:139)
	at org.testng.internal.invokers.TestInvoker.invokeMethod(TestInvoker.java:664)
	at org.testng.internal.invokers.TestInvoker.invokeTestMethod(TestInvoker.java:228)
	at org.testng.internal.invokers.MethodRunner.runInSequence(MethodRunner.java:63)
	at org.testng.internal.invokers.TestInvoker$MethodInvocationAgent.invoke(TestInvoker.java:961)
	at org.testng.internal.invokers.TestInvoker.invokeTestMethods(TestInvoker.java:201)
	at org.testng.internal.invokers.TestMethodWorker.invokeTestMethods(TestMethodWorker.java:148)
	at org.testng.internal.invokers.TestMethodWorker.run(TestMethodWorker.java:128)
	at java.base/java.util.ArrayList.forEach(ArrayList.java:1596)
	at org.testng.TestRunner.privateRun(TestRunner.java:819)
	at org.testng.TestRunner.run(TestRunner.java:619)
	at org.testng.SuiteRunner.runTest(SuiteRunner.java:443)
	at org.testng.SuiteRunner.runSequentially(SuiteRunner.java:437)
	at org.testng.SuiteRunner.privateRun(SuiteRunner.java:397)
	at org.testng.SuiteRunner.run(SuiteRunner.java:336)
	at org.testng.SuiteRunnerWorker.runSuite(SuiteRunnerWorker.java:52)
	at org.testng.SuiteRunnerWorker.run(SuiteRunnerWorker.java:95)
	at org.testng.TestNG.runSuitesSequentially(TestNG.java:1301)
	at org.testng.TestNG.runSuitesLocally(TestNG.java:1228)
	at org.testng.TestNG.runSuites(TestNG.java:1134)
	at org.testng.TestNG.run(TestNG.java:1101)
	at org.apache.maven.surefire.testng.TestNGExecutor.run(TestNGExecutor.java:155)
	at org.apache.maven.surefire.testng.TestNGDirectoryTestSuite.executeSingleClass(TestNGDirectoryTestSuite.java:102)
	at org.apache.maven.surefire.testng.TestNGDirectoryTestSuite.execute(TestNGDirectoryTestSuite.java:91)
	at org.apache.maven.surefire.testng.TestNGProvider.invoke(TestNGProvider.java:137)
	at org.apache.maven.surefire.booter.ForkedBooter.runSuitesInProcess(ForkedBooter.java:385)
	at org.apache.maven.surefire.booter.ForkedBooter.execute(ForkedBooter.java:162)
	at org.apache.maven.surefire.booter.ForkedBooter.run(ForkedBooter.java:507)
	at org.apache.maven.surefire.booter.ForkedBooter.main(ForkedBooter.java:495)
&amp#27;[0m

    Embedding image [image/png 42481 bytes]

]]></system-out>
  </testcase>
  <testcase name="runScenario[&quot;Verify user should not be able to submit invalid Phone Number : &quot;stringWith42353254&quot;&quot;, &quot;User should be able to submit contact us request&quot;](24)" classname="runner.TestRunner" time="31.862">
    <failure message="Error {&#10;  message=&apos;Timeout 30000ms exceeded.&#10;  name=&apos;TimeoutError&#10;  stack=&apos;TimeoutError: Timeout 30000ms exceeded.&#10;    at ProgressController.run (/private/var/folders/m8/d_ml1jqs5rdf6m9md2pykmkh0000gn/T/playwright-java-4336040391069677089/package/lib/server/progress.js:87:26)&#10;    at Frame._callOnElementOnceMatches (/private/var/folders/m8/d_ml1jqs5rdf6m9md2pykmkh0000gn/T/playwright-java-4336040391069677089/package/lib/server/frames.js:1399:23)&#10;    at Frame.textContent (/private/var/folders/m8/d_ml1jqs5rdf6m9md2pykmkh0000gn/T/playwright-java-4336040391069677089/package/lib/server/frames.js:1056:17)&#10;    at FrameDispatcher.textContent (/private/var/folders/m8/d_ml1jqs5rdf6m9md2pykmkh0000gn/T/playwright-java-4336040391069677089/package/lib/server/dispatchers/frameDispatcher.js:179:37)&#10;    at FrameDispatcher._handleCommand (/private/var/folders/m8/d_ml1jqs5rdf6m9md2pykmkh0000gn/T/playwright-java-4336040391069677089/package/lib/server/dispatchers/dispatcher.js:94:40)&#10;    at DispatcherConnection.dispatch (/private/var/folders/m8/d_ml1jqs5rdf6m9md2pykmkh0000gn/T/playwright-java-4336040391069677089/package/lib/server/dispatchers/dispatcher.js:362:39)&#10;}&#10;Call log:&#10;- waiting for locator(&quot;.alert&quot;)&#10;" type="com.microsoft.playwright.TimeoutError"><![CDATA[com.microsoft.playwright.TimeoutError: 
Error {
  message='Timeout 30000ms exceeded.
  name='TimeoutError
  stack='TimeoutError: Timeout 30000ms exceeded.
    at ProgressController.run (/private/var/folders/m8/d_ml1jqs5rdf6m9md2pykmkh0000gn/T/playwright-java-4336040391069677089/package/lib/server/progress.js:87:26)
    at Frame._callOnElementOnceMatches (/private/var/folders/m8/d_ml1jqs5rdf6m9md2pykmkh0000gn/T/playwright-java-4336040391069677089/package/lib/server/frames.js:1399:23)
    at Frame.textContent (/private/var/folders/m8/d_ml1jqs5rdf6m9md2pykmkh0000gn/T/playwright-java-4336040391069677089/package/lib/server/frames.js:1056:17)
    at FrameDispatcher.textContent (/private/var/folders/m8/d_ml1jqs5rdf6m9md2pykmkh0000gn/T/playwright-java-4336040391069677089/package/lib/server/dispatchers/frameDispatcher.js:179:37)
    at FrameDispatcher._handleCommand (/private/var/folders/m8/d_ml1jqs5rdf6m9md2pykmkh0000gn/T/playwright-java-4336040391069677089/package/lib/server/dispatchers/dispatcher.js:94:40)
    at DispatcherConnection.dispatch (/private/var/folders/m8/d_ml1jqs5rdf6m9md2pykmkh0000gn/T/playwright-java-4336040391069677089/package/lib/server/dispatchers/dispatcher.js:362:39)
}
Call log:
- waiting for locator(".alert")

	at com.microsoft.playwright.impl.WaitableResult.get(WaitableResult.java:52)
	at com.microsoft.playwright.impl.ChannelOwner.runUntil(ChannelOwner.java:120)
	at com.microsoft.playwright.impl.Connection.sendMessage(Connection.java:129)
	at com.microsoft.playwright.impl.ChannelOwner.sendMessage(ChannelOwner.java:106)
	at com.microsoft.playwright.impl.FrameImpl.textContentImpl(FrameImpl.java:818)
	at com.microsoft.playwright.impl.FrameImpl.lambda$textContent$38(FrameImpl.java:809)
	at com.microsoft.playwright.impl.LoggingSupport.withLogging(LoggingSupport.java:47)
	at com.microsoft.playwright.impl.ChannelOwner.withLogging(ChannelOwner.java:89)
	at com.microsoft.playwright.impl.FrameImpl.textContent(FrameImpl.java:809)
	at com.microsoft.playwright.impl.LocatorImpl.textContent(LocatorImpl.java:566)
	at com.microsoft.playwright.Locator.textContent(Locator.java:5090)
	at com.test.roku.utils.AssertionUtils.assertEquals(AssertionUtils.java:15)
	at com.test.roku.steps.ContactUsPageAssertions.assertErrorDisplayedForInvalidFormat(ContactUsPageAssertions.java:168)
	at com.test.roku.steps.ContactUsSteps.userShouldBeDisplayedInvalidFormatErrorMessage(ContactUsSteps.java:141)
	at ✽.User should be displayed invalid "Phone" format error message(file:///Users/sanju/Desktop/PlaywightJavaWorkSpace/PlayWrightJavaAutomation/src/test/java/features/contactUs.feature:87)
Caused by: com.microsoft.playwright.TimeoutError: Error {
  message='Timeout 30000ms exceeded.
  name='TimeoutError
  stack='TimeoutError: Timeout 30000ms exceeded.
    at ProgressController.run (/private/var/folders/m8/d_ml1jqs5rdf6m9md2pykmkh0000gn/T/playwright-java-4336040391069677089/package/lib/server/progress.js:87:26)
    at Frame._callOnElementOnceMatches (/private/var/folders/m8/d_ml1jqs5rdf6m9md2pykmkh0000gn/T/playwright-java-4336040391069677089/package/lib/server/frames.js:1399:23)
    at Frame.textContent (/private/var/folders/m8/d_ml1jqs5rdf6m9md2pykmkh0000gn/T/playwright-java-4336040391069677089/package/lib/server/frames.js:1056:17)
    at FrameDispatcher.textContent (/private/var/folders/m8/d_ml1jqs5rdf6m9md2pykmkh0000gn/T/playwright-java-4336040391069677089/package/lib/server/dispatchers/frameDispatcher.js:179:37)
    at FrameDispatcher._handleCommand (/private/var/folders/m8/d_ml1jqs5rdf6m9md2pykmkh0000gn/T/playwright-java-4336040391069677089/package/lib/server/dispatchers/dispatcher.js:94:40)
    at DispatcherConnection.dispatch (/private/var/folders/m8/d_ml1jqs5rdf6m9md2pykmkh0000gn/T/playwright-java-4336040391069677089/package/lib/server/dispatchers/dispatcher.js:362:39)
}
Call log:
- waiting for locator(".alert")

	at com.microsoft.playwright.impl.Connection.dispatch(Connection.java:254)
	at com.microsoft.playwright.impl.Connection.processOneMessage(Connection.java:209)
	at com.microsoft.playwright.impl.ChannelOwner.runUntil(ChannelOwner.java:118)
	at com.microsoft.playwright.impl.Connection.sendMessage(Connection.java:129)
	at com.microsoft.playwright.impl.ChannelOwner.sendMessage(ChannelOwner.java:106)
	at com.microsoft.playwright.impl.FrameImpl.textContentImpl(FrameImpl.java:818)
	at com.microsoft.playwright.impl.FrameImpl.lambda$textContent$38(FrameImpl.java:809)
	at com.microsoft.playwright.impl.LoggingSupport.withLogging(LoggingSupport.java:47)
	at com.microsoft.playwright.impl.ChannelOwner.withLogging(ChannelOwner.java:89)
	at com.microsoft.playwright.impl.FrameImpl.textContent(FrameImpl.java:809)
	at com.microsoft.playwright.impl.LocatorImpl.textContent(LocatorImpl.java:566)
	at com.microsoft.playwright.Locator.textContent(Locator.java:5090)
	at com.test.roku.utils.AssertionUtils.assertEquals(AssertionUtils.java:15)
	at com.test.roku.steps.ContactUsPageAssertions.assertErrorDisplayedForInvalidFormat(ContactUsPageAssertions.java:168)
	at com.test.roku.steps.ContactUsSteps.userShouldBeDisplayedInvalidFormatErrorMessage(ContactUsSteps.java:141)
	at java.base/jdk.internal.reflect.DirectMethodHandleAccessor.invoke(DirectMethodHandleAccessor.java:103)
	at java.base/java.lang.reflect.Method.invoke(Method.java:580)
	at io.cucumber.java.Invoker.doInvoke(Invoker.java:66)
	at io.cucumber.java.Invoker.invoke(Invoker.java:24)
	at io.cucumber.java.AbstractGlueDefinition.invokeMethod(AbstractGlueDefinition.java:47)
	at io.cucumber.java.JavaStepDefinition.execute(JavaStepDefinition.java:29)
	at io.cucumber.core.runner.CoreStepDefinition.execute(CoreStepDefinition.java:66)
	at io.cucumber.core.runner.PickleStepDefinitionMatch.runStep(PickleStepDefinitionMatch.java:63)
	at io.cucumber.core.runner.ExecutionMode$1.execute(ExecutionMode.java:10)
	at io.cucumber.core.runner.TestStep.executeStep(TestStep.java:86)
	at io.cucumber.core.runner.TestStep.run(TestStep.java:57)
	at io.cucumber.core.runner.PickleStepTestStep.run(PickleStepTestStep.java:51)
	at io.cucumber.core.runner.TestCase.run(TestCase.java:95)
	at io.cucumber.core.runner.Runner.runPickle(Runner.java:75)
	at io.cucumber.testng.TestNGCucumberRunner.lambda$runScenario$1(TestNGCucumberRunner.java:132)
	at io.cucumber.core.runtime.CucumberExecutionContext.lambda$runTestCase$3(CucumberExecutionContext.java:151)
	at io.cucumber.core.runtime.RethrowingThrowableCollector.executeAndThrow(RethrowingThrowableCollector.java:23)
	at io.cucumber.core.runtime.CucumberExecutionContext.runTestCase(CucumberExecutionContext.java:151)
	at io.cucumber.testng.TestNGCucumberRunner.runScenario(TestNGCucumberRunner.java:129)
	at io.cucumber.testng.AbstractTestNGCucumberTests.runScenario(AbstractTestNGCucumberTests.java:35)
	at java.base/jdk.internal.reflect.DirectMethodHandleAccessor.invoke(DirectMethodHandleAccessor.java:103)
	at java.base/java.lang.reflect.Method.invoke(Method.java:580)
	at org.testng.internal.invokers.MethodInvocationHelper.invokeMethod(MethodInvocationHelper.java:139)
	at org.testng.internal.invokers.TestInvoker.invokeMethod(TestInvoker.java:664)
	at org.testng.internal.invokers.TestInvoker.invokeTestMethod(TestInvoker.java:228)
	at org.testng.internal.invokers.MethodRunner.runInSequence(MethodRunner.java:63)
	at org.testng.internal.invokers.TestInvoker$MethodInvocationAgent.invoke(TestInvoker.java:961)
	at org.testng.internal.invokers.TestInvoker.invokeTestMethods(TestInvoker.java:201)
	at org.testng.internal.invokers.TestMethodWorker.invokeTestMethods(TestMethodWorker.java:148)
	at org.testng.internal.invokers.TestMethodWorker.run(TestMethodWorker.java:128)
	at java.base/java.util.ArrayList.forEach(ArrayList.java:1596)
	at org.testng.TestRunner.privateRun(TestRunner.java:819)
	at org.testng.TestRunner.run(TestRunner.java:619)
	at org.testng.SuiteRunner.runTest(SuiteRunner.java:443)
	at org.testng.SuiteRunner.runSequentially(SuiteRunner.java:437)
	at org.testng.SuiteRunner.privateRun(SuiteRunner.java:397)
	at org.testng.SuiteRunner.run(SuiteRunner.java:336)
	at org.testng.SuiteRunnerWorker.runSuite(SuiteRunnerWorker.java:52)
	at org.testng.SuiteRunnerWorker.run(SuiteRunnerWorker.java:95)
	at org.testng.TestNG.runSuitesSequentially(TestNG.java:1301)
	at org.testng.TestNG.runSuitesLocally(TestNG.java:1228)
	at org.testng.TestNG.runSuites(TestNG.java:1134)
	at org.testng.TestNG.run(TestNG.java:1101)
	at org.apache.maven.surefire.testng.TestNGExecutor.run(TestNGExecutor.java:155)
	at org.apache.maven.surefire.testng.TestNGDirectoryTestSuite.executeSingleClass(TestNGDirectoryTestSuite.java:102)
	at org.apache.maven.surefire.testng.TestNGDirectoryTestSuite.execute(TestNGDirectoryTestSuite.java:91)
	at org.apache.maven.surefire.testng.TestNGProvider.invoke(TestNGProvider.java:137)
	at org.apache.maven.surefire.booter.ForkedBooter.runSuitesInProcess(ForkedBooter.java:385)
	at org.apache.maven.surefire.booter.ForkedBooter.execute(ForkedBooter.java:162)
	at org.apache.maven.surefire.booter.ForkedBooter.run(ForkedBooter.java:507)
	at org.apache.maven.surefire.booter.ForkedBooter.main(ForkedBooter.java:495)
]]></failure>
    <system-out><![CDATA[
@Regression @ContactUs
Scenario Outline: Verify user should not be able to submit invalid Phone Number : "stringWith42353254" &amp#27;[90m# src/test/java/features/contactUs.feature:92&amp#27;[0m
WEBELEMENTS INITIALISED!!!!
  &amp#27;[32mGiven &amp#27;[0m&amp#27;[32mUser is on the contact us page of the application and scrolled down&amp#27;[0m                            &amp#27;[90m# com.test.roku.steps.ContactUsSteps.userIsOnTheContactUsPageOfTheApplicationAndScrolledDown()&amp#27;[0m

    Embedding image [image/png 79519 bytes]

  &amp#27;[32mWhen &amp#27;[0m&amp#27;[32mUser enters &amp#27;[0m&amp#27;[32m&amp#27;[1m"stringWith42353254"&amp#27;[0m&amp#27;[32m in the phone field&amp#27;[0m                                             &amp#27;[90m# com.test.roku.steps.ContactUsSteps.userEntersInvalidPhoneInThePhoneField(java.lang.String)&amp#27;[0m

    Embedding image [image/png 47228 bytes]

  &amp#27;[32mAnd &amp#27;[0m&amp#27;[32mClick on submit button&amp#27;[0m                                                                           &amp#27;[90m# com.test.roku.steps.ContactUsSteps.clickOnSubmitButton()&amp#27;[0m

    Embedding image [image/png 47358 bytes]

  &amp#27;[31mThen &amp#27;[0m&amp#27;[31mUser should be displayed invalid &amp#27;[0m&amp#27;[31m&amp#27;[1m"Phone"&amp#27;[0m&amp#27;[31m format error message&amp#27;[0m                                   &amp#27;[90m# com.test.roku.steps.ContactUsSteps.userShouldBeDisplayedInvalidFormatErrorMessage(java.lang.String)&amp#27;[0m
      &amp#27;[31mcom.microsoft.playwright.TimeoutError: Error {
  message='Timeout 30000ms exceeded.
  name='TimeoutError
  stack='TimeoutError: Timeout 30000ms exceeded.
    at ProgressController.run (/private/var/folders/m8/d_ml1jqs5rdf6m9md2pykmkh0000gn/T/playwright-java-4336040391069677089/package/lib/server/progress.js:87:26)
    at Frame._callOnElementOnceMatches (/private/var/folders/m8/d_ml1jqs5rdf6m9md2pykmkh0000gn/T/playwright-java-4336040391069677089/package/lib/server/frames.js:1399:23)
    at Frame.textContent (/private/var/folders/m8/d_ml1jqs5rdf6m9md2pykmkh0000gn/T/playwright-java-4336040391069677089/package/lib/server/frames.js:1056:17)
    at FrameDispatcher.textContent (/private/var/folders/m8/d_ml1jqs5rdf6m9md2pykmkh0000gn/T/playwright-java-4336040391069677089/package/lib/server/dispatchers/frameDispatcher.js:179:37)
    at FrameDispatcher._handleCommand (/private/var/folders/m8/d_ml1jqs5rdf6m9md2pykmkh0000gn/T/playwright-java-4336040391069677089/package/lib/server/dispatchers/dispatcher.js:94:40)
    at DispatcherConnection.dispatch (/private/var/folders/m8/d_ml1jqs5rdf6m9md2pykmkh0000gn/T/playwright-java-4336040391069677089/package/lib/server/dispatchers/dispatcher.js:362:39)
}
Call log:
- waiting for locator(".alert")

	at com.microsoft.playwright.impl.WaitableResult.get(WaitableResult.java:52)
	at com.microsoft.playwright.impl.ChannelOwner.runUntil(ChannelOwner.java:120)
	at com.microsoft.playwright.impl.Connection.sendMessage(Connection.java:129)
	at com.microsoft.playwright.impl.ChannelOwner.sendMessage(ChannelOwner.java:106)
	at com.microsoft.playwright.impl.FrameImpl.textContentImpl(FrameImpl.java:818)
	at com.microsoft.playwright.impl.FrameImpl.lambda$textContent$38(FrameImpl.java:809)
	at com.microsoft.playwright.impl.LoggingSupport.withLogging(LoggingSupport.java:47)
	at com.microsoft.playwright.impl.ChannelOwner.withLogging(ChannelOwner.java:89)
	at com.microsoft.playwright.impl.FrameImpl.textContent(FrameImpl.java:809)
	at com.microsoft.playwright.impl.LocatorImpl.textContent(LocatorImpl.java:566)
	at com.microsoft.playwright.Locator.textContent(Locator.java:5090)
	at com.test.roku.utils.AssertionUtils.assertEquals(AssertionUtils.java:15)
	at com.test.roku.steps.ContactUsPageAssertions.assertErrorDisplayedForInvalidFormat(ContactUsPageAssertions.java:168)
	at com.test.roku.steps.ContactUsSteps.userShouldBeDisplayedInvalidFormatErrorMessage(ContactUsSteps.java:141)
	at ✽.User should be displayed invalid "Phone" format error message(file:///Users/sanju/Desktop/PlaywightJavaWorkSpace/PlayWrightJavaAutomation/src/test/java/features/contactUs.feature:87)
Caused by: com.microsoft.playwright.TimeoutError: Error {
  message='Timeout 30000ms exceeded.
  name='TimeoutError
  stack='TimeoutError: Timeout 30000ms exceeded.
    at ProgressController.run (/private/var/folders/m8/d_ml1jqs5rdf6m9md2pykmkh0000gn/T/playwright-java-4336040391069677089/package/lib/server/progress.js:87:26)
    at Frame._callOnElementOnceMatches (/private/var/folders/m8/d_ml1jqs5rdf6m9md2pykmkh0000gn/T/playwright-java-4336040391069677089/package/lib/server/frames.js:1399:23)
    at Frame.textContent (/private/var/folders/m8/d_ml1jqs5rdf6m9md2pykmkh0000gn/T/playwright-java-4336040391069677089/package/lib/server/frames.js:1056:17)
    at FrameDispatcher.textContent (/private/var/folders/m8/d_ml1jqs5rdf6m9md2pykmkh0000gn/T/playwright-java-4336040391069677089/package/lib/server/dispatchers/frameDispatcher.js:179:37)
    at FrameDispatcher._handleCommand (/private/var/folders/m8/d_ml1jqs5rdf6m9md2pykmkh0000gn/T/playwright-java-4336040391069677089/package/lib/server/dispatchers/dispatcher.js:94:40)
    at DispatcherConnection.dispatch (/private/var/folders/m8/d_ml1jqs5rdf6m9md2pykmkh0000gn/T/playwright-java-4336040391069677089/package/lib/server/dispatchers/dispatcher.js:362:39)
}
Call log:
- waiting for locator(".alert")

	at com.microsoft.playwright.impl.Connection.dispatch(Connection.java:254)
	at com.microsoft.playwright.impl.Connection.processOneMessage(Connection.java:209)
	at com.microsoft.playwright.impl.ChannelOwner.runUntil(ChannelOwner.java:118)
	at com.microsoft.playwright.impl.Connection.sendMessage(Connection.java:129)
	at com.microsoft.playwright.impl.ChannelOwner.sendMessage(ChannelOwner.java:106)
	at com.microsoft.playwright.impl.FrameImpl.textContentImpl(FrameImpl.java:818)
	at com.microsoft.playwright.impl.FrameImpl.lambda$textContent$38(FrameImpl.java:809)
	at com.microsoft.playwright.impl.LoggingSupport.withLogging(LoggingSupport.java:47)
	at com.microsoft.playwright.impl.ChannelOwner.withLogging(ChannelOwner.java:89)
	at com.microsoft.playwright.impl.FrameImpl.textContent(FrameImpl.java:809)
	at com.microsoft.playwright.impl.LocatorImpl.textContent(LocatorImpl.java:566)
	at com.microsoft.playwright.Locator.textContent(Locator.java:5090)
	at com.test.roku.utils.AssertionUtils.assertEquals(AssertionUtils.java:15)
	at com.test.roku.steps.ContactUsPageAssertions.assertErrorDisplayedForInvalidFormat(ContactUsPageAssertions.java:168)
	at com.test.roku.steps.ContactUsSteps.userShouldBeDisplayedInvalidFormatErrorMessage(ContactUsSteps.java:141)
	at java.base/jdk.internal.reflect.DirectMethodHandleAccessor.invoke(DirectMethodHandleAccessor.java:103)
	at java.base/java.lang.reflect.Method.invoke(Method.java:580)
	at io.cucumber.java.Invoker.doInvoke(Invoker.java:66)
	at io.cucumber.java.Invoker.invoke(Invoker.java:24)
	at io.cucumber.java.AbstractGlueDefinition.invokeMethod(AbstractGlueDefinition.java:47)
	at io.cucumber.java.JavaStepDefinition.execute(JavaStepDefinition.java:29)
	at io.cucumber.core.runner.CoreStepDefinition.execute(CoreStepDefinition.java:66)
	at io.cucumber.core.runner.PickleStepDefinitionMatch.runStep(PickleStepDefinitionMatch.java:63)
	at io.cucumber.core.runner.ExecutionMode$1.execute(ExecutionMode.java:10)
	at io.cucumber.core.runner.TestStep.executeStep(TestStep.java:86)
	at io.cucumber.core.runner.TestStep.run(TestStep.java:57)
	at io.cucumber.core.runner.PickleStepTestStep.run(PickleStepTestStep.java:51)
	at io.cucumber.core.runner.TestCase.run(TestCase.java:95)
	at io.cucumber.core.runner.Runner.runPickle(Runner.java:75)
	at io.cucumber.testng.TestNGCucumberRunner.lambda$runScenario$1(TestNGCucumberRunner.java:132)
	at io.cucumber.core.runtime.CucumberExecutionContext.lambda$runTestCase$3(CucumberExecutionContext.java:151)
	at io.cucumber.core.runtime.RethrowingThrowableCollector.executeAndThrow(RethrowingThrowableCollector.java:23)
	at io.cucumber.core.runtime.CucumberExecutionContext.runTestCase(CucumberExecutionContext.java:151)
	at io.cucumber.testng.TestNGCucumberRunner.runScenario(TestNGCucumberRunner.java:129)
	at io.cucumber.testng.AbstractTestNGCucumberTests.runScenario(AbstractTestNGCucumberTests.java:35)
	at java.base/jdk.internal.reflect.DirectMethodHandleAccessor.invoke(DirectMethodHandleAccessor.java:103)
	at java.base/java.lang.reflect.Method.invoke(Method.java:580)
	at org.testng.internal.invokers.MethodInvocationHelper.invokeMethod(MethodInvocationHelper.java:139)
	at org.testng.internal.invokers.TestInvoker.invokeMethod(TestInvoker.java:664)
	at org.testng.internal.invokers.TestInvoker.invokeTestMethod(TestInvoker.java:228)
	at org.testng.internal.invokers.MethodRunner.runInSequence(MethodRunner.java:63)
	at org.testng.internal.invokers.TestInvoker$MethodInvocationAgent.invoke(TestInvoker.java:961)
	at org.testng.internal.invokers.TestInvoker.invokeTestMethods(TestInvoker.java:201)
	at org.testng.internal.invokers.TestMethodWorker.invokeTestMethods(TestMethodWorker.java:148)
	at org.testng.internal.invokers.TestMethodWorker.run(TestMethodWorker.java:128)
	at java.base/java.util.ArrayList.forEach(ArrayList.java:1596)
	at org.testng.TestRunner.privateRun(TestRunner.java:819)
	at org.testng.TestRunner.run(TestRunner.java:619)
	at org.testng.SuiteRunner.runTest(SuiteRunner.java:443)
	at org.testng.SuiteRunner.runSequentially(SuiteRunner.java:437)
	at org.testng.SuiteRunner.privateRun(SuiteRunner.java:397)
	at org.testng.SuiteRunner.run(SuiteRunner.java:336)
	at org.testng.SuiteRunnerWorker.runSuite(SuiteRunnerWorker.java:52)
	at org.testng.SuiteRunnerWorker.run(SuiteRunnerWorker.java:95)
	at org.testng.TestNG.runSuitesSequentially(TestNG.java:1301)
	at org.testng.TestNG.runSuitesLocally(TestNG.java:1228)
	at org.testng.TestNG.runSuites(TestNG.java:1134)
	at org.testng.TestNG.run(TestNG.java:1101)
	at org.apache.maven.surefire.testng.TestNGExecutor.run(TestNGExecutor.java:155)
	at org.apache.maven.surefire.testng.TestNGDirectoryTestSuite.executeSingleClass(TestNGDirectoryTestSuite.java:102)
	at org.apache.maven.surefire.testng.TestNGDirectoryTestSuite.execute(TestNGDirectoryTestSuite.java:91)
	at org.apache.maven.surefire.testng.TestNGProvider.invoke(TestNGProvider.java:137)
	at org.apache.maven.surefire.booter.ForkedBooter.runSuitesInProcess(ForkedBooter.java:385)
	at org.apache.maven.surefire.booter.ForkedBooter.execute(ForkedBooter.java:162)
	at org.apache.maven.surefire.booter.ForkedBooter.run(ForkedBooter.java:507)
	at org.apache.maven.surefire.booter.ForkedBooter.main(ForkedBooter.java:495)
&amp#27;[0m

    Embedding image [image/png 42481 bytes]

]]></system-out>
  </testcase>
  <testcase name="runScenario[&quot;Verify user should not be able to submit invalid Phone Number : &quot;!@£$%^&amp;*%^&amp;*&quot;&quot;, &quot;User should be able to submit contact us request&quot;](25)" classname="runner.TestRunner" time="31.838">
    <failure message="Error {&#10;  message=&apos;Timeout 30000ms exceeded.&#10;  name=&apos;TimeoutError&#10;  stack=&apos;TimeoutError: Timeout 30000ms exceeded.&#10;    at ProgressController.run (/private/var/folders/m8/d_ml1jqs5rdf6m9md2pykmkh0000gn/T/playwright-java-4336040391069677089/package/lib/server/progress.js:87:26)&#10;    at Frame._callOnElementOnceMatches (/private/var/folders/m8/d_ml1jqs5rdf6m9md2pykmkh0000gn/T/playwright-java-4336040391069677089/package/lib/server/frames.js:1399:23)&#10;    at Frame.textContent (/private/var/folders/m8/d_ml1jqs5rdf6m9md2pykmkh0000gn/T/playwright-java-4336040391069677089/package/lib/server/frames.js:1056:17)&#10;    at FrameDispatcher.textContent (/private/var/folders/m8/d_ml1jqs5rdf6m9md2pykmkh0000gn/T/playwright-java-4336040391069677089/package/lib/server/dispatchers/frameDispatcher.js:179:37)&#10;    at FrameDispatcher._handleCommand (/private/var/folders/m8/d_ml1jqs5rdf6m9md2pykmkh0000gn/T/playwright-java-4336040391069677089/package/lib/server/dispatchers/dispatcher.js:94:40)&#10;    at DispatcherConnection.dispatch (/private/var/folders/m8/d_ml1jqs5rdf6m9md2pykmkh0000gn/T/playwright-java-4336040391069677089/package/lib/server/dispatchers/dispatcher.js:362:39)&#10;}&#10;Call log:&#10;- waiting for locator(&quot;.alert&quot;)&#10;" type="com.microsoft.playwright.TimeoutError"><![CDATA[com.microsoft.playwright.TimeoutError: 
Error {
  message='Timeout 30000ms exceeded.
  name='TimeoutError
  stack='TimeoutError: Timeout 30000ms exceeded.
    at ProgressController.run (/private/var/folders/m8/d_ml1jqs5rdf6m9md2pykmkh0000gn/T/playwright-java-4336040391069677089/package/lib/server/progress.js:87:26)
    at Frame._callOnElementOnceMatches (/private/var/folders/m8/d_ml1jqs5rdf6m9md2pykmkh0000gn/T/playwright-java-4336040391069677089/package/lib/server/frames.js:1399:23)
    at Frame.textContent (/private/var/folders/m8/d_ml1jqs5rdf6m9md2pykmkh0000gn/T/playwright-java-4336040391069677089/package/lib/server/frames.js:1056:17)
    at FrameDispatcher.textContent (/private/var/folders/m8/d_ml1jqs5rdf6m9md2pykmkh0000gn/T/playwright-java-4336040391069677089/package/lib/server/dispatchers/frameDispatcher.js:179:37)
    at FrameDispatcher._handleCommand (/private/var/folders/m8/d_ml1jqs5rdf6m9md2pykmkh0000gn/T/playwright-java-4336040391069677089/package/lib/server/dispatchers/dispatcher.js:94:40)
    at DispatcherConnection.dispatch (/private/var/folders/m8/d_ml1jqs5rdf6m9md2pykmkh0000gn/T/playwright-java-4336040391069677089/package/lib/server/dispatchers/dispatcher.js:362:39)
}
Call log:
- waiting for locator(".alert")

	at com.microsoft.playwright.impl.WaitableResult.get(WaitableResult.java:52)
	at com.microsoft.playwright.impl.ChannelOwner.runUntil(ChannelOwner.java:120)
	at com.microsoft.playwright.impl.Connection.sendMessage(Connection.java:129)
	at com.microsoft.playwright.impl.ChannelOwner.sendMessage(ChannelOwner.java:106)
	at com.microsoft.playwright.impl.FrameImpl.textContentImpl(FrameImpl.java:818)
	at com.microsoft.playwright.impl.FrameImpl.lambda$textContent$38(FrameImpl.java:809)
	at com.microsoft.playwright.impl.LoggingSupport.withLogging(LoggingSupport.java:47)
	at com.microsoft.playwright.impl.ChannelOwner.withLogging(ChannelOwner.java:89)
	at com.microsoft.playwright.impl.FrameImpl.textContent(FrameImpl.java:809)
	at com.microsoft.playwright.impl.LocatorImpl.textContent(LocatorImpl.java:566)
	at com.microsoft.playwright.Locator.textContent(Locator.java:5090)
	at com.test.roku.utils.AssertionUtils.assertEquals(AssertionUtils.java:15)
	at com.test.roku.steps.ContactUsPageAssertions.assertErrorDisplayedForInvalidFormat(ContactUsPageAssertions.java:168)
	at com.test.roku.steps.ContactUsSteps.userShouldBeDisplayedInvalidFormatErrorMessage(ContactUsSteps.java:141)
	at ✽.User should be displayed invalid "Phone" format error message(file:///Users/sanju/Desktop/PlaywightJavaWorkSpace/PlayWrightJavaAutomation/src/test/java/features/contactUs.feature:87)
Caused by: com.microsoft.playwright.TimeoutError: Error {
  message='Timeout 30000ms exceeded.
  name='TimeoutError
  stack='TimeoutError: Timeout 30000ms exceeded.
    at ProgressController.run (/private/var/folders/m8/d_ml1jqs5rdf6m9md2pykmkh0000gn/T/playwright-java-4336040391069677089/package/lib/server/progress.js:87:26)
    at Frame._callOnElementOnceMatches (/private/var/folders/m8/d_ml1jqs5rdf6m9md2pykmkh0000gn/T/playwright-java-4336040391069677089/package/lib/server/frames.js:1399:23)
    at Frame.textContent (/private/var/folders/m8/d_ml1jqs5rdf6m9md2pykmkh0000gn/T/playwright-java-4336040391069677089/package/lib/server/frames.js:1056:17)
    at FrameDispatcher.textContent (/private/var/folders/m8/d_ml1jqs5rdf6m9md2pykmkh0000gn/T/playwright-java-4336040391069677089/package/lib/server/dispatchers/frameDispatcher.js:179:37)
    at FrameDispatcher._handleCommand (/private/var/folders/m8/d_ml1jqs5rdf6m9md2pykmkh0000gn/T/playwright-java-4336040391069677089/package/lib/server/dispatchers/dispatcher.js:94:40)
    at DispatcherConnection.dispatch (/private/var/folders/m8/d_ml1jqs5rdf6m9md2pykmkh0000gn/T/playwright-java-4336040391069677089/package/lib/server/dispatchers/dispatcher.js:362:39)
}
Call log:
- waiting for locator(".alert")

	at com.microsoft.playwright.impl.Connection.dispatch(Connection.java:254)
	at com.microsoft.playwright.impl.Connection.processOneMessage(Connection.java:209)
	at com.microsoft.playwright.impl.ChannelOwner.runUntil(ChannelOwner.java:118)
	at com.microsoft.playwright.impl.Connection.sendMessage(Connection.java:129)
	at com.microsoft.playwright.impl.ChannelOwner.sendMessage(ChannelOwner.java:106)
	at com.microsoft.playwright.impl.FrameImpl.textContentImpl(FrameImpl.java:818)
	at com.microsoft.playwright.impl.FrameImpl.lambda$textContent$38(FrameImpl.java:809)
	at com.microsoft.playwright.impl.LoggingSupport.withLogging(LoggingSupport.java:47)
	at com.microsoft.playwright.impl.ChannelOwner.withLogging(ChannelOwner.java:89)
	at com.microsoft.playwright.impl.FrameImpl.textContent(FrameImpl.java:809)
	at com.microsoft.playwright.impl.LocatorImpl.textContent(LocatorImpl.java:566)
	at com.microsoft.playwright.Locator.textContent(Locator.java:5090)
	at com.test.roku.utils.AssertionUtils.assertEquals(AssertionUtils.java:15)
	at com.test.roku.steps.ContactUsPageAssertions.assertErrorDisplayedForInvalidFormat(ContactUsPageAssertions.java:168)
	at com.test.roku.steps.ContactUsSteps.userShouldBeDisplayedInvalidFormatErrorMessage(ContactUsSteps.java:141)
	at java.base/jdk.internal.reflect.DirectMethodHandleAccessor.invoke(DirectMethodHandleAccessor.java:103)
	at java.base/java.lang.reflect.Method.invoke(Method.java:580)
	at io.cucumber.java.Invoker.doInvoke(Invoker.java:66)
	at io.cucumber.java.Invoker.invoke(Invoker.java:24)
	at io.cucumber.java.AbstractGlueDefinition.invokeMethod(AbstractGlueDefinition.java:47)
	at io.cucumber.java.JavaStepDefinition.execute(JavaStepDefinition.java:29)
	at io.cucumber.core.runner.CoreStepDefinition.execute(CoreStepDefinition.java:66)
	at io.cucumber.core.runner.PickleStepDefinitionMatch.runStep(PickleStepDefinitionMatch.java:63)
	at io.cucumber.core.runner.ExecutionMode$1.execute(ExecutionMode.java:10)
	at io.cucumber.core.runner.TestStep.executeStep(TestStep.java:86)
	at io.cucumber.core.runner.TestStep.run(TestStep.java:57)
	at io.cucumber.core.runner.PickleStepTestStep.run(PickleStepTestStep.java:51)
	at io.cucumber.core.runner.TestCase.run(TestCase.java:95)
	at io.cucumber.core.runner.Runner.runPickle(Runner.java:75)
	at io.cucumber.testng.TestNGCucumberRunner.lambda$runScenario$1(TestNGCucumberRunner.java:132)
	at io.cucumber.core.runtime.CucumberExecutionContext.lambda$runTestCase$3(CucumberExecutionContext.java:151)
	at io.cucumber.core.runtime.RethrowingThrowableCollector.executeAndThrow(RethrowingThrowableCollector.java:23)
	at io.cucumber.core.runtime.CucumberExecutionContext.runTestCase(CucumberExecutionContext.java:151)
	at io.cucumber.testng.TestNGCucumberRunner.runScenario(TestNGCucumberRunner.java:129)
	at io.cucumber.testng.AbstractTestNGCucumberTests.runScenario(AbstractTestNGCucumberTests.java:35)
	at java.base/jdk.internal.reflect.DirectMethodHandleAccessor.invoke(DirectMethodHandleAccessor.java:103)
	at java.base/java.lang.reflect.Method.invoke(Method.java:580)
	at org.testng.internal.invokers.MethodInvocationHelper.invokeMethod(MethodInvocationHelper.java:139)
	at org.testng.internal.invokers.TestInvoker.invokeMethod(TestInvoker.java:664)
	at org.testng.internal.invokers.TestInvoker.invokeTestMethod(TestInvoker.java:228)
	at org.testng.internal.invokers.MethodRunner.runInSequence(MethodRunner.java:63)
	at org.testng.internal.invokers.TestInvoker$MethodInvocationAgent.invoke(TestInvoker.java:961)
	at org.testng.internal.invokers.TestInvoker.invokeTestMethods(TestInvoker.java:201)
	at org.testng.internal.invokers.TestMethodWorker.invokeTestMethods(TestMethodWorker.java:148)
	at org.testng.internal.invokers.TestMethodWorker.run(TestMethodWorker.java:128)
	at java.base/java.util.ArrayList.forEach(ArrayList.java:1596)
	at org.testng.TestRunner.privateRun(TestRunner.java:819)
	at org.testng.TestRunner.run(TestRunner.java:619)
	at org.testng.SuiteRunner.runTest(SuiteRunner.java:443)
	at org.testng.SuiteRunner.runSequentially(SuiteRunner.java:437)
	at org.testng.SuiteRunner.privateRun(SuiteRunner.java:397)
	at org.testng.SuiteRunner.run(SuiteRunner.java:336)
	at org.testng.SuiteRunnerWorker.runSuite(SuiteRunnerWorker.java:52)
	at org.testng.SuiteRunnerWorker.run(SuiteRunnerWorker.java:95)
	at org.testng.TestNG.runSuitesSequentially(TestNG.java:1301)
	at org.testng.TestNG.runSuitesLocally(TestNG.java:1228)
	at org.testng.TestNG.runSuites(TestNG.java:1134)
	at org.testng.TestNG.run(TestNG.java:1101)
	at org.apache.maven.surefire.testng.TestNGExecutor.run(TestNGExecutor.java:155)
	at org.apache.maven.surefire.testng.TestNGDirectoryTestSuite.executeSingleClass(TestNGDirectoryTestSuite.java:102)
	at org.apache.maven.surefire.testng.TestNGDirectoryTestSuite.execute(TestNGDirectoryTestSuite.java:91)
	at org.apache.maven.surefire.testng.TestNGProvider.invoke(TestNGProvider.java:137)
	at org.apache.maven.surefire.booter.ForkedBooter.runSuitesInProcess(ForkedBooter.java:385)
	at org.apache.maven.surefire.booter.ForkedBooter.execute(ForkedBooter.java:162)
	at org.apache.maven.surefire.booter.ForkedBooter.run(ForkedBooter.java:507)
	at org.apache.maven.surefire.booter.ForkedBooter.main(ForkedBooter.java:495)
]]></failure>
    <system-out><![CDATA[
@Regression @ContactUs
Scenario Outline: Verify user should not be able to submit invalid Phone Number : "!@£$%^&*%^&*" &amp#27;[90m# src/test/java/features/contactUs.feature:93&amp#27;[0m
WEBELEMENTS INITIALISED!!!!
  &amp#27;[32mGiven &amp#27;[0m&amp#27;[32mUser is on the contact us page of the application and scrolled down&amp#27;[0m                      &amp#27;[90m# com.test.roku.steps.ContactUsSteps.userIsOnTheContactUsPageOfTheApplicationAndScrolledDown()&amp#27;[0m

    Embedding image [image/png 79519 bytes]

  &amp#27;[32mWhen &amp#27;[0m&amp#27;[32mUser enters &amp#27;[0m&amp#27;[32m&amp#27;[1m"!@£$%^&*%^&*"&amp#27;[0m&amp#27;[32m in the phone field&amp#27;[0m                                             &amp#27;[90m# com.test.roku.steps.ContactUsSteps.userEntersInvalidPhoneInThePhoneField(java.lang.String)&amp#27;[0m

    Embedding image [image/png 45894 bytes]

  &amp#27;[32mAnd &amp#27;[0m&amp#27;[32mClick on submit button&amp#27;[0m                                                                     &amp#27;[90m# com.test.roku.steps.ContactUsSteps.clickOnSubmitButton()&amp#27;[0m

    Embedding image [image/png 46038 bytes]

  &amp#27;[31mThen &amp#27;[0m&amp#27;[31mUser should be displayed invalid &amp#27;[0m&amp#27;[31m&amp#27;[1m"Phone"&amp#27;[0m&amp#27;[31m format error message&amp#27;[0m                             &amp#27;[90m# com.test.roku.steps.ContactUsSteps.userShouldBeDisplayedInvalidFormatErrorMessage(java.lang.String)&amp#27;[0m
      &amp#27;[31mcom.microsoft.playwright.TimeoutError: Error {
  message='Timeout 30000ms exceeded.
  name='TimeoutError
  stack='TimeoutError: Timeout 30000ms exceeded.
    at ProgressController.run (/private/var/folders/m8/d_ml1jqs5rdf6m9md2pykmkh0000gn/T/playwright-java-4336040391069677089/package/lib/server/progress.js:87:26)
    at Frame._callOnElementOnceMatches (/private/var/folders/m8/d_ml1jqs5rdf6m9md2pykmkh0000gn/T/playwright-java-4336040391069677089/package/lib/server/frames.js:1399:23)
    at Frame.textContent (/private/var/folders/m8/d_ml1jqs5rdf6m9md2pykmkh0000gn/T/playwright-java-4336040391069677089/package/lib/server/frames.js:1056:17)
    at FrameDispatcher.textContent (/private/var/folders/m8/d_ml1jqs5rdf6m9md2pykmkh0000gn/T/playwright-java-4336040391069677089/package/lib/server/dispatchers/frameDispatcher.js:179:37)
    at FrameDispatcher._handleCommand (/private/var/folders/m8/d_ml1jqs5rdf6m9md2pykmkh0000gn/T/playwright-java-4336040391069677089/package/lib/server/dispatchers/dispatcher.js:94:40)
    at DispatcherConnection.dispatch (/private/var/folders/m8/d_ml1jqs5rdf6m9md2pykmkh0000gn/T/playwright-java-4336040391069677089/package/lib/server/dispatchers/dispatcher.js:362:39)
}
Call log:
- waiting for locator(".alert")

	at com.microsoft.playwright.impl.WaitableResult.get(WaitableResult.java:52)
	at com.microsoft.playwright.impl.ChannelOwner.runUntil(ChannelOwner.java:120)
	at com.microsoft.playwright.impl.Connection.sendMessage(Connection.java:129)
	at com.microsoft.playwright.impl.ChannelOwner.sendMessage(ChannelOwner.java:106)
	at com.microsoft.playwright.impl.FrameImpl.textContentImpl(FrameImpl.java:818)
	at com.microsoft.playwright.impl.FrameImpl.lambda$textContent$38(FrameImpl.java:809)
	at com.microsoft.playwright.impl.LoggingSupport.withLogging(LoggingSupport.java:47)
	at com.microsoft.playwright.impl.ChannelOwner.withLogging(ChannelOwner.java:89)
	at com.microsoft.playwright.impl.FrameImpl.textContent(FrameImpl.java:809)
	at com.microsoft.playwright.impl.LocatorImpl.textContent(LocatorImpl.java:566)
	at com.microsoft.playwright.Locator.textContent(Locator.java:5090)
	at com.test.roku.utils.AssertionUtils.assertEquals(AssertionUtils.java:15)
	at com.test.roku.steps.ContactUsPageAssertions.assertErrorDisplayedForInvalidFormat(ContactUsPageAssertions.java:168)
	at com.test.roku.steps.ContactUsSteps.userShouldBeDisplayedInvalidFormatErrorMessage(ContactUsSteps.java:141)
	at ✽.User should be displayed invalid "Phone" format error message(file:///Users/sanju/Desktop/PlaywightJavaWorkSpace/PlayWrightJavaAutomation/src/test/java/features/contactUs.feature:87)
Caused by: com.microsoft.playwright.TimeoutError: Error {
  message='Timeout 30000ms exceeded.
  name='TimeoutError
  stack='TimeoutError: Timeout 30000ms exceeded.
    at ProgressController.run (/private/var/folders/m8/d_ml1jqs5rdf6m9md2pykmkh0000gn/T/playwright-java-4336040391069677089/package/lib/server/progress.js:87:26)
    at Frame._callOnElementOnceMatches (/private/var/folders/m8/d_ml1jqs5rdf6m9md2pykmkh0000gn/T/playwright-java-4336040391069677089/package/lib/server/frames.js:1399:23)
    at Frame.textContent (/private/var/folders/m8/d_ml1jqs5rdf6m9md2pykmkh0000gn/T/playwright-java-4336040391069677089/package/lib/server/frames.js:1056:17)
    at FrameDispatcher.textContent (/private/var/folders/m8/d_ml1jqs5rdf6m9md2pykmkh0000gn/T/playwright-java-4336040391069677089/package/lib/server/dispatchers/frameDispatcher.js:179:37)
    at FrameDispatcher._handleCommand (/private/var/folders/m8/d_ml1jqs5rdf6m9md2pykmkh0000gn/T/playwright-java-4336040391069677089/package/lib/server/dispatchers/dispatcher.js:94:40)
    at DispatcherConnection.dispatch (/private/var/folders/m8/d_ml1jqs5rdf6m9md2pykmkh0000gn/T/playwright-java-4336040391069677089/package/lib/server/dispatchers/dispatcher.js:362:39)
}
Call log:
- waiting for locator(".alert")

	at com.microsoft.playwright.impl.Connection.dispatch(Connection.java:254)
	at com.microsoft.playwright.impl.Connection.processOneMessage(Connection.java:209)
	at com.microsoft.playwright.impl.ChannelOwner.runUntil(ChannelOwner.java:118)
	at com.microsoft.playwright.impl.Connection.sendMessage(Connection.java:129)
	at com.microsoft.playwright.impl.ChannelOwner.sendMessage(ChannelOwner.java:106)
	at com.microsoft.playwright.impl.FrameImpl.textContentImpl(FrameImpl.java:818)
	at com.microsoft.playwright.impl.FrameImpl.lambda$textContent$38(FrameImpl.java:809)
	at com.microsoft.playwright.impl.LoggingSupport.withLogging(LoggingSupport.java:47)
	at com.microsoft.playwright.impl.ChannelOwner.withLogging(ChannelOwner.java:89)
	at com.microsoft.playwright.impl.FrameImpl.textContent(FrameImpl.java:809)
	at com.microsoft.playwright.impl.LocatorImpl.textContent(LocatorImpl.java:566)
	at com.microsoft.playwright.Locator.textContent(Locator.java:5090)
	at com.test.roku.utils.AssertionUtils.assertEquals(AssertionUtils.java:15)
	at com.test.roku.steps.ContactUsPageAssertions.assertErrorDisplayedForInvalidFormat(ContactUsPageAssertions.java:168)
	at com.test.roku.steps.ContactUsSteps.userShouldBeDisplayedInvalidFormatErrorMessage(ContactUsSteps.java:141)
	at java.base/jdk.internal.reflect.DirectMethodHandleAccessor.invoke(DirectMethodHandleAccessor.java:103)
	at java.base/java.lang.reflect.Method.invoke(Method.java:580)
	at io.cucumber.java.Invoker.doInvoke(Invoker.java:66)
	at io.cucumber.java.Invoker.invoke(Invoker.java:24)
	at io.cucumber.java.AbstractGlueDefinition.invokeMethod(AbstractGlueDefinition.java:47)
	at io.cucumber.java.JavaStepDefinition.execute(JavaStepDefinition.java:29)
	at io.cucumber.core.runner.CoreStepDefinition.execute(CoreStepDefinition.java:66)
	at io.cucumber.core.runner.PickleStepDefinitionMatch.runStep(PickleStepDefinitionMatch.java:63)
	at io.cucumber.core.runner.ExecutionMode$1.execute(ExecutionMode.java:10)
	at io.cucumber.core.runner.TestStep.executeStep(TestStep.java:86)
	at io.cucumber.core.runner.TestStep.run(TestStep.java:57)
	at io.cucumber.core.runner.PickleStepTestStep.run(PickleStepTestStep.java:51)
	at io.cucumber.core.runner.TestCase.run(TestCase.java:95)
	at io.cucumber.core.runner.Runner.runPickle(Runner.java:75)
	at io.cucumber.testng.TestNGCucumberRunner.lambda$runScenario$1(TestNGCucumberRunner.java:132)
	at io.cucumber.core.runtime.CucumberExecutionContext.lambda$runTestCase$3(CucumberExecutionContext.java:151)
	at io.cucumber.core.runtime.RethrowingThrowableCollector.executeAndThrow(RethrowingThrowableCollector.java:23)
	at io.cucumber.core.runtime.CucumberExecutionContext.runTestCase(CucumberExecutionContext.java:151)
	at io.cucumber.testng.TestNGCucumberRunner.runScenario(TestNGCucumberRunner.java:129)
	at io.cucumber.testng.AbstractTestNGCucumberTests.runScenario(AbstractTestNGCucumberTests.java:35)
	at java.base/jdk.internal.reflect.DirectMethodHandleAccessor.invoke(DirectMethodHandleAccessor.java:103)
	at java.base/java.lang.reflect.Method.invoke(Method.java:580)
	at org.testng.internal.invokers.MethodInvocationHelper.invokeMethod(MethodInvocationHelper.java:139)
	at org.testng.internal.invokers.TestInvoker.invokeMethod(TestInvoker.java:664)
	at org.testng.internal.invokers.TestInvoker.invokeTestMethod(TestInvoker.java:228)
	at org.testng.internal.invokers.MethodRunner.runInSequence(MethodRunner.java:63)
	at org.testng.internal.invokers.TestInvoker$MethodInvocationAgent.invoke(TestInvoker.java:961)
	at org.testng.internal.invokers.TestInvoker.invokeTestMethods(TestInvoker.java:201)
	at org.testng.internal.invokers.TestMethodWorker.invokeTestMethods(TestMethodWorker.java:148)
	at org.testng.internal.invokers.TestMethodWorker.run(TestMethodWorker.java:128)
	at java.base/java.util.ArrayList.forEach(ArrayList.java:1596)
	at org.testng.TestRunner.privateRun(TestRunner.java:819)
	at org.testng.TestRunner.run(TestRunner.java:619)
	at org.testng.SuiteRunner.runTest(SuiteRunner.java:443)
	at org.testng.SuiteRunner.runSequentially(SuiteRunner.java:437)
	at org.testng.SuiteRunner.privateRun(SuiteRunner.java:397)
	at org.testng.SuiteRunner.run(SuiteRunner.java:336)
	at org.testng.SuiteRunnerWorker.runSuite(SuiteRunnerWorker.java:52)
	at org.testng.SuiteRunnerWorker.run(SuiteRunnerWorker.java:95)
	at org.testng.TestNG.runSuitesSequentially(TestNG.java:1301)
	at org.testng.TestNG.runSuitesLocally(TestNG.java:1228)
	at org.testng.TestNG.runSuites(TestNG.java:1134)
	at org.testng.TestNG.run(TestNG.java:1101)
	at org.apache.maven.surefire.testng.TestNGExecutor.run(TestNGExecutor.java:155)
	at org.apache.maven.surefire.testng.TestNGDirectoryTestSuite.executeSingleClass(TestNGDirectoryTestSuite.java:102)
	at org.apache.maven.surefire.testng.TestNGDirectoryTestSuite.execute(TestNGDirectoryTestSuite.java:91)
	at org.apache.maven.surefire.testng.TestNGProvider.invoke(TestNGProvider.java:137)
	at org.apache.maven.surefire.booter.ForkedBooter.runSuitesInProcess(ForkedBooter.java:385)
	at org.apache.maven.surefire.booter.ForkedBooter.execute(ForkedBooter.java:162)
	at org.apache.maven.surefire.booter.ForkedBooter.run(ForkedBooter.java:507)
	at org.apache.maven.surefire.booter.ForkedBooter.main(ForkedBooter.java:495)
&amp#27;[0m

    Embedding image [image/png 42481 bytes]

]]></system-out>
  </testcase>
  <testcase name="runScenario[&quot;Verify user should not be able to submit invalid Phone Number : &quot;+76726374627642&quot;&quot;, &quot;User should be able to submit contact us request&quot;](26)" classname="runner.TestRunner" time="31.819">
    <failure message="Error {&#10;  message=&apos;Timeout 30000ms exceeded.&#10;  name=&apos;TimeoutError&#10;  stack=&apos;TimeoutError: Timeout 30000ms exceeded.&#10;    at ProgressController.run (/private/var/folders/m8/d_ml1jqs5rdf6m9md2pykmkh0000gn/T/playwright-java-4336040391069677089/package/lib/server/progress.js:87:26)&#10;    at Frame._callOnElementOnceMatches (/private/var/folders/m8/d_ml1jqs5rdf6m9md2pykmkh0000gn/T/playwright-java-4336040391069677089/package/lib/server/frames.js:1399:23)&#10;    at Frame.textContent (/private/var/folders/m8/d_ml1jqs5rdf6m9md2pykmkh0000gn/T/playwright-java-4336040391069677089/package/lib/server/frames.js:1056:17)&#10;    at FrameDispatcher.textContent (/private/var/folders/m8/d_ml1jqs5rdf6m9md2pykmkh0000gn/T/playwright-java-4336040391069677089/package/lib/server/dispatchers/frameDispatcher.js:179:37)&#10;    at FrameDispatcher._handleCommand (/private/var/folders/m8/d_ml1jqs5rdf6m9md2pykmkh0000gn/T/playwright-java-4336040391069677089/package/lib/server/dispatchers/dispatcher.js:94:40)&#10;    at DispatcherConnection.dispatch (/private/var/folders/m8/d_ml1jqs5rdf6m9md2pykmkh0000gn/T/playwright-java-4336040391069677089/package/lib/server/dispatchers/dispatcher.js:362:39)&#10;}&#10;Call log:&#10;- waiting for locator(&quot;.alert&quot;)&#10;" type="com.microsoft.playwright.TimeoutError"><![CDATA[com.microsoft.playwright.TimeoutError: 
Error {
  message='Timeout 30000ms exceeded.
  name='TimeoutError
  stack='TimeoutError: Timeout 30000ms exceeded.
    at ProgressController.run (/private/var/folders/m8/d_ml1jqs5rdf6m9md2pykmkh0000gn/T/playwright-java-4336040391069677089/package/lib/server/progress.js:87:26)
    at Frame._callOnElementOnceMatches (/private/var/folders/m8/d_ml1jqs5rdf6m9md2pykmkh0000gn/T/playwright-java-4336040391069677089/package/lib/server/frames.js:1399:23)
    at Frame.textContent (/private/var/folders/m8/d_ml1jqs5rdf6m9md2pykmkh0000gn/T/playwright-java-4336040391069677089/package/lib/server/frames.js:1056:17)
    at FrameDispatcher.textContent (/private/var/folders/m8/d_ml1jqs5rdf6m9md2pykmkh0000gn/T/playwright-java-4336040391069677089/package/lib/server/dispatchers/frameDispatcher.js:179:37)
    at FrameDispatcher._handleCommand (/private/var/folders/m8/d_ml1jqs5rdf6m9md2pykmkh0000gn/T/playwright-java-4336040391069677089/package/lib/server/dispatchers/dispatcher.js:94:40)
    at DispatcherConnection.dispatch (/private/var/folders/m8/d_ml1jqs5rdf6m9md2pykmkh0000gn/T/playwright-java-4336040391069677089/package/lib/server/dispatchers/dispatcher.js:362:39)
}
Call log:
- waiting for locator(".alert")

	at com.microsoft.playwright.impl.WaitableResult.get(WaitableResult.java:52)
	at com.microsoft.playwright.impl.ChannelOwner.runUntil(ChannelOwner.java:120)
	at com.microsoft.playwright.impl.Connection.sendMessage(Connection.java:129)
	at com.microsoft.playwright.impl.ChannelOwner.sendMessage(ChannelOwner.java:106)
	at com.microsoft.playwright.impl.FrameImpl.textContentImpl(FrameImpl.java:818)
	at com.microsoft.playwright.impl.FrameImpl.lambda$textContent$38(FrameImpl.java:809)
	at com.microsoft.playwright.impl.LoggingSupport.withLogging(LoggingSupport.java:47)
	at com.microsoft.playwright.impl.ChannelOwner.withLogging(ChannelOwner.java:89)
	at com.microsoft.playwright.impl.FrameImpl.textContent(FrameImpl.java:809)
	at com.microsoft.playwright.impl.LocatorImpl.textContent(LocatorImpl.java:566)
	at com.microsoft.playwright.Locator.textContent(Locator.java:5090)
	at com.test.roku.utils.AssertionUtils.assertEquals(AssertionUtils.java:15)
	at com.test.roku.steps.ContactUsPageAssertions.assertErrorDisplayedForInvalidFormat(ContactUsPageAssertions.java:168)
	at com.test.roku.steps.ContactUsSteps.userShouldBeDisplayedInvalidFormatErrorMessage(ContactUsSteps.java:141)
	at ✽.User should be displayed invalid "Phone" format error message(file:///Users/sanju/Desktop/PlaywightJavaWorkSpace/PlayWrightJavaAutomation/src/test/java/features/contactUs.feature:87)
Caused by: com.microsoft.playwright.TimeoutError: Error {
  message='Timeout 30000ms exceeded.
  name='TimeoutError
  stack='TimeoutError: Timeout 30000ms exceeded.
    at ProgressController.run (/private/var/folders/m8/d_ml1jqs5rdf6m9md2pykmkh0000gn/T/playwright-java-4336040391069677089/package/lib/server/progress.js:87:26)
    at Frame._callOnElementOnceMatches (/private/var/folders/m8/d_ml1jqs5rdf6m9md2pykmkh0000gn/T/playwright-java-4336040391069677089/package/lib/server/frames.js:1399:23)
    at Frame.textContent (/private/var/folders/m8/d_ml1jqs5rdf6m9md2pykmkh0000gn/T/playwright-java-4336040391069677089/package/lib/server/frames.js:1056:17)
    at FrameDispatcher.textContent (/private/var/folders/m8/d_ml1jqs5rdf6m9md2pykmkh0000gn/T/playwright-java-4336040391069677089/package/lib/server/dispatchers/frameDispatcher.js:179:37)
    at FrameDispatcher._handleCommand (/private/var/folders/m8/d_ml1jqs5rdf6m9md2pykmkh0000gn/T/playwright-java-4336040391069677089/package/lib/server/dispatchers/dispatcher.js:94:40)
    at DispatcherConnection.dispatch (/private/var/folders/m8/d_ml1jqs5rdf6m9md2pykmkh0000gn/T/playwright-java-4336040391069677089/package/lib/server/dispatchers/dispatcher.js:362:39)
}
Call log:
- waiting for locator(".alert")

	at com.microsoft.playwright.impl.Connection.dispatch(Connection.java:254)
	at com.microsoft.playwright.impl.Connection.processOneMessage(Connection.java:209)
	at com.microsoft.playwright.impl.ChannelOwner.runUntil(ChannelOwner.java:118)
	at com.microsoft.playwright.impl.Connection.sendMessage(Connection.java:129)
	at com.microsoft.playwright.impl.ChannelOwner.sendMessage(ChannelOwner.java:106)
	at com.microsoft.playwright.impl.FrameImpl.textContentImpl(FrameImpl.java:818)
	at com.microsoft.playwright.impl.FrameImpl.lambda$textContent$38(FrameImpl.java:809)
	at com.microsoft.playwright.impl.LoggingSupport.withLogging(LoggingSupport.java:47)
	at com.microsoft.playwright.impl.ChannelOwner.withLogging(ChannelOwner.java:89)
	at com.microsoft.playwright.impl.FrameImpl.textContent(FrameImpl.java:809)
	at com.microsoft.playwright.impl.LocatorImpl.textContent(LocatorImpl.java:566)
	at com.microsoft.playwright.Locator.textContent(Locator.java:5090)
	at com.test.roku.utils.AssertionUtils.assertEquals(AssertionUtils.java:15)
	at com.test.roku.steps.ContactUsPageAssertions.assertErrorDisplayedForInvalidFormat(ContactUsPageAssertions.java:168)
	at com.test.roku.steps.ContactUsSteps.userShouldBeDisplayedInvalidFormatErrorMessage(ContactUsSteps.java:141)
	at java.base/jdk.internal.reflect.DirectMethodHandleAccessor.invoke(DirectMethodHandleAccessor.java:103)
	at java.base/java.lang.reflect.Method.invoke(Method.java:580)
	at io.cucumber.java.Invoker.doInvoke(Invoker.java:66)
	at io.cucumber.java.Invoker.invoke(Invoker.java:24)
	at io.cucumber.java.AbstractGlueDefinition.invokeMethod(AbstractGlueDefinition.java:47)
	at io.cucumber.java.JavaStepDefinition.execute(JavaStepDefinition.java:29)
	at io.cucumber.core.runner.CoreStepDefinition.execute(CoreStepDefinition.java:66)
	at io.cucumber.core.runner.PickleStepDefinitionMatch.runStep(PickleStepDefinitionMatch.java:63)
	at io.cucumber.core.runner.ExecutionMode$1.execute(ExecutionMode.java:10)
	at io.cucumber.core.runner.TestStep.executeStep(TestStep.java:86)
	at io.cucumber.core.runner.TestStep.run(TestStep.java:57)
	at io.cucumber.core.runner.PickleStepTestStep.run(PickleStepTestStep.java:51)
	at io.cucumber.core.runner.TestCase.run(TestCase.java:95)
	at io.cucumber.core.runner.Runner.runPickle(Runner.java:75)
	at io.cucumber.testng.TestNGCucumberRunner.lambda$runScenario$1(TestNGCucumberRunner.java:132)
	at io.cucumber.core.runtime.CucumberExecutionContext.lambda$runTestCase$3(CucumberExecutionContext.java:151)
	at io.cucumber.core.runtime.RethrowingThrowableCollector.executeAndThrow(RethrowingThrowableCollector.java:23)
	at io.cucumber.core.runtime.CucumberExecutionContext.runTestCase(CucumberExecutionContext.java:151)
	at io.cucumber.testng.TestNGCucumberRunner.runScenario(TestNGCucumberRunner.java:129)
	at io.cucumber.testng.AbstractTestNGCucumberTests.runScenario(AbstractTestNGCucumberTests.java:35)
	at java.base/jdk.internal.reflect.DirectMethodHandleAccessor.invoke(DirectMethodHandleAccessor.java:103)
	at java.base/java.lang.reflect.Method.invoke(Method.java:580)
	at org.testng.internal.invokers.MethodInvocationHelper.invokeMethod(MethodInvocationHelper.java:139)
	at org.testng.internal.invokers.TestInvoker.invokeMethod(TestInvoker.java:664)
	at org.testng.internal.invokers.TestInvoker.invokeTestMethod(TestInvoker.java:228)
	at org.testng.internal.invokers.MethodRunner.runInSequence(MethodRunner.java:63)
	at org.testng.internal.invokers.TestInvoker$MethodInvocationAgent.invoke(TestInvoker.java:961)
	at org.testng.internal.invokers.TestInvoker.invokeTestMethods(TestInvoker.java:201)
	at org.testng.internal.invokers.TestMethodWorker.invokeTestMethods(TestMethodWorker.java:148)
	at org.testng.internal.invokers.TestMethodWorker.run(TestMethodWorker.java:128)
	at java.base/java.util.ArrayList.forEach(ArrayList.java:1596)
	at org.testng.TestRunner.privateRun(TestRunner.java:819)
	at org.testng.TestRunner.run(TestRunner.java:619)
	at org.testng.SuiteRunner.runTest(SuiteRunner.java:443)
	at org.testng.SuiteRunner.runSequentially(SuiteRunner.java:437)
	at org.testng.SuiteRunner.privateRun(SuiteRunner.java:397)
	at org.testng.SuiteRunner.run(SuiteRunner.java:336)
	at org.testng.SuiteRunnerWorker.runSuite(SuiteRunnerWorker.java:52)
	at org.testng.SuiteRunnerWorker.run(SuiteRunnerWorker.java:95)
	at org.testng.TestNG.runSuitesSequentially(TestNG.java:1301)
	at org.testng.TestNG.runSuitesLocally(TestNG.java:1228)
	at org.testng.TestNG.runSuites(TestNG.java:1134)
	at org.testng.TestNG.run(TestNG.java:1101)
	at org.apache.maven.surefire.testng.TestNGExecutor.run(TestNGExecutor.java:155)
	at org.apache.maven.surefire.testng.TestNGDirectoryTestSuite.executeSingleClass(TestNGDirectoryTestSuite.java:102)
	at org.apache.maven.surefire.testng.TestNGDirectoryTestSuite.execute(TestNGDirectoryTestSuite.java:91)
	at org.apache.maven.surefire.testng.TestNGProvider.invoke(TestNGProvider.java:137)
	at org.apache.maven.surefire.booter.ForkedBooter.runSuitesInProcess(ForkedBooter.java:385)
	at org.apache.maven.surefire.booter.ForkedBooter.execute(ForkedBooter.java:162)
	at org.apache.maven.surefire.booter.ForkedBooter.run(ForkedBooter.java:507)
	at org.apache.maven.surefire.booter.ForkedBooter.main(ForkedBooter.java:495)
]]></failure>
    <system-out><![CDATA[
@Regression @ContactUs
Scenario Outline: Verify user should not be able to submit invalid Phone Number : "+76726374627642" &amp#27;[90m# src/test/java/features/contactUs.feature:94&amp#27;[0m
WEBELEMENTS INITIALISED!!!!
  &amp#27;[32mGiven &amp#27;[0m&amp#27;[32mUser is on the contact us page of the application and scrolled down&amp#27;[0m                         &amp#27;[90m# com.test.roku.steps.ContactUsSteps.userIsOnTheContactUsPageOfTheApplicationAndScrolledDown()&amp#27;[0m

    Embedding image [image/png 79519 bytes]

  &amp#27;[32mWhen &amp#27;[0m&amp#27;[32mUser enters &amp#27;[0m&amp#27;[32m&amp#27;[1m"+76726374627642"&amp#27;[0m&amp#27;[32m in the phone field&amp#27;[0m                                             &amp#27;[90m# com.test.roku.steps.ContactUsSteps.userEntersInvalidPhoneInThePhoneField(java.lang.String)&amp#27;[0m

    Embedding image [image/png 46755 bytes]

  &amp#27;[32mAnd &amp#27;[0m&amp#27;[32mClick on submit button&amp#27;[0m                                                                        &amp#27;[90m# com.test.roku.steps.ContactUsSteps.clickOnSubmitButton()&amp#27;[0m

    Embedding image [image/png 46915 bytes]

  &amp#27;[31mThen &amp#27;[0m&amp#27;[31mUser should be displayed invalid &amp#27;[0m&amp#27;[31m&amp#27;[1m"Phone"&amp#27;[0m&amp#27;[31m format error message&amp#27;[0m                                &amp#27;[90m# com.test.roku.steps.ContactUsSteps.userShouldBeDisplayedInvalidFormatErrorMessage(java.lang.String)&amp#27;[0m
      &amp#27;[31mcom.microsoft.playwright.TimeoutError: Error {
  message='Timeout 30000ms exceeded.
  name='TimeoutError
  stack='TimeoutError: Timeout 30000ms exceeded.
    at ProgressController.run (/private/var/folders/m8/d_ml1jqs5rdf6m9md2pykmkh0000gn/T/playwright-java-4336040391069677089/package/lib/server/progress.js:87:26)
    at Frame._callOnElementOnceMatches (/private/var/folders/m8/d_ml1jqs5rdf6m9md2pykmkh0000gn/T/playwright-java-4336040391069677089/package/lib/server/frames.js:1399:23)
    at Frame.textContent (/private/var/folders/m8/d_ml1jqs5rdf6m9md2pykmkh0000gn/T/playwright-java-4336040391069677089/package/lib/server/frames.js:1056:17)
    at FrameDispatcher.textContent (/private/var/folders/m8/d_ml1jqs5rdf6m9md2pykmkh0000gn/T/playwright-java-4336040391069677089/package/lib/server/dispatchers/frameDispatcher.js:179:37)
    at FrameDispatcher._handleCommand (/private/var/folders/m8/d_ml1jqs5rdf6m9md2pykmkh0000gn/T/playwright-java-4336040391069677089/package/lib/server/dispatchers/dispatcher.js:94:40)
    at DispatcherConnection.dispatch (/private/var/folders/m8/d_ml1jqs5rdf6m9md2pykmkh0000gn/T/playwright-java-4336040391069677089/package/lib/server/dispatchers/dispatcher.js:362:39)
}
Call log:
- waiting for locator(".alert")

	at com.microsoft.playwright.impl.WaitableResult.get(WaitableResult.java:52)
	at com.microsoft.playwright.impl.ChannelOwner.runUntil(ChannelOwner.java:120)
	at com.microsoft.playwright.impl.Connection.sendMessage(Connection.java:129)
	at com.microsoft.playwright.impl.ChannelOwner.sendMessage(ChannelOwner.java:106)
	at com.microsoft.playwright.impl.FrameImpl.textContentImpl(FrameImpl.java:818)
	at com.microsoft.playwright.impl.FrameImpl.lambda$textContent$38(FrameImpl.java:809)
	at com.microsoft.playwright.impl.LoggingSupport.withLogging(LoggingSupport.java:47)
	at com.microsoft.playwright.impl.ChannelOwner.withLogging(ChannelOwner.java:89)
	at com.microsoft.playwright.impl.FrameImpl.textContent(FrameImpl.java:809)
	at com.microsoft.playwright.impl.LocatorImpl.textContent(LocatorImpl.java:566)
	at com.microsoft.playwright.Locator.textContent(Locator.java:5090)
	at com.test.roku.utils.AssertionUtils.assertEquals(AssertionUtils.java:15)
	at com.test.roku.steps.ContactUsPageAssertions.assertErrorDisplayedForInvalidFormat(ContactUsPageAssertions.java:168)
	at com.test.roku.steps.ContactUsSteps.userShouldBeDisplayedInvalidFormatErrorMessage(ContactUsSteps.java:141)
	at ✽.User should be displayed invalid "Phone" format error message(file:///Users/sanju/Desktop/PlaywightJavaWorkSpace/PlayWrightJavaAutomation/src/test/java/features/contactUs.feature:87)
Caused by: com.microsoft.playwright.TimeoutError: Error {
  message='Timeout 30000ms exceeded.
  name='TimeoutError
  stack='TimeoutError: Timeout 30000ms exceeded.
    at ProgressController.run (/private/var/folders/m8/d_ml1jqs5rdf6m9md2pykmkh0000gn/T/playwright-java-4336040391069677089/package/lib/server/progress.js:87:26)
    at Frame._callOnElementOnceMatches (/private/var/folders/m8/d_ml1jqs5rdf6m9md2pykmkh0000gn/T/playwright-java-4336040391069677089/package/lib/server/frames.js:1399:23)
    at Frame.textContent (/private/var/folders/m8/d_ml1jqs5rdf6m9md2pykmkh0000gn/T/playwright-java-4336040391069677089/package/lib/server/frames.js:1056:17)
    at FrameDispatcher.textContent (/private/var/folders/m8/d_ml1jqs5rdf6m9md2pykmkh0000gn/T/playwright-java-4336040391069677089/package/lib/server/dispatchers/frameDispatcher.js:179:37)
    at FrameDispatcher._handleCommand (/private/var/folders/m8/d_ml1jqs5rdf6m9md2pykmkh0000gn/T/playwright-java-4336040391069677089/package/lib/server/dispatchers/dispatcher.js:94:40)
    at DispatcherConnection.dispatch (/private/var/folders/m8/d_ml1jqs5rdf6m9md2pykmkh0000gn/T/playwright-java-4336040391069677089/package/lib/server/dispatchers/dispatcher.js:362:39)
}
Call log:
- waiting for locator(".alert")

	at com.microsoft.playwright.impl.Connection.dispatch(Connection.java:254)
	at com.microsoft.playwright.impl.Connection.processOneMessage(Connection.java:209)
	at com.microsoft.playwright.impl.ChannelOwner.runUntil(ChannelOwner.java:118)
	at com.microsoft.playwright.impl.Connection.sendMessage(Connection.java:129)
	at com.microsoft.playwright.impl.ChannelOwner.sendMessage(ChannelOwner.java:106)
	at com.microsoft.playwright.impl.FrameImpl.textContentImpl(FrameImpl.java:818)
	at com.microsoft.playwright.impl.FrameImpl.lambda$textContent$38(FrameImpl.java:809)
	at com.microsoft.playwright.impl.LoggingSupport.withLogging(LoggingSupport.java:47)
	at com.microsoft.playwright.impl.ChannelOwner.withLogging(ChannelOwner.java:89)
	at com.microsoft.playwright.impl.FrameImpl.textContent(FrameImpl.java:809)
	at com.microsoft.playwright.impl.LocatorImpl.textContent(LocatorImpl.java:566)
	at com.microsoft.playwright.Locator.textContent(Locator.java:5090)
	at com.test.roku.utils.AssertionUtils.assertEquals(AssertionUtils.java:15)
	at com.test.roku.steps.ContactUsPageAssertions.assertErrorDisplayedForInvalidFormat(ContactUsPageAssertions.java:168)
	at com.test.roku.steps.ContactUsSteps.userShouldBeDisplayedInvalidFormatErrorMessage(ContactUsSteps.java:141)
	at java.base/jdk.internal.reflect.DirectMethodHandleAccessor.invoke(DirectMethodHandleAccessor.java:103)
	at java.base/java.lang.reflect.Method.invoke(Method.java:580)
	at io.cucumber.java.Invoker.doInvoke(Invoker.java:66)
	at io.cucumber.java.Invoker.invoke(Invoker.java:24)
	at io.cucumber.java.AbstractGlueDefinition.invokeMethod(AbstractGlueDefinition.java:47)
	at io.cucumber.java.JavaStepDefinition.execute(JavaStepDefinition.java:29)
	at io.cucumber.core.runner.CoreStepDefinition.execute(CoreStepDefinition.java:66)
	at io.cucumber.core.runner.PickleStepDefinitionMatch.runStep(PickleStepDefinitionMatch.java:63)
	at io.cucumber.core.runner.ExecutionMode$1.execute(ExecutionMode.java:10)
	at io.cucumber.core.runner.TestStep.executeStep(TestStep.java:86)
	at io.cucumber.core.runner.TestStep.run(TestStep.java:57)
	at io.cucumber.core.runner.PickleStepTestStep.run(PickleStepTestStep.java:51)
	at io.cucumber.core.runner.TestCase.run(TestCase.java:95)
	at io.cucumber.core.runner.Runner.runPickle(Runner.java:75)
	at io.cucumber.testng.TestNGCucumberRunner.lambda$runScenario$1(TestNGCucumberRunner.java:132)
	at io.cucumber.core.runtime.CucumberExecutionContext.lambda$runTestCase$3(CucumberExecutionContext.java:151)
	at io.cucumber.core.runtime.RethrowingThrowableCollector.executeAndThrow(RethrowingThrowableCollector.java:23)
	at io.cucumber.core.runtime.CucumberExecutionContext.runTestCase(CucumberExecutionContext.java:151)
	at io.cucumber.testng.TestNGCucumberRunner.runScenario(TestNGCucumberRunner.java:129)
	at io.cucumber.testng.AbstractTestNGCucumberTests.runScenario(AbstractTestNGCucumberTests.java:35)
	at java.base/jdk.internal.reflect.DirectMethodHandleAccessor.invoke(DirectMethodHandleAccessor.java:103)
	at java.base/java.lang.reflect.Method.invoke(Method.java:580)
	at org.testng.internal.invokers.MethodInvocationHelper.invokeMethod(MethodInvocationHelper.java:139)
	at org.testng.internal.invokers.TestInvoker.invokeMethod(TestInvoker.java:664)
	at org.testng.internal.invokers.TestInvoker.invokeTestMethod(TestInvoker.java:228)
	at org.testng.internal.invokers.MethodRunner.runInSequence(MethodRunner.java:63)
	at org.testng.internal.invokers.TestInvoker$MethodInvocationAgent.invoke(TestInvoker.java:961)
	at org.testng.internal.invokers.TestInvoker.invokeTestMethods(TestInvoker.java:201)
	at org.testng.internal.invokers.TestMethodWorker.invokeTestMethods(TestMethodWorker.java:148)
	at org.testng.internal.invokers.TestMethodWorker.run(TestMethodWorker.java:128)
	at java.base/java.util.ArrayList.forEach(ArrayList.java:1596)
	at org.testng.TestRunner.privateRun(TestRunner.java:819)
	at org.testng.TestRunner.run(TestRunner.java:619)
	at org.testng.SuiteRunner.runTest(SuiteRunner.java:443)
	at org.testng.SuiteRunner.runSequentially(SuiteRunner.java:437)
	at org.testng.SuiteRunner.privateRun(SuiteRunner.java:397)
	at org.testng.SuiteRunner.run(SuiteRunner.java:336)
	at org.testng.SuiteRunnerWorker.runSuite(SuiteRunnerWorker.java:52)
	at org.testng.SuiteRunnerWorker.run(SuiteRunnerWorker.java:95)
	at org.testng.TestNG.runSuitesSequentially(TestNG.java:1301)
	at org.testng.TestNG.runSuitesLocally(TestNG.java:1228)
	at org.testng.TestNG.runSuites(TestNG.java:1134)
	at org.testng.TestNG.run(TestNG.java:1101)
	at org.apache.maven.surefire.testng.TestNGExecutor.run(TestNGExecutor.java:155)
	at org.apache.maven.surefire.testng.TestNGDirectoryTestSuite.executeSingleClass(TestNGDirectoryTestSuite.java:102)
	at org.apache.maven.surefire.testng.TestNGDirectoryTestSuite.execute(TestNGDirectoryTestSuite.java:91)
	at org.apache.maven.surefire.testng.TestNGProvider.invoke(TestNGProvider.java:137)
	at org.apache.maven.surefire.booter.ForkedBooter.runSuitesInProcess(ForkedBooter.java:385)
	at org.apache.maven.surefire.booter.ForkedBooter.execute(ForkedBooter.java:162)
	at org.apache.maven.surefire.booter.ForkedBooter.run(ForkedBooter.java:507)
	at org.apache.maven.surefire.booter.ForkedBooter.main(ForkedBooter.java:495)
&amp#27;[0m

    Embedding image [image/png 42481 bytes]

]]></system-out>
  </testcase>
  <testcase name="runScenario[&quot;Verify user should not be able to submit invalid Phone Number : &quot;+76 726374627642&quot;&quot;, &quot;User should be able to submit contact us request&quot;](27)" classname="runner.TestRunner" time="146.154">
    <failure message="Error {&#10;  message=&apos;Timeout 30000ms exceeded.&#10;  name=&apos;TimeoutError&#10;  stack=&apos;TimeoutError: Timeout 30000ms exceeded.&#10;    at ProgressController.run (/private/var/folders/m8/d_ml1jqs5rdf6m9md2pykmkh0000gn/T/playwright-java-4336040391069677089/package/lib/server/progress.js:87:26)&#10;    at Frame._callOnElementOnceMatches (/private/var/folders/m8/d_ml1jqs5rdf6m9md2pykmkh0000gn/T/playwright-java-4336040391069677089/package/lib/server/frames.js:1399:23)&#10;    at Frame.textContent (/private/var/folders/m8/d_ml1jqs5rdf6m9md2pykmkh0000gn/T/playwright-java-4336040391069677089/package/lib/server/frames.js:1056:17)&#10;    at FrameDispatcher.textContent (/private/var/folders/m8/d_ml1jqs5rdf6m9md2pykmkh0000gn/T/playwright-java-4336040391069677089/package/lib/server/dispatchers/frameDispatcher.js:179:37)&#10;    at FrameDispatcher._handleCommand (/private/var/folders/m8/d_ml1jqs5rdf6m9md2pykmkh0000gn/T/playwright-java-4336040391069677089/package/lib/server/dispatchers/dispatcher.js:94:40)&#10;    at DispatcherConnection.dispatch (/private/var/folders/m8/d_ml1jqs5rdf6m9md2pykmkh0000gn/T/playwright-java-4336040391069677089/package/lib/server/dispatchers/dispatcher.js:362:39)&#10;}&#10;Call log:&#10;- waiting for locator(&quot;.alert&quot;)&#10;" type="com.microsoft.playwright.TimeoutError"><![CDATA[com.microsoft.playwright.TimeoutError: 
Error {
  message='Timeout 30000ms exceeded.
  name='TimeoutError
  stack='TimeoutError: Timeout 30000ms exceeded.
    at ProgressController.run (/private/var/folders/m8/d_ml1jqs5rdf6m9md2pykmkh0000gn/T/playwright-java-4336040391069677089/package/lib/server/progress.js:87:26)
    at Frame._callOnElementOnceMatches (/private/var/folders/m8/d_ml1jqs5rdf6m9md2pykmkh0000gn/T/playwright-java-4336040391069677089/package/lib/server/frames.js:1399:23)
    at Frame.textContent (/private/var/folders/m8/d_ml1jqs5rdf6m9md2pykmkh0000gn/T/playwright-java-4336040391069677089/package/lib/server/frames.js:1056:17)
    at FrameDispatcher.textContent (/private/var/folders/m8/d_ml1jqs5rdf6m9md2pykmkh0000gn/T/playwright-java-4336040391069677089/package/lib/server/dispatchers/frameDispatcher.js:179:37)
    at FrameDispatcher._handleCommand (/private/var/folders/m8/d_ml1jqs5rdf6m9md2pykmkh0000gn/T/playwright-java-4336040391069677089/package/lib/server/dispatchers/dispatcher.js:94:40)
    at DispatcherConnection.dispatch (/private/var/folders/m8/d_ml1jqs5rdf6m9md2pykmkh0000gn/T/playwright-java-4336040391069677089/package/lib/server/dispatchers/dispatcher.js:362:39)
}
Call log:
- waiting for locator(".alert")

	at com.microsoft.playwright.impl.WaitableResult.get(WaitableResult.java:52)
	at com.microsoft.playwright.impl.ChannelOwner.runUntil(ChannelOwner.java:120)
	at com.microsoft.playwright.impl.Connection.sendMessage(Connection.java:129)
	at com.microsoft.playwright.impl.ChannelOwner.sendMessage(ChannelOwner.java:106)
	at com.microsoft.playwright.impl.FrameImpl.textContentImpl(FrameImpl.java:818)
	at com.microsoft.playwright.impl.FrameImpl.lambda$textContent$38(FrameImpl.java:809)
	at com.microsoft.playwright.impl.LoggingSupport.withLogging(LoggingSupport.java:47)
	at com.microsoft.playwright.impl.ChannelOwner.withLogging(ChannelOwner.java:89)
	at com.microsoft.playwright.impl.FrameImpl.textContent(FrameImpl.java:809)
	at com.microsoft.playwright.impl.LocatorImpl.textContent(LocatorImpl.java:566)
	at com.microsoft.playwright.Locator.textContent(Locator.java:5090)
	at com.test.roku.utils.AssertionUtils.assertEquals(AssertionUtils.java:15)
	at com.test.roku.steps.ContactUsPageAssertions.assertErrorDisplayedForInvalidFormat(ContactUsPageAssertions.java:168)
	at com.test.roku.steps.ContactUsSteps.userShouldBeDisplayedInvalidFormatErrorMessage(ContactUsSteps.java:141)
	at ✽.User should be displayed invalid "Phone" format error message(file:///Users/sanju/Desktop/PlaywightJavaWorkSpace/PlayWrightJavaAutomation/src/test/java/features/contactUs.feature:87)
Caused by: com.microsoft.playwright.TimeoutError: Error {
  message='Timeout 30000ms exceeded.
  name='TimeoutError
  stack='TimeoutError: Timeout 30000ms exceeded.
    at ProgressController.run (/private/var/folders/m8/d_ml1jqs5rdf6m9md2pykmkh0000gn/T/playwright-java-4336040391069677089/package/lib/server/progress.js:87:26)
    at Frame._callOnElementOnceMatches (/private/var/folders/m8/d_ml1jqs5rdf6m9md2pykmkh0000gn/T/playwright-java-4336040391069677089/package/lib/server/frames.js:1399:23)
    at Frame.textContent (/private/var/folders/m8/d_ml1jqs5rdf6m9md2pykmkh0000gn/T/playwright-java-4336040391069677089/package/lib/server/frames.js:1056:17)
    at FrameDispatcher.textContent (/private/var/folders/m8/d_ml1jqs5rdf6m9md2pykmkh0000gn/T/playwright-java-4336040391069677089/package/lib/server/dispatchers/frameDispatcher.js:179:37)
    at FrameDispatcher._handleCommand (/private/var/folders/m8/d_ml1jqs5rdf6m9md2pykmkh0000gn/T/playwright-java-4336040391069677089/package/lib/server/dispatchers/dispatcher.js:94:40)
    at DispatcherConnection.dispatch (/private/var/folders/m8/d_ml1jqs5rdf6m9md2pykmkh0000gn/T/playwright-java-4336040391069677089/package/lib/server/dispatchers/dispatcher.js:362:39)
}
Call log:
- waiting for locator(".alert")

	at com.microsoft.playwright.impl.Connection.dispatch(Connection.java:254)
	at com.microsoft.playwright.impl.Connection.processOneMessage(Connection.java:209)
	at com.microsoft.playwright.impl.ChannelOwner.runUntil(ChannelOwner.java:118)
	at com.microsoft.playwright.impl.Connection.sendMessage(Connection.java:129)
	at com.microsoft.playwright.impl.ChannelOwner.sendMessage(ChannelOwner.java:106)
	at com.microsoft.playwright.impl.FrameImpl.textContentImpl(FrameImpl.java:818)
	at com.microsoft.playwright.impl.FrameImpl.lambda$textContent$38(FrameImpl.java:809)
	at com.microsoft.playwright.impl.LoggingSupport.withLogging(LoggingSupport.java:47)
	at com.microsoft.playwright.impl.ChannelOwner.withLogging(ChannelOwner.java:89)
	at com.microsoft.playwright.impl.FrameImpl.textContent(FrameImpl.java:809)
	at com.microsoft.playwright.impl.LocatorImpl.textContent(LocatorImpl.java:566)
	at com.microsoft.playwright.Locator.textContent(Locator.java:5090)
	at com.test.roku.utils.AssertionUtils.assertEquals(AssertionUtils.java:15)
	at com.test.roku.steps.ContactUsPageAssertions.assertErrorDisplayedForInvalidFormat(ContactUsPageAssertions.java:168)
	at com.test.roku.steps.ContactUsSteps.userShouldBeDisplayedInvalidFormatErrorMessage(ContactUsSteps.java:141)
	at java.base/jdk.internal.reflect.DirectMethodHandleAccessor.invoke(DirectMethodHandleAccessor.java:103)
	at java.base/java.lang.reflect.Method.invoke(Method.java:580)
	at io.cucumber.java.Invoker.doInvoke(Invoker.java:66)
	at io.cucumber.java.Invoker.invoke(Invoker.java:24)
	at io.cucumber.java.AbstractGlueDefinition.invokeMethod(AbstractGlueDefinition.java:47)
	at io.cucumber.java.JavaStepDefinition.execute(JavaStepDefinition.java:29)
	at io.cucumber.core.runner.CoreStepDefinition.execute(CoreStepDefinition.java:66)
	at io.cucumber.core.runner.PickleStepDefinitionMatch.runStep(PickleStepDefinitionMatch.java:63)
	at io.cucumber.core.runner.ExecutionMode$1.execute(ExecutionMode.java:10)
	at io.cucumber.core.runner.TestStep.executeStep(TestStep.java:86)
	at io.cucumber.core.runner.TestStep.run(TestStep.java:57)
	at io.cucumber.core.runner.PickleStepTestStep.run(PickleStepTestStep.java:51)
	at io.cucumber.core.runner.TestCase.run(TestCase.java:95)
	at io.cucumber.core.runner.Runner.runPickle(Runner.java:75)
	at io.cucumber.testng.TestNGCucumberRunner.lambda$runScenario$1(TestNGCucumberRunner.java:132)
	at io.cucumber.core.runtime.CucumberExecutionContext.lambda$runTestCase$3(CucumberExecutionContext.java:151)
	at io.cucumber.core.runtime.RethrowingThrowableCollector.executeAndThrow(RethrowingThrowableCollector.java:23)
	at io.cucumber.core.runtime.CucumberExecutionContext.runTestCase(CucumberExecutionContext.java:151)
	at io.cucumber.testng.TestNGCucumberRunner.runScenario(TestNGCucumberRunner.java:129)
	at io.cucumber.testng.AbstractTestNGCucumberTests.runScenario(AbstractTestNGCucumberTests.java:35)
	at java.base/jdk.internal.reflect.DirectMethodHandleAccessor.invoke(DirectMethodHandleAccessor.java:103)
	at java.base/java.lang.reflect.Method.invoke(Method.java:580)
	at org.testng.internal.invokers.MethodInvocationHelper.invokeMethod(MethodInvocationHelper.java:139)
	at org.testng.internal.invokers.TestInvoker.invokeMethod(TestInvoker.java:664)
	at org.testng.internal.invokers.TestInvoker.invokeTestMethod(TestInvoker.java:228)
	at org.testng.internal.invokers.MethodRunner.runInSequence(MethodRunner.java:63)
	at org.testng.internal.invokers.TestInvoker$MethodInvocationAgent.invoke(TestInvoker.java:961)
	at org.testng.internal.invokers.TestInvoker.invokeTestMethods(TestInvoker.java:201)
	at org.testng.internal.invokers.TestMethodWorker.invokeTestMethods(TestMethodWorker.java:148)
	at org.testng.internal.invokers.TestMethodWorker.run(TestMethodWorker.java:128)
	at java.base/java.util.ArrayList.forEach(ArrayList.java:1596)
	at org.testng.TestRunner.privateRun(TestRunner.java:819)
	at org.testng.TestRunner.run(TestRunner.java:619)
	at org.testng.SuiteRunner.runTest(SuiteRunner.java:443)
	at org.testng.SuiteRunner.runSequentially(SuiteRunner.java:437)
	at org.testng.SuiteRunner.privateRun(SuiteRunner.java:397)
	at org.testng.SuiteRunner.run(SuiteRunner.java:336)
	at org.testng.SuiteRunnerWorker.runSuite(SuiteRunnerWorker.java:52)
	at org.testng.SuiteRunnerWorker.run(SuiteRunnerWorker.java:95)
	at org.testng.TestNG.runSuitesSequentially(TestNG.java:1301)
	at org.testng.TestNG.runSuitesLocally(TestNG.java:1228)
	at org.testng.TestNG.runSuites(TestNG.java:1134)
	at org.testng.TestNG.run(TestNG.java:1101)
	at org.apache.maven.surefire.testng.TestNGExecutor.run(TestNGExecutor.java:155)
	at org.apache.maven.surefire.testng.TestNGDirectoryTestSuite.executeSingleClass(TestNGDirectoryTestSuite.java:102)
	at org.apache.maven.surefire.testng.TestNGDirectoryTestSuite.execute(TestNGDirectoryTestSuite.java:91)
	at org.apache.maven.surefire.testng.TestNGProvider.invoke(TestNGProvider.java:137)
	at org.apache.maven.surefire.booter.ForkedBooter.runSuitesInProcess(ForkedBooter.java:385)
	at org.apache.maven.surefire.booter.ForkedBooter.execute(ForkedBooter.java:162)
	at org.apache.maven.surefire.booter.ForkedBooter.run(ForkedBooter.java:507)
	at org.apache.maven.surefire.booter.ForkedBooter.main(ForkedBooter.java:495)
]]></failure>
    <system-out><![CDATA[
@Regression @ContactUs
Scenario Outline: Verify user should not be able to submit invalid Phone Number : "+76 726374627642" &amp#27;[90m# src/test/java/features/contactUs.feature:95&amp#27;[0m
WEBELEMENTS INITIALISED!!!!
  &amp#27;[32mGiven &amp#27;[0m&amp#27;[32mUser is on the contact us page of the application and scrolled down&amp#27;[0m                          &amp#27;[90m# com.test.roku.steps.ContactUsSteps.userIsOnTheContactUsPageOfTheApplicationAndScrolledDown()&amp#27;[0m

    Embedding image [image/png 79519 bytes]

  &amp#27;[32mWhen &amp#27;[0m&amp#27;[32mUser enters &amp#27;[0m&amp#27;[32m&amp#27;[1m"+76 726374627642"&amp#27;[0m&amp#27;[32m in the phone field&amp#27;[0m                                             &amp#27;[90m# com.test.roku.steps.ContactUsSteps.userEntersInvalidPhoneInThePhoneField(java.lang.String)&amp#27;[0m

    Embedding image [image/png 47074 bytes]

  &amp#27;[32mAnd &amp#27;[0m&amp#27;[32mClick on submit button&amp#27;[0m                                                                         &amp#27;[90m# com.test.roku.steps.ContactUsSteps.clickOnSubmitButton()&amp#27;[0m

    Embedding image [image/png 47204 bytes]

  &amp#27;[31mThen &amp#27;[0m&amp#27;[31mUser should be displayed invalid &amp#27;[0m&amp#27;[31m&amp#27;[1m"Phone"&amp#27;[0m&amp#27;[31m format error message&amp#27;[0m                                 &amp#27;[90m# com.test.roku.steps.ContactUsSteps.userShouldBeDisplayedInvalidFormatErrorMessage(java.lang.String)&amp#27;[0m
      &amp#27;[31mcom.microsoft.playwright.TimeoutError: Error {
  message='Timeout 30000ms exceeded.
  name='TimeoutError
  stack='TimeoutError: Timeout 30000ms exceeded.
    at ProgressController.run (/private/var/folders/m8/d_ml1jqs5rdf6m9md2pykmkh0000gn/T/playwright-java-4336040391069677089/package/lib/server/progress.js:87:26)
    at Frame._callOnElementOnceMatches (/private/var/folders/m8/d_ml1jqs5rdf6m9md2pykmkh0000gn/T/playwright-java-4336040391069677089/package/lib/server/frames.js:1399:23)
    at Frame.textContent (/private/var/folders/m8/d_ml1jqs5rdf6m9md2pykmkh0000gn/T/playwright-java-4336040391069677089/package/lib/server/frames.js:1056:17)
    at FrameDispatcher.textContent (/private/var/folders/m8/d_ml1jqs5rdf6m9md2pykmkh0000gn/T/playwright-java-4336040391069677089/package/lib/server/dispatchers/frameDispatcher.js:179:37)
    at FrameDispatcher._handleCommand (/private/var/folders/m8/d_ml1jqs5rdf6m9md2pykmkh0000gn/T/playwright-java-4336040391069677089/package/lib/server/dispatchers/dispatcher.js:94:40)
    at DispatcherConnection.dispatch (/private/var/folders/m8/d_ml1jqs5rdf6m9md2pykmkh0000gn/T/playwright-java-4336040391069677089/package/lib/server/dispatchers/dispatcher.js:362:39)
}
Call log:
- waiting for locator(".alert")

	at com.microsoft.playwright.impl.WaitableResult.get(WaitableResult.java:52)
	at com.microsoft.playwright.impl.ChannelOwner.runUntil(ChannelOwner.java:120)
	at com.microsoft.playwright.impl.Connection.sendMessage(Connection.java:129)
	at com.microsoft.playwright.impl.ChannelOwner.sendMessage(ChannelOwner.java:106)
	at com.microsoft.playwright.impl.FrameImpl.textContentImpl(FrameImpl.java:818)
	at com.microsoft.playwright.impl.FrameImpl.lambda$textContent$38(FrameImpl.java:809)
	at com.microsoft.playwright.impl.LoggingSupport.withLogging(LoggingSupport.java:47)
	at com.microsoft.playwright.impl.ChannelOwner.withLogging(ChannelOwner.java:89)
	at com.microsoft.playwright.impl.FrameImpl.textContent(FrameImpl.java:809)
	at com.microsoft.playwright.impl.LocatorImpl.textContent(LocatorImpl.java:566)
	at com.microsoft.playwright.Locator.textContent(Locator.java:5090)
	at com.test.roku.utils.AssertionUtils.assertEquals(AssertionUtils.java:15)
	at com.test.roku.steps.ContactUsPageAssertions.assertErrorDisplayedForInvalidFormat(ContactUsPageAssertions.java:168)
	at com.test.roku.steps.ContactUsSteps.userShouldBeDisplayedInvalidFormatErrorMessage(ContactUsSteps.java:141)
	at ✽.User should be displayed invalid "Phone" format error message(file:///Users/sanju/Desktop/PlaywightJavaWorkSpace/PlayWrightJavaAutomation/src/test/java/features/contactUs.feature:87)
Caused by: com.microsoft.playwright.TimeoutError: Error {
  message='Timeout 30000ms exceeded.
  name='TimeoutError
  stack='TimeoutError: Timeout 30000ms exceeded.
    at ProgressController.run (/private/var/folders/m8/d_ml1jqs5rdf6m9md2pykmkh0000gn/T/playwright-java-4336040391069677089/package/lib/server/progress.js:87:26)
    at Frame._callOnElementOnceMatches (/private/var/folders/m8/d_ml1jqs5rdf6m9md2pykmkh0000gn/T/playwright-java-4336040391069677089/package/lib/server/frames.js:1399:23)
    at Frame.textContent (/private/var/folders/m8/d_ml1jqs5rdf6m9md2pykmkh0000gn/T/playwright-java-4336040391069677089/package/lib/server/frames.js:1056:17)
    at FrameDispatcher.textContent (/private/var/folders/m8/d_ml1jqs5rdf6m9md2pykmkh0000gn/T/playwright-java-4336040391069677089/package/lib/server/dispatchers/frameDispatcher.js:179:37)
    at FrameDispatcher._handleCommand (/private/var/folders/m8/d_ml1jqs5rdf6m9md2pykmkh0000gn/T/playwright-java-4336040391069677089/package/lib/server/dispatchers/dispatcher.js:94:40)
    at DispatcherConnection.dispatch (/private/var/folders/m8/d_ml1jqs5rdf6m9md2pykmkh0000gn/T/playwright-java-4336040391069677089/package/lib/server/dispatchers/dispatcher.js:362:39)
}
Call log:
- waiting for locator(".alert")

	at com.microsoft.playwright.impl.Connection.dispatch(Connection.java:254)
	at com.microsoft.playwright.impl.Connection.processOneMessage(Connection.java:209)
	at com.microsoft.playwright.impl.ChannelOwner.runUntil(ChannelOwner.java:118)
	at com.microsoft.playwright.impl.Connection.sendMessage(Connection.java:129)
	at com.microsoft.playwright.impl.ChannelOwner.sendMessage(ChannelOwner.java:106)
	at com.microsoft.playwright.impl.FrameImpl.textContentImpl(FrameImpl.java:818)
	at com.microsoft.playwright.impl.FrameImpl.lambda$textContent$38(FrameImpl.java:809)
	at com.microsoft.playwright.impl.LoggingSupport.withLogging(LoggingSupport.java:47)
	at com.microsoft.playwright.impl.ChannelOwner.withLogging(ChannelOwner.java:89)
	at com.microsoft.playwright.impl.FrameImpl.textContent(FrameImpl.java:809)
	at com.microsoft.playwright.impl.LocatorImpl.textContent(LocatorImpl.java:566)
	at com.microsoft.playwright.Locator.textContent(Locator.java:5090)
	at com.test.roku.utils.AssertionUtils.assertEquals(AssertionUtils.java:15)
	at com.test.roku.steps.ContactUsPageAssertions.assertErrorDisplayedForInvalidFormat(ContactUsPageAssertions.java:168)
	at com.test.roku.steps.ContactUsSteps.userShouldBeDisplayedInvalidFormatErrorMessage(ContactUsSteps.java:141)
	at java.base/jdk.internal.reflect.DirectMethodHandleAccessor.invoke(DirectMethodHandleAccessor.java:103)
	at java.base/java.lang.reflect.Method.invoke(Method.java:580)
	at io.cucumber.java.Invoker.doInvoke(Invoker.java:66)
	at io.cucumber.java.Invoker.invoke(Invoker.java:24)
	at io.cucumber.java.AbstractGlueDefinition.invokeMethod(AbstractGlueDefinition.java:47)
	at io.cucumber.java.JavaStepDefinition.execute(JavaStepDefinition.java:29)
	at io.cucumber.core.runner.CoreStepDefinition.execute(CoreStepDefinition.java:66)
	at io.cucumber.core.runner.PickleStepDefinitionMatch.runStep(PickleStepDefinitionMatch.java:63)
	at io.cucumber.core.runner.ExecutionMode$1.execute(ExecutionMode.java:10)
	at io.cucumber.core.runner.TestStep.executeStep(TestStep.java:86)
	at io.cucumber.core.runner.TestStep.run(TestStep.java:57)
	at io.cucumber.core.runner.PickleStepTestStep.run(PickleStepTestStep.java:51)
	at io.cucumber.core.runner.TestCase.run(TestCase.java:95)
	at io.cucumber.core.runner.Runner.runPickle(Runner.java:75)
	at io.cucumber.testng.TestNGCucumberRunner.lambda$runScenario$1(TestNGCucumberRunner.java:132)
	at io.cucumber.core.runtime.CucumberExecutionContext.lambda$runTestCase$3(CucumberExecutionContext.java:151)
	at io.cucumber.core.runtime.RethrowingThrowableCollector.executeAndThrow(RethrowingThrowableCollector.java:23)
	at io.cucumber.core.runtime.CucumberExecutionContext.runTestCase(CucumberExecutionContext.java:151)
	at io.cucumber.testng.TestNGCucumberRunner.runScenario(TestNGCucumberRunner.java:129)
	at io.cucumber.testng.AbstractTestNGCucumberTests.runScenario(AbstractTestNGCucumberTests.java:35)
	at java.base/jdk.internal.reflect.DirectMethodHandleAccessor.invoke(DirectMethodHandleAccessor.java:103)
	at java.base/java.lang.reflect.Method.invoke(Method.java:580)
	at org.testng.internal.invokers.MethodInvocationHelper.invokeMethod(MethodInvocationHelper.java:139)
	at org.testng.internal.invokers.TestInvoker.invokeMethod(TestInvoker.java:664)
	at org.testng.internal.invokers.TestInvoker.invokeTestMethod(TestInvoker.java:228)
	at org.testng.internal.invokers.MethodRunner.runInSequence(MethodRunner.java:63)
	at org.testng.internal.invokers.TestInvoker$MethodInvocationAgent.invoke(TestInvoker.java:961)
	at org.testng.internal.invokers.TestInvoker.invokeTestMethods(TestInvoker.java:201)
	at org.testng.internal.invokers.TestMethodWorker.invokeTestMethods(TestMethodWorker.java:148)
	at org.testng.internal.invokers.TestMethodWorker.run(TestMethodWorker.java:128)
	at java.base/java.util.ArrayList.forEach(ArrayList.java:1596)
	at org.testng.TestRunner.privateRun(TestRunner.java:819)
	at org.testng.TestRunner.run(TestRunner.java:619)
	at org.testng.SuiteRunner.runTest(SuiteRunner.java:443)
	at org.testng.SuiteRunner.runSequentially(SuiteRunner.java:437)
	at org.testng.SuiteRunner.privateRun(SuiteRunner.java:397)
	at org.testng.SuiteRunner.run(SuiteRunner.java:336)
	at org.testng.SuiteRunnerWorker.runSuite(SuiteRunnerWorker.java:52)
	at org.testng.SuiteRunnerWorker.run(SuiteRunnerWorker.java:95)
	at org.testng.TestNG.runSuitesSequentially(TestNG.java:1301)
	at org.testng.TestNG.runSuitesLocally(TestNG.java:1228)
	at org.testng.TestNG.runSuites(TestNG.java:1134)
	at org.testng.TestNG.run(TestNG.java:1101)
	at org.apache.maven.surefire.testng.TestNGExecutor.run(TestNGExecutor.java:155)
	at org.apache.maven.surefire.testng.TestNGDirectoryTestSuite.executeSingleClass(TestNGDirectoryTestSuite.java:102)
	at org.apache.maven.surefire.testng.TestNGDirectoryTestSuite.execute(TestNGDirectoryTestSuite.java:91)
	at org.apache.maven.surefire.testng.TestNGProvider.invoke(TestNGProvider.java:137)
	at org.apache.maven.surefire.booter.ForkedBooter.runSuitesInProcess(ForkedBooter.java:385)
	at org.apache.maven.surefire.booter.ForkedBooter.execute(ForkedBooter.java:162)
	at org.apache.maven.surefire.booter.ForkedBooter.run(ForkedBooter.java:507)
	at org.apache.maven.surefire.booter.ForkedBooter.main(ForkedBooter.java:495)
&amp#27;[0m

    Embedding image [image/png 42481 bytes]

]]></system-out>
  </testcase>
  <testcase name="runScenario[&quot;Verify user should not be able to submit invalid Phone Number : &quot;564 792 007&quot;&quot;, &quot;User should be able to submit contact us request&quot;](28)" classname="runner.TestRunner" time="32.073">
    <failure message="Error {&#10;  message=&apos;Timeout 30000ms exceeded.&#10;  name=&apos;TimeoutError&#10;  stack=&apos;TimeoutError: Timeout 30000ms exceeded.&#10;    at ProgressController.run (/private/var/folders/m8/d_ml1jqs5rdf6m9md2pykmkh0000gn/T/playwright-java-4336040391069677089/package/lib/server/progress.js:87:26)&#10;    at Frame._callOnElementOnceMatches (/private/var/folders/m8/d_ml1jqs5rdf6m9md2pykmkh0000gn/T/playwright-java-4336040391069677089/package/lib/server/frames.js:1399:23)&#10;    at Frame.textContent (/private/var/folders/m8/d_ml1jqs5rdf6m9md2pykmkh0000gn/T/playwright-java-4336040391069677089/package/lib/server/frames.js:1056:17)&#10;    at FrameDispatcher.textContent (/private/var/folders/m8/d_ml1jqs5rdf6m9md2pykmkh0000gn/T/playwright-java-4336040391069677089/package/lib/server/dispatchers/frameDispatcher.js:179:37)&#10;    at FrameDispatcher._handleCommand (/private/var/folders/m8/d_ml1jqs5rdf6m9md2pykmkh0000gn/T/playwright-java-4336040391069677089/package/lib/server/dispatchers/dispatcher.js:94:40)&#10;    at DispatcherConnection.dispatch (/private/var/folders/m8/d_ml1jqs5rdf6m9md2pykmkh0000gn/T/playwright-java-4336040391069677089/package/lib/server/dispatchers/dispatcher.js:362:39)&#10;}&#10;Call log:&#10;- waiting for locator(&quot;.alert&quot;)&#10;" type="com.microsoft.playwright.TimeoutError"><![CDATA[com.microsoft.playwright.TimeoutError: 
Error {
  message='Timeout 30000ms exceeded.
  name='TimeoutError
  stack='TimeoutError: Timeout 30000ms exceeded.
    at ProgressController.run (/private/var/folders/m8/d_ml1jqs5rdf6m9md2pykmkh0000gn/T/playwright-java-4336040391069677089/package/lib/server/progress.js:87:26)
    at Frame._callOnElementOnceMatches (/private/var/folders/m8/d_ml1jqs5rdf6m9md2pykmkh0000gn/T/playwright-java-4336040391069677089/package/lib/server/frames.js:1399:23)
    at Frame.textContent (/private/var/folders/m8/d_ml1jqs5rdf6m9md2pykmkh0000gn/T/playwright-java-4336040391069677089/package/lib/server/frames.js:1056:17)
    at FrameDispatcher.textContent (/private/var/folders/m8/d_ml1jqs5rdf6m9md2pykmkh0000gn/T/playwright-java-4336040391069677089/package/lib/server/dispatchers/frameDispatcher.js:179:37)
    at FrameDispatcher._handleCommand (/private/var/folders/m8/d_ml1jqs5rdf6m9md2pykmkh0000gn/T/playwright-java-4336040391069677089/package/lib/server/dispatchers/dispatcher.js:94:40)
    at DispatcherConnection.dispatch (/private/var/folders/m8/d_ml1jqs5rdf6m9md2pykmkh0000gn/T/playwright-java-4336040391069677089/package/lib/server/dispatchers/dispatcher.js:362:39)
}
Call log:
- waiting for locator(".alert")

	at com.microsoft.playwright.impl.WaitableResult.get(WaitableResult.java:52)
	at com.microsoft.playwright.impl.ChannelOwner.runUntil(ChannelOwner.java:120)
	at com.microsoft.playwright.impl.Connection.sendMessage(Connection.java:129)
	at com.microsoft.playwright.impl.ChannelOwner.sendMessage(ChannelOwner.java:106)
	at com.microsoft.playwright.impl.FrameImpl.textContentImpl(FrameImpl.java:818)
	at com.microsoft.playwright.impl.FrameImpl.lambda$textContent$38(FrameImpl.java:809)
	at com.microsoft.playwright.impl.LoggingSupport.withLogging(LoggingSupport.java:47)
	at com.microsoft.playwright.impl.ChannelOwner.withLogging(ChannelOwner.java:89)
	at com.microsoft.playwright.impl.FrameImpl.textContent(FrameImpl.java:809)
	at com.microsoft.playwright.impl.LocatorImpl.textContent(LocatorImpl.java:566)
	at com.microsoft.playwright.Locator.textContent(Locator.java:5090)
	at com.test.roku.utils.AssertionUtils.assertEquals(AssertionUtils.java:15)
	at com.test.roku.steps.ContactUsPageAssertions.assertErrorDisplayedForInvalidFormat(ContactUsPageAssertions.java:168)
	at com.test.roku.steps.ContactUsSteps.userShouldBeDisplayedInvalidFormatErrorMessage(ContactUsSteps.java:141)
	at ✽.User should be displayed invalid "Phone" format error message(file:///Users/sanju/Desktop/PlaywightJavaWorkSpace/PlayWrightJavaAutomation/src/test/java/features/contactUs.feature:87)
Caused by: com.microsoft.playwright.TimeoutError: Error {
  message='Timeout 30000ms exceeded.
  name='TimeoutError
  stack='TimeoutError: Timeout 30000ms exceeded.
    at ProgressController.run (/private/var/folders/m8/d_ml1jqs5rdf6m9md2pykmkh0000gn/T/playwright-java-4336040391069677089/package/lib/server/progress.js:87:26)
    at Frame._callOnElementOnceMatches (/private/var/folders/m8/d_ml1jqs5rdf6m9md2pykmkh0000gn/T/playwright-java-4336040391069677089/package/lib/server/frames.js:1399:23)
    at Frame.textContent (/private/var/folders/m8/d_ml1jqs5rdf6m9md2pykmkh0000gn/T/playwright-java-4336040391069677089/package/lib/server/frames.js:1056:17)
    at FrameDispatcher.textContent (/private/var/folders/m8/d_ml1jqs5rdf6m9md2pykmkh0000gn/T/playwright-java-4336040391069677089/package/lib/server/dispatchers/frameDispatcher.js:179:37)
    at FrameDispatcher._handleCommand (/private/var/folders/m8/d_ml1jqs5rdf6m9md2pykmkh0000gn/T/playwright-java-4336040391069677089/package/lib/server/dispatchers/dispatcher.js:94:40)
    at DispatcherConnection.dispatch (/private/var/folders/m8/d_ml1jqs5rdf6m9md2pykmkh0000gn/T/playwright-java-4336040391069677089/package/lib/server/dispatchers/dispatcher.js:362:39)
}
Call log:
- waiting for locator(".alert")

	at com.microsoft.playwright.impl.Connection.dispatch(Connection.java:254)
	at com.microsoft.playwright.impl.Connection.processOneMessage(Connection.java:209)
	at com.microsoft.playwright.impl.ChannelOwner.runUntil(ChannelOwner.java:118)
	at com.microsoft.playwright.impl.Connection.sendMessage(Connection.java:129)
	at com.microsoft.playwright.impl.ChannelOwner.sendMessage(ChannelOwner.java:106)
	at com.microsoft.playwright.impl.FrameImpl.textContentImpl(FrameImpl.java:818)
	at com.microsoft.playwright.impl.FrameImpl.lambda$textContent$38(FrameImpl.java:809)
	at com.microsoft.playwright.impl.LoggingSupport.withLogging(LoggingSupport.java:47)
	at com.microsoft.playwright.impl.ChannelOwner.withLogging(ChannelOwner.java:89)
	at com.microsoft.playwright.impl.FrameImpl.textContent(FrameImpl.java:809)
	at com.microsoft.playwright.impl.LocatorImpl.textContent(LocatorImpl.java:566)
	at com.microsoft.playwright.Locator.textContent(Locator.java:5090)
	at com.test.roku.utils.AssertionUtils.assertEquals(AssertionUtils.java:15)
	at com.test.roku.steps.ContactUsPageAssertions.assertErrorDisplayedForInvalidFormat(ContactUsPageAssertions.java:168)
	at com.test.roku.steps.ContactUsSteps.userShouldBeDisplayedInvalidFormatErrorMessage(ContactUsSteps.java:141)
	at java.base/jdk.internal.reflect.DirectMethodHandleAccessor.invoke(DirectMethodHandleAccessor.java:103)
	at java.base/java.lang.reflect.Method.invoke(Method.java:580)
	at io.cucumber.java.Invoker.doInvoke(Invoker.java:66)
	at io.cucumber.java.Invoker.invoke(Invoker.java:24)
	at io.cucumber.java.AbstractGlueDefinition.invokeMethod(AbstractGlueDefinition.java:47)
	at io.cucumber.java.JavaStepDefinition.execute(JavaStepDefinition.java:29)
	at io.cucumber.core.runner.CoreStepDefinition.execute(CoreStepDefinition.java:66)
	at io.cucumber.core.runner.PickleStepDefinitionMatch.runStep(PickleStepDefinitionMatch.java:63)
	at io.cucumber.core.runner.ExecutionMode$1.execute(ExecutionMode.java:10)
	at io.cucumber.core.runner.TestStep.executeStep(TestStep.java:86)
	at io.cucumber.core.runner.TestStep.run(TestStep.java:57)
	at io.cucumber.core.runner.PickleStepTestStep.run(PickleStepTestStep.java:51)
	at io.cucumber.core.runner.TestCase.run(TestCase.java:95)
	at io.cucumber.core.runner.Runner.runPickle(Runner.java:75)
	at io.cucumber.testng.TestNGCucumberRunner.lambda$runScenario$1(TestNGCucumberRunner.java:132)
	at io.cucumber.core.runtime.CucumberExecutionContext.lambda$runTestCase$3(CucumberExecutionContext.java:151)
	at io.cucumber.core.runtime.RethrowingThrowableCollector.executeAndThrow(RethrowingThrowableCollector.java:23)
	at io.cucumber.core.runtime.CucumberExecutionContext.runTestCase(CucumberExecutionContext.java:151)
	at io.cucumber.testng.TestNGCucumberRunner.runScenario(TestNGCucumberRunner.java:129)
	at io.cucumber.testng.AbstractTestNGCucumberTests.runScenario(AbstractTestNGCucumberTests.java:35)
	at java.base/jdk.internal.reflect.DirectMethodHandleAccessor.invoke(DirectMethodHandleAccessor.java:103)
	at java.base/java.lang.reflect.Method.invoke(Method.java:580)
	at org.testng.internal.invokers.MethodInvocationHelper.invokeMethod(MethodInvocationHelper.java:139)
	at org.testng.internal.invokers.TestInvoker.invokeMethod(TestInvoker.java:664)
	at org.testng.internal.invokers.TestInvoker.invokeTestMethod(TestInvoker.java:228)
	at org.testng.internal.invokers.MethodRunner.runInSequence(MethodRunner.java:63)
	at org.testng.internal.invokers.TestInvoker$MethodInvocationAgent.invoke(TestInvoker.java:961)
	at org.testng.internal.invokers.TestInvoker.invokeTestMethods(TestInvoker.java:201)
	at org.testng.internal.invokers.TestMethodWorker.invokeTestMethods(TestMethodWorker.java:148)
	at org.testng.internal.invokers.TestMethodWorker.run(TestMethodWorker.java:128)
	at java.base/java.util.ArrayList.forEach(ArrayList.java:1596)
	at org.testng.TestRunner.privateRun(TestRunner.java:819)
	at org.testng.TestRunner.run(TestRunner.java:619)
	at org.testng.SuiteRunner.runTest(SuiteRunner.java:443)
	at org.testng.SuiteRunner.runSequentially(SuiteRunner.java:437)
	at org.testng.SuiteRunner.privateRun(SuiteRunner.java:397)
	at org.testng.SuiteRunner.run(SuiteRunner.java:336)
	at org.testng.SuiteRunnerWorker.runSuite(SuiteRunnerWorker.java:52)
	at org.testng.SuiteRunnerWorker.run(SuiteRunnerWorker.java:95)
	at org.testng.TestNG.runSuitesSequentially(TestNG.java:1301)
	at org.testng.TestNG.runSuitesLocally(TestNG.java:1228)
	at org.testng.TestNG.runSuites(TestNG.java:1134)
	at org.testng.TestNG.run(TestNG.java:1101)
	at org.apache.maven.surefire.testng.TestNGExecutor.run(TestNGExecutor.java:155)
	at org.apache.maven.surefire.testng.TestNGDirectoryTestSuite.executeSingleClass(TestNGDirectoryTestSuite.java:102)
	at org.apache.maven.surefire.testng.TestNGDirectoryTestSuite.execute(TestNGDirectoryTestSuite.java:91)
	at org.apache.maven.surefire.testng.TestNGProvider.invoke(TestNGProvider.java:137)
	at org.apache.maven.surefire.booter.ForkedBooter.runSuitesInProcess(ForkedBooter.java:385)
	at org.apache.maven.surefire.booter.ForkedBooter.execute(ForkedBooter.java:162)
	at org.apache.maven.surefire.booter.ForkedBooter.run(ForkedBooter.java:507)
	at org.apache.maven.surefire.booter.ForkedBooter.main(ForkedBooter.java:495)
]]></failure>
    <system-out><![CDATA[
@Regression @ContactUs
Scenario Outline: Verify user should not be able to submit invalid Phone Number : "564 792 007" &amp#27;[90m# src/test/java/features/contactUs.feature:96&amp#27;[0m
WEBELEMENTS INITIALISED!!!!
  &amp#27;[32mGiven &amp#27;[0m&amp#27;[32mUser is on the contact us page of the application and scrolled down&amp#27;[0m                     &amp#27;[90m# com.test.roku.steps.ContactUsSteps.userIsOnTheContactUsPageOfTheApplicationAndScrolledDown()&amp#27;[0m

    Embedding image [image/png 79519 bytes]

  &amp#27;[32mWhen &amp#27;[0m&amp#27;[32mUser enters &amp#27;[0m&amp#27;[32m&amp#27;[1m"564 792 007"&amp#27;[0m&amp#27;[32m in the phone field&amp#27;[0m                                             &amp#27;[90m# com.test.roku.steps.ContactUsSteps.userEntersInvalidPhoneInThePhoneField(java.lang.String)&amp#27;[0m

    Embedding image [image/png 46021 bytes]

  &amp#27;[32mAnd &amp#27;[0m&amp#27;[32mClick on submit button&amp#27;[0m                                                                    &amp#27;[90m# com.test.roku.steps.ContactUsSteps.clickOnSubmitButton()&amp#27;[0m

    Embedding image [image/png 46128 bytes]

  &amp#27;[31mThen &amp#27;[0m&amp#27;[31mUser should be displayed invalid &amp#27;[0m&amp#27;[31m&amp#27;[1m"Phone"&amp#27;[0m&amp#27;[31m format error message&amp#27;[0m                            &amp#27;[90m# com.test.roku.steps.ContactUsSteps.userShouldBeDisplayedInvalidFormatErrorMessage(java.lang.String)&amp#27;[0m
      &amp#27;[31mcom.microsoft.playwright.TimeoutError: Error {
  message='Timeout 30000ms exceeded.
  name='TimeoutError
  stack='TimeoutError: Timeout 30000ms exceeded.
    at ProgressController.run (/private/var/folders/m8/d_ml1jqs5rdf6m9md2pykmkh0000gn/T/playwright-java-4336040391069677089/package/lib/server/progress.js:87:26)
    at Frame._callOnElementOnceMatches (/private/var/folders/m8/d_ml1jqs5rdf6m9md2pykmkh0000gn/T/playwright-java-4336040391069677089/package/lib/server/frames.js:1399:23)
    at Frame.textContent (/private/var/folders/m8/d_ml1jqs5rdf6m9md2pykmkh0000gn/T/playwright-java-4336040391069677089/package/lib/server/frames.js:1056:17)
    at FrameDispatcher.textContent (/private/var/folders/m8/d_ml1jqs5rdf6m9md2pykmkh0000gn/T/playwright-java-4336040391069677089/package/lib/server/dispatchers/frameDispatcher.js:179:37)
    at FrameDispatcher._handleCommand (/private/var/folders/m8/d_ml1jqs5rdf6m9md2pykmkh0000gn/T/playwright-java-4336040391069677089/package/lib/server/dispatchers/dispatcher.js:94:40)
    at DispatcherConnection.dispatch (/private/var/folders/m8/d_ml1jqs5rdf6m9md2pykmkh0000gn/T/playwright-java-4336040391069677089/package/lib/server/dispatchers/dispatcher.js:362:39)
}
Call log:
- waiting for locator(".alert")

	at com.microsoft.playwright.impl.WaitableResult.get(WaitableResult.java:52)
	at com.microsoft.playwright.impl.ChannelOwner.runUntil(ChannelOwner.java:120)
	at com.microsoft.playwright.impl.Connection.sendMessage(Connection.java:129)
	at com.microsoft.playwright.impl.ChannelOwner.sendMessage(ChannelOwner.java:106)
	at com.microsoft.playwright.impl.FrameImpl.textContentImpl(FrameImpl.java:818)
	at com.microsoft.playwright.impl.FrameImpl.lambda$textContent$38(FrameImpl.java:809)
	at com.microsoft.playwright.impl.LoggingSupport.withLogging(LoggingSupport.java:47)
	at com.microsoft.playwright.impl.ChannelOwner.withLogging(ChannelOwner.java:89)
	at com.microsoft.playwright.impl.FrameImpl.textContent(FrameImpl.java:809)
	at com.microsoft.playwright.impl.LocatorImpl.textContent(LocatorImpl.java:566)
	at com.microsoft.playwright.Locator.textContent(Locator.java:5090)
	at com.test.roku.utils.AssertionUtils.assertEquals(AssertionUtils.java:15)
	at com.test.roku.steps.ContactUsPageAssertions.assertErrorDisplayedForInvalidFormat(ContactUsPageAssertions.java:168)
	at com.test.roku.steps.ContactUsSteps.userShouldBeDisplayedInvalidFormatErrorMessage(ContactUsSteps.java:141)
	at ✽.User should be displayed invalid "Phone" format error message(file:///Users/sanju/Desktop/PlaywightJavaWorkSpace/PlayWrightJavaAutomation/src/test/java/features/contactUs.feature:87)
Caused by: com.microsoft.playwright.TimeoutError: Error {
  message='Timeout 30000ms exceeded.
  name='TimeoutError
  stack='TimeoutError: Timeout 30000ms exceeded.
    at ProgressController.run (/private/var/folders/m8/d_ml1jqs5rdf6m9md2pykmkh0000gn/T/playwright-java-4336040391069677089/package/lib/server/progress.js:87:26)
    at Frame._callOnElementOnceMatches (/private/var/folders/m8/d_ml1jqs5rdf6m9md2pykmkh0000gn/T/playwright-java-4336040391069677089/package/lib/server/frames.js:1399:23)
    at Frame.textContent (/private/var/folders/m8/d_ml1jqs5rdf6m9md2pykmkh0000gn/T/playwright-java-4336040391069677089/package/lib/server/frames.js:1056:17)
    at FrameDispatcher.textContent (/private/var/folders/m8/d_ml1jqs5rdf6m9md2pykmkh0000gn/T/playwright-java-4336040391069677089/package/lib/server/dispatchers/frameDispatcher.js:179:37)
    at FrameDispatcher._handleCommand (/private/var/folders/m8/d_ml1jqs5rdf6m9md2pykmkh0000gn/T/playwright-java-4336040391069677089/package/lib/server/dispatchers/dispatcher.js:94:40)
    at DispatcherConnection.dispatch (/private/var/folders/m8/d_ml1jqs5rdf6m9md2pykmkh0000gn/T/playwright-java-4336040391069677089/package/lib/server/dispatchers/dispatcher.js:362:39)
}
Call log:
- waiting for locator(".alert")

	at com.microsoft.playwright.impl.Connection.dispatch(Connection.java:254)
	at com.microsoft.playwright.impl.Connection.processOneMessage(Connection.java:209)
	at com.microsoft.playwright.impl.ChannelOwner.runUntil(ChannelOwner.java:118)
	at com.microsoft.playwright.impl.Connection.sendMessage(Connection.java:129)
	at com.microsoft.playwright.impl.ChannelOwner.sendMessage(ChannelOwner.java:106)
	at com.microsoft.playwright.impl.FrameImpl.textContentImpl(FrameImpl.java:818)
	at com.microsoft.playwright.impl.FrameImpl.lambda$textContent$38(FrameImpl.java:809)
	at com.microsoft.playwright.impl.LoggingSupport.withLogging(LoggingSupport.java:47)
	at com.microsoft.playwright.impl.ChannelOwner.withLogging(ChannelOwner.java:89)
	at com.microsoft.playwright.impl.FrameImpl.textContent(FrameImpl.java:809)
	at com.microsoft.playwright.impl.LocatorImpl.textContent(LocatorImpl.java:566)
	at com.microsoft.playwright.Locator.textContent(Locator.java:5090)
	at com.test.roku.utils.AssertionUtils.assertEquals(AssertionUtils.java:15)
	at com.test.roku.steps.ContactUsPageAssertions.assertErrorDisplayedForInvalidFormat(ContactUsPageAssertions.java:168)
	at com.test.roku.steps.ContactUsSteps.userShouldBeDisplayedInvalidFormatErrorMessage(ContactUsSteps.java:141)
	at java.base/jdk.internal.reflect.DirectMethodHandleAccessor.invoke(DirectMethodHandleAccessor.java:103)
	at java.base/java.lang.reflect.Method.invoke(Method.java:580)
	at io.cucumber.java.Invoker.doInvoke(Invoker.java:66)
	at io.cucumber.java.Invoker.invoke(Invoker.java:24)
	at io.cucumber.java.AbstractGlueDefinition.invokeMethod(AbstractGlueDefinition.java:47)
	at io.cucumber.java.JavaStepDefinition.execute(JavaStepDefinition.java:29)
	at io.cucumber.core.runner.CoreStepDefinition.execute(CoreStepDefinition.java:66)
	at io.cucumber.core.runner.PickleStepDefinitionMatch.runStep(PickleStepDefinitionMatch.java:63)
	at io.cucumber.core.runner.ExecutionMode$1.execute(ExecutionMode.java:10)
	at io.cucumber.core.runner.TestStep.executeStep(TestStep.java:86)
	at io.cucumber.core.runner.TestStep.run(TestStep.java:57)
	at io.cucumber.core.runner.PickleStepTestStep.run(PickleStepTestStep.java:51)
	at io.cucumber.core.runner.TestCase.run(TestCase.java:95)
	at io.cucumber.core.runner.Runner.runPickle(Runner.java:75)
	at io.cucumber.testng.TestNGCucumberRunner.lambda$runScenario$1(TestNGCucumberRunner.java:132)
	at io.cucumber.core.runtime.CucumberExecutionContext.lambda$runTestCase$3(CucumberExecutionContext.java:151)
	at io.cucumber.core.runtime.RethrowingThrowableCollector.executeAndThrow(RethrowingThrowableCollector.java:23)
	at io.cucumber.core.runtime.CucumberExecutionContext.runTestCase(CucumberExecutionContext.java:151)
	at io.cucumber.testng.TestNGCucumberRunner.runScenario(TestNGCucumberRunner.java:129)
	at io.cucumber.testng.AbstractTestNGCucumberTests.runScenario(AbstractTestNGCucumberTests.java:35)
	at java.base/jdk.internal.reflect.DirectMethodHandleAccessor.invoke(DirectMethodHandleAccessor.java:103)
	at java.base/java.lang.reflect.Method.invoke(Method.java:580)
	at org.testng.internal.invokers.MethodInvocationHelper.invokeMethod(MethodInvocationHelper.java:139)
	at org.testng.internal.invokers.TestInvoker.invokeMethod(TestInvoker.java:664)
	at org.testng.internal.invokers.TestInvoker.invokeTestMethod(TestInvoker.java:228)
	at org.testng.internal.invokers.MethodRunner.runInSequence(MethodRunner.java:63)
	at org.testng.internal.invokers.TestInvoker$MethodInvocationAgent.invoke(TestInvoker.java:961)
	at org.testng.internal.invokers.TestInvoker.invokeTestMethods(TestInvoker.java:201)
	at org.testng.internal.invokers.TestMethodWorker.invokeTestMethods(TestMethodWorker.java:148)
	at org.testng.internal.invokers.TestMethodWorker.run(TestMethodWorker.java:128)
	at java.base/java.util.ArrayList.forEach(ArrayList.java:1596)
	at org.testng.TestRunner.privateRun(TestRunner.java:819)
	at org.testng.TestRunner.run(TestRunner.java:619)
	at org.testng.SuiteRunner.runTest(SuiteRunner.java:443)
	at org.testng.SuiteRunner.runSequentially(SuiteRunner.java:437)
	at org.testng.SuiteRunner.privateRun(SuiteRunner.java:397)
	at org.testng.SuiteRunner.run(SuiteRunner.java:336)
	at org.testng.SuiteRunnerWorker.runSuite(SuiteRunnerWorker.java:52)
	at org.testng.SuiteRunnerWorker.run(SuiteRunnerWorker.java:95)
	at org.testng.TestNG.runSuitesSequentially(TestNG.java:1301)
	at org.testng.TestNG.runSuitesLocally(TestNG.java:1228)
	at org.testng.TestNG.runSuites(TestNG.java:1134)
	at org.testng.TestNG.run(TestNG.java:1101)
	at org.apache.maven.surefire.testng.TestNGExecutor.run(TestNGExecutor.java:155)
	at org.apache.maven.surefire.testng.TestNGDirectoryTestSuite.executeSingleClass(TestNGDirectoryTestSuite.java:102)
	at org.apache.maven.surefire.testng.TestNGDirectoryTestSuite.execute(TestNGDirectoryTestSuite.java:91)
	at org.apache.maven.surefire.testng.TestNGProvider.invoke(TestNGProvider.java:137)
	at org.apache.maven.surefire.booter.ForkedBooter.runSuitesInProcess(ForkedBooter.java:385)
	at org.apache.maven.surefire.booter.ForkedBooter.execute(ForkedBooter.java:162)
	at org.apache.maven.surefire.booter.ForkedBooter.run(ForkedBooter.java:507)
	at org.apache.maven.surefire.booter.ForkedBooter.main(ForkedBooter.java:495)
&amp#27;[0m

    Embedding image [image/png 42481 bytes]

]]></system-out>
  </testcase>
  <testcase name="runScenario[&quot;Verify user should not be able to submit invalid Phone Number : &quot;777-111-222&quot;&quot;, &quot;User should be able to submit contact us request&quot;](29)" classname="runner.TestRunner" time="32.252">
    <failure message="Error {&#10;  message=&apos;Timeout 30000ms exceeded.&#10;  name=&apos;TimeoutError&#10;  stack=&apos;TimeoutError: Timeout 30000ms exceeded.&#10;    at ProgressController.run (/private/var/folders/m8/d_ml1jqs5rdf6m9md2pykmkh0000gn/T/playwright-java-4336040391069677089/package/lib/server/progress.js:87:26)&#10;    at Frame._callOnElementOnceMatches (/private/var/folders/m8/d_ml1jqs5rdf6m9md2pykmkh0000gn/T/playwright-java-4336040391069677089/package/lib/server/frames.js:1399:23)&#10;    at Frame.textContent (/private/var/folders/m8/d_ml1jqs5rdf6m9md2pykmkh0000gn/T/playwright-java-4336040391069677089/package/lib/server/frames.js:1056:17)&#10;    at FrameDispatcher.textContent (/private/var/folders/m8/d_ml1jqs5rdf6m9md2pykmkh0000gn/T/playwright-java-4336040391069677089/package/lib/server/dispatchers/frameDispatcher.js:179:37)&#10;    at FrameDispatcher._handleCommand (/private/var/folders/m8/d_ml1jqs5rdf6m9md2pykmkh0000gn/T/playwright-java-4336040391069677089/package/lib/server/dispatchers/dispatcher.js:94:40)&#10;    at DispatcherConnection.dispatch (/private/var/folders/m8/d_ml1jqs5rdf6m9md2pykmkh0000gn/T/playwright-java-4336040391069677089/package/lib/server/dispatchers/dispatcher.js:362:39)&#10;}&#10;Call log:&#10;- waiting for locator(&quot;.alert&quot;)&#10;" type="com.microsoft.playwright.TimeoutError"><![CDATA[com.microsoft.playwright.TimeoutError: 
Error {
  message='Timeout 30000ms exceeded.
  name='TimeoutError
  stack='TimeoutError: Timeout 30000ms exceeded.
    at ProgressController.run (/private/var/folders/m8/d_ml1jqs5rdf6m9md2pykmkh0000gn/T/playwright-java-4336040391069677089/package/lib/server/progress.js:87:26)
    at Frame._callOnElementOnceMatches (/private/var/folders/m8/d_ml1jqs5rdf6m9md2pykmkh0000gn/T/playwright-java-4336040391069677089/package/lib/server/frames.js:1399:23)
    at Frame.textContent (/private/var/folders/m8/d_ml1jqs5rdf6m9md2pykmkh0000gn/T/playwright-java-4336040391069677089/package/lib/server/frames.js:1056:17)
    at FrameDispatcher.textContent (/private/var/folders/m8/d_ml1jqs5rdf6m9md2pykmkh0000gn/T/playwright-java-4336040391069677089/package/lib/server/dispatchers/frameDispatcher.js:179:37)
    at FrameDispatcher._handleCommand (/private/var/folders/m8/d_ml1jqs5rdf6m9md2pykmkh0000gn/T/playwright-java-4336040391069677089/package/lib/server/dispatchers/dispatcher.js:94:40)
    at DispatcherConnection.dispatch (/private/var/folders/m8/d_ml1jqs5rdf6m9md2pykmkh0000gn/T/playwright-java-4336040391069677089/package/lib/server/dispatchers/dispatcher.js:362:39)
}
Call log:
- waiting for locator(".alert")

	at com.microsoft.playwright.impl.WaitableResult.get(WaitableResult.java:52)
	at com.microsoft.playwright.impl.ChannelOwner.runUntil(ChannelOwner.java:120)
	at com.microsoft.playwright.impl.Connection.sendMessage(Connection.java:129)
	at com.microsoft.playwright.impl.ChannelOwner.sendMessage(ChannelOwner.java:106)
	at com.microsoft.playwright.impl.FrameImpl.textContentImpl(FrameImpl.java:818)
	at com.microsoft.playwright.impl.FrameImpl.lambda$textContent$38(FrameImpl.java:809)
	at com.microsoft.playwright.impl.LoggingSupport.withLogging(LoggingSupport.java:47)
	at com.microsoft.playwright.impl.ChannelOwner.withLogging(ChannelOwner.java:89)
	at com.microsoft.playwright.impl.FrameImpl.textContent(FrameImpl.java:809)
	at com.microsoft.playwright.impl.LocatorImpl.textContent(LocatorImpl.java:566)
	at com.microsoft.playwright.Locator.textContent(Locator.java:5090)
	at com.test.roku.utils.AssertionUtils.assertEquals(AssertionUtils.java:15)
	at com.test.roku.steps.ContactUsPageAssertions.assertErrorDisplayedForInvalidFormat(ContactUsPageAssertions.java:168)
	at com.test.roku.steps.ContactUsSteps.userShouldBeDisplayedInvalidFormatErrorMessage(ContactUsSteps.java:141)
	at ✽.User should be displayed invalid "Phone" format error message(file:///Users/sanju/Desktop/PlaywightJavaWorkSpace/PlayWrightJavaAutomation/src/test/java/features/contactUs.feature:87)
Caused by: com.microsoft.playwright.TimeoutError: Error {
  message='Timeout 30000ms exceeded.
  name='TimeoutError
  stack='TimeoutError: Timeout 30000ms exceeded.
    at ProgressController.run (/private/var/folders/m8/d_ml1jqs5rdf6m9md2pykmkh0000gn/T/playwright-java-4336040391069677089/package/lib/server/progress.js:87:26)
    at Frame._callOnElementOnceMatches (/private/var/folders/m8/d_ml1jqs5rdf6m9md2pykmkh0000gn/T/playwright-java-4336040391069677089/package/lib/server/frames.js:1399:23)
    at Frame.textContent (/private/var/folders/m8/d_ml1jqs5rdf6m9md2pykmkh0000gn/T/playwright-java-4336040391069677089/package/lib/server/frames.js:1056:17)
    at FrameDispatcher.textContent (/private/var/folders/m8/d_ml1jqs5rdf6m9md2pykmkh0000gn/T/playwright-java-4336040391069677089/package/lib/server/dispatchers/frameDispatcher.js:179:37)
    at FrameDispatcher._handleCommand (/private/var/folders/m8/d_ml1jqs5rdf6m9md2pykmkh0000gn/T/playwright-java-4336040391069677089/package/lib/server/dispatchers/dispatcher.js:94:40)
    at DispatcherConnection.dispatch (/private/var/folders/m8/d_ml1jqs5rdf6m9md2pykmkh0000gn/T/playwright-java-4336040391069677089/package/lib/server/dispatchers/dispatcher.js:362:39)
}
Call log:
- waiting for locator(".alert")

	at com.microsoft.playwright.impl.Connection.dispatch(Connection.java:254)
	at com.microsoft.playwright.impl.Connection.processOneMessage(Connection.java:209)
	at com.microsoft.playwright.impl.ChannelOwner.runUntil(ChannelOwner.java:118)
	at com.microsoft.playwright.impl.Connection.sendMessage(Connection.java:129)
	at com.microsoft.playwright.impl.ChannelOwner.sendMessage(ChannelOwner.java:106)
	at com.microsoft.playwright.impl.FrameImpl.textContentImpl(FrameImpl.java:818)
	at com.microsoft.playwright.impl.FrameImpl.lambda$textContent$38(FrameImpl.java:809)
	at com.microsoft.playwright.impl.LoggingSupport.withLogging(LoggingSupport.java:47)
	at com.microsoft.playwright.impl.ChannelOwner.withLogging(ChannelOwner.java:89)
	at com.microsoft.playwright.impl.FrameImpl.textContent(FrameImpl.java:809)
	at com.microsoft.playwright.impl.LocatorImpl.textContent(LocatorImpl.java:566)
	at com.microsoft.playwright.Locator.textContent(Locator.java:5090)
	at com.test.roku.utils.AssertionUtils.assertEquals(AssertionUtils.java:15)
	at com.test.roku.steps.ContactUsPageAssertions.assertErrorDisplayedForInvalidFormat(ContactUsPageAssertions.java:168)
	at com.test.roku.steps.ContactUsSteps.userShouldBeDisplayedInvalidFormatErrorMessage(ContactUsSteps.java:141)
	at java.base/jdk.internal.reflect.DirectMethodHandleAccessor.invoke(DirectMethodHandleAccessor.java:103)
	at java.base/java.lang.reflect.Method.invoke(Method.java:580)
	at io.cucumber.java.Invoker.doInvoke(Invoker.java:66)
	at io.cucumber.java.Invoker.invoke(Invoker.java:24)
	at io.cucumber.java.AbstractGlueDefinition.invokeMethod(AbstractGlueDefinition.java:47)
	at io.cucumber.java.JavaStepDefinition.execute(JavaStepDefinition.java:29)
	at io.cucumber.core.runner.CoreStepDefinition.execute(CoreStepDefinition.java:66)
	at io.cucumber.core.runner.PickleStepDefinitionMatch.runStep(PickleStepDefinitionMatch.java:63)
	at io.cucumber.core.runner.ExecutionMode$1.execute(ExecutionMode.java:10)
	at io.cucumber.core.runner.TestStep.executeStep(TestStep.java:86)
	at io.cucumber.core.runner.TestStep.run(TestStep.java:57)
	at io.cucumber.core.runner.PickleStepTestStep.run(PickleStepTestStep.java:51)
	at io.cucumber.core.runner.TestCase.run(TestCase.java:95)
	at io.cucumber.core.runner.Runner.runPickle(Runner.java:75)
	at io.cucumber.testng.TestNGCucumberRunner.lambda$runScenario$1(TestNGCucumberRunner.java:132)
	at io.cucumber.core.runtime.CucumberExecutionContext.lambda$runTestCase$3(CucumberExecutionContext.java:151)
	at io.cucumber.core.runtime.RethrowingThrowableCollector.executeAndThrow(RethrowingThrowableCollector.java:23)
	at io.cucumber.core.runtime.CucumberExecutionContext.runTestCase(CucumberExecutionContext.java:151)
	at io.cucumber.testng.TestNGCucumberRunner.runScenario(TestNGCucumberRunner.java:129)
	at io.cucumber.testng.AbstractTestNGCucumberTests.runScenario(AbstractTestNGCucumberTests.java:35)
	at java.base/jdk.internal.reflect.DirectMethodHandleAccessor.invoke(DirectMethodHandleAccessor.java:103)
	at java.base/java.lang.reflect.Method.invoke(Method.java:580)
	at org.testng.internal.invokers.MethodInvocationHelper.invokeMethod(MethodInvocationHelper.java:139)
	at org.testng.internal.invokers.TestInvoker.invokeMethod(TestInvoker.java:664)
	at org.testng.internal.invokers.TestInvoker.invokeTestMethod(TestInvoker.java:228)
	at org.testng.internal.invokers.MethodRunner.runInSequence(MethodRunner.java:63)
	at org.testng.internal.invokers.TestInvoker$MethodInvocationAgent.invoke(TestInvoker.java:961)
	at org.testng.internal.invokers.TestInvoker.invokeTestMethods(TestInvoker.java:201)
	at org.testng.internal.invokers.TestMethodWorker.invokeTestMethods(TestMethodWorker.java:148)
	at org.testng.internal.invokers.TestMethodWorker.run(TestMethodWorker.java:128)
	at java.base/java.util.ArrayList.forEach(ArrayList.java:1596)
	at org.testng.TestRunner.privateRun(TestRunner.java:819)
	at org.testng.TestRunner.run(TestRunner.java:619)
	at org.testng.SuiteRunner.runTest(SuiteRunner.java:443)
	at org.testng.SuiteRunner.runSequentially(SuiteRunner.java:437)
	at org.testng.SuiteRunner.privateRun(SuiteRunner.java:397)
	at org.testng.SuiteRunner.run(SuiteRunner.java:336)
	at org.testng.SuiteRunnerWorker.runSuite(SuiteRunnerWorker.java:52)
	at org.testng.SuiteRunnerWorker.run(SuiteRunnerWorker.java:95)
	at org.testng.TestNG.runSuitesSequentially(TestNG.java:1301)
	at org.testng.TestNG.runSuitesLocally(TestNG.java:1228)
	at org.testng.TestNG.runSuites(TestNG.java:1134)
	at org.testng.TestNG.run(TestNG.java:1101)
	at org.apache.maven.surefire.testng.TestNGExecutor.run(TestNGExecutor.java:155)
	at org.apache.maven.surefire.testng.TestNGDirectoryTestSuite.executeSingleClass(TestNGDirectoryTestSuite.java:102)
	at org.apache.maven.surefire.testng.TestNGDirectoryTestSuite.execute(TestNGDirectoryTestSuite.java:91)
	at org.apache.maven.surefire.testng.TestNGProvider.invoke(TestNGProvider.java:137)
	at org.apache.maven.surefire.booter.ForkedBooter.runSuitesInProcess(ForkedBooter.java:385)
	at org.apache.maven.surefire.booter.ForkedBooter.execute(ForkedBooter.java:162)
	at org.apache.maven.surefire.booter.ForkedBooter.run(ForkedBooter.java:507)
	at org.apache.maven.surefire.booter.ForkedBooter.main(ForkedBooter.java:495)
]]></failure>
    <system-out><![CDATA[
@Regression @ContactUs
Scenario Outline: Verify user should not be able to submit invalid Phone Number : "777-111-222" &amp#27;[90m# src/test/java/features/contactUs.feature:97&amp#27;[0m
WEBELEMENTS INITIALISED!!!!
  &amp#27;[32mGiven &amp#27;[0m&amp#27;[32mUser is on the contact us page of the application and scrolled down&amp#27;[0m                     &amp#27;[90m# com.test.roku.steps.ContactUsSteps.userIsOnTheContactUsPageOfTheApplicationAndScrolledDown()&amp#27;[0m

    Embedding image [image/png 79519 bytes]

  &amp#27;[32mWhen &amp#27;[0m&amp#27;[32mUser enters &amp#27;[0m&amp#27;[32m&amp#27;[1m"777-111-222"&amp#27;[0m&amp#27;[32m in the phone field&amp#27;[0m                                             &amp#27;[90m# com.test.roku.steps.ContactUsSteps.userEntersInvalidPhoneInThePhoneField(java.lang.String)&amp#27;[0m

    Embedding image [image/png 45008 bytes]

  &amp#27;[32mAnd &amp#27;[0m&amp#27;[32mClick on submit button&amp#27;[0m                                                                    &amp#27;[90m# com.test.roku.steps.ContactUsSteps.clickOnSubmitButton()&amp#27;[0m

    Embedding image [image/png 45112 bytes]

  &amp#27;[31mThen &amp#27;[0m&amp#27;[31mUser should be displayed invalid &amp#27;[0m&amp#27;[31m&amp#27;[1m"Phone"&amp#27;[0m&amp#27;[31m format error message&amp#27;[0m                            &amp#27;[90m# com.test.roku.steps.ContactUsSteps.userShouldBeDisplayedInvalidFormatErrorMessage(java.lang.String)&amp#27;[0m
      &amp#27;[31mcom.microsoft.playwright.TimeoutError: Error {
  message='Timeout 30000ms exceeded.
  name='TimeoutError
  stack='TimeoutError: Timeout 30000ms exceeded.
    at ProgressController.run (/private/var/folders/m8/d_ml1jqs5rdf6m9md2pykmkh0000gn/T/playwright-java-4336040391069677089/package/lib/server/progress.js:87:26)
    at Frame._callOnElementOnceMatches (/private/var/folders/m8/d_ml1jqs5rdf6m9md2pykmkh0000gn/T/playwright-java-4336040391069677089/package/lib/server/frames.js:1399:23)
    at Frame.textContent (/private/var/folders/m8/d_ml1jqs5rdf6m9md2pykmkh0000gn/T/playwright-java-4336040391069677089/package/lib/server/frames.js:1056:17)
    at FrameDispatcher.textContent (/private/var/folders/m8/d_ml1jqs5rdf6m9md2pykmkh0000gn/T/playwright-java-4336040391069677089/package/lib/server/dispatchers/frameDispatcher.js:179:37)
    at FrameDispatcher._handleCommand (/private/var/folders/m8/d_ml1jqs5rdf6m9md2pykmkh0000gn/T/playwright-java-4336040391069677089/package/lib/server/dispatchers/dispatcher.js:94:40)
    at DispatcherConnection.dispatch (/private/var/folders/m8/d_ml1jqs5rdf6m9md2pykmkh0000gn/T/playwright-java-4336040391069677089/package/lib/server/dispatchers/dispatcher.js:362:39)
}
Call log:
- waiting for locator(".alert")

	at com.microsoft.playwright.impl.WaitableResult.get(WaitableResult.java:52)
	at com.microsoft.playwright.impl.ChannelOwner.runUntil(ChannelOwner.java:120)
	at com.microsoft.playwright.impl.Connection.sendMessage(Connection.java:129)
	at com.microsoft.playwright.impl.ChannelOwner.sendMessage(ChannelOwner.java:106)
	at com.microsoft.playwright.impl.FrameImpl.textContentImpl(FrameImpl.java:818)
	at com.microsoft.playwright.impl.FrameImpl.lambda$textContent$38(FrameImpl.java:809)
	at com.microsoft.playwright.impl.LoggingSupport.withLogging(LoggingSupport.java:47)
	at com.microsoft.playwright.impl.ChannelOwner.withLogging(ChannelOwner.java:89)
	at com.microsoft.playwright.impl.FrameImpl.textContent(FrameImpl.java:809)
	at com.microsoft.playwright.impl.LocatorImpl.textContent(LocatorImpl.java:566)
	at com.microsoft.playwright.Locator.textContent(Locator.java:5090)
	at com.test.roku.utils.AssertionUtils.assertEquals(AssertionUtils.java:15)
	at com.test.roku.steps.ContactUsPageAssertions.assertErrorDisplayedForInvalidFormat(ContactUsPageAssertions.java:168)
	at com.test.roku.steps.ContactUsSteps.userShouldBeDisplayedInvalidFormatErrorMessage(ContactUsSteps.java:141)
	at ✽.User should be displayed invalid "Phone" format error message(file:///Users/sanju/Desktop/PlaywightJavaWorkSpace/PlayWrightJavaAutomation/src/test/java/features/contactUs.feature:87)
Caused by: com.microsoft.playwright.TimeoutError: Error {
  message='Timeout 30000ms exceeded.
  name='TimeoutError
  stack='TimeoutError: Timeout 30000ms exceeded.
    at ProgressController.run (/private/var/folders/m8/d_ml1jqs5rdf6m9md2pykmkh0000gn/T/playwright-java-4336040391069677089/package/lib/server/progress.js:87:26)
    at Frame._callOnElementOnceMatches (/private/var/folders/m8/d_ml1jqs5rdf6m9md2pykmkh0000gn/T/playwright-java-4336040391069677089/package/lib/server/frames.js:1399:23)
    at Frame.textContent (/private/var/folders/m8/d_ml1jqs5rdf6m9md2pykmkh0000gn/T/playwright-java-4336040391069677089/package/lib/server/frames.js:1056:17)
    at FrameDispatcher.textContent (/private/var/folders/m8/d_ml1jqs5rdf6m9md2pykmkh0000gn/T/playwright-java-4336040391069677089/package/lib/server/dispatchers/frameDispatcher.js:179:37)
    at FrameDispatcher._handleCommand (/private/var/folders/m8/d_ml1jqs5rdf6m9md2pykmkh0000gn/T/playwright-java-4336040391069677089/package/lib/server/dispatchers/dispatcher.js:94:40)
    at DispatcherConnection.dispatch (/private/var/folders/m8/d_ml1jqs5rdf6m9md2pykmkh0000gn/T/playwright-java-4336040391069677089/package/lib/server/dispatchers/dispatcher.js:362:39)
}
Call log:
- waiting for locator(".alert")

	at com.microsoft.playwright.impl.Connection.dispatch(Connection.java:254)
	at com.microsoft.playwright.impl.Connection.processOneMessage(Connection.java:209)
	at com.microsoft.playwright.impl.ChannelOwner.runUntil(ChannelOwner.java:118)
	at com.microsoft.playwright.impl.Connection.sendMessage(Connection.java:129)
	at com.microsoft.playwright.impl.ChannelOwner.sendMessage(ChannelOwner.java:106)
	at com.microsoft.playwright.impl.FrameImpl.textContentImpl(FrameImpl.java:818)
	at com.microsoft.playwright.impl.FrameImpl.lambda$textContent$38(FrameImpl.java:809)
	at com.microsoft.playwright.impl.LoggingSupport.withLogging(LoggingSupport.java:47)
	at com.microsoft.playwright.impl.ChannelOwner.withLogging(ChannelOwner.java:89)
	at com.microsoft.playwright.impl.FrameImpl.textContent(FrameImpl.java:809)
	at com.microsoft.playwright.impl.LocatorImpl.textContent(LocatorImpl.java:566)
	at com.microsoft.playwright.Locator.textContent(Locator.java:5090)
	at com.test.roku.utils.AssertionUtils.assertEquals(AssertionUtils.java:15)
	at com.test.roku.steps.ContactUsPageAssertions.assertErrorDisplayedForInvalidFormat(ContactUsPageAssertions.java:168)
	at com.test.roku.steps.ContactUsSteps.userShouldBeDisplayedInvalidFormatErrorMessage(ContactUsSteps.java:141)
	at java.base/jdk.internal.reflect.DirectMethodHandleAccessor.invoke(DirectMethodHandleAccessor.java:103)
	at java.base/java.lang.reflect.Method.invoke(Method.java:580)
	at io.cucumber.java.Invoker.doInvoke(Invoker.java:66)
	at io.cucumber.java.Invoker.invoke(Invoker.java:24)
	at io.cucumber.java.AbstractGlueDefinition.invokeMethod(AbstractGlueDefinition.java:47)
	at io.cucumber.java.JavaStepDefinition.execute(JavaStepDefinition.java:29)
	at io.cucumber.core.runner.CoreStepDefinition.execute(CoreStepDefinition.java:66)
	at io.cucumber.core.runner.PickleStepDefinitionMatch.runStep(PickleStepDefinitionMatch.java:63)
	at io.cucumber.core.runner.ExecutionMode$1.execute(ExecutionMode.java:10)
	at io.cucumber.core.runner.TestStep.executeStep(TestStep.java:86)
	at io.cucumber.core.runner.TestStep.run(TestStep.java:57)
	at io.cucumber.core.runner.PickleStepTestStep.run(PickleStepTestStep.java:51)
	at io.cucumber.core.runner.TestCase.run(TestCase.java:95)
	at io.cucumber.core.runner.Runner.runPickle(Runner.java:75)
	at io.cucumber.testng.TestNGCucumberRunner.lambda$runScenario$1(TestNGCucumberRunner.java:132)
	at io.cucumber.core.runtime.CucumberExecutionContext.lambda$runTestCase$3(CucumberExecutionContext.java:151)
	at io.cucumber.core.runtime.RethrowingThrowableCollector.executeAndThrow(RethrowingThrowableCollector.java:23)
	at io.cucumber.core.runtime.CucumberExecutionContext.runTestCase(CucumberExecutionContext.java:151)
	at io.cucumber.testng.TestNGCucumberRunner.runScenario(TestNGCucumberRunner.java:129)
	at io.cucumber.testng.AbstractTestNGCucumberTests.runScenario(AbstractTestNGCucumberTests.java:35)
	at java.base/jdk.internal.reflect.DirectMethodHandleAccessor.invoke(DirectMethodHandleAccessor.java:103)
	at java.base/java.lang.reflect.Method.invoke(Method.java:580)
	at org.testng.internal.invokers.MethodInvocationHelper.invokeMethod(MethodInvocationHelper.java:139)
	at org.testng.internal.invokers.TestInvoker.invokeMethod(TestInvoker.java:664)
	at org.testng.internal.invokers.TestInvoker.invokeTestMethod(TestInvoker.java:228)
	at org.testng.internal.invokers.MethodRunner.runInSequence(MethodRunner.java:63)
	at org.testng.internal.invokers.TestInvoker$MethodInvocationAgent.invoke(TestInvoker.java:961)
	at org.testng.internal.invokers.TestInvoker.invokeTestMethods(TestInvoker.java:201)
	at org.testng.internal.invokers.TestMethodWorker.invokeTestMethods(TestMethodWorker.java:148)
	at org.testng.internal.invokers.TestMethodWorker.run(TestMethodWorker.java:128)
	at java.base/java.util.ArrayList.forEach(ArrayList.java:1596)
	at org.testng.TestRunner.privateRun(TestRunner.java:819)
	at org.testng.TestRunner.run(TestRunner.java:619)
	at org.testng.SuiteRunner.runTest(SuiteRunner.java:443)
	at org.testng.SuiteRunner.runSequentially(SuiteRunner.java:437)
	at org.testng.SuiteRunner.privateRun(SuiteRunner.java:397)
	at org.testng.SuiteRunner.run(SuiteRunner.java:336)
	at org.testng.SuiteRunnerWorker.runSuite(SuiteRunnerWorker.java:52)
	at org.testng.SuiteRunnerWorker.run(SuiteRunnerWorker.java:95)
	at org.testng.TestNG.runSuitesSequentially(TestNG.java:1301)
	at org.testng.TestNG.runSuitesLocally(TestNG.java:1228)
	at org.testng.TestNG.runSuites(TestNG.java:1134)
	at org.testng.TestNG.run(TestNG.java:1101)
	at org.apache.maven.surefire.testng.TestNGExecutor.run(TestNGExecutor.java:155)
	at org.apache.maven.surefire.testng.TestNGDirectoryTestSuite.executeSingleClass(TestNGDirectoryTestSuite.java:102)
	at org.apache.maven.surefire.testng.TestNGDirectoryTestSuite.execute(TestNGDirectoryTestSuite.java:91)
	at org.apache.maven.surefire.testng.TestNGProvider.invoke(TestNGProvider.java:137)
	at org.apache.maven.surefire.booter.ForkedBooter.runSuitesInProcess(ForkedBooter.java:385)
	at org.apache.maven.surefire.booter.ForkedBooter.execute(ForkedBooter.java:162)
	at org.apache.maven.surefire.booter.ForkedBooter.run(ForkedBooter.java:507)
	at org.apache.maven.surefire.booter.ForkedBooter.main(ForkedBooter.java:495)
&amp#27;[0m

    Embedding image [image/png 42481 bytes]

]]></system-out>
  </testcase>
  <testcase name="runScenario[&quot;Verify user should not be able to submit out of range Phone Number : &quot;777&quot;&quot;, &quot;User should be able to submit contact us request&quot;](30)" classname="runner.TestRunner" time="1.869">
    <system-out><![CDATA[
@Regression @ContactUs
Scenario Outline: Verify user should not be able to submit out of range Phone Number : "777" &amp#27;[90m# src/test/java/features/contactUs.feature:106&amp#27;[0m
WEBELEMENTS INITIALISED!!!!
  &amp#27;[32mGiven &amp#27;[0m&amp#27;[32mUser is on the contact us page of the application and scrolled down&amp#27;[0m                  &amp#27;[90m# com.test.roku.steps.ContactUsSteps.userIsOnTheContactUsPageOfTheApplicationAndScrolledDown()&amp#27;[0m

    Embedding image [image/png 79519 bytes]

  &amp#27;[32mWhen &amp#27;[0m&amp#27;[32mUser enters &amp#27;[0m&amp#27;[32m&amp#27;[1m"777"&amp#27;[0m&amp#27;[32m in the phone field&amp#27;[0m                                                  &amp#27;[90m# com.test.roku.steps.ContactUsSteps.userEntersInvalidPhoneInThePhoneField(java.lang.String)&amp#27;[0m

    Embedding image [image/png 44270 bytes]

  &amp#27;[32mAnd &amp#27;[0m&amp#27;[32mClick on submit button&amp#27;[0m                                                                 &amp#27;[90m# com.test.roku.steps.ContactUsSteps.clickOnSubmitButton()&amp#27;[0m

    Embedding image [image/png 44384 bytes]

  &amp#27;[32mThen &amp#27;[0m&amp#27;[32mUser should be displayed error with acceptable range of &amp#27;[0m&amp#27;[32m&amp#27;[1m"Phone"&amp#27;[0m                       &amp#27;[90m# com.test.roku.steps.ContactUsSteps.userShouldBeDisplayedErrorWithAcceptableRange(java.lang.String)&amp#27;[0m

    Embedding image [image/png 33256 bytes]

]]></system-out>
  </testcase>
  <testcase name="runScenario[&quot;Verify user should not be able to submit out of range Phone Number : &quot;777711112222333344445555&quot;&quot;, &quot;User should be able to submit contact us request&quot;](31)" classname="runner.TestRunner" time="1.653">
    <system-out><![CDATA[
@Regression @ContactUs
Scenario Outline: Verify user should not be able to submit out of range Phone Number : "777711112222333344445555" &amp#27;[90m# src/test/java/features/contactUs.feature:107&amp#27;[0m
WEBELEMENTS INITIALISED!!!!
  &amp#27;[32mGiven &amp#27;[0m&amp#27;[32mUser is on the contact us page of the application and scrolled down&amp#27;[0m                                       &amp#27;[90m# com.test.roku.steps.ContactUsSteps.userIsOnTheContactUsPageOfTheApplicationAndScrolledDown()&amp#27;[0m

    Embedding image [image/png 79519 bytes]

  &amp#27;[32mWhen &amp#27;[0m&amp#27;[32mUser enters &amp#27;[0m&amp#27;[32m&amp#27;[1m"777711112222333344445555"&amp#27;[0m&amp#27;[32m in the phone field&amp#27;[0m                                                  &amp#27;[90m# com.test.roku.steps.ContactUsSteps.userEntersInvalidPhoneInThePhoneField(java.lang.String)&amp#27;[0m

    Embedding image [image/png 47614 bytes]

  &amp#27;[32mAnd &amp#27;[0m&amp#27;[32mClick on submit button&amp#27;[0m                                                                                      &amp#27;[90m# com.test.roku.steps.ContactUsSteps.clickOnSubmitButton()&amp#27;[0m

    Embedding image [image/png 47758 bytes]

  &amp#27;[32mThen &amp#27;[0m&amp#27;[32mUser should be displayed error with acceptable range of &amp#27;[0m&amp#27;[32m&amp#27;[1m"Phone"&amp#27;[0m                                            &amp#27;[90m# com.test.roku.steps.ContactUsSteps.userShouldBeDisplayedErrorWithAcceptableRange(java.lang.String)&amp#27;[0m

    Embedding image [image/png 36651 bytes]

]]></system-out>
  </testcase>
  <testcase name="runScenario[&quot;Verify user should not be able to submit out of range Subject : &quot;qwe&quot;&quot;, &quot;User should be able to submit contact us request&quot;](32)" classname="runner.TestRunner" time="1.583">
    <system-out><![CDATA[
@Regression @ContactUs
Scenario Outline: Verify user should not be able to submit out of range Subject : "qwe" &amp#27;[90m# src/test/java/features/contactUs.feature:117&amp#27;[0m
WEBELEMENTS INITIALISED!!!!
  &amp#27;[32mGiven &amp#27;[0m&amp#27;[32mUser is on the contact us page of the application and scrolled down&amp#27;[0m             &amp#27;[90m# com.test.roku.steps.ContactUsSteps.userIsOnTheContactUsPageOfTheApplicationAndScrolledDown()&amp#27;[0m

    Embedding image [image/png 79519 bytes]

  &amp#27;[32mWhen &amp#27;[0m&amp#27;[32mUser enters &amp#27;[0m&amp#27;[32m&amp#27;[1m"qwe"&amp#27;[0m&amp#27;[32m in the subject field&amp#27;[0m                                           &amp#27;[90m# com.test.roku.steps.ContactUsSteps.userEntersOutOfRangeSubjectTextInTheSubjectField(java.lang.String)&amp#27;[0m

    Embedding image [image/png 43789 bytes]

  &amp#27;[32mAnd &amp#27;[0m&amp#27;[32mClick on submit button&amp#27;[0m                                                            &amp#27;[90m# com.test.roku.steps.ContactUsSteps.clickOnSubmitButton()&amp#27;[0m

    Embedding image [image/png 43930 bytes]

  &amp#27;[32mThen &amp#27;[0m&amp#27;[32mUser should be displayed error with acceptable range of &amp#27;[0m&amp#27;[32m&amp#27;[1m"Subject"&amp#27;[0m                &amp#27;[90m# com.test.roku.steps.ContactUsSteps.userShouldBeDisplayedErrorWithAcceptableRange(java.lang.String)&amp#27;[0m

    Embedding image [image/png 33653 bytes]

]]></system-out>
  </testcase>
  <testcase name="runScenario[&quot;Verify user should not be able to submit out of range Subject : &quot;qwertyuiopasdfghjklzxcvbnmqwertyuiopasdfghjklzxcvbnmqwertyuiopasdfghjklzxcvbnmqwertyuiopasdfghjklzxcvbnmqwertyuiopasdfghjklzxcvbnmqwertyuiopasdfghjklzxcvbnm&quot;&quot;, &quot;User should be able to submit contact us request&quot;](33)" classname="runner.TestRunner" time="1.601">
    <system-out><![CDATA[
@Regression @ContactUs
Scenario Outline: Verify user should not be able to submit out of range Subject : "qwertyuiopasdfghjklzxcvbnmqwertyuiopasdfghjklzxcvbnmqwertyuiopasdfghjklzxcvbnmqwertyuiopasdfghjklzxcvbnmqwertyuiopasdfghjklzxcvbnmqwertyuiopasdfghjklzxcvbnm" &amp#27;[90m# src/test/java/features/contactUs.feature:118&amp#27;[0m
WEBELEMENTS INITIALISED!!!!
  &amp#27;[32mGiven &amp#27;[0m&amp#27;[32mUser is on the contact us page of the application and scrolled down&amp#27;[0m                                                                                                                                                                      &amp#27;[90m# com.test.roku.steps.ContactUsSteps.userIsOnTheContactUsPageOfTheApplicationAndScrolledDown()&amp#27;[0m

    Embedding image [image/png 79519 bytes]

  &amp#27;[32mWhen &amp#27;[0m&amp#27;[32mUser enters &amp#27;[0m&amp#27;[32m&amp#27;[1m"qwertyuiopasdfghjklzxcvbnmqwertyuiopasdfghjklzxcvbnmqwertyuiopasdfghjklzxcvbnmqwertyuiopasdfghjklzxcvbnmqwertyuiopasdfghjklzxcvbnmqwertyuiopasdfghjklzxcvbnm"&amp#27;[0m&amp#27;[32m in the subject field&amp#27;[0m                                           &amp#27;[90m# com.test.roku.steps.ContactUsSteps.userEntersOutOfRangeSubjectTextInTheSubjectField(java.lang.String)&amp#27;[0m

    Embedding image [image/png 49193 bytes]

  &amp#27;[32mAnd &amp#27;[0m&amp#27;[32mClick on submit button&amp#27;[0m                                                                                                                                                                                                                     &amp#27;[90m# com.test.roku.steps.ContactUsSteps.clickOnSubmitButton()&amp#27;[0m

    Embedding image [image/png 49347 bytes]

  &amp#27;[32mThen &amp#27;[0m&amp#27;[32mUser should be displayed error with acceptable range of &amp#27;[0m&amp#27;[32m&amp#27;[1m"Subject"&amp#27;[0m                                                                                                                                                                         &amp#27;[90m# com.test.roku.steps.ContactUsSteps.userShouldBeDisplayedErrorWithAcceptableRange(java.lang.String)&amp#27;[0m

    Embedding image [image/png 39060 bytes]

]]></system-out>
  </testcase>
  <testcase name="runScenario[&quot;Verify user should not be able to submit out of range message : &quot;lessThanTwenty&quot;&quot;, &quot;User should be able to submit contact us request&quot;](34)" classname="runner.TestRunner" time="1.528">
    <system-out><![CDATA[
@Regression @ContactUs
Scenario Outline: Verify user should not be able to submit out of range message : "lessThanTwenty" &amp#27;[90m# src/test/java/features/contactUs.feature:128&amp#27;[0m
WEBELEMENTS INITIALISED!!!!
  &amp#27;[32mGiven &amp#27;[0m&amp#27;[32mUser is on the contact us page of the application and scrolled down&amp#27;[0m                        &amp#27;[90m# com.test.roku.steps.ContactUsSteps.userIsOnTheContactUsPageOfTheApplicationAndScrolledDown()&amp#27;[0m

    Embedding image [image/png 79519 bytes]

  &amp#27;[32mWhen &amp#27;[0m&amp#27;[32mUser enters &amp#27;[0m&amp#27;[32m&amp#27;[1m"lessThanTwenty"&amp#27;[0m&amp#27;[32m in the message field&amp#27;[0m                                           &amp#27;[90m# com.test.roku.steps.ContactUsSteps.userEntersOutOfRangeMessageTextInTheMessageField(java.lang.String)&amp#27;[0m

    Embedding image [image/png 42829 bytes]

  &amp#27;[32mAnd &amp#27;[0m&amp#27;[32mClick on submit button&amp#27;[0m                                                                       &amp#27;[90m# com.test.roku.steps.ContactUsSteps.clickOnSubmitButton()&amp#27;[0m

    Embedding image [image/png 42984 bytes]

  &amp#27;[32mThen &amp#27;[0m&amp#27;[32mUser should be displayed error with acceptable range of &amp#27;[0m&amp#27;[32m&amp#27;[1m"Message"&amp#27;[0m                           &amp#27;[90m# com.test.roku.steps.ContactUsSteps.userShouldBeDisplayedErrorWithAcceptableRange(java.lang.String)&amp#27;[0m

    Embedding image [image/png 33327 bytes]

]]></system-out>
  </testcase>
  <testcase name="runScenario[&quot;Verify user should not be able to submit out of range message : &quot;MessageTextWithMoreThan2000CharactersopasdfghjklzxcvbnmqwertyuiopasdfghjklzxcvbnmqwertyuiopasdfghjklzxcvbnmqwertyuiopasdfghjklzxcvbnmqwertyuiopasdfghjklzxcvbnmqwertyuiopasdfghjklzxcvbnmqwertyuiopasdfghjklzxcvbnmqwertyuiopasdfghjklzxcvbnmqwertyuiopasdfghjklzxcvbnmqwertyuiopasdfghjopasdfghjklzxcvbnmqwertyuiopasdfghjklzxcvbnmqwertyuiopasdfghjklzxcvbnmqwertyuiopasdfghjklzxcvbnmqwertyuiopasdfghjklzxcvbnmqwertyuiopasdfghjklzxcvbnmqwertyuiopasdfghjklzxcvbnmqwertyuiopasdfghjklzxcvbnmqwertyuiopasdfghjklzxcvbnmqwertyuiopasdfghjklzxcvbnmqwertyuiopasdfghjklzxcvbnmqwertyuiopasdfghjklzxcvbnmqwertyuiopasdfghjklzxcvbnmqwertyuiopasdfghjklzxcvbnmqwertyuiopasdfghjklzxcvbnmqwertyuiopasdfghjklzxcvbnmqwertyuiopasdfghjklzxcvbnmqwertyuiopasdfghjklzxcvbnmqwertyuiopasdfghjbnmqwertyuiopasdfghjklzxcvbnmqwertyuiopasdfghjklzxcvbnmqwertyuiopasdfghjklzxcvbnmqwertyuiopasdfghjklzxcvbnmqwertyuiopasdfghjklzxcvbnmqwertyuiopasdfghjklzxcvbnmqwertyuiopasdfghjklzxcvbnmqwertyuiopasdfghjklzxcvbnmqwertyuiopasdfghjklzxcvbnmqwertyuiopasdfghjklzxcvbnmqwertyuiopasdfghjklzxcvbnmqwertyuiopasdfghjklzxcvbnmqwertyuiopasdfghjklzxcvbnmqwertyuiopasdfghjklzxcvbnmqwertyuiopasdfghjklzxcvbnmqwertyuiopasdfghjklzxcvbnmqwertyuiopasdfghjklzxcvbnmqwertyuiopasdfghjklzxcvbnfghjklzxcvbnmqwertyuiopasdfghjklzxcvbnmqwertyuiopasdfghjklzxcvbnmqwertyuiopasdfghjklzxcvbnmqwertyuiopasdfghjklzxcvbnmqwertyuiopasdfghjklzxcvbnmqwertyuiopasdfghjklzxcvbnmqwertyuiopasdfghjklzxcvbnmqwertyuiopasdfghjklzxcvbnmqwertyuiopasdfghjklzxcvbnmqwertyuiopasdfghjklzxcvbnmqwertyuiopasdfghjklzxcvbnmqwertyuiopasdfghjklzxcvbnmqwertyuiopasdfghjklzxcvbnmqwertyuiopasdfghjklzxcvbnmqwertyuiopasdfghjklzxcvbnmqwertyuiopasdfghjklzxcvbnmqwertyuiopasdfghjklzxcvbnmqwertyuiopasdfghjklzxcvbnmqwertyuiopasdfghjklzxcvbnmqwertyuiopasdfghjklzxcvbnmqwertyuiopasdfghjklzxcvbnmqwertyuiopasdfghjklzxcvbnmqwertyuiopasdfghjklzxcvbnmqwertyuiopasdfghjklzxcvbnmqwertyuiopasdfghjklzxcvbnmqwertyuiopasdfghjklzxcvbnmqwertyuiopasdfghjklzxcvbnmqwertyuiopasdfghjklzxcvbnmqwertyuiopasdfghjklzxcvbnmqwertyuiopasdfghjklzxcvbnmqwertyuiopasdfghjklzxcvbnmqwertyuiopasdfghjklzxcvbnmqwertyuiopasdfghjklzxcvbnmqwertyuiopasdfghjklzxcvbnmqwertyuiopasdfghjklzxcvbnmQRSTUVWXYZ&quot;&quot;, &quot;User should be able to submit contact us request&quot;](35)" classname="runner.TestRunner" time="1.696">
    <system-out><![CDATA[
@Regression @ContactUs
Scenario Outline: Verify user should not be able to submit out of range message : "MessageTextWithMoreThan2000CharactersopasdfghjklzxcvbnmqwertyuiopasdfghjklzxcvbnmqwertyuiopasdfghjklzxcvbnmqwertyuiopasdfghjklzxcvbnmqwertyuiopasdfghjklzxcvbnmqwertyuiopasdfghjklzxcvbnmqwertyuiopasdfghjklzxcvbnmqwertyuiopasdfghjklzxcvbnmqwertyuiopasdfghjklzxcvbnmqwertyuiopasdfghjopasdfghjklzxcvbnmqwertyuiopasdfghjklzxcvbnmqwertyuiopasdfghjklzxcvbnmqwertyuiopasdfghjklzxcvbnmqwertyuiopasdfghjklzxcvbnmqwertyuiopasdfghjklzxcvbnmqwertyuiopasdfghjklzxcvbnmqwertyuiopasdfghjklzxcvbnmqwertyuiopasdfghjklzxcvbnmqwertyuiopasdfghjklzxcvbnmqwertyuiopasdfghjklzxcvbnmqwertyuiopasdfghjklzxcvbnmqwertyuiopasdfghjklzxcvbnmqwertyuiopasdfghjklzxcvbnmqwertyuiopasdfghjklzxcvbnmqwertyuiopasdfghjklzxcvbnmqwertyuiopasdfghjklzxcvbnmqwertyuiopasdfghjklzxcvbnmqwertyuiopasdfghjbnmqwertyuiopasdfghjklzxcvbnmqwertyuiopasdfghjklzxcvbnmqwertyuiopasdfghjklzxcvbnmqwertyuiopasdfghjklzxcvbnmqwertyuiopasdfghjklzxcvbnmqwertyuiopasdfghjklzxcvbnmqwertyuiopasdfghjklzxcvbnmqwertyuiopasdfghjklzxcvbnmqwertyuiopasdfghjklzxcvbnmqwertyuiopasdfghjklzxcvbnmqwertyuiopasdfghjklzxcvbnmqwertyuiopasdfghjklzxcvbnmqwertyuiopasdfghjklzxcvbnmqwertyuiopasdfghjklzxcvbnmqwertyuiopasdfghjklzxcvbnmqwertyuiopasdfghjklzxcvbnmqwertyuiopasdfghjklzxcvbnmqwertyuiopasdfghjklzxcvbnfghjklzxcvbnmqwertyuiopasdfghjklzxcvbnmqwertyuiopasdfghjklzxcvbnmqwertyuiopasdfghjklzxcvbnmqwertyuiopasdfghjklzxcvbnmqwertyuiopasdfghjklzxcvbnmqwertyuiopasdfghjklzxcvbnmqwertyuiopasdfghjklzxcvbnmqwertyuiopasdfghjklzxcvbnmqwertyuiopasdfghjklzxcvbnmqwertyuiopasdfghjklzxcvbnmqwertyuiopasdfghjklzxcvbnmqwertyuiopasdfghjklzxcvbnmqwertyuiopasdfghjklzxcvbnmqwertyuiopasdfghjklzxcvbnmqwertyuiopasdfghjklzxcvbnmqwertyuiopasdfghjklzxcvbnmqwertyuiopasdfghjklzxcvbnmqwertyuiopasdfghjklzxcvbnmqwertyuiopasdfghjklzxcvbnmqwertyuiopasdfghjklzxcvbnmqwertyuiopasdfghjklzxcvbnmqwertyuiopasdfghjklzxcvbnmqwertyuiopasdfghjklzxcvbnmqwertyuiopasdfghjklzxcvbnmqwertyuiopasdfghjklzxcvbnmqwertyuiopasdfghjklzxcvbnmqwertyuiopasdfghjklzxcvbnmqwertyuiopasdfghjklzxcvbnmqwertyuiopasdfghjklzxcvbnmqwertyuiopasdfghjklzxcvbnmqwertyuiopasdfghjklzxcvbnmqwertyuiopasdfghjklzxcvbnmqwertyuiopasdfghjklzxcvbnmqwertyuiopasdfghjklzxcvbnmqwertyuiopasdfghjklzxcvbnmQRSTUVWXYZ" &amp#27;[90m# src/test/java/features/contactUs.feature:129&amp#27;[0m
WEBELEMENTS INITIALISED!!!!
  &amp#27;[32mGiven &amp#27;[0m&amp#27;[32mUser is on the contact us page of the application and scrolled down&amp#27;[0m                                                                                                                                                                                                                                                                                                                                                                                                                                                                                                                                                                                                                                                                                                                                                                                                                                                                                                                                                                                                                                                                                                                                                                                                                                                                                                                                                                                                                                                                                                                                                                                                                                                                                                                                                                                                                                                                                                                                                                                                                                                                                                                                                                                                                                                          &amp#27;[90m# com.test.roku.steps.ContactUsSteps.userIsOnTheContactUsPageOfTheApplicationAndScrolledDown()&amp#27;[0m

    Embedding image [image/png 79519 bytes]

  &amp#27;[32mWhen &amp#27;[0m&amp#27;[32mUser enters &amp#27;[0m&amp#27;[32m&amp#27;[1m"MessageTextWithMoreThan2000CharactersopasdfghjklzxcvbnmqwertyuiopasdfghjklzxcvbnmqwertyuiopasdfghjklzxcvbnmqwertyuiopasdfghjklzxcvbnmqwertyuiopasdfghjklzxcvbnmqwertyuiopasdfghjklzxcvbnmqwertyuiopasdfghjklzxcvbnmqwertyuiopasdfghjklzxcvbnmqwertyuiopasdfghjklzxcvbnmqwertyuiopasdfghjopasdfghjklzxcvbnmqwertyuiopasdfghjklzxcvbnmqwertyuiopasdfghjklzxcvbnmqwertyuiopasdfghjklzxcvbnmqwertyuiopasdfghjklzxcvbnmqwertyuiopasdfghjklzxcvbnmqwertyuiopasdfghjklzxcvbnmqwertyuiopasdfghjklzxcvbnmqwertyuiopasdfghjklzxcvbnmqwertyuiopasdfghjklzxcvbnmqwertyuiopasdfghjklzxcvbnmqwertyuiopasdfghjklzxcvbnmqwertyuiopasdfghjklzxcvbnmqwertyuiopasdfghjklzxcvbnmqwertyuiopasdfghjklzxcvbnmqwertyuiopasdfghjklzxcvbnmqwertyuiopasdfghjklzxcvbnmqwertyuiopasdfghjklzxcvbnmqwertyuiopasdfghjbnmqwertyuiopasdfghjklzxcvbnmqwertyuiopasdfghjklzxcvbnmqwertyuiopasdfghjklzxcvbnmqwertyuiopasdfghjklzxcvbnmqwertyuiopasdfghjklzxcvbnmqwertyuiopasdfghjklzxcvbnmqwertyuiopasdfghjklzxcvbnmqwertyuiopasdfghjklzxcvbnmqwertyuiopasdfghjklzxcvbnmqwertyuiopasdfghjklzxcvbnmqwertyuiopasdfghjklzxcvbnmqwertyuiopasdfghjklzxcvbnmqwertyuiopasdfghjklzxcvbnmqwertyuiopasdfghjklzxcvbnmqwertyuiopasdfghjklzxcvbnmqwertyuiopasdfghjklzxcvbnmqwertyuiopasdfghjklzxcvbnmqwertyuiopasdfghjklzxcvbnfghjklzxcvbnmqwertyuiopasdfghjklzxcvbnmqwertyuiopasdfghjklzxcvbnmqwertyuiopasdfghjklzxcvbnmqwertyuiopasdfghjklzxcvbnmqwertyuiopasdfghjklzxcvbnmqwertyuiopasdfghjklzxcvbnmqwertyuiopasdfghjklzxcvbnmqwertyuiopasdfghjklzxcvbnmqwertyuiopasdfghjklzxcvbnmqwertyuiopasdfghjklzxcvbnmqwertyuiopasdfghjklzxcvbnmqwertyuiopasdfghjklzxcvbnmqwertyuiopasdfghjklzxcvbnmqwertyuiopasdfghjklzxcvbnmqwertyuiopasdfghjklzxcvbnmqwertyuiopasdfghjklzxcvbnmqwertyuiopasdfghjklzxcvbnmqwertyuiopasdfghjklzxcvbnmqwertyuiopasdfghjklzxcvbnmqwertyuiopasdfghjklzxcvbnmqwertyuiopasdfghjklzxcvbnmqwertyuiopasdfghjklzxcvbnmqwertyuiopasdfghjklzxcvbnmqwertyuiopasdfghjklzxcvbnmqwertyuiopasdfghjklzxcvbnmqwertyuiopasdfghjklzxcvbnmqwertyuiopasdfghjklzxcvbnmqwertyuiopasdfghjklzxcvbnmqwertyuiopasdfghjklzxcvbnmqwertyuiopasdfghjklzxcvbnmqwertyuiopasdfghjklzxcvbnmqwertyuiopasdfghjklzxcvbnmqwertyuiopasdfghjklzxcvbnmqwertyuiopasdfghjklzxcvbnmqwertyuiopasdfghjklzxcvbnmQRSTUVWXYZ"&amp#27;[0m&amp#27;[32m in the message field&amp#27;[0m                                           &amp#27;[90m# com.test.roku.steps.ContactUsSteps.userEntersOutOfRangeMessageTextInTheMessageField(java.lang.String)&amp#27;[0m

    Embedding image [image/png 73933 bytes]

  &amp#27;[32mAnd &amp#27;[0m&amp#27;[32mClick on submit button&amp#27;[0m                                                                                                                                                                                                                                                                                                                                                                                                                                                                                                                                                                                                                                                                                                                                                                                                                                                                                                                                                                                                                                                                                                                                                                                                                                                                                                                                                                                                                                                                                                                                                                                                                                                                                                                                                                                                                                                                                                                                                                                                                                                                                                                                                                                                                                                                                                         &amp#27;[90m# com.test.roku.steps.ContactUsSteps.clickOnSubmitButton()&amp#27;[0m

    Embedding image [image/png 64490 bytes]

  &amp#27;[32mThen &amp#27;[0m&amp#27;[32mUser should be displayed error with acceptable range of &amp#27;[0m&amp#27;[32m&amp#27;[1m"Message"&amp#27;[0m                                                                                                                                                                                                                                                                                                                                                                                                                                                                                                                                                                                                                                                                                                                                                                                                                                                                                                                                                                                                                                                                                                                                                                                                                                                                                                                                                                                                                                                                                                                                                                                                                                                                                                                                                                                                                                                                                                                                                                                                                                                                                                                                                                                                                                                             &amp#27;[90m# com.test.roku.steps.ContactUsSteps.userShouldBeDisplayedErrorWithAcceptableRange(java.lang.String)&amp#27;[0m

    Embedding image [image/png 64490 bytes]

]]></system-out>
  </testcase>
</testsuite>